INFO: [HLS 200-10] Running 'D:/Xilinx/Vivado/2019.1/bin/unwrapped/win64.o/vivado_hls.exe'
INFO: [HLS 200-10] For user 'Karthi' on host 'karthi' (Windows NT_amd64 version 6.2) on Fri Mar 06 20:55:01 -0800 2020
INFO: [HLS 200-10] In directory 'D:/WI20/CSE237C/FinalProject/convolution'
Sourcing Tcl script 'D:/WI20/CSE237C/FinalProject/convolution/conv2d_cnn/solution1/csim.tcl'
INFO: [HLS 200-10] Opening project 'D:/WI20/CSE237C/FinalProject/convolution/conv2d_cnn'.
INFO: [HLS 200-10] Opening solution 'D:/WI20/CSE237C/FinalProject/convolution/conv2d_cnn/solution1'.
INFO: [SYN 201-201] Setting up clock 'default' with a period of 10ns.
INFO: [HLS 200-10] Setting target device to 'xc7z020-clg400-1'
INFO: [SIM 211-2] *************** CSIM start ***************
INFO: [SIM 211-4] CSIM will launch GCC as the compiler.
   Compiling ../../../../conv2d_tb.cpp in debug mode
   Generating csim.exe
In file included from D:/Xilinx/Vivado/2019.1/include/floating_point_v7_0_bitacc_cmodel.h:143:0,
                 from D:/Xilinx/Vivado/2019.1/include/hls_fpo.h:186,
                 from D:/Xilinx/Vivado/2019.1/include/hls_half.h:44,
                 from D:/Xilinx/Vivado/2019.1/include/etc/ap_private.h:90,
                 from D:/Xilinx/Vivado/2019.1/include/ap_common.h:641,
                 from D:/Xilinx/Vivado/2019.1/include/ap_fixed.h:54,
                 from ../../../../types.h:4,
                 from ../../../../conv2d_tb.cpp:10:
D:/Xilinx/Vivado/2019.1/include/gmp.h:62:0: warning: "__GMP_LIBGMP_DLL" redefined
 #define __GMP_LIBGMP_DLL  0
 
In file included from D:/Xilinx/Vivado/2019.1/include/hls_fpo.h:186:0,
                 from D:/Xilinx/Vivado/2019.1/include/hls_half.h:44,
                 from D:/Xilinx/Vivado/2019.1/include/etc/ap_private.h:90,
                 from D:/Xilinx/Vivado/2019.1/include/ap_common.h:641,
                 from D:/Xilinx/Vivado/2019.1/include/ap_fixed.h:54,
                 from ../../../../types.h:4,
                 from ../../../../conv2d_tb.cpp:10:
D:/Xilinx/Vivado/2019.1/include/floating_point_v7_0_bitacc_cmodel.h:135:0: note: this is the location of the previous definition
 #define __GMP_LIBGMP_DLL 1
 
OUT: -0.0353608
OUT: -0.0353608
OUT: -0.0353608
OUT: -0.0353608
OUT: -0.0353608
OUT: -0.0353608
OUT: -0.0353608
OUT: -0.0353608
OUT: -0.0353608
OUT: -0.0353608
OUT: -0.0353608
OUT: -0.0353608
OUT: -0.0353608
OUT: -0.0353608
OUT: -0.0353608
OUT: -0.0353608
OUT: -0.0353608
OUT: -0.0353608
OUT: -0.0353608
OUT: -0.0353608
OUT: -0.0353608
OUT: -0.0353608
OUT: -0.0353608
OUT: -0.0353608
OUT: -0.0353608
OUT: -0.0353608
OUT: -0.0353608
OUT: -0.0353608
OUT: -0.0353608
OUT: -0.0353608
OUT: -0.0353608
OUT: -0.0353608
OUT: -0.0353608
OUT: -0.0353608
OUT: -0.0353608
OUT: -0.0353608
OUT: -0.0353608
OUT: -0.0353608
OUT: -0.0353608
OUT: -0.0353608
OUT: -0.0353608
OUT: -0.0353608
OUT: -0.0353608
OUT: -0.0353608
OUT: -0.0353608
OUT: -0.0353608
OUT: -0.0353608
OUT: -0.0353608
OUT: -0.0353608
OUT: -0.0353608
OUT: -0.0353608
OUT: -0.0353608
OUT: -0.0353608
OUT: -0.0353608
OUT: -0.0353608
OUT: -0.0353608
OUT: -0.0353608
OUT: -0.0353608
OUT: -0.0353608
OUT: -0.0353608
OUT: -0.0353608
OUT: -0.0353608
OUT: -0.0353608
OUT: -0.0353608
OUT: -0.0353608
OUT: -0.0353608
OUT: -0.0353608
OUT: -0.0353608
OUT: -0.0353608
OUT: -0.0353608
OUT: -0.0353608
OUT: -0.0353608
OUT: -0.0353608
OUT: -0.0353608
OUT: -0.0353608
OUT: -0.0353608
OUT: -0.0353608
OUT: -0.0353608
OUT: -0.0353608
OUT: -0.0353608
OUT: -0.0353608
OUT: -0.0353608
OUT: -0.0353608
OUT: -0.0353608
OUT: -0.0353608
OUT: -0.0353608
OUT: -0.0353608
OUT: -0.0353608
OUT: -0.0353608
OUT: -0.0353608
OUT: -0.0353608
OUT: -0.0353608
OUT: -0.0353608
OUT: -0.0353608
OUT: -0.0353608
OUT: -0.0353608
OUT: -0.0353608
OUT: -0.0353608
OUT: -0.0353608
OUT: -0.0353608
OUT: -0.0353608
OUT: -0.0353608
OUT: -0.0353608
OUT: -0.0353608
OUT: -0.0353608
OUT: -0.0353608
OUT: -0.0353608
OUT: -0.0353608
OUT: -0.0353608
OUT: -0.0353608
OUT: -0.0353608
OUT: -0.0353608
OUT: -0.0353608
OUT: -0.0353608
OUT: -0.0353608
OUT: -0.0353608
OUT: -0.0353608
OUT: -0.0353608
OUT: -0.0353608
OUT: -0.0353608
OUT: -0.0353608
OUT: -0.0353608
OUT: -0.0353608
OUT: -0.0353608
OUT: -0.0353608
OUT: -0.0353608
OUT: -0.0353608
OUT: -0.0353608
OUT: -0.0353608
OUT: -0.0353608
OUT: -0.0353608
OUT: -0.0353608
OUT: -0.0353608
OUT: -0.0353608
OUT: -0.0353608
OUT: -0.0353608
OUT: -0.0353608
OUT: -0.0353608
OUT: -0.0353608
OUT: -0.0353608
OUT: -0.0353608
OUT: -0.0353608
OUT: -0.0353608
OUT: -0.0353608
OUT: -0.0353608
OUT: -0.0353608
OUT: -0.0353608
OUT: -0.0353608
OUT: -0.0353608
OUT: -0.0353608
OUT: -0.0353608
OUT: -0.0353608
OUT: -0.0353608
OUT: -0.0353608
OUT: -0.0353608
OUT: -0.0353608
OUT: -0.0353608
OUT: -0.0353608
OUT: -0.0353608
OUT: -0.0353608
OUT: -0.0353608
OUT: -0.0353608
OUT: -0.0353608
OUT: -0.0353608
OUT: -0.0353608
OUT: -0.0353608
OUT: -0.0353608
OUT: -0.0353608
OUT: -0.0353608
OUT: -0.0353608
OUT: -0.0353608
OUT: -0.0353608
OUT: -0.0353608
OUT: 0.17637
OUT: 0.64713
OUT: 0.914832
OUT: 0.915896
OUT: 0.643243
OUT: 0.341572
OUT: 0.109649
OUT: -0.00394378
OUT: -0.0353608
OUT: -0.0353608
OUT: -0.0353608
OUT: -0.0353608
OUT: -0.0353608
OUT: -0.0353608
OUT: -0.0353608
OUT: -0.0353608
OUT: -0.0353608
OUT: -0.0353608
OUT: -0.0353608
OUT: -0.0353608
OUT: -0.0353608
OUT: -0.0353608
OUT: -0.0353608
OUT: -0.0353608
OUT: -0.0353608
OUT: -0.0353608
OUT: -0.0353608
OUT: -0.0353608
OUT: 0.674989
OUT: 1.61914
OUT: 2.13098
OUT: 2.28952
OUT: 2.06947
OUT: 1.85931
OUT: 1.45964
OUT: 1.24751
OUT: 1.14608
OUT: 1.14608
OUT: 1.14608
OUT: 1.14608
OUT: 1.14608
OUT: 1.14608
OUT: 1.0755
OUT: 0.706011
OUT: 0.246823
OUT: 0.0100193
OUT: -0.0353608
OUT: -0.0353608
OUT: -0.0353608
OUT: -0.0353608
OUT: -0.0353608
OUT: -0.0353608
OUT: -0.0353608
OUT: -0.0353608
OUT: -0.0353608
OUT: -0.0353608
OUT: 0.756322
OUT: 1.81546
OUT: 2.52242
OUT: 2.65721
OUT: 2.56765
OUT: 2.63547
OUT: 2.58236
OUT: 2.46603
OUT: 2.3738
OUT: 2.42313
OUT: 2.44844
OUT: 2.43835
OUT: 2.37513
OUT: 2.38061
OUT: 2.37636
OUT: 1.86207
OUT: 0.917011
OUT: 0.179124
OUT: -0.0353608
OUT: -0.0353608
OUT: -0.0353608
OUT: -0.0353608
OUT: -0.0353608
OUT: -0.0353608
OUT: -0.0353608
OUT: -0.0353608
OUT: -0.0353608
OUT: -0.0353608
OUT: 0.677753
OUT: 1.32732
OUT: 1.72315
OUT: 1.86025
OUT: 1.92908
OUT: 2.19132
OUT: 2.44075
OUT: 2.45832
OUT: 2.51726
OUT: 2.59508
OUT: 2.69281
OUT: 2.66546
OUT: 2.50612
OUT: 2.95333
OUT: 3.4398
OUT: 2.77598
OUT: 1.3655
OUT: 0.36044
OUT: -0.0353608
OUT: -0.0353608
OUT: -0.0353608
OUT: -0.0353608
OUT: -0.0353608
OUT: -0.0353608
OUT: -0.0353608
OUT: -0.0353608
OUT: -0.0353608
OUT: -0.0353608
OUT: 0.143563
OUT: 0.387178
OUT: 0.428438
OUT: 0.516073
OUT: 0.67672
OUT: 1.00876
OUT: 1.35568
OUT: 1.39476
OUT: 1.56301
OUT: 1.56122
OUT: 1.68585
OUT: 1.66081
OUT: 1.72812
OUT: 2.71732
OUT: 3.38693
OUT: 2.80227
OUT: 1.29848
OUT: 0.315983
OUT: -0.0353608
OUT: -0.0353608
OUT: -0.0353608
OUT: -0.0353608
OUT: -0.0353608
OUT: -0.0353608
OUT: -0.0353608
OUT: -0.0353608
OUT: -0.0353608
OUT: -0.0353608
OUT: -0.0353608
OUT: -0.0353608
OUT: -0.0353608
OUT: -0.0353608
OUT: -0.0353608
OUT: 0.0100378
OUT: 0.170858
OUT: 0.136271
OUT: 0.237762
OUT: 0.276411
OUT: 0.332238
OUT: 0.366328
OUT: 0.988193
OUT: 2.51931
OUT: 3.00628
OUT: 2.13745
OUT: 0.886234
OUT: 0.108247
OUT: -0.0353608
OUT: -0.0353608
OUT: -0.0353608
OUT: -0.0353608
OUT: -0.0353608
OUT: -0.0353608
OUT: -0.0353608
OUT: -0.0353608
OUT: -0.0353608
OUT: -0.0353608
OUT: -0.0353608
OUT: -0.0353608
OUT: -0.0353608
OUT: -0.0353608
OUT: -0.0353608
OUT: -0.0353608
OUT: -0.0353608
OUT: -0.0353608
OUT: -0.0353608
OUT: -0.0353608
OUT: -0.0353608
OUT: 0.329286
OUT: 1.60578
OUT: 2.95704
OUT: 2.9004
OUT: 1.53076
OUT: 0.402254
OUT: -0.0164004
OUT: -0.0353608
OUT: -0.0353608
OUT: -0.0353608
OUT: -0.0353608
OUT: -0.0353608
OUT: -0.0353608
OUT: -0.0353608
OUT: -0.0353608
OUT: -0.0353608
OUT: -0.0353608
OUT: -0.0353608
OUT: -0.0353608
OUT: -0.0353608
OUT: -0.0353608
OUT: -0.0353608
OUT: -0.0353608
OUT: -0.0353608
OUT: -0.0353608
OUT: -0.0353608
OUT: -0.0353608
OUT: 0.113355
OUT: 1.03441
OUT: 2.58437
OUT: 3.09821
OUT: 2.10643
OUT: 0.914214
OUT: 0.130174
OUT: -0.0353608
OUT: -0.0353608
OUT: -0.0353608
OUT: -0.0353608
OUT: -0.0353608
OUT: -0.0353608
OUT: -0.0353608
OUT: -0.0353608
OUT: -0.0353608
OUT: -0.0353608
OUT: -0.0353608
OUT: -0.0353608
OUT: -0.0353608
OUT: -0.0353608
OUT: -0.0353608
OUT: -0.0353608
OUT: -0.0353608
OUT: -0.0353608
OUT: -0.0353608
OUT: -0.0353608
OUT: -0.0353608
OUT: 0.405781
OUT: 1.81647
OUT: 3.00074
OUT: 2.7879
OUT: 1.478
OUT: 0.407319
OUT: 0.0109868
OUT: -0.0353608
OUT: -0.0353608
OUT: -0.0353608
OUT: -0.0353608
OUT: -0.0353608
OUT: -0.0353608
OUT: -0.0353608
OUT: -0.0353608
OUT: -0.0353608
OUT: -0.0353608
OUT: -0.0353608
OUT: -0.0353608
OUT: -0.0353608
OUT: -0.0353608
OUT: -0.0353608
OUT: -0.0353608
OUT: -0.0353608
OUT: -0.0353608
OUT: -0.0353608
OUT: -0.0353608
OUT: -0.0126754
OUT: 0.900813
OUT: 2.5256
OUT: 3.01435
OUT: 1.91259
OUT: 0.730646
OUT: 0.0388229
OUT: -0.0353608
OUT: -0.0353608
OUT: -0.0353608
OUT: -0.0353608
OUT: -0.0353608
OUT: -0.0353608
OUT: -0.0353608
OUT: -0.0353608
OUT: -0.0353608
OUT: -0.0353608
OUT: -0.0353608
OUT: -0.0353608
OUT: -0.0353608
OUT: -0.0353608
OUT: -0.0353608
OUT: -0.0353608
OUT: -0.0353608
OUT: -0.0353608
OUT: -0.0353608
OUT: -0.0353608
OUT: -0.0353608
OUT: 0.29839
OUT: 1.66416
OUT: 2.83148
OUT: 2.53724
OUT: 1.25079
OUT: 0.273388
OUT: -0.030094
OUT: -0.0353608
OUT: -0.0353608
OUT: -0.0353608
OUT: -0.0353608
OUT: -0.0353608
OUT: -0.0353608
OUT: -0.0353608
OUT: -0.0353608
OUT: -0.0353608
OUT: -0.0353608
OUT: -0.0353608
OUT: -0.0353608
OUT: -0.0353608
OUT: -0.0353608
OUT: -0.0353608
OUT: -0.0353608
OUT: -0.0353608
OUT: -0.0353608
OUT: -0.0353608
OUT: -0.0353608
OUT: 0.153684
OUT: 1.04053
OUT: 2.46654
OUT: 2.86373
OUT: 1.81986
OUT: 0.700927
OUT: 0.0257338
OUT: -0.0353608
OUT: -0.0353608
OUT: -0.0353608
OUT: -0.0353608
OUT: -0.0353608
OUT: -0.0353608
OUT: -0.0353608
OUT: -0.0353608
OUT: -0.0353608
OUT: -0.0353608
OUT: -0.0353608
OUT: -0.0353608
OUT: -0.0353608
OUT: -0.0353608
OUT: -0.0353608
OUT: -0.0353608
OUT: -0.0353608
OUT: -0.0353608
OUT: -0.0353608
OUT: -0.0353608
OUT: 0.0125307
OUT: 0.705211
OUT: 2.07622
OUT: 3.02523
OUT: 2.54464
OUT: 1.19914
OUT: 0.257533
OUT: -0.0353608
OUT: -0.0353608
OUT: -0.0353608
OUT: -0.0353608
OUT: -0.0353608
OUT: -0.0353608
OUT: -0.0353608
OUT: -0.0353608
OUT: -0.0353608
OUT: -0.0353608
OUT: -0.0353608
OUT: -0.0353608
OUT: -0.0353608
OUT: -0.0353608
OUT: -0.0353608
OUT: -0.0353608
OUT: -0.0353608
OUT: -0.0353608
OUT: -0.0353608
OUT: -0.0353608
OUT: -0.027799
OUT: 0.518146
OUT: 1.75197
OUT: 2.93133
OUT: 3.02601
OUT: 1.75548
OUT: 0.643136
OUT: 0.0246804
OUT: -0.0353608
OUT: -0.0353608
OUT: -0.0353608
OUT: -0.0353608
OUT: -0.0353608
OUT: -0.0353608
OUT: -0.0353608
OUT: -0.0353608
OUT: -0.0353608
OUT: -0.0353608
OUT: -0.0353608
OUT: -0.0353608
OUT: -0.0353608
OUT: -0.0353608
OUT: -0.0353608
OUT: -0.0353608
OUT: -0.0353608
OUT: -0.0353608
OUT: -0.0353608
OUT: -0.0353608
OUT: 0.065807
OUT: 1.12174
OUT: 2.64457
OUT: 3.21065
OUT: 2.31105
OUT: 1.02695
OUT: 0.201626
OUT: -0.0353608
OUT: -0.0353608
OUT: -0.0353608
OUT: -0.0353608
OUT: -0.0353608
OUT: -0.0353608
OUT: -0.0353608
OUT: -0.0353608
OUT: -0.0353608
OUT: -0.0353608
OUT: -0.0353608
OUT: -0.0353608
OUT: -0.0353608
OUT: -0.0353608
OUT: -0.0353608
OUT: -0.0353608
OUT: -0.0353608
OUT: -0.0353608
OUT: -0.0353608
OUT: -0.0353608
OUT: 0.0427779
OUT: 0.685254
OUT: 2.26188
OUT: 3.0016
OUT: 2.65553
OUT: 1.36714
OUT: 0.394577
OUT: 0.00150663
OUT: -0.0353608
OUT: -0.0353608
OUT: -0.0353608
OUT: -0.0353608
OUT: -0.0353608
OUT: -0.0353608
OUT: -0.0353608
OUT: -0.0353608
OUT: -0.0353608
OUT: -0.0353608
OUT: -0.0353608
OUT: -0.0353608
OUT: -0.0353608
OUT: -0.0353608
OUT: -0.0353608
OUT: -0.0353608
OUT: -0.0353608
OUT: -0.0353608
OUT: -0.0353608
OUT: -0.0353608
OUT: 0.355523
OUT: 1.49162
OUT: 2.92652
OUT: 3.07642
OUT: 1.8455
OUT: 0.61876
OUT: 0.0475226
OUT: -0.0353608
OUT: -0.0353608
OUT: -0.0353608
OUT: -0.0353608
OUT: -0.0353608
OUT: -0.0353608
OUT: -0.0353608
OUT: -0.0353608
OUT: -0.0353608
OUT: -0.0353608
OUT: -0.0353608
OUT: -0.0353608
OUT: -0.0353608
OUT: -0.0353608
OUT: -0.0353608
OUT: -0.0353608
OUT: -0.0353608
OUT: -0.0353608
OUT: -0.0353608
OUT: -0.0353608
OUT: 0.118396
OUT: 1.05313
OUT: 2.56521
OUT: 3.60282
OUT: 2.84132
OUT: 1.31258
OUT: 0.225225
OUT: -0.0343074
OUT: -0.0353608
OUT: -0.0353608
OUT: -0.0353608
OUT: -0.0353608
OUT: -0.0353608
OUT: -0.0353608
OUT: -0.0353608
OUT: -0.0353608
OUT: -0.0353608
OUT: -0.0353608
OUT: -0.0353608
OUT: -0.0353608
OUT: -0.0353608
OUT: -0.0353608
OUT: -0.0353608
OUT: -0.0353608
OUT: -0.0353608
OUT: -0.0353608
OUT: -0.0353608
OUT: -0.0353608
OUT: 0.379124
OUT: 1.78634
OUT: 3.16051
OUT: 3.87888
OUT: 2.58435
OUT: 1.13743
OUT: 0.146629
OUT: -0.0353608
OUT: -0.0353608
OUT: -0.0353608
OUT: -0.0353608
OUT: -0.0353608
OUT: -0.0353608
OUT: -0.0353608
OUT: -0.0353608
OUT: -0.0353608
OUT: -0.0353608
OUT: -0.0353608
OUT: -0.0353608
OUT: -0.0353608
OUT: -0.0353608
OUT: -0.0353608
OUT: -0.0353608
OUT: -0.0353608
OUT: -0.0353608
OUT: -0.0353608
OUT: -0.0353608
OUT: -0.0353608
OUT: 0.649722
OUT: 2.28568
OUT: 3.42078
OUT: 3.32458
OUT: 1.85749
OUT: 0.781111
OUT: 0.0904194
OUT: -0.0353608
OUT: -0.0353608
OUT: -0.0353608
OUT: -0.0353608
OUT: -0.0353608
OUT: -0.0353608
OUT: -0.0353608
OUT: -0.0353608
OUT: -0.0353608
OUT: -0.0353608
OUT: -0.0353608
OUT: -0.0353608
OUT: -0.0353608
OUT: -0.0353608
OUT: -0.0353608
OUT: -0.0353608
OUT: -0.0353608
OUT: -0.0353608
OUT: -0.0353608
OUT: -0.0353608
OUT: -0.0353608
OUT: 0.50496
OUT: 1.47186
OUT: 2.13972
OUT: 2.02117
OUT: 1.11625
OUT: 0.297784
OUT: 0.0067734
OUT: -0.0353608
OUT: -0.0353608
OUT: -0.0353608
OUT: -0.0353608
OUT: -0.0353608
OUT: -0.0353608
OUT: -0.0353608
OUT: -0.0353608
OUT: -0.0353608
OUT: -0.0353608
OUT: -0.0353608
OUT: -0.0353608
OUT: -0.0353608
OUT: -0.0353608
OUT: -0.0353608
OUT: -0.0353608
OUT: -0.0353608
OUT: -0.0353608
OUT: -0.0353608
OUT: -0.0353608
OUT: -0.0353608
OUT: 0.28777
OUT: 0.856234
OUT: 1.09261
OUT: 0.645138
OUT: 0.214412
OUT: -0.0164004
OUT: -0.0353608
OUT: -0.0353608
OUT: -0.0353608
OUT: -0.0353608
OUT: -0.0353608
OUT: -0.0353608
OUT: -0.0353608
OUT: -0.0353608
OUT: -0.0353608
OUT: -0.0353608
OUT: -0.0353608
OUT: -0.0353608
OUT: -0.0353608
OUT: 0.00127957
OUT: 0.00127957
OUT: 0.00127957
OUT: 0.00127957
OUT: 0.00127957
OUT: 0.00127957
OUT: 0.00127957
OUT: 0.00127957
OUT: 0.00127957
OUT: 0.00127957
OUT: 0.00127957
OUT: 0.00127957
OUT: 0.00127957
OUT: 0.00127957
OUT: 0.00127957
OUT: 0.00127957
OUT: 0.00127957
OUT: 0.00127957
OUT: 0.00127957
OUT: 0.00127957
OUT: 0.00127957
OUT: 0.00127957
OUT: 0.00127957
OUT: 0.00127957
OUT: 0.00127957
OUT: 0.00127957
OUT: 0.00127957
OUT: 0.00127957
OUT: 0.00127957
OUT: 0.00127957
OUT: 0.00127957
OUT: 0.00127957
OUT: 0.00127957
OUT: 0.00127957
OUT: 0.00127957
OUT: 0.00127957
OUT: 0.00127957
OUT: 0.00127957
OUT: 0.00127957
OUT: 0.00127957
OUT: 0.00127957
OUT: 0.00127957
OUT: 0.00127957
OUT: 0.00127957
OUT: 0.00127957
OUT: 0.00127957
OUT: 0.00127957
OUT: 0.00127957
OUT: 0.00127957
OUT: 0.00127957
OUT: 0.00127957
OUT: 0.00127957
OUT: 0.00127957
OUT: 0.00127957
OUT: 0.00127957
OUT: 0.00127957
OUT: 0.00127957
OUT: 0.00127957
OUT: 0.00127957
OUT: 0.00127957
OUT: 0.00127957
OUT: 0.00127957
OUT: 0.00127957
OUT: 0.00127957
OUT: 0.00127957
OUT: 0.00127957
OUT: 0.00127957
OUT: 0.00127957
OUT: 0.00127957
OUT: 0.00127957
OUT: 0.00127957
OUT: 0.00127957
OUT: 0.00127957
OUT: 0.00127957
OUT: 0.00127957
OUT: 0.00127957
OUT: 0.00127957
OUT: 0.00127957
OUT: 0.00127957
OUT: 0.00127957
OUT: 0.00127957
OUT: 0.00127957
OUT: 0.00127957
OUT: 0.00127957
OUT: 0.00127957
OUT: 0.00127957
OUT: 0.00127957
OUT: 0.00127957
OUT: 0.00127957
OUT: 0.00127957
OUT: 0.00127957
OUT: 0.00127957
OUT: 0.00127957
OUT: 0.00127957
OUT: 0.00127957
OUT: 0.00127957
OUT: 0.00127957
OUT: 0.00127957
OUT: 0.00127957
OUT: 0.00127957
OUT: 0.00127957
OUT: 0.00127957
OUT: 0.00127957
OUT: 0.00127957
OUT: 0.00127957
OUT: 0.00127957
OUT: 0.00127957
OUT: 0.00127957
OUT: 0.00127957
OUT: 0.00127957
OUT: 0.00127957
OUT: 0.00127957
OUT: 0.00127957
OUT: 0.00127957
OUT: 0.00127957
OUT: 0.00127957
OUT: 0.00127957
OUT: 0.00127957
OUT: 0.00127957
OUT: 0.00127957
OUT: 0.00127957
OUT: 0.00127957
OUT: 0.00127957
OUT: 0.00127957
OUT: 0.00127957
OUT: 0.00127957
OUT: 0.00127957
OUT: 0.00127957
OUT: 0.00127957
OUT: 0.00127957
OUT: 0.00127957
OUT: 0.00127957
OUT: 0.00127957
OUT: 0.00127957
OUT: 0.00127957
OUT: 0.00127957
OUT: 0.00127957
OUT: 0.00127957
OUT: 0.00127957
OUT: 0.00127957
OUT: 0.00127957
OUT: 0.00127957
OUT: 0.00127957
OUT: 0.00127957
OUT: 0.00127957
OUT: 0.00127957
OUT: 0.00127957
OUT: 0.00127957
OUT: 0.00127957
OUT: 0.00127957
OUT: 0.00127957
OUT: 0.00127957
OUT: 0.00127957
OUT: 0.00127957
OUT: 0.00127957
OUT: 0.00127957
OUT: 0.00127957
OUT: 0.00127957
OUT: 0.00127957
OUT: 0.00127957
OUT: 0.00127957
OUT: 0.00127957
OUT: 0.00127957
OUT: 0.00127957
OUT: 0.00127957
OUT: 0.00127957
OUT: 0.00127957
OUT: 0.00127957
OUT: 0.00127957
OUT: 0.00127957
OUT: 0.00127957
OUT: 0.00127957
OUT: 0.00127957
OUT: -0.00494034
OUT: 0.065543
OUT: 0.0553444
OUT: -0.0954829
OUT: -0.0634022
OUT: -0.136002
OUT: -0.0409251
OUT: -0.0440906
OUT: 0.00127957
OUT: 0.00127957
OUT: 0.00127957
OUT: 0.00127957
OUT: 0.00127957
OUT: 0.00127957
OUT: 0.00127957
OUT: 0.00127957
OUT: 0.00127957
OUT: 0.00127957
OUT: 0.00127957
OUT: 0.00127957
OUT: 0.00127957
OUT: 0.00127957
OUT: 0.00127957
OUT: 0.00127957
OUT: 0.00127957
OUT: 0.00127957
OUT: 0.00127957
OUT: 0.00127957
OUT: 0.172688
OUT: 0.845801
OUT: 0.97943
OUT: 1.02495
OUT: 0.752141
OUT: 0.421369
OUT: 0.10099
OUT: -0.0694922
OUT: -0.0791501
OUT: -0.0791501
OUT: -0.0791501
OUT: -0.0791501
OUT: -0.0791501
OUT: -0.0791501
OUT: -0.0770768
OUT: -0.0943266
OUT: -0.164706
OUT: -0.0642551
OUT: 0.00127957
OUT: 0.00127957
OUT: 0.00127957
OUT: 0.00127957
OUT: 0.00127957
OUT: 0.00127957
OUT: 0.00127957
OUT: 0.00127957
OUT: 0.00127957
OUT: 0.00127957
OUT: 0.775399
OUT: 2.00764
OUT: 2.58852
OUT: 2.57314
OUT: 2.32009
OUT: 2.06244
OUT: 1.6857
OUT: 1.41171
OUT: 1.23929
OUT: 1.30275
OUT: 1.2662
OUT: 1.2665
OUT: 1.26434
OUT: 1.24804
OUT: 1.2351
OUT: 0.866958
OUT: 0.263404
OUT: -0.0829322
OUT: 0.00127957
OUT: 0.00127957
OUT: 0.00127957
OUT: 0.00127957
OUT: 0.00127957
OUT: 0.00127957
OUT: 0.00127957
OUT: 0.00127957
OUT: 0.00127957
OUT: 0.00127957
OUT: 0.898059
OUT: 1.61806
OUT: 2.02826
OUT: 2.11315
OUT: 2.27002
OUT: 2.58472
OUT: 2.76673
OUT: 2.84903
OUT: 2.72425
OUT: 2.87163
OUT: 2.85627
OUT: 2.84792
OUT: 2.78474
OUT: 2.73156
OUT: 2.9187
OUT: 2.02831
OUT: 0.865444
OUT: 0.163754
OUT: 0.00127957
OUT: 0.00127957
OUT: 0.00127957
OUT: 0.00127957
OUT: 0.00127957
OUT: 0.00127957
OUT: 0.00127957
OUT: 0.00127957
OUT: 0.00127957
OUT: 0.00127957
OUT: 0.22671
OUT: 0.479297
OUT: 0.465772
OUT: 0.591047
OUT: 0.776547
OUT: 1.13755
OUT: 1.52249
OUT: 1.57771
OUT: 1.71384
OUT: 1.78955
OUT: 1.91018
OUT: 1.87883
OUT: 1.68822
OUT: 2.15992
OUT: 2.82861
OUT: 2.32961
OUT: 0.943092
OUT: 0.295177
OUT: 0.00127957
OUT: 0.00127957
OUT: 0.00127957
OUT: 0.00127957
OUT: 0.00127957
OUT: 0.00127957
OUT: 0.00127957
OUT: 0.00127957
OUT: 0.00127957
OUT: 0.00127957
OUT: 0.00127957
OUT: 0.00127957
OUT: 0.00127957
OUT: 0.00127957
OUT: 0.00127957
OUT: 0.0584784
OUT: 0.24731
OUT: 0.157037
OUT: 0.307062
OUT: 0.334017
OUT: 0.382694
OUT: 0.354148
OUT: 0.405419
OUT: 1.85522
OUT: 2.49297
OUT: 1.78342
OUT: 0.702264
OUT: 0.130558
OUT: 0.00127957
OUT: 0.00127957
OUT: 0.00127957
OUT: 0.00127957
OUT: 0.00127957
OUT: 0.00127957
OUT: 0.00127957
OUT: 0.00127957
OUT: 0.00127957
OUT: 0.00127957
OUT: 0.00127957
OUT: 0.00127957
OUT: 0.00127957
OUT: 0.00127957
OUT: 0.00127957
OUT: 0.00127957
OUT: 0.00127957
OUT: 0.00127957
OUT: 0.00127957
OUT: 0.00127957
OUT: 0.00127957
OUT: 0.0409254
OUT: 0.966308
OUT: 2.30998
OUT: 2.37318
OUT: 1.02267
OUT: 0.310363
OUT: 0.0178113
OUT: 0.00127957
OUT: 0.00127957
OUT: 0.00127957
OUT: 0.00127957
OUT: 0.00127957
OUT: 0.00127957
OUT: 0.00127957
OUT: 0.00127957
OUT: 0.00127957
OUT: 0.00127957
OUT: 0.00127957
OUT: 0.00127957
OUT: 0.00127957
OUT: 0.00127957
OUT: 0.00127957
OUT: 0.00127957
OUT: 0.00127957
OUT: 0.00127957
OUT: 0.00127957
OUT: 0.00127957
OUT: -0.00308918
OUT: 0.400102
OUT: 1.89627
OUT: 2.62282
OUT: 1.83047
OUT: 0.824053
OUT: 0.155548
OUT: 0.00127957
OUT: 0.00127957
OUT: 0.00127957
OUT: 0.00127957
OUT: 0.00127957
OUT: 0.00127957
OUT: 0.00127957
OUT: 0.00127957
OUT: 0.00127957
OUT: 0.00127957
OUT: 0.00127957
OUT: 0.00127957
OUT: 0.00127957
OUT: 0.00127957
OUT: 0.00127957
OUT: 0.00127957
OUT: 0.00127957
OUT: 0.00127957
OUT: 0.00127957
OUT: 0.00127957
OUT: 0.00127957
OUT: 0.123371
OUT: 1.26786
OUT: 2.48671
OUT: 2.44848
OUT: 1.11736
OUT: 0.385554
OUT: 0.0416904
OUT: 0.00127957
OUT: 0.00127957
OUT: 0.00127957
OUT: 0.00127957
OUT: 0.00127957
OUT: 0.00127957
OUT: 0.00127957
OUT: 0.00127957
OUT: 0.00127957
OUT: 0.00127957
OUT: 0.00127957
OUT: 0.00127957
OUT: 0.00127957
OUT: 0.00127957
OUT: 0.00127957
OUT: 0.00127957
OUT: 0.00127957
OUT: 0.00127957
OUT: 0.00127957
OUT: 0.00127957
OUT: 0.00061315
OUT: 0.49039
OUT: 2.03648
OUT: 2.61922
OUT: 1.54184
OUT: 0.595029
OUT: 0.0670902
OUT: 0.00127957
OUT: 0.00127957
OUT: 0.00127957
OUT: 0.00127957
OUT: 0.00127957
OUT: 0.00127957
OUT: 0.00127957
OUT: 0.00127957
OUT: 0.00127957
OUT: 0.00127957
OUT: 0.00127957
OUT: 0.00127957
OUT: 0.00127957
OUT: 0.00127957
OUT: 0.00127957
OUT: 0.00127957
OUT: 0.00127957
OUT: 0.00127957
OUT: 0.00127957
OUT: 0.00127957
OUT: 0.00127957
OUT: 0.0120761
OUT: 1.03144
OUT: 2.27186
OUT: 2.17191
OUT: 0.893663
OUT: 0.282944
OUT: 0.00587171
OUT: 0.00127957
OUT: 0.00127957
OUT: 0.00127957
OUT: 0.00127957
OUT: 0.00127957
OUT: 0.00127957
OUT: 0.00127957
OUT: 0.00127957
OUT: 0.00127957
OUT: 0.00127957
OUT: 0.00127957
OUT: 0.00127957
OUT: 0.00127957
OUT: 0.00127957
OUT: 0.00127957
OUT: 0.00127957
OUT: 0.00127957
OUT: 0.00127957
OUT: 0.00127957
OUT: 0.00127957
OUT: -0.00427392
OUT: 0.364354
OUT: 1.75776
OUT: 2.40216
OUT: 1.46299
OUT: 0.561773
OUT: 0.0545484
OUT: 0.00127957
OUT: 0.00127957
OUT: 0.00127957
OUT: 0.00127957
OUT: 0.00127957
OUT: 0.00127957
OUT: 0.00127957
OUT: 0.00127957
OUT: 0.00127957
OUT: 0.00127957
OUT: 0.00127957
OUT: 0.00127957
OUT: 0.00127957
OUT: 0.00127957
OUT: 0.00127957
OUT: 0.00127957
OUT: 0.00127957
OUT: 0.00127957
OUT: 0.00127957
OUT: 0.00127957
OUT: -0.000127316
OUT: 0.17027
OUT: 1.36637
OUT: 2.376
OUT: 2.18996
OUT: 0.872868
OUT: 0.26953
OUT: 0.00127957
OUT: 0.00127957
OUT: 0.00127957
OUT: 0.00127957
OUT: 0.00127957
OUT: 0.00127957
OUT: 0.00127957
OUT: 0.00127957
OUT: 0.00127957
OUT: 0.00127957
OUT: 0.00127957
OUT: 0.00127957
OUT: 0.00127957
OUT: 0.00127957
OUT: 0.00127957
OUT: 0.00127957
OUT: 0.00127957
OUT: 0.00127957
OUT: 0.00127957
OUT: 0.00127957
OUT: 0.00105743
OUT: 0.0315215
OUT: 0.968757
OUT: 2.15777
OUT: 2.61178
OUT: 1.45025
OUT: 0.552364
OUT: 0.05363
OUT: 0.00127957
OUT: 0.00127957
OUT: 0.00127957
OUT: 0.00127957
OUT: 0.00127957
OUT: 0.00127957
OUT: 0.00127957
OUT: 0.00127957
OUT: 0.00127957
OUT: 0.00127957
OUT: 0.00127957
OUT: 0.00127957
OUT: 0.00127957
OUT: 0.00127957
OUT: 0.00127957
OUT: 0.00127957
OUT: 0.00127957
OUT: 0.00127957
OUT: 0.00127957
OUT: 0.00127957
OUT: 0.0051746
OUT: 0.54433
OUT: 2.10267
OUT: 2.68113
OUT: 2.036
OUT: 0.861438
OUT: 0.215815
OUT: 0.00127957
OUT: 0.00127957
OUT: 0.00127957
OUT: 0.00127957
OUT: 0.00127957
OUT: 0.00127957
OUT: 0.00127957
OUT: 0.00127957
OUT: 0.00127957
OUT: 0.00127957
OUT: 0.00127957
OUT: 0.00127957
OUT: 0.00127957
OUT: 0.00127957
OUT: 0.00127957
OUT: 0.00127957
OUT: 0.00127957
OUT: 0.00127957
OUT: 0.00127957
OUT: 0.00127957
OUT: -0.00101587
OUT: 0.108537
OUT: 1.51675
OUT: 2.46168
OUT: 2.4284
OUT: 1.19082
OUT: 0.387062
OUT: 0.0334246
OUT: 0.00127957
OUT: 0.00127957
OUT: 0.00127957
OUT: 0.00127957
OUT: 0.00127957
OUT: 0.00127957
OUT: 0.00127957
OUT: 0.00127957
OUT: 0.00127957
OUT: 0.00127957
OUT: 0.00127957
OUT: 0.00127957
OUT: 0.00127957
OUT: 0.00127957
OUT: 0.00127957
OUT: 0.00127957
OUT: 0.00127957
OUT: 0.00127957
OUT: 0.00127957
OUT: 0.00127957
OUT: 0.0607557
OUT: 0.824583
OUT: 2.23131
OUT: 2.55163
OUT: 1.36605
OUT: 0.484437
OUT: 0.0737722
OUT: 0.00127957
OUT: 0.00127957
OUT: 0.00127957
OUT: 0.00127957
OUT: 0.00127957
OUT: 0.00127957
OUT: 0.00127957
OUT: 0.00127957
OUT: 0.00127957
OUT: 0.00127957
OUT: 0.00127957
OUT: 0.00127957
OUT: 0.00127957
OUT: 0.00127957
OUT: 0.00127957
OUT: 0.00127957
OUT: 0.00127957
OUT: 0.00127957
OUT: 0.00127957
OUT: 0.00127957
OUT: -0.00323727
OUT: 0.441703
OUT: 1.88125
OUT: 2.65252
OUT: 2.16709
OUT: 0.729472
OUT: 0.135002
OUT: 0.002198
OUT: 0.00127957
OUT: 0.00127957
OUT: 0.00127957
OUT: 0.00127957
OUT: 0.00127957
OUT: 0.00127957
OUT: 0.00127957
OUT: 0.00127957
OUT: 0.00127957
OUT: 0.00127957
OUT: 0.00127957
OUT: 0.00127957
OUT: 0.00127957
OUT: 0.00127957
OUT: 0.00127957
OUT: 0.00127957
OUT: 0.00127957
OUT: 0.00127957
OUT: 0.00127957
OUT: 0.00127957
OUT: 0.128732
OUT: 1.26033
OUT: 2.48576
OUT: 2.96928
OUT: 1.95108
OUT: 0.67027
OUT: 0.0908544
OUT: 0.00127957
OUT: 0.00127957
OUT: 0.00127957
OUT: 0.00127957
OUT: 0.00127957
OUT: 0.00127957
OUT: 0.00127957
OUT: 0.00127957
OUT: 0.00127957
OUT: 0.00127957
OUT: 0.00127957
OUT: 0.00127957
OUT: 0.00127957
OUT: 0.00127957
OUT: 0.00127957
OUT: 0.00127957
OUT: 0.00127957
OUT: 0.00127957
OUT: 0.00127957
OUT: 0.00127957
OUT: 0.00127957
OUT: 0.468151
OUT: 1.91389
OUT: 2.84014
OUT: 2.98366
OUT: 1.6984
OUT: 0.789589
OUT: 0.119982
OUT: 0.00127957
OUT: 0.00127957
OUT: 0.00127957
OUT: 0.00127957
OUT: 0.00127957
OUT: 0.00127957
OUT: 0.00127957
OUT: 0.00127957
OUT: 0.00127957
OUT: 0.00127957
OUT: 0.00127957
OUT: 0.00127957
OUT: 0.00127957
OUT: 0.00127957
OUT: 0.00127957
OUT: 0.00127957
OUT: 0.00127957
OUT: 0.00127957
OUT: 0.00127957
OUT: 0.00127957
OUT: 0.00127957
OUT: 0.678989
OUT: 1.94535
OUT: 2.73913
OUT: 2.42047
OUT: 1.0972
OUT: 0.290728
OUT: 0.0380167
OUT: 0.00127957
OUT: 0.00127957
OUT: 0.00127957
OUT: 0.00127957
OUT: 0.00127957
OUT: 0.00127957
OUT: 0.00127957
OUT: 0.00127957
OUT: 0.00127957
OUT: 0.00127957
OUT: 0.00127957
OUT: 0.00127957
OUT: 0.00127957
OUT: 0.00127957
OUT: 0.00127957
OUT: 0.00127957
OUT: 0.00127957
OUT: 0.00127957
OUT: 0.00127957
OUT: 0.00127957
OUT: 0.00127957
OUT: 0.408401
OUT: 1.02647
OUT: 1.16695
OUT: 0.586929
OUT: 0.216769
OUT: 0.0178113
OUT: 0.00127957
OUT: 0.00127957
OUT: 0.00127957
OUT: 0.00127957
OUT: 0.00127957
OUT: 0.00127957
OUT: 0.00127957
OUT: 0.00127957
OUT: 0.00127957
OUT: 0.00127957
OUT: 0.00127957
OUT: 0.00127957
OUT: 0.00127957
OUT: 0.0266265
OUT: 0.0266265
OUT: 0.0266265
OUT: 0.0266265
OUT: 0.0266265
OUT: 0.0266265
OUT: 0.0266265
OUT: 0.0266265
OUT: 0.0266265
OUT: 0.0266265
OUT: 0.0266265
OUT: 0.0266265
OUT: 0.0266265
OUT: 0.0266265
OUT: 0.0266265
OUT: 0.0266265
OUT: 0.0266265
OUT: 0.0266265
OUT: 0.0266265
OUT: 0.0266265
OUT: 0.0266265
OUT: 0.0266265
OUT: 0.0266265
OUT: 0.0266265
OUT: 0.0266265
OUT: 0.0266265
OUT: 0.0266265
OUT: 0.0266265
OUT: 0.0266265
OUT: 0.0266265
OUT: 0.0266265
OUT: 0.0266265
OUT: 0.0266265
OUT: 0.0266265
OUT: 0.0266265
OUT: 0.0266265
OUT: 0.0266265
OUT: 0.0266265
OUT: 0.0266265
OUT: 0.0266265
OUT: 0.0266265
OUT: 0.0266265
OUT: 0.0266265
OUT: 0.0266265
OUT: 0.0266265
OUT: 0.0266265
OUT: 0.0266265
OUT: 0.0266265
OUT: 0.0266265
OUT: 0.0266265
OUT: 0.0266265
OUT: 0.0266265
OUT: 0.0266265
OUT: 0.0266265
OUT: 0.0266265
OUT: 0.0266265
OUT: 0.0266265
OUT: 0.0266265
OUT: 0.0266265
OUT: 0.0266265
OUT: 0.0266265
OUT: 0.0266265
OUT: 0.0266265
OUT: 0.0266265
OUT: 0.0266265
OUT: 0.0266265
OUT: 0.0266265
OUT: 0.0266265
OUT: 0.0266265
OUT: 0.0266265
OUT: 0.0266265
OUT: 0.0266265
OUT: 0.0266265
OUT: 0.0266265
OUT: 0.0266265
OUT: 0.0266265
OUT: 0.0266265
OUT: 0.0266265
OUT: 0.0266265
OUT: 0.0266265
OUT: 0.0266265
OUT: 0.0266265
OUT: 0.0266265
OUT: 0.0266265
OUT: 0.0266265
OUT: 0.0266265
OUT: 0.0266265
OUT: 0.0266265
OUT: 0.0266265
OUT: 0.0266265
OUT: 0.0266265
OUT: 0.0266265
OUT: 0.0266265
OUT: 0.0266265
OUT: 0.0266265
OUT: 0.0266265
OUT: 0.0266265
OUT: 0.0266265
OUT: 0.0266265
OUT: 0.0266265
OUT: 0.0266265
OUT: 0.0266265
OUT: 0.0266265
OUT: 0.0266265
OUT: 0.0266265
OUT: 0.0266265
OUT: 0.0266265
OUT: 0.0266265
OUT: 0.0266265
OUT: 0.0266265
OUT: 0.0266265
OUT: 0.0266265
OUT: 0.0266265
OUT: 0.0266265
OUT: 0.0266265
OUT: 0.0266265
OUT: 0.0266265
OUT: 0.0266265
OUT: 0.0266265
OUT: 0.0266265
OUT: 0.0266265
OUT: 0.0266265
OUT: 0.0266265
OUT: 0.0266265
OUT: 0.0266265
OUT: 0.0266265
OUT: 0.0266265
OUT: 0.0266265
OUT: 0.0266265
OUT: 0.0266265
OUT: 0.0266265
OUT: 0.0266265
OUT: 0.0266265
OUT: 0.0266265
OUT: 0.0266265
OUT: 0.0266265
OUT: 0.0266265
OUT: 0.0266265
OUT: 0.0266265
OUT: 0.0266265
OUT: 0.0266265
OUT: 0.0266265
OUT: 0.0266265
OUT: 0.0266265
OUT: 0.0266265
OUT: 0.0266265
OUT: 0.0266265
OUT: 0.0266265
OUT: 0.0266265
OUT: 0.0266265
OUT: 0.0266265
OUT: 0.0266265
OUT: 0.0266265
OUT: 0.0266265
OUT: 0.0266265
OUT: 0.0266265
OUT: 0.0266265
OUT: 0.0266265
OUT: 0.0266265
OUT: 0.0266265
OUT: 0.0266265
OUT: 0.0266265
OUT: 0.0266265
OUT: 0.0266265
OUT: 0.0266265
OUT: 0.0266265
OUT: 0.0266265
OUT: 0.0266265
OUT: 0.0266265
OUT: 0.0266265
OUT: 0.0266265
OUT: 0.0266265
OUT: 0.0266265
OUT: 0.275143
OUT: 0.848924
OUT: 1.19955
OUT: 1.20732
OUT: 0.881907
OUT: 0.503787
OUT: 0.213708
OUT: 0.0681689
OUT: 0.0266265
OUT: 0.0266265
OUT: 0.0266265
OUT: 0.0266265
OUT: 0.0266265
OUT: 0.0266265
OUT: 0.0266265
OUT: 0.0266265
OUT: 0.0266265
OUT: 0.0266265
OUT: 0.0266265
OUT: 0.0266265
OUT: 0.0266265
OUT: 0.0266265
OUT: 0.0266265
OUT: 0.0266265
OUT: 0.0266265
OUT: 0.0266265
OUT: 0.0266265
OUT: 0.0266265
OUT: 0.952047
OUT: 2.29543
OUT: 2.94261
OUT: 3.0488
OUT: 2.69856
OUT: 2.35537
OUT: 1.87265
OUT: 1.59442
OUT: 1.48904
OUT: 1.48904
OUT: 1.48904
OUT: 1.48904
OUT: 1.48904
OUT: 1.48904
OUT: 1.4062
OUT: 0.965438
OUT: 0.393018
OUT: 0.0866322
OUT: 0.0266265
OUT: 0.0266265
OUT: 0.0266265
OUT: 0.0266265
OUT: 0.0266265
OUT: 0.0266265
OUT: 0.0266265
OUT: 0.0266265
OUT: 0.0266265
OUT: 0.0266265
OUT: 0.798569
OUT: 1.49022
OUT: 1.80259
OUT: 1.82819
OUT: 2.25277
OUT: 2.79988
OUT: 3.18019
OUT: 3.21903
OUT: 3.21671
OUT: 3.27818
OUT: 3.31164
OUT: 3.29981
OUT: 3.22458
OUT: 3.22519
OUT: 3.19325
OUT: 2.44113
OUT: 1.16454
OUT: 0.268727
OUT: 0.0266265
OUT: 0.0266265
OUT: 0.0266265
OUT: 0.0266265
OUT: 0.0266265
OUT: 0.0266265
OUT: 0.0266265
OUT: 0.0266265
OUT: 0.0266265
OUT: 0.0266265
OUT: -0.119122
OUT: -0.208784
OUT: -0.438564
OUT: -0.36852
OUT: -0.177373
OUT: 0.279819
OUT: 0.884348
OUT: 1.06332
OUT: 1.22278
OUT: 1.36005
OUT: 1.46613
OUT: 1.42967
OUT: 1.21443
OUT: 1.74089
OUT: 2.52619
OUT: 2.30461
OUT: 1.11104
OUT: 0.30476
OUT: 0.0266265
OUT: 0.0266265
OUT: 0.0266265
OUT: 0.0266265
OUT: 0.0266265
OUT: 0.0266265
OUT: 0.0266265
OUT: 0.0266265
OUT: 0.0266265
OUT: 0.0266265
OUT: -0.0820251
OUT: -0.26291
OUT: -0.346876
OUT: -0.404548
OUT: -0.500317
OUT: -0.675591
OUT: -0.679904
OUT: -0.774055
OUT: -0.685283
OUT: -0.651523
OUT: -0.603471
OUT: -0.622568
OUT: -0.47718
OUT: 0.87956
OUT: 1.89532
OUT: 1.44029
OUT: 0.454418
OUT: 0.0472411
OUT: 0.0266265
OUT: 0.0266265
OUT: 0.0266265
OUT: 0.0266265
OUT: 0.0266265
OUT: 0.0266265
OUT: 0.0266265
OUT: 0.0266265
OUT: 0.0266265
OUT: 0.0266265
OUT: 0.0266265
OUT: 0.0266265
OUT: 0.0266265
OUT: 0.0266265
OUT: 0.0266265
OUT: -0.000941817
OUT: -0.106961
OUT: -0.119138
OUT: -0.181375
OUT: -0.203127
OUT: -0.265345
OUT: -0.187284
OUT: 0.848532
OUT: 2.09009
OUT: 1.96689
OUT: 0.691458
OUT: 0.0250194
OUT: -0.0699273
OUT: 0.0266265
OUT: 0.0266265
OUT: 0.0266265
OUT: 0.0266265
OUT: 0.0266265
OUT: 0.0266265
OUT: 0.0266265
OUT: 0.0266265
OUT: 0.0266265
OUT: 0.0266265
OUT: 0.0266265
OUT: 0.0266265
OUT: 0.0266265
OUT: 0.0266265
OUT: 0.0266265
OUT: 0.0266265
OUT: 0.0266265
OUT: 0.0266265
OUT: 0.0266265
OUT: 0.0266265
OUT: 0.0266265
OUT: 0.478632
OUT: 1.86301
OUT: 2.5727
OUT: 1.62787
OUT: 0.384242
OUT: -0.0675026
OUT: 0.00549594
OUT: 0.0266265
OUT: 0.0266265
OUT: 0.0266265
OUT: 0.0266265
OUT: 0.0266265
OUT: 0.0266265
OUT: 0.0266265
OUT: 0.0266265
OUT: 0.0266265
OUT: 0.0266265
OUT: 0.0266265
OUT: 0.0266265
OUT: 0.0266265
OUT: 0.0266265
OUT: 0.0266265
OUT: 0.0266265
OUT: 0.0266265
OUT: 0.0266265
OUT: 0.0266265
OUT: 0.0266265
OUT: 0.20118
OUT: 1.33329
OUT: 2.36695
OUT: 2.0882
OUT: 0.814221
OUT: 0.142062
OUT: -0.00265359
OUT: 0.0266265
OUT: 0.0266265
OUT: 0.0266265
OUT: 0.0266265
OUT: 0.0266265
OUT: 0.0266265
OUT: 0.0266265
OUT: 0.0266265
OUT: 0.0266265
OUT: 0.0266265
OUT: 0.0266265
OUT: 0.0266265
OUT: 0.0266265
OUT: 0.0266265
OUT: 0.0266265
OUT: 0.0266265
OUT: 0.0266265
OUT: 0.0266265
OUT: 0.0266265
OUT: 0.0266265
OUT: 0.0266265
OUT: 0.608789
OUT: 1.94033
OUT: 2.44497
OUT: 1.19821
OUT: 0.0577836
OUT: -0.219696
OUT: -0.025026
OUT: 0.0266265
OUT: 0.0266265
OUT: 0.0266265
OUT: 0.0266265
OUT: 0.0266265
OUT: 0.0266265
OUT: 0.0266265
OUT: 0.0266265
OUT: 0.0266265
OUT: 0.0266265
OUT: 0.0266265
OUT: 0.0266265
OUT: 0.0266265
OUT: 0.0266265
OUT: 0.0266265
OUT: 0.0266265
OUT: 0.0266265
OUT: 0.0266265
OUT: 0.0266265
OUT: 0.0266265
OUT: 0.0532533
OUT: 0.992233
OUT: 2.0732
OUT: 1.78225
OUT: 0.56549
OUT: 3.00016e-005
OUT: -0.0384116
OUT: 0.0266265
OUT: 0.0266265
OUT: 0.0266265
OUT: 0.0266265
OUT: 0.0266265
OUT: 0.0266265
OUT: 0.0266265
OUT: 0.0266265
OUT: 0.0266265
OUT: 0.0266265
OUT: 0.0266265
OUT: 0.0266265
OUT: 0.0266265
OUT: 0.0266265
OUT: 0.0266265
OUT: 0.0266265
OUT: 0.0266265
OUT: 0.0266265
OUT: 0.0266265
OUT: 0.0266265
OUT: 0.0266265
OUT: 0.428183
OUT: 1.65176
OUT: 2.21497
OUT: 1.1499
OUT: 0.159793
OUT: -0.110866
OUT: 0.0207569
OUT: 0.0266265
OUT: 0.0266265
OUT: 0.0266265
OUT: 0.0266265
OUT: 0.0266265
OUT: 0.0266265
OUT: 0.0266265
OUT: 0.0266265
OUT: 0.0266265
OUT: 0.0266265
OUT: 0.0266265
OUT: 0.0266265
OUT: 0.0266265
OUT: 0.0266265
OUT: 0.0266265
OUT: 0.0266265
OUT: 0.0266265
OUT: 0.0266265
OUT: 0.0266265
OUT: 0.0266265
OUT: 0.248517
OUT: 1.40307
OUT: 2.40915
OUT: 1.91651
OUT: 0.592662
OUT: -0.0074225
OUT: -0.0414608
OUT: 0.0266265
OUT: 0.0266265
OUT: 0.0266265
OUT: 0.0266265
OUT: 0.0266265
OUT: 0.0266265
OUT: 0.0266265
OUT: 0.0266265
OUT: 0.0266265
OUT: 0.0266265
OUT: 0.0266265
OUT: 0.0266265
OUT: 0.0266265
OUT: 0.0266265
OUT: 0.0266265
OUT: 0.0266265
OUT: 0.0266265
OUT: 0.0266265
OUT: 0.0266265
OUT: 0.0266265
OUT: 0.0828387
OUT: 0.982503
OUT: 2.29949
OUT: 2.47382
OUT: 1.16295
OUT: 0.142488
OUT: -0.0987349
OUT: 0.0266265
OUT: 0.0266265
OUT: 0.0266265
OUT: 0.0266265
OUT: 0.0266265
OUT: 0.0266265
OUT: 0.0266265
OUT: 0.0266265
OUT: 0.0266265
OUT: 0.0266265
OUT: 0.0266265
OUT: 0.0266265
OUT: 0.0266265
OUT: 0.0266265
OUT: 0.0266265
OUT: 0.0266265
OUT: 0.0266265
OUT: 0.0266265
OUT: 0.0266265
OUT: 0.0266265
OUT: 0.0355021
OUT: 0.69779
OUT: 2.0762
OUT: 2.58135
OUT: 1.74576
OUT: 0.418625
OUT: -0.0466397
OUT: -0.0402869
OUT: 0.0266265
OUT: 0.0266265
OUT: 0.0266265
OUT: 0.0266265
OUT: 0.0266265
OUT: 0.0266265
OUT: 0.0266265
OUT: 0.0266265
OUT: 0.0266265
OUT: 0.0266265
OUT: 0.0266265
OUT: 0.0266265
OUT: 0.0266265
OUT: 0.0266265
OUT: 0.0266265
OUT: 0.0266265
OUT: 0.0266265
OUT: 0.0266265
OUT: 0.0266265
OUT: 0.0266265
OUT: 0.148645
OUT: 1.52796
OUT: 2.56319
OUT: 2.2161
OUT: 0.670578
OUT: -0.0198699
OUT: -0.11403
OUT: 0.0266265
OUT: 0.0266265
OUT: 0.0266265
OUT: 0.0266265
OUT: 0.0266265
OUT: 0.0266265
OUT: 0.0266265
OUT: 0.0266265
OUT: 0.0266265
OUT: 0.0266265
OUT: 0.0266265
OUT: 0.0266265
OUT: 0.0266265
OUT: 0.0266265
OUT: 0.0266265
OUT: 0.0266265
OUT: 0.0266265
OUT: 0.0266265
OUT: 0.0266265
OUT: 0.0266265
OUT: 0.118341
OUT: 0.907471
OUT: 2.11554
OUT: 2.19716
OUT: 0.950344
OUT: 0.0414196
OUT: -0.164713
OUT: -0.0144607
OUT: 0.0266265
OUT: 0.0266265
OUT: 0.0266265
OUT: 0.0266265
OUT: 0.0266265
OUT: 0.0266265
OUT: 0.0266265
OUT: 0.0266265
OUT: 0.0266265
OUT: 0.0266265
OUT: 0.0266265
OUT: 0.0266265
OUT: 0.0266265
OUT: 0.0266265
OUT: 0.0266265
OUT: 0.0266265
OUT: 0.0266265
OUT: 0.0266265
OUT: 0.0266265
OUT: 0.0266265
OUT: 0.519247
OUT: 1.94162
OUT: 2.68275
OUT: 1.76823
OUT: 0.339205
OUT: -0.15133
OUT: -0.0622163
OUT: 0.0266265
OUT: 0.0266265
OUT: 0.0266265
OUT: 0.0266265
OUT: 0.0266265
OUT: 0.0266265
OUT: 0.0266265
OUT: 0.0266265
OUT: 0.0266265
OUT: 0.0266265
OUT: 0.0266265
OUT: 0.0266265
OUT: 0.0266265
OUT: 0.0266265
OUT: 0.0266265
OUT: 0.0266265
OUT: 0.0266265
OUT: 0.0266265
OUT: 0.0266265
OUT: 0.0266265
OUT: 0.207097
OUT: 1.31732
OUT: 2.35635
OUT: 2.71064
OUT: 1.62029
OUT: 0.52714
OUT: 0.0306163
OUT: 0.0254526
OUT: 0.0266265
OUT: 0.0266265
OUT: 0.0266265
OUT: 0.0266265
OUT: 0.0266265
OUT: 0.0266265
OUT: 0.0266265
OUT: 0.0266265
OUT: 0.0266265
OUT: 0.0266265
OUT: 0.0266265
OUT: 0.0266265
OUT: 0.0266265
OUT: 0.0266265
OUT: 0.0266265
OUT: 0.0266265
OUT: 0.0266265
OUT: 0.0266265
OUT: 0.0266265
OUT: 0.0266265
OUT: 0.579683
OUT: 1.87692
OUT: 2.60961
OUT: 2.62317
OUT: 1.53716
OUT: 0.54751
OUT: 0.092288
OUT: 0.0266265
OUT: 0.0266265
OUT: 0.0266265
OUT: 0.0266265
OUT: 0.0266265
OUT: 0.0266265
OUT: 0.0266265
OUT: 0.0266265
OUT: 0.0266265
OUT: 0.0266265
OUT: 0.0266265
OUT: 0.0266265
OUT: 0.0266265
OUT: 0.0266265
OUT: 0.0266265
OUT: 0.0266265
OUT: 0.0266265
OUT: 0.0266265
OUT: 0.0266265
OUT: 0.0266265
OUT: 0.0266265
OUT: 0.672637
OUT: 1.78539
OUT: 2.35004
OUT: 1.65336
OUT: 0.585329
OUT: 0.101983
OUT: 0.027542
OUT: 0.0266265
OUT: 0.0266265
OUT: 0.0266265
OUT: 0.0266265
OUT: 0.0266265
OUT: 0.0266265
OUT: 0.0266265
OUT: 0.0266265
OUT: 0.0266265
OUT: 0.0266265
OUT: 0.0266265
OUT: 0.0266265
OUT: 0.0266265
OUT: 0.0266265
OUT: 0.0266265
OUT: 0.0266265
OUT: 0.0266265
OUT: 0.0266265
OUT: 0.0266265
OUT: 0.0266265
OUT: 0.0266265
OUT: 0.217354
OUT: 0.524644
OUT: 0.527054
OUT: -0.0820646
OUT: -0.315252
OUT: -0.265068
OUT: -0.0203303
OUT: 0.0266265
OUT: 0.0266265
OUT: 0.0266265
OUT: 0.0266265
OUT: 0.0266265
OUT: 0.0266265
OUT: 0.0266265
OUT: 0.0266265
OUT: 0.0266265
OUT: 0.0266265
OUT: 0.0266265
OUT: 0.0266265
OUT: 0.0266265
OUT: 0.0266265
OUT: 0.0266265
OUT: 0.0266265
OUT: 0.0266265
OUT: 0.0266265
OUT: 0.0266265
OUT: 0.0266265
OUT: 0.0266265
OUT: -0.169595
OUT: -0.574302
OUT: -0.8479
OUT: -0.624113
OUT: -0.244494
OUT: 0.00549594
OUT: 0.0266265
OUT: 0.0266265
OUT: 0.0266265
OUT: 0.0266265
OUT: 0.0266265
OUT: 0.0266265
OUT: 0.0266265
OUT: 0.0266265
OUT: 0.0266265
OUT: 0.0266265
OUT: 0.0266265
OUT: 0.0266265
OUT: 0.0266265
OUT: 0.0722002
OUT: 0.0722002
OUT: 0.0722002
OUT: 0.0722002
OUT: 0.0722002
OUT: 0.0722002
OUT: 0.0722002
OUT: 0.0722002
OUT: 0.0722002
OUT: 0.0722002
OUT: 0.0722002
OUT: 0.0722002
OUT: 0.0722002
OUT: 0.0722002
OUT: 0.0722002
OUT: 0.0722002
OUT: 0.0722002
OUT: 0.0722002
OUT: 0.0722002
OUT: 0.0722002
OUT: 0.0722002
OUT: 0.0722002
OUT: 0.0722002
OUT: 0.0722002
OUT: 0.0722002
OUT: 0.0722002
OUT: 0.0722002
OUT: 0.0722002
OUT: 0.0722002
OUT: 0.0722002
OUT: 0.0722002
OUT: 0.0722002
OUT: 0.0722002
OUT: 0.0722002
OUT: 0.0722002
OUT: 0.0722002
OUT: 0.0722002
OUT: 0.0722002
OUT: 0.0722002
OUT: 0.0722002
OUT: 0.0722002
OUT: 0.0722002
OUT: 0.0722002
OUT: 0.0722002
OUT: 0.0722002
OUT: 0.0722002
OUT: 0.0722002
OUT: 0.0722002
OUT: 0.0722002
OUT: 0.0722002
OUT: 0.0722002
OUT: 0.0722002
OUT: 0.0722002
OUT: 0.0722002
OUT: 0.0722002
OUT: 0.0722002
OUT: 0.0722002
OUT: 0.0722002
OUT: 0.0722002
OUT: 0.0722002
OUT: 0.0722002
OUT: 0.0722002
OUT: 0.0722002
OUT: 0.0722002
OUT: 0.0722002
OUT: 0.0722002
OUT: 0.0722002
OUT: 0.0722002
OUT: 0.0722002
OUT: 0.0722002
OUT: 0.0722002
OUT: 0.0722002
OUT: 0.0722002
OUT: 0.0722002
OUT: 0.0722002
OUT: 0.0722002
OUT: 0.0722002
OUT: 0.0722002
OUT: 0.0722002
OUT: 0.0722002
OUT: 0.0722002
OUT: 0.0722002
OUT: 0.0722002
OUT: 0.0722002
OUT: 0.0722002
OUT: 0.0722002
OUT: 0.0722002
OUT: 0.0722002
OUT: 0.0722002
OUT: 0.0722002
OUT: 0.0722002
OUT: 0.0722002
OUT: 0.0722002
OUT: 0.0722002
OUT: 0.0722002
OUT: 0.0722002
OUT: 0.0722002
OUT: 0.0722002
OUT: 0.0722002
OUT: 0.0722002
OUT: 0.0722002
OUT: 0.0722002
OUT: 0.0722002
OUT: 0.0722002
OUT: 0.0722002
OUT: 0.0722002
OUT: 0.0722002
OUT: 0.0722002
OUT: 0.0722002
OUT: 0.0722002
OUT: 0.0722002
OUT: 0.0722002
OUT: 0.0722002
OUT: 0.0722002
OUT: 0.0722002
OUT: 0.0722002
OUT: 0.0722002
OUT: 0.0722002
OUT: 0.0722002
OUT: 0.0722002
OUT: 0.0722002
OUT: 0.0722002
OUT: 0.0722002
OUT: 0.0722002
OUT: 0.0722002
OUT: 0.0722002
OUT: 0.0722002
OUT: 0.0722002
OUT: 0.0722002
OUT: 0.0722002
OUT: 0.0722002
OUT: 0.0722002
OUT: 0.0722002
OUT: 0.0722002
OUT: 0.0722002
OUT: 0.0722002
OUT: 0.0722002
OUT: 0.0722002
OUT: 0.0722002
OUT: 0.0722002
OUT: 0.0722002
OUT: 0.0722002
OUT: 0.0722002
OUT: 0.0722002
OUT: 0.0722002
OUT: 0.0722002
OUT: 0.0722002
OUT: 0.0722002
OUT: 0.0722002
OUT: 0.0722002
OUT: 0.0722002
OUT: 0.0722002
OUT: 0.0722002
OUT: 0.0722002
OUT: 0.0722002
OUT: 0.0722002
OUT: 0.0722002
OUT: 0.0722002
OUT: 0.0722002
OUT: 0.0722002
OUT: 0.0722002
OUT: 0.0722002
OUT: 0.0722002
OUT: 0.0722002
OUT: 0.0722002
OUT: 0.0722002
OUT: 0.0722002
OUT: 0.0722002
OUT: 0.0722002
OUT: 0.0722002
OUT: 0.0722002
OUT: 0.0722002
OUT: 0.0722002
OUT: 0.203273
OUT: 0.39709
OUT: 0.480809
OUT: 0.554197
OUT: 0.383761
OUT: 0.299386
OUT: 0.145395
OUT: 0.106804
OUT: 0.0722002
OUT: 0.0722002
OUT: 0.0722002
OUT: 0.0722002
OUT: 0.0722002
OUT: 0.0722002
OUT: 0.0722002
OUT: 0.0722002
OUT: 0.0722002
OUT: 0.0722002
OUT: 0.0722002
OUT: 0.0722002
OUT: 0.0722002
OUT: 0.0722002
OUT: 0.0722002
OUT: 0.0722002
OUT: 0.0722002
OUT: 0.0722002
OUT: 0.0722002
OUT: 0.0722002
OUT: 0.363387
OUT: 0.391209
OUT: 0.520371
OUT: 0.508259
OUT: 0.589466
OUT: 0.645753
OUT: 0.669121
OUT: 0.675349
OUT: 0.656847
OUT: 0.656847
OUT: 0.656847
OUT: 0.656847
OUT: 0.656847
OUT: 0.656847
OUT: 0.613156
OUT: 0.416958
OUT: 0.258026
OUT: 0.122183
OUT: 0.0722002
OUT: 0.0722002
OUT: 0.0722002
OUT: 0.0722002
OUT: 0.0722002
OUT: 0.0722002
OUT: 0.0722002
OUT: 0.0722002
OUT: 0.0722002
OUT: 0.0722002
OUT: -0.0536558
OUT: -0.228235
OUT: -0.37344
OUT: -0.297211
OUT: -0.147249
OUT: 0.0673588
OUT: 0.270643
OUT: 0.343279
OUT: 0.432734
OUT: 0.417363
OUT: 0.445238
OUT: 0.438997
OUT: 0.404504
OUT: 0.430614
OUT: 0.439614
OUT: 0.380475
OUT: 0.237062
OUT: 0.173793
OUT: 0.0722002
OUT: 0.0722002
OUT: 0.0722002
OUT: 0.0722002
OUT: 0.0722002
OUT: 0.0722002
OUT: 0.0722002
OUT: 0.0722002
OUT: 0.0722002
OUT: 0.0722002
OUT: -0.195079
OUT: -0.347462
OUT: -0.419581
OUT: -0.454377
OUT: -0.485671
OUT: -0.544782
OUT: -0.502938
OUT: -0.574055
OUT: -0.48094
OUT: -0.507438
OUT: -0.474885
OUT: -0.484738
OUT: -0.531228
OUT: -0.220858
OUT: -0.110431
OUT: 0.0568844
OUT: 0.0874743
OUT: 0.0802702
OUT: 0.0722002
OUT: 0.0722002
OUT: 0.0722002
OUT: 0.0722002
OUT: 0.0722002
OUT: 0.0722002
OUT: 0.0722002
OUT: 0.0722002
OUT: 0.0722002
OUT: 0.0722002
OUT: 0.00482719
OUT: -0.0570062
OUT: -0.0314833
OUT: -0.0691344
OUT: -0.123474
OUT: -0.21373
OUT: -0.302166
OUT: -0.291677
OUT: -0.351219
OUT: -0.354195
OUT: -0.390614
OUT: -0.381333
OUT: -0.199955
OUT: -0.0320782
OUT: -0.0704466
OUT: -0.161909
OUT: -0.000177614
OUT: 0.00872267
OUT: 0.0722002
OUT: 0.0722002
OUT: 0.0722002
OUT: 0.0722002
OUT: 0.0722002
OUT: 0.0722002
OUT: 0.0722002
OUT: 0.0722002
OUT: 0.0722002
OUT: 0.0722002
OUT: 0.0722002
OUT: 0.0722002
OUT: 0.0722002
OUT: 0.0722002
OUT: 0.0722002
OUT: 0.0551055
OUT: 0.00213543
OUT: 0.0421215
OUT: -0.00460964
OUT: -0.0111005
OUT: -0.0162334
OUT: 0.0261396
OUT: 0.350257
OUT: 0.126976
OUT: -0.118099
OUT: -0.131846
OUT: -0.0392335
OUT: 0.0505195
OUT: 0.0722002
OUT: 0.0722002
OUT: 0.0722002
OUT: 0.0722002
OUT: 0.0722002
OUT: 0.0722002
OUT: 0.0722002
OUT: 0.0722002
OUT: 0.0722002
OUT: 0.0722002
OUT: 0.0722002
OUT: 0.0722002
OUT: 0.0722002
OUT: 0.0722002
OUT: 0.0722002
OUT: 0.0722002
OUT: 0.0722002
OUT: 0.0722002
OUT: 0.0722002
OUT: 0.0722002
OUT: 0.0722002
OUT: 0.259028
OUT: 0.27406
OUT: 0.0803712
OUT: -0.14407
OUT: 0.0193472
OUT: 0.0377023
OUT: 0.0704569
OUT: 0.0722002
OUT: 0.0722002
OUT: 0.0722002
OUT: 0.0722002
OUT: 0.0722002
OUT: 0.0722002
OUT: 0.0722002
OUT: 0.0722002
OUT: 0.0722002
OUT: 0.0722002
OUT: 0.0722002
OUT: 0.0722002
OUT: 0.0722002
OUT: 0.0722002
OUT: 0.0722002
OUT: 0.0722002
OUT: 0.0722002
OUT: 0.0722002
OUT: 0.0722002
OUT: 0.0722002
OUT: 0.164263
OUT: 0.379253
OUT: 0.147567
OUT: -0.185215
OUT: -0.154144
OUT: -0.0888247
OUT: 0.0362589
OUT: 0.0722002
OUT: 0.0722002
OUT: 0.0722002
OUT: 0.0722002
OUT: 0.0722002
OUT: 0.0722002
OUT: 0.0722002
OUT: 0.0722002
OUT: 0.0722002
OUT: 0.0722002
OUT: 0.0722002
OUT: 0.0722002
OUT: 0.0722002
OUT: 0.0722002
OUT: 0.0722002
OUT: 0.0722002
OUT: 0.0722002
OUT: 0.0722002
OUT: 0.0722002
OUT: 0.0722002
OUT: 0.0722002
OUT: 0.240947
OUT: 0.196354
OUT: -0.0389775
OUT: -0.256478
OUT: -0.0655455
OUT: 0.00506917
OUT: 0.0679389
OUT: 0.0722002
OUT: 0.0722002
OUT: 0.0722002
OUT: 0.0722002
OUT: 0.0722002
OUT: 0.0722002
OUT: 0.0722002
OUT: 0.0722002
OUT: 0.0722002
OUT: 0.0722002
OUT: 0.0722002
OUT: 0.0722002
OUT: 0.0722002
OUT: 0.0722002
OUT: 0.0722002
OUT: 0.0722002
OUT: 0.0722002
OUT: 0.0722002
OUT: 0.0722002
OUT: 0.0722002
OUT: 0.0862437
OUT: 0.249202
OUT: 0.0445874
OUT: -0.211406
OUT: -0.0849845
OUT: -0.0317824
OUT: 0.0630248
OUT: 0.0722002
OUT: 0.0722002
OUT: 0.0722002
OUT: 0.0722002
OUT: 0.0722002
OUT: 0.0722002
OUT: 0.0722002
OUT: 0.0722002
OUT: 0.0722002
OUT: 0.0722002
OUT: 0.0722002
OUT: 0.0722002
OUT: 0.0722002
OUT: 0.0722002
OUT: 0.0722002
OUT: 0.0722002
OUT: 0.0722002
OUT: 0.0722002
OUT: 0.0722002
OUT: 0.0722002
OUT: 0.0722002
OUT: 0.262892
OUT: 0.248855
OUT: 0.00821692
OUT: -0.181333
OUT: -0.015944
OUT: 0.0162211
OUT: 0.0717159
OUT: 0.0722002
OUT: 0.0722002
OUT: 0.0722002
OUT: 0.0722002
OUT: 0.0722002
OUT: 0.0722002
OUT: 0.0722002
OUT: 0.0722002
OUT: 0.0722002
OUT: 0.0722002
OUT: 0.0722002
OUT: 0.0722002
OUT: 0.0722002
OUT: 0.0722002
OUT: 0.0722002
OUT: 0.0722002
OUT: 0.0722002
OUT: 0.0722002
OUT: 0.0722002
OUT: 0.0722002
OUT: 0.189229
OUT: 0.404317
OUT: 0.174783
OUT: -0.144029
OUT: -0.0771684
OUT: -0.0250601
OUT: 0.066583
OUT: 0.0722002
OUT: 0.0722002
OUT: 0.0722002
OUT: 0.0722002
OUT: 0.0722002
OUT: 0.0722002
OUT: 0.0722002
OUT: 0.0722002
OUT: 0.0722002
OUT: 0.0722002
OUT: 0.0722002
OUT: 0.0722002
OUT: 0.0722002
OUT: 0.0722002
OUT: 0.0722002
OUT: 0.0722002
OUT: 0.0722002
OUT: 0.0722002
OUT: 0.0722002
OUT: 0.0722002
OUT: 0.101848
OUT: 0.375935
OUT: 0.244465
OUT: 0.0113251
OUT: -0.206141
OUT: -0.0195225
OUT: 0.0184269
OUT: 0.0722002
OUT: 0.0722002
OUT: 0.0722002
OUT: 0.0722002
OUT: 0.0722002
OUT: 0.0722002
OUT: 0.0722002
OUT: 0.0722002
OUT: 0.0722002
OUT: 0.0722002
OUT: 0.0722002
OUT: 0.0722002
OUT: 0.0722002
OUT: 0.0722002
OUT: 0.0722002
OUT: 0.0722002
OUT: 0.0722002
OUT: 0.0722002
OUT: 0.0722002
OUT: 0.0722002
OUT: 0.0768813
OUT: 0.377762
OUT: 0.32662
OUT: 0.135512
OUT: -0.242607
OUT: -0.0987516
OUT: -0.0350679
OUT: 0.0666798
OUT: 0.0722002
OUT: 0.0722002
OUT: 0.0722002
OUT: 0.0722002
OUT: 0.0722002
OUT: 0.0722002
OUT: 0.0722002
OUT: 0.0722002
OUT: 0.0722002
OUT: 0.0722002
OUT: 0.0722002
OUT: 0.0722002
OUT: 0.0722002
OUT: 0.0722002
OUT: 0.0722002
OUT: 0.0722002
OUT: 0.0722002
OUT: 0.0722002
OUT: 0.0722002
OUT: 0.0722002
OUT: 0.129523
OUT: 0.330535
OUT: 0.0950414
OUT: -0.187535
OUT: -0.212208
OUT: -0.0748014
OUT: 0.0339279
OUT: 0.0722002
OUT: 0.0722002
OUT: 0.0722002
OUT: 0.0722002
OUT: 0.0722002
OUT: 0.0722002
OUT: 0.0722002
OUT: 0.0722002
OUT: 0.0722002
OUT: 0.0722002
OUT: 0.0722002
OUT: 0.0722002
OUT: 0.0722002
OUT: 0.0722002
OUT: 0.0722002
OUT: 0.0722002
OUT: 0.0722002
OUT: 0.0722002
OUT: 0.0722002
OUT: 0.0722002
OUT: 0.120572
OUT: 0.407096
OUT: 0.199896
OUT: -0.0699846
OUT: -0.294856
OUT: -0.13248
OUT: -0.00449047
OUT: 0.0688105
OUT: 0.0722002
OUT: 0.0722002
OUT: 0.0722002
OUT: 0.0722002
OUT: 0.0722002
OUT: 0.0722002
OUT: 0.0722002
OUT: 0.0722002
OUT: 0.0722002
OUT: 0.0722002
OUT: 0.0722002
OUT: 0.0722002
OUT: 0.0722002
OUT: 0.0722002
OUT: 0.0722002
OUT: 0.0722002
OUT: 0.0722002
OUT: 0.0722002
OUT: 0.0722002
OUT: 0.0722002
OUT: 0.259353
OUT: 0.32144
OUT: 0.118425
OUT: -0.180514
OUT: -0.0506545
OUT: 0.00729658
OUT: 0.0641087
OUT: 0.0722002
OUT: 0.0722002
OUT: 0.0722002
OUT: 0.0722002
OUT: 0.0722002
OUT: 0.0722002
OUT: 0.0722002
OUT: 0.0722002
OUT: 0.0722002
OUT: 0.0722002
OUT: 0.0722002
OUT: 0.0722002
OUT: 0.0722002
OUT: 0.0722002
OUT: 0.0722002
OUT: 0.0722002
OUT: 0.0722002
OUT: 0.0722002
OUT: 0.0722002
OUT: 0.0722002
OUT: 0.167384
OUT: 0.357513
OUT: 0.151115
OUT: 0.096687
OUT: -0.0363648
OUT: 0.0952342
OUT: 0.0778518
OUT: 0.0721033
OUT: 0.0722002
OUT: 0.0722002
OUT: 0.0722002
OUT: 0.0722002
OUT: 0.0722002
OUT: 0.0722002
OUT: 0.0722002
OUT: 0.0722002
OUT: 0.0722002
OUT: 0.0722002
OUT: 0.0722002
OUT: 0.0722002
OUT: 0.0722002
OUT: 0.0722002
OUT: 0.0722002
OUT: 0.0722002
OUT: 0.0722002
OUT: 0.0722002
OUT: 0.0722002
OUT: 0.0722002
OUT: 0.220908
OUT: 0.190535
OUT: 0.056182
OUT: -0.0319183
OUT: -0.00973498
OUT: 0.0711253
OUT: 0.0726363
OUT: 0.0722002
OUT: 0.0722002
OUT: 0.0722002
OUT: 0.0722002
OUT: 0.0722002
OUT: 0.0722002
OUT: 0.0722002
OUT: 0.0722002
OUT: 0.0722002
OUT: 0.0722002
OUT: 0.0722002
OUT: 0.0722002
OUT: 0.0722002
OUT: 0.0722002
OUT: 0.0722002
OUT: 0.0722002
OUT: 0.0722002
OUT: 0.0722002
OUT: 0.0722002
OUT: 0.0722002
OUT: 0.0722002
OUT: 0.120126
OUT: 0.0230328
OUT: -0.0921675
OUT: -0.360979
OUT: -0.174672
OUT: -0.10978
OUT: 0.0417979
OUT: 0.0722002
OUT: 0.0722002
OUT: 0.0722002
OUT: 0.0722002
OUT: 0.0722002
OUT: 0.0722002
OUT: 0.0722002
OUT: 0.0722002
OUT: 0.0722002
OUT: 0.0722002
OUT: 0.0722002
OUT: 0.0722002
OUT: 0.0722002
OUT: 0.0722002
OUT: 0.0722002
OUT: 0.0722002
OUT: 0.0722002
OUT: 0.0722002
OUT: 0.0722002
OUT: 0.0722002
OUT: 0.0722002
OUT: -0.129014
OUT: -0.450592
OUT: -0.618515
OUT: -0.527522
OUT: -0.182544
OUT: 0.030876
OUT: 0.0683263
OUT: 0.0722002
OUT: 0.0722002
OUT: 0.0722002
OUT: 0.0722002
OUT: 0.0722002
OUT: 0.0722002
OUT: 0.0722002
OUT: 0.0722002
OUT: 0.0722002
OUT: 0.0722002
OUT: 0.0722002
OUT: 0.0722002
OUT: 0.0722002
OUT: 0.0722002
OUT: 0.0722002
OUT: 0.0722002
OUT: 0.0722002
OUT: 0.0722002
OUT: 0.0722002
OUT: 0.0722002
OUT: 0.0722002
OUT: -0.0494734
OUT: -0.20953
OUT: -0.202913
OUT: -0.0155198
OUT: 0.0482378
OUT: 0.0704569
OUT: 0.0722002
OUT: 0.0722002
OUT: 0.0722002
OUT: 0.0722002
OUT: 0.0722002
OUT: 0.0722002
OUT: 0.0722002
OUT: 0.0722002
OUT: 0.0722002
OUT: 0.0722002
OUT: 0.0722002
OUT: 0.0722002
OUT: 0.0722002
OUT: -0.0114596
OUT: -0.0114596
OUT: -0.0114596
OUT: -0.0114596
OUT: -0.0114596
OUT: -0.0114596
OUT: -0.0114596
OUT: -0.0114596
OUT: -0.0114596
OUT: -0.0114596
OUT: -0.0114596
OUT: -0.0114596
OUT: -0.0114596
OUT: -0.0114596
OUT: -0.0114596
OUT: -0.0114596
OUT: -0.0114596
OUT: -0.0114596
OUT: -0.0114596
OUT: -0.0114596
OUT: -0.0114596
OUT: -0.0114596
OUT: -0.0114596
OUT: -0.0114596
OUT: -0.0114596
OUT: -0.0114596
OUT: -0.0114596
OUT: -0.0114596
OUT: -0.0114596
OUT: -0.0114596
OUT: -0.0114596
OUT: -0.0114596
OUT: -0.0114596
OUT: -0.0114596
OUT: -0.0114596
OUT: -0.0114596
OUT: -0.0114596
OUT: -0.0114596
OUT: -0.0114596
OUT: -0.0114596
OUT: -0.0114596
OUT: -0.0114596
OUT: -0.0114596
OUT: -0.0114596
OUT: -0.0114596
OUT: -0.0114596
OUT: -0.0114596
OUT: -0.0114596
OUT: -0.0114596
OUT: -0.0114596
OUT: -0.0114596
OUT: -0.0114596
OUT: -0.0114596
OUT: -0.0114596
OUT: -0.0114596
OUT: -0.0114596
OUT: -0.0114596
OUT: -0.0114596
OUT: -0.0114596
OUT: -0.0114596
OUT: -0.0114596
OUT: -0.0114596
OUT: -0.0114596
OUT: -0.0114596
OUT: -0.0114596
OUT: -0.0114596
OUT: -0.0114596
OUT: -0.0114596
OUT: -0.0114596
OUT: -0.0114596
OUT: -0.0114596
OUT: -0.0114596
OUT: -0.0114596
OUT: -0.0114596
OUT: -0.0114596
OUT: -0.0114596
OUT: -0.0114596
OUT: -0.0114596
OUT: -0.0114596
OUT: -0.0114596
OUT: -0.0114596
OUT: -0.0114596
OUT: -0.0114596
OUT: -0.0114596
OUT: -0.0114596
OUT: -0.0114596
OUT: -0.0114596
OUT: -0.0114596
OUT: -0.0114596
OUT: -0.0114596
OUT: -0.0114596
OUT: -0.0114596
OUT: -0.0114596
OUT: -0.0114596
OUT: -0.0114596
OUT: -0.0114596
OUT: -0.0114596
OUT: -0.0114596
OUT: -0.0114596
OUT: -0.0114596
OUT: -0.0114596
OUT: -0.0114596
OUT: -0.0114596
OUT: -0.0114596
OUT: -0.0114596
OUT: -0.0114596
OUT: -0.0114596
OUT: -0.0114596
OUT: -0.0114596
OUT: -0.0114596
OUT: -0.0114596
OUT: -0.0114596
OUT: -0.0114596
OUT: -0.0114596
OUT: -0.0114596
OUT: -0.0114596
OUT: -0.0114596
OUT: -0.0114596
OUT: -0.0114596
OUT: -0.0114596
OUT: -0.0114596
OUT: -0.0114596
OUT: -0.0114596
OUT: -0.0114596
OUT: -0.0114596
OUT: -0.0114596
OUT: -0.0114596
OUT: -0.0114596
OUT: -0.0114596
OUT: -0.0114596
OUT: -0.0114596
OUT: -0.0114596
OUT: -0.0114596
OUT: -0.0114596
OUT: -0.0114596
OUT: -0.0114596
OUT: -0.0114596
OUT: -0.0114596
OUT: -0.0114596
OUT: -0.0114596
OUT: -0.0114596
OUT: -0.0114596
OUT: -0.0114596
OUT: -0.0114596
OUT: -0.0114596
OUT: -0.0114596
OUT: -0.0114596
OUT: -0.0114596
OUT: -0.0114596
OUT: -0.0114596
OUT: -0.0114596
OUT: -0.0114596
OUT: -0.0114596
OUT: -0.0114596
OUT: -0.0114596
OUT: -0.0114596
OUT: -0.0114596
OUT: -0.0114596
OUT: -0.0114596
OUT: -0.0114596
OUT: -0.0114596
OUT: -0.0114596
OUT: -0.0114596
OUT: -0.0114596
OUT: -0.0114596
OUT: -0.0114596
OUT: -0.0114596
OUT: -0.0114596
OUT: -0.0114596
OUT: -0.0114596
OUT: -0.0114596
OUT: -0.0114596
OUT: -0.0114596
OUT: 0.257996
OUT: 0.881112
OUT: 1.35158
OUT: 1.46684
OUT: 1.08633
OUT: 0.666796
OUT: 0.255458
OUT: 0.0717722
OUT: -0.0114596
OUT: -0.0114596
OUT: -0.0114596
OUT: -0.0114596
OUT: -0.0114596
OUT: -0.0114596
OUT: -0.0114596
OUT: -0.0114596
OUT: -0.0114596
OUT: -0.0114596
OUT: -0.0114596
OUT: -0.0114596
OUT: -0.0114596
OUT: -0.0114596
OUT: -0.0114596
OUT: -0.0114596
OUT: -0.0114596
OUT: -0.0114596
OUT: -0.0114596
OUT: -0.0114596
OUT: 0.826222
OUT: 2.10385
OUT: 3.12395
OUT: 3.29529
OUT: 3.0903
OUT: 2.74541
OUT: 2.27707
OUT: 1.95069
OUT: 1.78655
OUT: 1.78655
OUT: 1.78655
OUT: 1.78655
OUT: 1.78655
OUT: 1.78655
OUT: 1.69673
OUT: 1.2185
OUT: 0.566754
OUT: 0.108764
OUT: -0.0114596
OUT: -0.0114596
OUT: -0.0114596
OUT: -0.0114596
OUT: -0.0114596
OUT: -0.0114596
OUT: -0.0114596
OUT: -0.0114596
OUT: -0.0114596
OUT: -0.0114596
OUT: 0.704941
OUT: 2.05639
OUT: 2.90189
OUT: 3.14089
OUT: 3.12369
OUT: 3.42118
OUT: 3.52971
OUT: 3.46644
OUT: 3.39403
OUT: 3.43025
OUT: 3.4973
OUT: 3.48447
OUT: 3.40286
OUT: 3.39903
OUT: 3.39765
OUT: 2.83557
OUT: 1.52449
OUT: 0.405706
OUT: -0.0114596
OUT: -0.0114596
OUT: -0.0114596
OUT: -0.0114596
OUT: -0.0114596
OUT: -0.0114596
OUT: -0.0114596
OUT: -0.0114596
OUT: -0.0114596
OUT: -0.0114596
OUT: 0.537094
OUT: 1.10458
OUT: 1.61998
OUT: 1.69255
OUT: 1.80701
OUT: 2.14264
OUT: 2.56541
OUT: 2.69436
OUT: 2.74729
OUT: 2.84427
OUT: 3.01894
OUT: 2.9873
OUT: 2.79441
OUT: 3.30208
OUT: 4.01277
OUT: 3.70433
OUT: 2.08001
OUT: 0.553602
OUT: -0.0114596
OUT: -0.0114596
OUT: -0.0114596
OUT: -0.0114596
OUT: -0.0114596
OUT: -0.0114596
OUT: -0.0114596
OUT: -0.0114596
OUT: -0.0114596
OUT: -0.0114596
OUT: 0.123872
OUT: 0.293165
OUT: 0.34849
OUT: 0.448442
OUT: 0.538866
OUT: 0.803091
OUT: 1.1135
OUT: 1.25798
OUT: 1.34261
OUT: 1.39053
OUT: 1.5239
OUT: 1.50387
OUT: 1.64423
OUT: 2.7084
OUT: 3.92086
OUT: 3.56244
OUT: 1.77609
OUT: 0.404601
OUT: -0.0114596
OUT: -0.0114596
OUT: -0.0114596
OUT: -0.0114596
OUT: -0.0114596
OUT: -0.0114596
OUT: -0.0114596
OUT: -0.0114596
OUT: -0.0114596
OUT: -0.0114596
OUT: -0.0114596
OUT: -0.0114596
OUT: -0.0114596
OUT: -0.0114596
OUT: -0.0114596
OUT: 0.0228783
OUT: 0.140719
OUT: 0.112395
OUT: 0.226095
OUT: 0.216618
OUT: 0.286229
OUT: 0.340641
OUT: 1.13425
OUT: 2.87344
OUT: 3.66889
OUT: 2.74228
OUT: 1.05745
OUT: 0.160122
OUT: -0.0114596
OUT: -0.0114596
OUT: -0.0114596
OUT: -0.0114596
OUT: -0.0114596
OUT: -0.0114596
OUT: -0.0114596
OUT: -0.0114596
OUT: -0.0114596
OUT: -0.0114596
OUT: -0.0114596
OUT: -0.0114596
OUT: -0.0114596
OUT: -0.0114596
OUT: -0.0114596
OUT: -0.0114596
OUT: -0.0114596
OUT: -0.0114596
OUT: -0.0114596
OUT: -0.0114596
OUT: -0.0114596
OUT: 0.435229
OUT: 1.83974
OUT: 3.62618
OUT: 3.62811
OUT: 1.98522
OUT: 0.533965
OUT: 0.0121817
OUT: -0.0114596
OUT: -0.0114596
OUT: -0.0114596
OUT: -0.0114596
OUT: -0.0114596
OUT: -0.0114596
OUT: -0.0114596
OUT: -0.0114596
OUT: -0.0114596
OUT: -0.0114596
OUT: -0.0114596
OUT: -0.0114596
OUT: -0.0114596
OUT: -0.0114596
OUT: -0.0114596
OUT: -0.0114596
OUT: -0.0114596
OUT: -0.0114596
OUT: -0.0114596
OUT: -0.0114596
OUT: 0.177801
OUT: 1.23463
OUT: 3.05966
OUT: 3.76378
OUT: 2.73716
OUT: 1.10909
OUT: 0.176657
OUT: -0.0114596
OUT: -0.0114596
OUT: -0.0114596
OUT: -0.0114596
OUT: -0.0114596
OUT: -0.0114596
OUT: -0.0114596
OUT: -0.0114596
OUT: -0.0114596
OUT: -0.0114596
OUT: -0.0114596
OUT: -0.0114596
OUT: -0.0114596
OUT: -0.0114596
OUT: -0.0114596
OUT: -0.0114596
OUT: -0.0114596
OUT: -0.0114596
OUT: -0.0114596
OUT: -0.0114596
OUT: -0.0114596
OUT: 0.503361
OUT: 2.07366
OUT: 3.6344
OUT: 3.43609
OUT: 1.75427
OUT: 0.472988
OUT: 0.0463303
OUT: -0.0114596
OUT: -0.0114596
OUT: -0.0114596
OUT: -0.0114596
OUT: -0.0114596
OUT: -0.0114596
OUT: -0.0114596
OUT: -0.0114596
OUT: -0.0114596
OUT: -0.0114596
OUT: -0.0114596
OUT: -0.0114596
OUT: -0.0114596
OUT: -0.0114596
OUT: -0.0114596
OUT: -0.0114596
OUT: -0.0114596
OUT: -0.0114596
OUT: -0.0114596
OUT: -0.0114596
OUT: 0.0174106
OUT: 0.996148
OUT: 2.85263
OUT: 3.62315
OUT: 2.48649
OUT: 0.875138
OUT: 0.0789607
OUT: -0.0114596
OUT: -0.0114596
OUT: -0.0114596
OUT: -0.0114596
OUT: -0.0114596
OUT: -0.0114596
OUT: -0.0114596
OUT: -0.0114596
OUT: -0.0114596
OUT: -0.0114596
OUT: -0.0114596
OUT: -0.0114596
OUT: -0.0114596
OUT: -0.0114596
OUT: -0.0114596
OUT: -0.0114596
OUT: -0.0114596
OUT: -0.0114596
OUT: -0.0114596
OUT: -0.0114596
OUT: -0.0114596
OUT: 0.406175
OUT: 1.85207
OUT: 3.38546
OUT: 3.20273
OUT: 1.56763
OUT: 0.34397
OUT: -0.00489259
OUT: -0.0114596
OUT: -0.0114596
OUT: -0.0114596
OUT: -0.0114596
OUT: -0.0114596
OUT: -0.0114596
OUT: -0.0114596
OUT: -0.0114596
OUT: -0.0114596
OUT: -0.0114596
OUT: -0.0114596
OUT: -0.0114596
OUT: -0.0114596
OUT: -0.0114596
OUT: -0.0114596
OUT: -0.0114596
OUT: -0.0114596
OUT: -0.0114596
OUT: -0.0114596
OUT: -0.0114596
OUT: 0.229126
OUT: 1.26728
OUT: 2.97954
OUT: 3.55113
OUT: 2.37053
OUT: 0.83762
OUT: 0.0647181
OUT: -0.0114596
OUT: -0.0114596
OUT: -0.0114596
OUT: -0.0114596
OUT: -0.0114596
OUT: -0.0114596
OUT: -0.0114596
OUT: -0.0114596
OUT: -0.0114596
OUT: -0.0114596
OUT: -0.0114596
OUT: -0.0114596
OUT: -0.0114596
OUT: -0.0114596
OUT: -0.0114596
OUT: -0.0114596
OUT: -0.0114596
OUT: -0.0114596
OUT: -0.0114596
OUT: -0.0114596
OUT: 0.0494886
OUT: 0.877222
OUT: 2.47236
OUT: 3.78056
OUT: 3.18543
OUT: 1.49782
OUT: 0.330056
OUT: -0.0114596
OUT: -0.0114596
OUT: -0.0114596
OUT: -0.0114596
OUT: -0.0114596
OUT: -0.0114596
OUT: -0.0114596
OUT: -0.0114596
OUT: -0.0114596
OUT: -0.0114596
OUT: -0.0114596
OUT: -0.0114596
OUT: -0.0114596
OUT: -0.0114596
OUT: -0.0114596
OUT: -0.0114596
OUT: -0.0114596
OUT: -0.0114596
OUT: -0.0114596
OUT: -0.0114596
OUT: -0.00183622
OUT: 0.678806
OUT: 2.06776
OUT: 3.68316
OUT: 3.68117
OUT: 2.24869
OUT: 0.746374
OUT: 0.0634046
OUT: -0.0114596
OUT: -0.0114596
OUT: -0.0114596
OUT: -0.0114596
OUT: -0.0114596
OUT: -0.0114596
OUT: -0.0114596
OUT: -0.0114596
OUT: -0.0114596
OUT: -0.0114596
OUT: -0.0114596
OUT: -0.0114596
OUT: -0.0114596
OUT: -0.0114596
OUT: -0.0114596
OUT: -0.0114596
OUT: -0.0114596
OUT: -0.0114596
OUT: -0.0114596
OUT: -0.0114596
OUT: 0.114921
OUT: 1.28877
OUT: 3.21242
OUT: 3.90882
OUT: 2.87509
OUT: 1.1754
OUT: 0.269489
OUT: -0.0114596
OUT: -0.0114596
OUT: -0.0114596
OUT: -0.0114596
OUT: -0.0114596
OUT: -0.0114596
OUT: -0.0114596
OUT: -0.0114596
OUT: -0.0114596
OUT: -0.0114596
OUT: -0.0114596
OUT: -0.0114596
OUT: -0.0114596
OUT: -0.0114596
OUT: -0.0114596
OUT: -0.0114596
OUT: -0.0114596
OUT: -0.0114596
OUT: -0.0114596
OUT: -0.0114596
OUT: 0.0879823
OUT: 0.880336
OUT: 2.57129
OUT: 3.67604
OUT: 3.25709
OUT: 1.57599
OUT: 0.455764
OUT: 0.0345097
OUT: -0.0114596
OUT: -0.0114596
OUT: -0.0114596
OUT: -0.0114596
OUT: -0.0114596
OUT: -0.0114596
OUT: -0.0114596
OUT: -0.0114596
OUT: -0.0114596
OUT: -0.0114596
OUT: -0.0114596
OUT: -0.0114596
OUT: -0.0114596
OUT: -0.0114596
OUT: -0.0114596
OUT: -0.0114596
OUT: -0.0114596
OUT: -0.0114596
OUT: -0.0114596
OUT: -0.0114596
OUT: 0.461512
OUT: 1.77466
OUT: 3.6285
OUT: 3.77252
OUT: 2.30976
OUT: 0.737353
OUT: 0.0914706
OUT: -0.0114596
OUT: -0.0114596
OUT: -0.0114596
OUT: -0.0114596
OUT: -0.0114596
OUT: -0.0114596
OUT: -0.0114596
OUT: -0.0114596
OUT: -0.0114596
OUT: -0.0114596
OUT: -0.0114596
OUT: -0.0114596
OUT: -0.0114596
OUT: -0.0114596
OUT: -0.0114596
OUT: -0.0114596
OUT: -0.0114596
OUT: -0.0114596
OUT: -0.0114596
OUT: -0.0114596
OUT: 0.184216
OUT: 1.24346
OUT: 3.04228
OUT: 4.39441
OUT: 3.69582
OUT: 1.82539
OUT: 0.354402
OUT: -0.0101462
OUT: -0.0114596
OUT: -0.0114596
OUT: -0.0114596
OUT: -0.0114596
OUT: -0.0114596
OUT: -0.0114596
OUT: -0.0114596
OUT: -0.0114596
OUT: -0.0114596
OUT: -0.0114596
OUT: -0.0114596
OUT: -0.0114596
OUT: -0.0114596
OUT: -0.0114596
OUT: -0.0114596
OUT: -0.0114596
OUT: -0.0114596
OUT: -0.0114596
OUT: -0.0114596
OUT: -0.0114596
OUT: 0.467857
OUT: 2.0341
OUT: 3.81016
OUT: 4.67311
OUT: 3.44484
OUT: 1.6298
OUT: 0.242803
OUT: -0.0114596
OUT: -0.0114596
OUT: -0.0114596
OUT: -0.0114596
OUT: -0.0114596
OUT: -0.0114596
OUT: -0.0114596
OUT: -0.0114596
OUT: -0.0114596
OUT: -0.0114596
OUT: -0.0114596
OUT: -0.0114596
OUT: -0.0114596
OUT: -0.0114596
OUT: -0.0114596
OUT: -0.0114596
OUT: -0.0114596
OUT: -0.0114596
OUT: -0.0114596
OUT: -0.0114596
OUT: -0.0114596
OUT: 0.680748
OUT: 2.50666
OUT: 4.0017
OUT: 3.97339
OUT: 2.37688
OUT: 0.926369
OUT: 0.12875
OUT: -0.0114596
OUT: -0.0114596
OUT: -0.0114596
OUT: -0.0114596
OUT: -0.0114596
OUT: -0.0114596
OUT: -0.0114596
OUT: -0.0114596
OUT: -0.0114596
OUT: -0.0114596
OUT: -0.0114596
OUT: -0.0114596
OUT: -0.0114596
OUT: -0.0114596
OUT: -0.0114596
OUT: -0.0114596
OUT: -0.0114596
OUT: -0.0114596
OUT: -0.0114596
OUT: -0.0114596
OUT: -0.0114596
OUT: 0.413796
OUT: 1.35182
OUT: 2.1753
OUT: 2.10528
OUT: 1.06817
OUT: 0.35293
OUT: 0.0410767
OUT: -0.0114596
OUT: -0.0114596
OUT: -0.0114596
OUT: -0.0114596
OUT: -0.0114596
OUT: -0.0114596
OUT: -0.0114596
OUT: -0.0114596
OUT: -0.0114596
OUT: -0.0114596
OUT: -0.0114596
OUT: -0.0114596
OUT: -0.0114596
OUT: -0.0114596
OUT: -0.0114596
OUT: -0.0114596
OUT: -0.0114596
OUT: -0.0114596
OUT: -0.0114596
OUT: -0.0114596
OUT: -0.0114596
OUT: 0.232946
OUT: 0.635878
OUT: 0.847473
OUT: 0.588237
OUT: 0.280393
OUT: 0.0121817
OUT: -0.0114596
OUT: -0.0114596
OUT: -0.0114596
OUT: -0.0114596
OUT: -0.0114596
OUT: -0.0114596
OUT: -0.0114596
OUT: -0.0114596
OUT: -0.0114596
OUT: -0.0114596
OUT: -0.0114596
OUT: -0.0114596
OUT: -0.0114596
OUT: 7.41402e-008
OUT: 7.41402e-008
OUT: 7.41402e-008
OUT: 7.41402e-008
OUT: 7.41402e-008
OUT: 7.41402e-008
OUT: 7.41402e-008
OUT: 7.41402e-008
OUT: 7.41402e-008
OUT: 7.41402e-008
OUT: 7.41402e-008
OUT: 7.41402e-008
OUT: 7.41402e-008
OUT: 7.41402e-008
OUT: 7.41402e-008
OUT: 7.41402e-008
OUT: 7.41402e-008
OUT: 7.41402e-008
OUT: 7.41402e-008
OUT: 7.41402e-008
OUT: 7.41402e-008
OUT: 7.41402e-008
OUT: 7.41402e-008
OUT: 7.41402e-008
OUT: 7.41402e-008
OUT: 7.41402e-008
OUT: 7.41402e-008
OUT: 7.41402e-008
OUT: 7.41402e-008
OUT: 7.41402e-008
OUT: 7.41402e-008
OUT: 7.41402e-008
OUT: 7.41402e-008
OUT: 7.41402e-008
OUT: 7.41402e-008
OUT: 7.41402e-008
OUT: 7.41402e-008
OUT: 7.41402e-008
OUT: 7.41402e-008
OUT: 7.41402e-008
OUT: 7.41402e-008
OUT: 7.41402e-008
OUT: 7.41402e-008
OUT: 7.41402e-008
OUT: 7.41402e-008
OUT: 7.41402e-008
OUT: 7.41402e-008
OUT: 7.41402e-008
OUT: 7.41402e-008
OUT: 7.41402e-008
OUT: 7.41402e-008
OUT: 7.41402e-008
OUT: 7.41402e-008
OUT: 7.41402e-008
OUT: 7.41402e-008
OUT: 7.41402e-008
OUT: 7.41402e-008
OUT: 7.41402e-008
OUT: 7.41402e-008
OUT: 7.41402e-008
OUT: 7.41402e-008
OUT: 7.41402e-008
OUT: 7.41402e-008
OUT: 7.41402e-008
OUT: 7.41402e-008
OUT: 7.41402e-008
OUT: 7.41402e-008
OUT: 7.41402e-008
OUT: 7.41402e-008
OUT: 7.41402e-008
OUT: 7.41402e-008
OUT: 7.41402e-008
OUT: 7.41402e-008
OUT: 7.41402e-008
OUT: 7.41402e-008
OUT: 7.41402e-008
OUT: 7.41402e-008
OUT: 7.41402e-008
OUT: 7.41402e-008
OUT: 7.41402e-008
OUT: 7.41402e-008
OUT: 7.41402e-008
OUT: 7.41402e-008
OUT: 7.41402e-008
OUT: 7.41402e-008
OUT: 7.41402e-008
OUT: 7.41402e-008
OUT: 7.41402e-008
OUT: 7.41402e-008
OUT: 7.41402e-008
OUT: 7.41402e-008
OUT: 7.41402e-008
OUT: 7.41402e-008
OUT: 7.41402e-008
OUT: 7.41402e-008
OUT: 7.41402e-008
OUT: 7.41402e-008
OUT: 7.41402e-008
OUT: 7.41402e-008
OUT: 7.41402e-008
OUT: 7.41402e-008
OUT: 7.41402e-008
OUT: 7.41402e-008
OUT: 7.41402e-008
OUT: 7.41402e-008
OUT: 7.41402e-008
OUT: 7.41402e-008
OUT: 7.41402e-008
OUT: 7.41402e-008
OUT: 7.41402e-008
OUT: 7.41402e-008
OUT: 7.41402e-008
OUT: 7.41402e-008
OUT: 7.41402e-008
OUT: 7.41402e-008
OUT: 7.41402e-008
OUT: 7.41402e-008
OUT: 7.41402e-008
OUT: 7.41402e-008
OUT: 7.41402e-008
OUT: 7.41402e-008
OUT: 7.41402e-008
OUT: 7.41402e-008
OUT: 7.41402e-008
OUT: 7.41402e-008
OUT: 7.41402e-008
OUT: 7.41402e-008
OUT: 7.41402e-008
OUT: 7.41402e-008
OUT: 7.41402e-008
OUT: 7.41402e-008
OUT: 7.41402e-008
OUT: 7.41402e-008
OUT: 7.41402e-008
OUT: 7.41402e-008
OUT: 7.41402e-008
OUT: 7.41402e-008
OUT: 7.41402e-008
OUT: 7.41402e-008
OUT: 7.41402e-008
OUT: 7.41402e-008
OUT: 7.41402e-008
OUT: 7.41402e-008
OUT: 7.41402e-008
OUT: 7.41402e-008
OUT: 7.41402e-008
OUT: 7.41402e-008
OUT: 7.41402e-008
OUT: 7.41402e-008
OUT: 7.41402e-008
OUT: 7.41402e-008
OUT: 7.41402e-008
OUT: 7.41402e-008
OUT: 7.41402e-008
OUT: 7.41402e-008
OUT: 7.41402e-008
OUT: 7.41402e-008
OUT: 7.41402e-008
OUT: 7.41402e-008
OUT: 7.41402e-008
OUT: 7.41402e-008
OUT: 7.41402e-008
OUT: 7.41402e-008
OUT: 7.41402e-008
OUT: 7.41402e-008
OUT: 7.41402e-008
OUT: 7.41402e-008
OUT: 7.41402e-008
OUT: 7.41402e-008
OUT: 7.41402e-008
OUT: 7.41402e-008
OUT: 7.41402e-008
OUT: 7.41402e-008
OUT: 0.0163922
OUT: 0.225695
OUT: 0.480649
OUT: 0.458958
OUT: 0.413219
OUT: 0.200089
OUT: 0.104158
OUT: 0.0137421
OUT: 7.41402e-008
OUT: 7.41402e-008
OUT: 7.41402e-008
OUT: 7.41402e-008
OUT: 7.41402e-008
OUT: 7.41402e-008
OUT: 7.41402e-008
OUT: 7.41402e-008
OUT: 7.41402e-008
OUT: 7.41402e-008
OUT: 7.41402e-008
OUT: 7.41402e-008
OUT: 7.41402e-008
OUT: 7.41402e-008
OUT: 7.41402e-008
OUT: 7.41402e-008
OUT: 7.41402e-008
OUT: 7.41402e-008
OUT: 7.41402e-008
OUT: 7.41402e-008
OUT: 0.172149
OUT: 1.04664
OUT: 1.64723
OUT: 1.85592
OUT: 1.62549
OUT: 1.33443
OUT: 0.933563
OUT: 0.675355
OUT: 0.561118
OUT: 0.561118
OUT: 0.561118
OUT: 0.561118
OUT: 0.561118
OUT: 0.561118
OUT: 0.555654
OUT: 0.469429
OUT: 0.18226
OUT: 0.0198497
OUT: 7.41402e-008
OUT: 7.41402e-008
OUT: 7.41402e-008
OUT: 7.41402e-008
OUT: 7.41402e-008
OUT: 7.41402e-008
OUT: 7.41402e-008
OUT: 7.41402e-008
OUT: 7.41402e-008
OUT: 7.41402e-008
OUT: 0.285788
OUT: 1.15175
OUT: 2.28107
OUT: 2.35693
OUT: 2.47455
OUT: 2.41303
OUT: 2.36576
OUT: 2.20049
OUT: 1.99643
OUT: 2.05081
OUT: 2.06188
OUT: 2.0611
OUT: 2.04797
OUT: 2.00393
OUT: 2.0094
OUT: 1.74496
OUT: 1.0063
OUT: 0.19474
OUT: 7.41402e-008
OUT: 7.41402e-008
OUT: 7.41402e-008
OUT: 7.41402e-008
OUT: 7.41402e-008
OUT: 7.41402e-008
OUT: 7.41402e-008
OUT: 7.41402e-008
OUT: 7.41402e-008
OUT: 7.41402e-008
OUT: -0.0763168
OUT: 0.606869
OUT: 1.14339
OUT: 1.26292
OUT: 1.33009
OUT: 1.68
OUT: 2.07153
OUT: 2.27193
OUT: 2.18309
OUT: 2.27736
OUT: 2.37639
OUT: 2.36869
OUT: 2.30091
OUT: 2.22844
OUT: 2.73142
OUT: 2.75454
OUT: 1.66792
OUT: 0.47539
OUT: 7.41402e-008
OUT: 7.41402e-008
OUT: 7.41402e-008
OUT: 7.41402e-008
OUT: 7.41402e-008
OUT: 7.41402e-008
OUT: 7.41402e-008
OUT: 7.41402e-008
OUT: 7.41402e-008
OUT: 7.41402e-008
OUT: -0.054044
OUT: 0.049166
OUT: 0.25227
OUT: 0.179193
OUT: 0.184108
OUT: 0.305789
OUT: 0.588285
OUT: 0.825908
OUT: 0.852753
OUT: 0.876078
OUT: 1.05049
OUT: 1.04145
OUT: 0.987665
OUT: 1.35155
OUT: 2.25668
OUT: 2.70588
OUT: 1.6396
OUT: 0.441653
OUT: 7.41402e-008
OUT: 7.41402e-008
OUT: 7.41402e-008
OUT: 7.41402e-008
OUT: 7.41402e-008
OUT: 7.41402e-008
OUT: 7.41402e-008
OUT: 7.41402e-008
OUT: 7.41402e-008
OUT: 7.41402e-008
OUT: 7.41402e-008
OUT: 7.41402e-008
OUT: 7.41402e-008
OUT: 7.41402e-008
OUT: 7.41402e-008
OUT: -0.0137126
OUT: -0.0174304
OUT: 0.145542
OUT: 0.0446259
OUT: 0.101752
OUT: 0.157308
OUT: 0.168054
OUT: 0.399979
OUT: 1.09754
OUT: 2.18034
OUT: 2.2248
OUT: 1.1346
OUT: 0.160021
OUT: 7.41402e-008
OUT: 7.41402e-008
OUT: 7.41402e-008
OUT: 7.41402e-008
OUT: 7.41402e-008
OUT: 7.41402e-008
OUT: 7.41402e-008
OUT: 7.41402e-008
OUT: 7.41402e-008
OUT: 7.41402e-008
OUT: 7.41402e-008
OUT: 7.41402e-008
OUT: 7.41402e-008
OUT: 7.41402e-008
OUT: 7.41402e-008
OUT: 7.41402e-008
OUT: 7.41402e-008
OUT: 7.41402e-008
OUT: 7.41402e-008
OUT: 7.41402e-008
OUT: 7.41402e-008
OUT: 0.0589139
OUT: 0.686715
OUT: 1.67941
OUT: 2.49888
OUT: 1.78372
OUT: 0.49932
OUT: 0.0188678
OUT: 7.41402e-008
OUT: 7.41402e-008
OUT: 7.41402e-008
OUT: 7.41402e-008
OUT: 7.41402e-008
OUT: 7.41402e-008
OUT: 7.41402e-008
OUT: 7.41402e-008
OUT: 7.41402e-008
OUT: 7.41402e-008
OUT: 7.41402e-008
OUT: 7.41402e-008
OUT: 7.41402e-008
OUT: 7.41402e-008
OUT: 7.41402e-008
OUT: 7.41402e-008
OUT: 7.41402e-008
OUT: 7.41402e-008
OUT: 7.41402e-008
OUT: 7.41402e-008
OUT: 0.0115136
OUT: 0.361853
OUT: 1.20804
OUT: 2.34602
OUT: 2.31042
OUT: 1.22369
OUT: 0.206562
OUT: 7.41402e-008
OUT: 7.41402e-008
OUT: 7.41402e-008
OUT: 7.41402e-008
OUT: 7.41402e-008
OUT: 7.41402e-008
OUT: 7.41402e-008
OUT: 7.41402e-008
OUT: 7.41402e-008
OUT: 7.41402e-008
OUT: 7.41402e-008
OUT: 7.41402e-008
OUT: 7.41402e-008
OUT: 7.41402e-008
OUT: 7.41402e-008
OUT: 7.41402e-008
OUT: 7.41402e-008
OUT: 7.41402e-008
OUT: 7.41402e-008
OUT: 7.41402e-008
OUT: 7.41402e-008
OUT: 0.11644
OUT: 0.776682
OUT: 1.90651
OUT: 2.41183
OUT: 1.66159
OUT: 0.512531
OUT: 0.0461213
OUT: 7.41402e-008
OUT: 7.41402e-008
OUT: 7.41402e-008
OUT: 7.41402e-008
OUT: 7.41402e-008
OUT: 7.41402e-008
OUT: 7.41402e-008
OUT: 7.41402e-008
OUT: 7.41402e-008
OUT: 7.41402e-008
OUT: 7.41402e-008
OUT: 7.41402e-008
OUT: 7.41402e-008
OUT: 7.41402e-008
OUT: 7.41402e-008
OUT: 7.41402e-008
OUT: 7.41402e-008
OUT: 7.41402e-008
OUT: 7.41402e-008
OUT: 7.41402e-008
OUT: 0.00175637
OUT: 0.216702
OUT: 1.16361
OUT: 2.32084
OUT: 2.14201
OUT: 0.939744
OUT: 0.0785755
OUT: 7.41402e-008
OUT: 7.41402e-008
OUT: 7.41402e-008
OUT: 7.41402e-008
OUT: 7.41402e-008
OUT: 7.41402e-008
OUT: 7.41402e-008
OUT: 7.41402e-008
OUT: 7.41402e-008
OUT: 7.41402e-008
OUT: 7.41402e-008
OUT: 7.41402e-008
OUT: 7.41402e-008
OUT: 7.41402e-008
OUT: 7.41402e-008
OUT: 7.41402e-008
OUT: 7.41402e-008
OUT: 7.41402e-008
OUT: 7.41402e-008
OUT: 7.41402e-008
OUT: 7.41402e-008
OUT: 0.038391
OUT: 0.563817
OUT: 1.65503
OUT: 2.30404
OUT: 1.54602
OUT: 0.364149
OUT: 0.00524112
OUT: 7.41402e-008
OUT: 7.41402e-008
OUT: 7.41402e-008
OUT: 7.41402e-008
OUT: 7.41402e-008
OUT: 7.41402e-008
OUT: 7.41402e-008
OUT: 7.41402e-008
OUT: 7.41402e-008
OUT: 7.41402e-008
OUT: 7.41402e-008
OUT: 7.41402e-008
OUT: 7.41402e-008
OUT: 7.41402e-008
OUT: 7.41402e-008
OUT: 7.41402e-008
OUT: 7.41402e-008
OUT: 7.41402e-008
OUT: 7.41402e-008
OUT: 7.41402e-008
OUT: 0.0146359
OUT: 0.404241
OUT: 1.20355
OUT: 2.15321
OUT: 2.06086
OUT: 0.898426
OUT: 0.0607962
OUT: 7.41402e-008
OUT: 7.41402e-008
OUT: 7.41402e-008
OUT: 7.41402e-008
OUT: 7.41402e-008
OUT: 7.41402e-008
OUT: 7.41402e-008
OUT: 7.41402e-008
OUT: 7.41402e-008
OUT: 7.41402e-008
OUT: 7.41402e-008
OUT: 7.41402e-008
OUT: 7.41402e-008
OUT: 7.41402e-008
OUT: 7.41402e-008
OUT: 7.41402e-008
OUT: 7.41402e-008
OUT: 7.41402e-008
OUT: 7.41402e-008
OUT: 7.41402e-008
OUT: 0.00370781
OUT: 0.201035
OUT: 1.02848
OUT: 1.95675
OUT: 2.36787
OUT: 1.50915
OUT: 0.34566
OUT: 7.41402e-008
OUT: 7.41402e-008
OUT: 7.41402e-008
OUT: 7.41402e-008
OUT: 7.41402e-008
OUT: 7.41402e-008
OUT: 7.41402e-008
OUT: 7.41402e-008
OUT: 7.41402e-008
OUT: 7.41402e-008
OUT: 7.41402e-008
OUT: 7.41402e-008
OUT: 7.41402e-008
OUT: 7.41402e-008
OUT: 7.41402e-008
OUT: 7.41402e-008
OUT: 7.41402e-008
OUT: 7.41402e-008
OUT: 7.41402e-008
OUT: 7.41402e-008
OUT: 0.000585506
OUT: 0.0755248
OUT: 0.835351
OUT: 1.64871
OUT: 2.50879
OUT: 1.99493
OUT: 0.836059
OUT: 0.059748
OUT: 7.41402e-008
OUT: 7.41402e-008
OUT: 7.41402e-008
OUT: 7.41402e-008
OUT: 7.41402e-008
OUT: 7.41402e-008
OUT: 7.41402e-008
OUT: 7.41402e-008
OUT: 7.41402e-008
OUT: 7.41402e-008
OUT: 7.41402e-008
OUT: 7.41402e-008
OUT: 7.41402e-008
OUT: 7.41402e-008
OUT: 7.41402e-008
OUT: 7.41402e-008
OUT: 7.41402e-008
OUT: 7.41402e-008
OUT: 7.41402e-008
OUT: 7.41402e-008
OUT: 0.0120165
OUT: 0.438921
OUT: 1.40983
OUT: 2.49518
OUT: 2.20082
OUT: 1.32882
OUT: 0.269108
OUT: 7.41402e-008
OUT: 7.41402e-008
OUT: 7.41402e-008
OUT: 7.41402e-008
OUT: 7.41402e-008
OUT: 7.41402e-008
OUT: 7.41402e-008
OUT: 7.41402e-008
OUT: 7.41402e-008
OUT: 7.41402e-008
OUT: 7.41402e-008
OUT: 7.41402e-008
OUT: 7.41402e-008
OUT: 7.41402e-008
OUT: 7.41402e-008
OUT: 7.41402e-008
OUT: 7.41402e-008
OUT: 7.41402e-008
OUT: 7.41402e-008
OUT: 7.41402e-008
OUT: 0.00604953
OUT: 0.16954
OUT: 0.895134
OUT: 2.04178
OUT: 2.37803
OUT: 1.63023
OUT: 0.512891
OUT: 0.0366874
OUT: 7.41402e-008
OUT: 7.41402e-008
OUT: 7.41402e-008
OUT: 7.41402e-008
OUT: 7.41402e-008
OUT: 7.41402e-008
OUT: 7.41402e-008
OUT: 7.41402e-008
OUT: 7.41402e-008
OUT: 7.41402e-008
OUT: 7.41402e-008
OUT: 7.41402e-008
OUT: 7.41402e-008
OUT: 7.41402e-008
OUT: 7.41402e-008
OUT: 7.41402e-008
OUT: 7.41402e-008
OUT: 7.41402e-008
OUT: 7.41402e-008
OUT: 7.41402e-008
OUT: 0.0734973
OUT: 0.740983
OUT: 1.58865
OUT: 2.47729
OUT: 1.93581
OUT: 0.763295
OUT: 0.0834295
OUT: 7.41402e-008
OUT: 7.41402e-008
OUT: 7.41402e-008
OUT: 7.41402e-008
OUT: 7.41402e-008
OUT: 7.41402e-008
OUT: 7.41402e-008
OUT: 7.41402e-008
OUT: 7.41402e-008
OUT: 7.41402e-008
OUT: 7.41402e-008
OUT: 7.41402e-008
OUT: 7.41402e-008
OUT: 7.41402e-008
OUT: 7.41402e-008
OUT: 7.41402e-008
OUT: 7.41402e-008
OUT: 7.41402e-008
OUT: 7.41402e-008
OUT: 7.41402e-008
OUT: 0.0119038
OUT: 0.363876
OUT: 1.22933
OUT: 2.4075
OUT: 2.76927
OUT: 1.54359
OUT: 0.283799
OUT: 0.00104828
OUT: 7.41402e-008
OUT: 7.41402e-008
OUT: 7.41402e-008
OUT: 7.41402e-008
OUT: 7.41402e-008
OUT: 7.41402e-008
OUT: 7.41402e-008
OUT: 7.41402e-008
OUT: 7.41402e-008
OUT: 7.41402e-008
OUT: 7.41402e-008
OUT: 7.41402e-008
OUT: 7.41402e-008
OUT: 7.41402e-008
OUT: 7.41402e-008
OUT: 7.41402e-008
OUT: 7.41402e-008
OUT: 7.41402e-008
OUT: 7.41402e-008
OUT: 7.41402e-008
OUT: 0.117165
OUT: 0.740689
OUT: 1.91118
OUT: 2.87154
OUT: 2.7702
OUT: 1.37126
OUT: 0.211075
OUT: 7.41402e-008
OUT: 7.41402e-008
OUT: 7.41402e-008
OUT: 7.41402e-008
OUT: 7.41402e-008
OUT: 7.41402e-008
OUT: 7.41402e-008
OUT: 7.41402e-008
OUT: 7.41402e-008
OUT: 7.41402e-008
OUT: 7.41402e-008
OUT: 7.41402e-008
OUT: 7.41402e-008
OUT: 7.41402e-008
OUT: 7.41402e-008
OUT: 7.41402e-008
OUT: 7.41402e-008
OUT: 7.41402e-008
OUT: 7.41402e-008
OUT: 7.41402e-008
OUT: 7.41402e-008
OUT: 0.15998
OUT: 0.951284
OUT: 2.38889
OUT: 2.81942
OUT: 2.18393
OUT: 1.07882
OUT: 0.163198
OUT: 7.41402e-008
OUT: 7.41402e-008
OUT: 7.41402e-008
OUT: 7.41402e-008
OUT: 7.41402e-008
OUT: 7.41402e-008
OUT: 7.41402e-008
OUT: 7.41402e-008
OUT: 7.41402e-008
OUT: 7.41402e-008
OUT: 7.41402e-008
OUT: 7.41402e-008
OUT: 7.41402e-008
OUT: 7.41402e-008
OUT: 7.41402e-008
OUT: 7.41402e-008
OUT: 7.41402e-008
OUT: 7.41402e-008
OUT: 7.41402e-008
OUT: 7.41402e-008
OUT: 7.41402e-008
OUT: 0.0879697
OUT: 0.745311
OUT: 1.7451
OUT: 1.86551
OUT: 1.30323
OUT: 0.362721
OUT: 0.0419284
OUT: 7.41402e-008
OUT: 7.41402e-008
OUT: 7.41402e-008
OUT: 7.41402e-008
OUT: 7.41402e-008
OUT: 7.41402e-008
OUT: 7.41402e-008
OUT: 7.41402e-008
OUT: 7.41402e-008
OUT: 7.41402e-008
OUT: 7.41402e-008
OUT: 7.41402e-008
OUT: 7.41402e-008
OUT: 7.41402e-008
OUT: 7.41402e-008
OUT: 7.41402e-008
OUT: 7.41402e-008
OUT: 7.41402e-008
OUT: 7.41402e-008
OUT: 7.41402e-008
OUT: 7.41402e-008
OUT: -0.0976019
OUT: 0.0499779
OUT: 0.494859
OUT: 0.687728
OUT: 0.254893
OUT: 0.0188678
OUT: 7.41402e-008
OUT: 7.41402e-008
OUT: 7.41402e-008
OUT: 7.41402e-008
OUT: 7.41402e-008
OUT: 7.41402e-008
OUT: 7.41402e-008
OUT: 7.41402e-008
OUT: 7.41402e-008
OUT: 7.41402e-008
OUT: 7.41402e-008
OUT: 7.41402e-008
OUT: 7.41402e-008
----------------------------------------------
   RMSE 0.000000
----------------------------------------------
*******************************************
PASS: The output matches the golden output!
*******************************************
INFO: [SIM 211-1] CSim done with 0 errors.
INFO: [SIM 211-3] *************** CSIM finish ***************
