==============================================================
Vivado(TM) HLS - High-Level Synthesis from C, C++ and SystemC v2019.1 (64-bit)
Copyright 1986-2019 Xilinx, Inc. All Rights Reserved.
==============================================================
==============================================================
Vivado(TM) HLS - High-Level Synthesis from C, C++ and SystemC v2019.1 (64-bit)
Copyright 1986-2019 Xilinx, Inc. All Rights Reserved.
==============================================================
INFO: [SYN 201-201] Setting up clock 'default' with a period of 10ns.
INFO: [HLS 200-10] Setting target device to 'xc7z020-clg400-1'
INFO: [SCHED 204-61] Option 'relax_ii_for_timing' is enabled, will increase II to preserve clock frequency constraints.
INFO: [HLS 200-10] Analyzing design file 'maxpool_Alg.cpp' ... 
ERROR: [HLS 200-70] Compilation errors found: In file included from maxpool_Alg.cpp:1:
maxpool_Alg.cpp:16:12: error: assigning to 'DTYPE' (aka 'float') from incompatible type 'DTYPE [28]'
      temp = in[r + k_r][c + k_c];
           ^ ~~~~~~~~~~~~~~~~~~~~
1 error generated.
==============================================================
Vivado(TM) HLS - High-Level Synthesis from C, C++ and SystemC v2019.1 (64-bit)
Copyright 1986-2019 Xilinx, Inc. All Rights Reserved.
==============================================================
INFO: [SYN 201-201] Setting up clock 'default' with a period of 10ns.
INFO: [HLS 200-10] Setting target device to 'xc7z020-clg400-1'
INFO: [SCHED 204-61] Option 'relax_ii_for_timing' is enabled, will increase II to preserve clock frequency constraints.
INFO: [HLS 200-10] Analyzing design file 'maxpool_Alg.cpp' ... 
INFO: [HLS 200-111] Finished Linking Time (s): cpu = 00:00:01 ; elapsed = 00:00:26 . Memory (MB): peak = 185.637 ; gain = 94.098
INFO: [HLS 200-111] Finished Checking Pragmas Time (s): cpu = 00:00:01 ; elapsed = 00:00:26 . Memory (MB): peak = 185.637 ; gain = 94.098
INFO: [HLS 200-10] Starting code transformations ...
INFO: [HLS 200-111] Finished Standard Transforms Time (s): cpu = 00:00:01 ; elapsed = 00:00:28 . Memory (MB): peak = 185.637 ; gain = 94.098
INFO: [HLS 200-10] Checking synthesizability ...
INFO: [HLS 200-111] Finished Checking Synthesizability Time (s): cpu = 00:00:01 ; elapsed = 00:00:28 . Memory (MB): peak = 185.637 ; gain = 94.098
INFO: [XFORM 203-502] Unrolling small iteration loop 'OFM' (maxpool_Alg.cpp:10) in function 'maxpool' automatically.
INFO: [HLS 200-489] Unrolling loop 'OFM' (maxpool_Alg.cpp:10) in function 'maxpool' completely with a factor of 1.
INFO: [HLS 200-111] Finished Pre-synthesis Time (s): cpu = 00:00:01 ; elapsed = 00:00:29 . Memory (MB): peak = 185.637 ; gain = 94.098
INFO: [HLS 200-111] Finished Architecture Synthesis Time (s): cpu = 00:00:01 ; elapsed = 00:00:29 . Memory (MB): peak = 185.637 ; gain = 94.098
INFO: [HLS 200-10] Starting hardware synthesis ...
INFO: [HLS 200-10] Synthesizing 'maxpool' ...
WARNING: [SYN 201-107] Renaming port name 'maxpool/in' to 'maxpool/in_r' to avoid the conflict with HDL keywords or other object names.
WARNING: [SYN 201-107] Renaming port name 'maxpool/out' to 'maxpool/out_r' to avoid the conflict with HDL keywords or other object names.
INFO: [HLS 200-10] ----------------------------------------------------------------
INFO: [HLS 200-42] -- Implementing module 'maxpool' 
INFO: [HLS 200-10] ----------------------------------------------------------------
INFO: [SCHED 204-11] Starting scheduling ...
INFO: [SCHED 204-11] Finished scheduling.
INFO: [HLS 200-111]  Elapsed time: 29.042 seconds; current allocated memory: 110.740 MB.
INFO: [HLS 200-434] Only 0 loops out of a total 4 loops have been pipelined in this design.
INFO: [BIND 205-100] Starting micro-architecture generation ...
INFO: [BIND 205-101] Performing variable lifetime analysis.
INFO: [BIND 205-101] Exploring resource sharing.
INFO: [BIND 205-101] Binding ...
INFO: [BIND 205-100] Finished micro-architecture generation.
INFO: [HLS 200-111]  Elapsed time: 0.107 seconds; current allocated memory: 111.012 MB.
INFO: [HLS 200-10] ----------------------------------------------------------------
INFO: [HLS 200-10] -- Generating RTL for module 'maxpool' 
INFO: [HLS 200-10] ----------------------------------------------------------------
INFO: [RTGEN 206-500] Setting interface mode on port 'maxpool/in_r' to 'ap_memory'.
INFO: [RTGEN 206-500] Setting interface mode on port 'maxpool/out_r' to 'ap_memory'.
INFO: [RTGEN 206-500] Setting interface mode on function 'maxpool' to 'ap_ctrl_hs'.
INFO: [SYN 201-210] Renamed object name 'maxpool_fcmp_32ns_32ns_1_2_1' to 'maxpool_fcmp_32nsbkb' due to the length limit 20
INFO: [RTGEN 206-100] Generating core module 'maxpool_fcmp_32nsbkb': 1 instance(s).
INFO: [RTGEN 206-100] Finished creating RTL model for 'maxpool'.
INFO: [HLS 200-111]  Elapsed time: 0.126 seconds; current allocated memory: 111.512 MB.
INFO: [HLS 200-111] Finished generating all RTL models Time (s): cpu = 00:00:02 ; elapsed = 00:00:31 . Memory (MB): peak = 185.637 ; gain = 94.098
INFO: [VHDL 208-304] Generating VHDL RTL for maxpool.
INFO: [VLOG 209-307] Generating Verilog RTL for maxpool.
INFO: [HLS 200-112] Total elapsed time: 30.802 seconds; peak allocated memory: 111.512 MB.
==============================================================
Vivado(TM) HLS - High-Level Synthesis from C, C++ and SystemC v2019.1 (64-bit)
Copyright 1986-2019 Xilinx, Inc. All Rights Reserved.
==============================================================
INFO: [SYN 201-201] Setting up clock 'default' with a period of 10ns.
INFO: [HLS 200-10] Setting target device to 'xc7z020-clg400-1'
INFO: [SIM 211-2] *************** CSIM start ***************
INFO: [SIM 211-4] CSIM will launch GCC as the compiler.
ERROR: [SIM 211-100] 'csim_design' failed: nonzero return value.
INFO: [SIM 211-3] *************** CSIM finish ***************
==============================================================
Vivado(TM) HLS - High-Level Synthesis from C, C++ and SystemC v2019.1 (64-bit)
Copyright 1986-2019 Xilinx, Inc. All Rights Reserved.
==============================================================
INFO: [SYN 201-201] Setting up clock 'default' with a period of 10ns.
INFO: [HLS 200-10] Setting target device to 'xc7z020-clg400-1'
INFO: [SIM 211-2] *************** CSIM start ***************
INFO: [SIM 211-4] CSIM will launch GCC as the compiler.
ERROR: [SIM 211-100] 'csim_design' failed: nonzero return value.
INFO: [SIM 211-3] *************** CSIM finish ***************
==============================================================
Vivado(TM) HLS - High-Level Synthesis from C, C++ and SystemC v2019.1 (64-bit)
Copyright 1986-2019 Xilinx, Inc. All Rights Reserved.
==============================================================
INFO: [SYN 201-201] Setting up clock 'default' with a period of 10ns.
INFO: [HLS 200-10] Setting target device to 'xc7z020-clg400-1'
INFO: [SIM 211-2] *************** CSIM start ***************
INFO: [SIM 211-4] CSIM will launch GCC as the compiler.
ERROR: [SIM 211-100] 'csim_design' failed: nonzero return value.
INFO: [SIM 211-3] *************** CSIM finish ***************
