

================================================================
== Vivado HLS Report for 'conv2d_C1'
================================================================
* Date:           Thu Mar 19 00:29:40 2020

* Version:        2019.1 (Build 2552052 on Fri May 24 15:28:33 MDT 2019)
* Project:        lenet_cnn3_Accuracy
* Solution:       solution_6432
* Product family: zynq
* Target device:  xc7z020-clg400-1


================================================================
== Performance Estimates
================================================================
+ Timing (ns): 
    * Summary: 
    +--------+-------+----------+------------+
    |  Clock | Target| Estimated| Uncertainty|
    +--------+-------+----------+------------+
    |ap_clk  |  10.00|     8.459|        1.25|
    +--------+-------+----------+------------+

+ Latency (clock cycles): 
    * Summary: 
    +-------+-------+-------+-------+---------+
    |    Latency    |    Interval   | Pipeline|
    |  min  |  max  |  min  |  max  |   Type  |
    +-------+-------+-------+-------+---------+
    |  16528|  16528|  16528|  16528|   none  |
    +-------+-------+-------+-------+---------+

    + Detail: 
        * Instance: 
        N/A

        * Loop: 
        +--------------------+-------+-------+----------+-----------+-----------+------+----------+
        |                    |    Latency    | Iteration|  Initiation Interval  | Trip |          |
        |      Loop Name     |  min  |  max  |  Latency |  achieved |   target  | Count| Pipelined|
        +--------------------+-------+-------+----------+-----------+-----------+------+----------+
        |- OFM               |  16527|  16527|      5509|          -|          -|     3|    no    |
        | + ROW_CLR_COL_CLR  |    784|    784|         2|          1|          1|   784|    yes   |
        | + ROW_COL          |   3931|   3931|        17|          5|          1|   784|    yes   |
        | + ROW_CPY_COL_CPY  |    785|    785|         3|          1|          1|   784|    yes   |
        +--------------------+-------+-------+----------+-----------+-----------+------+----------+



================================================================
== Utilization Estimates
================================================================
* Summary: 
+-----------------+---------+-------+--------+-------+-----+
|       Name      | BRAM_18K| DSP48E|   FF   |  LUT  | URAM|
+-----------------+---------+-------+--------+-------+-----+
|DSP              |        -|      -|       -|      -|    -|
|Expression       |        -|      -|       0|   2923|    -|
|FIFO             |        -|      -|       -|      -|    -|
|Instance         |        -|    126|    7938|   4608|    -|
|Memory           |        8|      -|     638|     40|    0|
|Multiplexer      |        -|      -|       -|    377|    -|
|Register         |        0|      -|    5033|     96|    -|
+-----------------+---------+-------+--------+-------+-----+
|Total            |        8|    126|   13609|   8044|    0|
+-----------------+---------+-------+--------+-------+-----+
|Available        |      280|    220|  106400|  53200|    0|
+-----------------+---------+-------+--------+-------+-----+
|Utilization (%)  |        2|     57|      12|     15|    0|
+-----------------+---------+-------+--------+-------+-----+

+ Detail: 
    * Instance: 
    +--------------------------+----------------------+---------+-------+-----+-----+-----+
    |         Instance         |        Module        | BRAM_18K| DSP48E|  FF | LUT | URAM|
    +--------------------------+----------------------+---------+-------+-----+-----+-----+
    |lenet_mul_64s_31nzec_U7   |lenet_mul_64s_31nzec  |        0|      7|  441|  256|    0|
    |lenet_mul_64s_32nAem_U9   |lenet_mul_64s_32nAem  |        0|      7|  441|  256|    0|
    |lenet_mul_64s_32nAem_U11  |lenet_mul_64s_32nAem  |        0|      7|  441|  256|    0|
    |lenet_mul_64s_32nAem_U13  |lenet_mul_64s_32nAem  |        0|      7|  441|  256|    0|
    |lenet_mul_64s_32nAem_U15  |lenet_mul_64s_32nAem  |        0|      7|  441|  256|    0|
    |lenet_mul_64s_32nAem_U16  |lenet_mul_64s_32nAem  |        0|      7|  441|  256|    0|
    |lenet_mul_64s_32nAem_U17  |lenet_mul_64s_32nAem  |        0|      7|  441|  256|    0|
    |lenet_mul_64s_32sxdS_U1   |lenet_mul_64s_32sxdS  |        0|      7|  441|  256|    0|
    |lenet_mul_64s_32sxdS_U2   |lenet_mul_64s_32sxdS  |        0|      7|  441|  256|    0|
    |lenet_mul_64s_32sxdS_U3   |lenet_mul_64s_32sxdS  |        0|      7|  441|  256|    0|
    |lenet_mul_64s_32sxdS_U14  |lenet_mul_64s_32sxdS  |        0|      7|  441|  256|    0|
    |lenet_mul_64s_32sxdS_U18  |lenet_mul_64s_32sxdS  |        0|      7|  441|  256|    0|
    |lenet_mul_64s_33syd2_U4   |lenet_mul_64s_33syd2  |        0|      7|  441|  256|    0|
    |lenet_mul_64s_33syd2_U5   |lenet_mul_64s_33syd2  |        0|      7|  441|  256|    0|
    |lenet_mul_64s_33syd2_U6   |lenet_mul_64s_33syd2  |        0|      7|  441|  256|    0|
    |lenet_mul_64s_33syd2_U8   |lenet_mul_64s_33syd2  |        0|      7|  441|  256|    0|
    |lenet_mul_64s_33syd2_U10  |lenet_mul_64s_33syd2  |        0|      7|  441|  256|    0|
    |lenet_mul_64s_33syd2_U12  |lenet_mul_64s_33syd2  |        0|      7|  441|  256|    0|
    +--------------------------+----------------------+---------+-------+-----+-----+-----+
    |Total                     |                      |        0|    126| 7938| 4608|    0|
    +--------------------------+----------------------+---------+-------+-----+-----+-----+

    * DSP48E: 
    N/A

    * Memory: 
    +------------------------+----------------------+---------+----+----+-----+------+-----+------+-------------+
    |         Memory         |        Module        | BRAM_18K| FF | LUT| URAM| Words| Bits| Banks| W*Bits*Banks|
    +------------------------+----------------------+---------+----+----+-----+------+-----+------+-------------+
    |C1_biases_V_0_U         |conv2d_C1_C1_biasbkb  |        0|  29|   2|    0|     3|   29|     1|           87|
    |C1_biases_V_1_U         |conv2d_C1_C1_biascud  |        0|  29|   2|    0|     3|   29|     1|           87|
    |C1_weights_V_0_0_0_0_U  |conv2d_C1_C1_weigdEe  |        0|  32|   2|    0|     3|   32|     1|           96|
    |C1_weights_V_1_0_0_0_U  |conv2d_C1_C1_weigeOg  |        0|  32|   2|    0|     3|   32|     1|           96|
    |C1_weights_V_0_0_0_1_U  |conv2d_C1_C1_weigfYi  |        0|  32|   2|    0|     3|   32|     1|           96|
    |C1_weights_V_1_0_0_1_U  |conv2d_C1_C1_weigg8j  |        0|  33|   2|    0|     3|   33|     1|           99|
    |C1_weights_V_0_0_0_2_U  |conv2d_C1_C1_weighbi  |        0|  33|   2|    0|     3|   33|     1|           99|
    |C1_weights_V_1_0_0_2_U  |conv2d_C1_C1_weigibs  |        0|  33|   2|    0|     3|   33|     1|           99|
    |C1_weights_V_0_0_1_0_U  |conv2d_C1_C1_weigjbC  |        0|  30|   2|    0|     3|   30|     1|           90|
    |C1_weights_V_1_0_1_0_U  |conv2d_C1_C1_weigkbM  |        0|  33|   2|    0|     3|   33|     1|           99|
    |C1_weights_V_0_0_1_1_U  |conv2d_C1_C1_weiglbW  |        0|  32|   2|    0|     3|   32|     1|           96|
    |C1_weights_V_1_0_1_1_U  |conv2d_C1_C1_weigmb6  |        0|  33|   2|    0|     3|   33|     1|           99|
    |C1_weights_V_0_0_1_2_U  |conv2d_C1_C1_weigncg  |        0|  32|   2|    0|     3|   32|     1|           96|
    |C1_weights_V_1_0_1_2_U  |conv2d_C1_C1_weigocq  |        0|  33|   2|    0|     3|   33|     1|           99|
    |C1_weights_V_0_0_2_0_U  |conv2d_C1_C1_weigpcA  |        0|  32|   2|    0|     3|   32|     1|           96|
    |C1_weights_V_1_0_2_0_U  |conv2d_C1_C1_weigqcK  |        0|  32|   2|    0|     3|   32|     1|           96|
    |C1_weights_V_0_0_2_1_U  |conv2d_C1_C1_weigrcU  |        0|  32|   2|    0|     3|   32|     1|           96|
    |C1_weights_V_1_0_2_1_U  |conv2d_C1_C1_weigsc4  |        0|  32|   2|    0|     3|   32|     1|           96|
    |C1_weights_V_0_0_2_2_U  |conv2d_C1_C1_weigtde  |        0|  32|   2|    0|     3|   32|     1|           96|
    |C1_weights_V_1_0_2_2_U  |conv2d_C1_C1_weigudo  |        0|  32|   2|    0|     3|   32|     1|           96|
    |acc_buf_0_V_U           |conv2d_C1_acc_bufvdy  |        4|   0|   0|    0|   784|   64|     1|        50176|
    |acc_buf_1_V_U           |conv2d_C1_acc_bufvdy  |        4|   0|   0|    0|   784|   64|     1|        50176|
    +------------------------+----------------------+---------+----+----+-----+------+-----+------+-------------+
    |Total                   |                      |        8| 638|  40|    0|  1628|  766|    22|       102266|
    +------------------------+----------------------+---------+----+----+-----+------+-----+------+-------------+

    * FIFO: 
    N/A

    * Expression: 
    +---------------------------+----------+-------+---+-----+------------+------------+
    |       Variable Name       | Operation| DSP48E| FF| LUT | Bitwidth P0| Bitwidth P1|
    +---------------------------+----------+-------+---+-----+------------+------------+
    |add_ln1192_100_fu_1625_p2  |     +    |      0|  0|  103|          96|          96|
    |add_ln1192_101_fu_1657_p2  |     +    |      0|  0|  103|          96|          96|
    |add_ln1192_102_fu_1669_p2  |     +    |      0|  0|  103|          96|          96|
    |add_ln1192_103_fu_1701_p2  |     +    |      0|  0|  103|          96|          96|
    |add_ln1192_104_fu_1713_p2  |     +    |      0|  0|  103|          96|          96|
    |add_ln1192_105_fu_1745_p2  |     +    |      0|  0|  103|          96|          96|
    |add_ln1192_106_fu_1760_p2  |     +    |      0|  0|  103|          96|          96|
    |add_ln1192_107_fu_1793_p2  |     +    |      0|  0|  103|          96|          96|
    |add_ln1192_108_fu_1805_p2  |     +    |      0|  0|  103|          96|          96|
    |add_ln1192_109_fu_1837_p2  |     +    |      0|  0|  103|          96|          96|
    |add_ln1192_110_fu_1862_p2  |     +    |      0|  0|  103|          96|          96|
    |add_ln1192_96_fu_1533_p2   |     +    |      0|  0|  103|          96|          96|
    |add_ln1192_97_fu_1565_p2   |     +    |      0|  0|  103|          96|          96|
    |add_ln1192_98_fu_1577_p2   |     +    |      0|  0|  103|          96|          96|
    |add_ln1192_99_fu_1612_p2   |     +    |      0|  0|  103|          96|          96|
    |add_ln1192_fu_1516_p2      |     +    |      0|  0|  103|          96|          96|
    |add_ln203_103_fu_1067_p2   |     +    |      0|  0|   13|          11|          11|
    |add_ln203_104_fu_1147_p2   |     +    |      0|  0|   13|          11|          11|
    |add_ln203_105_fu_1230_p2   |     +    |      0|  0|   13|          11|          11|
    |add_ln203_106_fu_1082_p2   |     +    |      0|  0|   13|          11|          11|
    |add_ln203_107_fu_1248_p2   |     +    |      0|  0|   13|          11|          11|
    |add_ln203_108_fu_1259_p2   |     +    |      0|  0|   13|          11|          11|
    |add_ln203_109_fu_1174_p2   |     +    |      0|  0|   13|          11|          11|
    |add_ln203_110_fu_1299_p2   |     +    |      0|  0|   13|          11|          11|
    |add_ln203_111_fu_1308_p2   |     +    |      0|  0|   13|          11|          11|
    |add_ln203_112_fu_1937_p2   |     +    |      0|  0|   15|           9|           9|
    |add_ln203_113_fu_2006_p2   |     +    |      0|  0|    8|          13|          13|
    |add_ln203_114_fu_2012_p2   |     +    |      0|  0|    8|          11|          11|
    |add_ln203_fu_844_p2        |     +    |      0|  0|    8|          11|          11|
    |add_ln30_fu_773_p2         |     +    |      0|  0|   14|          10|           1|
    |add_ln39_fu_968_p2         |     +    |      0|  0|   14|          10|           1|
    |add_ln47_1_fu_950_p2       |     +    |      0|  0|   15|           5|           1|
    |add_ln47_2_fu_984_p2       |     +    |      0|  0|   15|           6|           2|
    |add_ln47_3_fu_1129_p2      |     +    |      0|  0|   15|           5|           2|
    |add_ln47_fu_936_p2         |     +    |      0|  0|   15|           6|           2|
    |add_ln48_1_fu_1165_p2      |     +    |      0|  0|   15|           5|           1|
    |add_ln48_fu_1049_p2        |     +    |      0|  0|   15|           6|           2|
    |add_ln66_fu_1894_p2        |     +    |      0|  0|   14|          10|           1|
    |add_ln703_4_fu_1883_p2     |     +    |      0|  0|   71|          64|          64|
    |add_ln703_fu_1878_p2       |     +    |      0|  0|   71|          64|          64|
    |c_3_fu_1928_p2             |     +    |      0|  0|   15|           1|           5|
    |c_fu_807_p2                |     +    |      0|  0|   15|           5|           1|
    |ofm_fu_2029_p2             |     +    |      0|  0|   12|           3|           2|
    |r_3_fu_1900_p2             |     +    |      0|  0|   15|           1|           5|
    |r_fu_779_p2                |     +    |      0|  0|   15|           5|           1|
    |sub_ln203_10_fu_1039_p2    |     -    |      0|  0|   13|          11|          11|
    |sub_ln203_11_fu_1224_p2    |     -    |      0|  0|   13|          11|          11|
    |sub_ln203_12_fu_1966_p2    |     -    |      0|  0|    8|          13|          13|
    |sub_ln203_13_fu_1994_p2    |     -    |      0|  0|    8|          11|          11|
    |sub_ln203_8_fu_835_p2      |     -    |      0|  0|    8|          11|          11|
    |sub_ln203_9_fu_1123_p2     |     -    |      0|  0|   13|          11|          11|
    |sub_ln203_fu_749_p2        |     -    |      0|  0|   15|           8|           8|
    |icmp_ln28_fu_705_p2        |   icmp   |      0|  0|    9|           3|           3|
    |icmp_ln30_fu_767_p2        |   icmp   |      0|  0|   13|          10|           9|
    |icmp_ln31_fu_785_p2        |   icmp   |      0|  0|   11|           5|           4|
    |icmp_ln39_fu_962_p2        |   icmp   |      0|  0|   13|          10|           9|
    |icmp_ln40_fu_974_p2        |   icmp   |      0|  0|   11|           5|           4|
    |icmp_ln49_1_fu_1184_p2     |   icmp   |      0|  0|   11|           5|           4|
    |icmp_ln49_2_fu_1289_p2     |   icmp   |      0|  0|   11|           5|           4|
    |icmp_ln49_fu_956_p2        |   icmp   |      0|  0|   11|           5|           4|
    |icmp_ln66_fu_1888_p2       |   icmp   |      0|  0|   13|          10|           9|
    |icmp_ln67_fu_1906_p2       |   icmp   |      0|  0|   11|           5|           4|
    |ap_block_state1            |    or    |      0|  0|    2|           1|           1|
    |or_ln49_1_fu_1294_p2       |    or    |      0|  0|    2|           1|           1|
    |or_ln49_2_fu_1405_p2       |    or    |      0|  0|    2|           1|           1|
    |or_ln49_3_fu_1454_p2       |    or    |      0|  0|    2|           1|           1|
    |or_ln49_fu_1135_p2         |    or    |      0|  0|    6|           6|           6|
    |select_ln33_1_fu_799_p3    |  select  |      0|  0|    5|           1|           5|
    |select_ln33_fu_791_p3      |  select  |      0|  0|    5|           1|           1|
    |select_ln39_2_fu_1093_p3   |  select  |      0|  0|    5|           1|           5|
    |select_ln39_3_fu_990_p3    |  select  |      0|  0|    6|           1|           6|
    |select_ln39_4_fu_1006_p3   |  select  |      0|  0|    2|           1|           1|
    |select_ln39_5_fu_1189_p3   |  select  |      0|  0|    2|           1|           1|
    |select_ln39_6_fu_1195_p3   |  select  |      0|  0|    5|           1|           5|
    |select_ln39_fu_1014_p3     |  select  |      0|  0|    5|           1|           1|
    |select_ln49_1_fu_1264_p3   |  select  |      0|  0|   64|           1|           1|
    |select_ln49_2_fu_1313_p3   |  select  |      0|  0|   64|           1|           1|
    |select_ln49_3_fu_1342_p3   |  select  |      0|  0|   64|           1|           1|
    |select_ln49_4_fu_1385_p3   |  select  |      0|  0|   64|           1|           1|
    |select_ln49_5_fu_1409_p3   |  select  |      0|  0|   64|           1|           1|
    |select_ln49_6_fu_1433_p3   |  select  |      0|  0|   64|           1|           1|
    |select_ln49_7_fu_1458_p3   |  select  |      0|  0|   64|           1|           1|
    |select_ln49_fu_1157_p3     |  select  |      0|  0|   64|           1|           1|
    |select_ln69_1_fu_1920_p3   |  select  |      0|  0|    5|           1|           5|
    |select_ln69_fu_1912_p3     |  select  |      0|  0|    5|           1|           1|
    |ap_enable_pp0              |    xor   |      0|  0|    2|           1|           2|
    |ap_enable_pp1              |    xor   |      0|  0|    2|           1|           2|
    |ap_enable_pp2              |    xor   |      0|  0|    2|           1|           2|
    |ap_enable_reg_pp0_iter1    |    xor   |      0|  0|    2|           2|           1|
    |ap_enable_reg_pp2_iter1    |    xor   |      0|  0|    2|           2|           1|
    +---------------------------+----------+-------+---+-----+------------+------------+
    |Total                      |          |      0|  0| 2923|        2059|        2021|
    +---------------------------+----------+-------+---+-----+------------+------------+

    * Multiplexer: 
    +-------------------------------------------+----+-----------+-----+-----------+
    |                    Name                   | LUT| Input Size| Bits| Total Bits|
    +-------------------------------------------+----+-----------+-----+-----------+
    |acc_buf_0_V_address0                       |  15|          3|   10|         30|
    |acc_buf_0_V_address1                       |  15|          3|   10|         30|
    |acc_buf_1_V_address0                       |  15|          3|   10|         30|
    |acc_buf_1_V_address1                       |  15|          3|   10|         30|
    |ap_NS_fsm                                  |  62|         15|    1|         15|
    |ap_done                                    |   9|          2|    1|          2|
    |ap_enable_reg_pp0_iter1                    |  15|          3|    1|          3|
    |ap_enable_reg_pp1_iter3                    |   9|          2|    1|          2|
    |ap_enable_reg_pp2_iter1                    |   9|          2|    1|          2|
    |ap_enable_reg_pp2_iter2                    |   9|          2|    1|          2|
    |ap_phi_mux_c9_0_0_phi_fu_659_p4            |   9|          2|    5|         10|
    |ap_phi_mux_indvar_flatten11_phi_fu_636_p4  |   9|          2|   10|         20|
    |ap_phi_mux_r10_0_phi_fu_682_p4             |   9|          2|    5|         10|
    |ap_phi_mux_r8_0_0_phi_fu_647_p4            |   9|          2|    5|         10|
    |ap_phi_mux_r_0_phi_fu_614_p4               |   9|          2|    5|         10|
    |c11_0_reg_689                              |   9|          2|    5|         10|
    |c9_0_0_reg_655                             |   9|          2|    5|         10|
    |c_0_reg_621                                |   9|          2|    5|         10|
    |in_V_address0                              |  33|          6|   10|         60|
    |in_V_address1                              |  27|          5|   10|         50|
    |indvar_flatten11_reg_632                   |   9|          2|   10|         20|
    |indvar_flatten23_reg_667                   |   9|          2|   10|         20|
    |indvar_flatten_reg_599                     |   9|          2|   10|         20|
    |ofm_0_reg_587                              |   9|          2|    3|          6|
    |r10_0_reg_678                              |   9|          2|    5|         10|
    |r8_0_0_reg_643                             |   9|          2|    5|         10|
    |r_0_reg_610                                |   9|          2|    5|         10|
    |reg_700                                    |   9|          2|   64|        128|
    +-------------------------------------------+----+-----------+-----+-----------+
    |Total                                      | 377|         81|  223|        570|
    +-------------------------------------------+----+-----------+-----+-----------+

    * Register: 
    +----------------------------------+----+----+-----+-----------+
    |               Name               | FF | LUT| Bits| Const Bits|
    +----------------------------------+----+----+-----+-----------+
    |acc_buf_0_V_addr_4_reg_2453       |  10|   0|   10|          0|
    |acc_buf_0_V_load_2_reg_2722       |  64|   0|   64|          0|
    |acc_buf_1_V_addr_4_reg_2459       |  10|   0|   10|          0|
    |acc_buf_1_V_load_2_reg_2727       |  64|   0|   64|          0|
    |add_ln203_105_reg_2432            |  11|   0|   11|          0|
    |add_ln203_108_reg_2448            |  11|   0|   11|          0|
    |add_ln203_111_reg_2486            |  11|   0|   11|          0|
    |add_ln203_113_reg_2790            |  13|   0|   13|          0|
    |add_ln39_reg_2312                 |  10|   0|   10|          0|
    |add_ln47_1_reg_2297               |   5|   0|    5|          0|
    |add_ln47_3_reg_2392               |   5|   0|    5|          0|
    |add_ln48_1_reg_2408               |   5|   0|    5|          0|
    |add_ln48_reg_2348                 |   6|   0|    6|          0|
    |add_ln703_4_reg_2757              |  64|   0|   64|          0|
    |add_ln703_reg_2752                |  64|   0|   64|          0|
    |ap_CS_fsm                         |  14|   0|   14|          0|
    |ap_done_reg                       |   1|   0|    1|          0|
    |ap_enable_reg_pp0_iter0           |   1|   0|    1|          0|
    |ap_enable_reg_pp0_iter1           |   1|   0|    1|          0|
    |ap_enable_reg_pp1_iter0           |   1|   0|    1|          0|
    |ap_enable_reg_pp1_iter1           |   1|   0|    1|          0|
    |ap_enable_reg_pp1_iter2           |   1|   0|    1|          0|
    |ap_enable_reg_pp1_iter3           |   1|   0|    1|          0|
    |ap_enable_reg_pp2_iter0           |   1|   0|    1|          0|
    |ap_enable_reg_pp2_iter1           |   1|   0|    1|          0|
    |ap_enable_reg_pp2_iter2           |   1|   0|    1|          0|
    |c11_0_reg_689                     |   5|   0|    5|          0|
    |c9_0_0_reg_655                    |   5|   0|    5|          0|
    |c_0_reg_621                       |   5|   0|    5|          0|
    |icmp_ln30_reg_2091                |   1|   0|    1|          0|
    |icmp_ln39_reg_2308                |   1|   0|    1|          0|
    |icmp_ln40_reg_2317                |   1|   0|    1|          0|
    |icmp_ln49_2_reg_2475              |   1|   0|    1|          0|
    |icmp_ln49_reg_2303                |   1|   0|    1|          0|
    |icmp_ln66_reg_2762                |   1|   0|    1|          0|
    |icmp_ln66_reg_2762_pp2_iter1_reg  |   1|   0|    1|          0|
    |in_V_load_35_reg_2522             |  64|   0|   64|          0|
    |indvar_flatten11_reg_632          |  10|   0|   10|          0|
    |indvar_flatten23_reg_667          |  10|   0|   10|          0|
    |indvar_flatten_reg_599            |  10|   0|   10|          0|
    |lshr_ln_reg_2038                  |   2|   0|    2|          0|
    |mul_ln1118_101_reg_2582           |  95|   0|   95|          0|
    |mul_ln1118_102_reg_2587           |  96|   0|   96|          0|
    |mul_ln1118_103_reg_2602           |  96|   0|   96|          0|
    |mul_ln1118_104_reg_2612           |  96|   0|   96|          0|
    |mul_ln1118_105_reg_2622           |  95|   0|   95|          0|
    |mul_ln1118_106_reg_2627           |  96|   0|   96|          0|
    |mul_ln1118_107_reg_2642           |  96|   0|   96|          0|
    |mul_ln1118_108_reg_2647           |  96|   0|   96|          0|
    |mul_ln1118_109_reg_2652           |  96|   0|   96|          0|
    |mul_ln1118_110_reg_2657           |  96|   0|   96|          0|
    |mul_ln1118_111_reg_2672           |  96|   0|   96|          0|
    |mul_ln1118_112_reg_2677           |  95|   0|   95|          0|
    |mul_ln1118_113_reg_2682           |  96|   0|   96|          0|
    |mul_ln1118_114_reg_2687           |  96|   0|   96|          0|
    |mul_ln1118_115_reg_2702           |  96|   0|   96|          0|
    |mul_ln1118_116_reg_2707           |  95|   0|   95|          0|
    |ofm_0_reg_587                     |   3|   0|    3|          0|
    |r10_0_reg_678                     |   5|   0|    5|          0|
    |r8_0_0_reg_643                    |   5|   0|    5|          0|
    |r_0_reg_610                       |   5|   0|    5|          0|
    |reg_700                           |  64|   0|   64|          0|
    |select_ln33_1_reg_2105            |   5|   0|    5|          0|
    |select_ln33_reg_2100              |   5|   0|    5|          0|
    |select_ln39_2_reg_2381            |   5|   0|    5|          0|
    |select_ln39_3_reg_2325            |   6|   0|    6|          0|
    |select_ln39_4_reg_2332            |   1|   0|    1|          0|
    |select_ln39_5_reg_2425            |   1|   0|    1|          0|
    |select_ln39_reg_2338              |   5|   0|    5|          0|
    |select_ln49_2_reg_2491            |  64|   0|   64|          0|
    |select_ln49_5_reg_2544            |  64|   0|   64|          0|
    |select_ln49_7_reg_2566            |  64|   0|   64|          0|
    |select_ln49_reg_2403              |  64|   0|   64|          0|
    |select_ln69_1_reg_2777            |   5|   0|    5|          0|
    |select_ln69_reg_2771              |   5|   0|    5|          0|
    |sext_ln1118_10_reg_2292           |  95|   0|   95|          0|
    |sext_ln1118_1_reg_2212            |  95|   0|   95|          0|
    |sext_ln1118_2_reg_2217            |  95|   0|   95|          0|
    |sext_ln1118_3_reg_2222            |  96|   0|   96|          0|
    |sext_ln1118_4_reg_2227            |  96|   0|   96|          0|
    |sext_ln1118_5_reg_2232            |  96|   0|   96|          0|
    |sext_ln1118_6_reg_2242            |  96|   0|   96|          0|
    |sext_ln1118_7_reg_2252            |  96|   0|   96|          0|
    |sext_ln1118_8_reg_2262            |  96|   0|   96|          0|
    |sext_ln1118_9_reg_2272            |  95|   0|   95|          0|
    |sext_ln1118_reg_2207              |  95|   0|   95|          0|
    |sext_ln203_15_reg_2076            |   7|   0|    9|          2|
    |sext_ln203_18_reg_2359            |  11|   0|   11|          0|
    |sext_ln203_reg_2081               |  64|   0|   64|          0|
    |sub_ln203_10_reg_2343             |   9|   0|   11|          2|
    |sub_ln203_9_reg_2386              |   9|   0|   11|          2|
    |tmp_143_reg_2353                  |   1|   0|    1|          0|
    |tmp_147_reg_2607                  |  64|   0|   64|          0|
    |tmp_148_reg_2617                  |  64|   0|   64|          0|
    |tmp_149_reg_2632                  |  64|   0|   64|          0|
    |tmp_150_reg_2637                  |  64|   0|   64|          0|
    |tmp_151_reg_2662                  |  64|   0|   64|          0|
    |tmp_152_reg_2667                  |  64|   0|   64|          0|
    |tmp_153_reg_2692                  |  64|   0|   64|          0|
    |tmp_154_reg_2697                  |  64|   0|   64|          0|
    |tmp_155_reg_2712                  |  64|   0|   64|          0|
    |tmp_156_reg_2717                  |  64|   0|   64|          0|
    |tmp_157_reg_2732                  |  64|   0|   64|          0|
    |tmp_158_reg_2737                  |  64|   0|   64|          0|
    |tmp_159_reg_2742                  |  64|   0|   64|          0|
    |tmp_160_reg_2747                  |  64|   0|   64|          0|
    |trunc_ln708_s_reg_2577            |  63|   0|   63|          0|
    |trunc_ln_reg_2572                 |  63|   0|   63|          0|
    |zext_ln1118_2_reg_2247            |  32|   0|   96|         64|
    |zext_ln1118_3_reg_2257            |  32|   0|   96|         64|
    |zext_ln1118_4_reg_2267            |  32|   0|   96|         64|
    |zext_ln1118_5_reg_2277            |  32|   0|   96|         64|
    |zext_ln1118_6_reg_2282            |  32|   0|   96|         64|
    |zext_ln1118_7_reg_2287            |  32|   0|   96|         64|
    |zext_ln1118_reg_2237              |  31|   0|   95|         64|
    |zext_ln203_152_reg_2370           |   5|   0|   11|          6|
    |zext_ln203_155_reg_2414           |   5|   0|   11|          6|
    |zext_ln203_4_reg_2086             |  29|   0|   64|         35|
    |zext_ln203_reg_2044               |   2|   0|   64|         62|
    |acc_buf_0_V_addr_4_reg_2453       |  64|  32|   10|          0|
    |acc_buf_1_V_addr_4_reg_2459       |  64|  32|   10|          0|
    |icmp_ln39_reg_2308                |  64|  32|    1|          0|
    +----------------------------------+----+----+-----+-----------+
    |Total                             |5033|  96| 5425|        563|
    +----------------------------------+----+----+-----+-----------+



================================================================
== Interface
================================================================
* Summary: 
+---------------------+-----+-----+------------+--------------+--------------+
|      RTL Ports      | Dir | Bits|  Protocol  | Source Object|    C Type    |
+---------------------+-----+-----+------------+--------------+--------------+
|ap_clk               |  in |    1| ap_ctrl_hs |   conv2d_C1  | return value |
|ap_rst               |  in |    1| ap_ctrl_hs |   conv2d_C1  | return value |
|ap_start             |  in |    1| ap_ctrl_hs |   conv2d_C1  | return value |
|ap_done              | out |    1| ap_ctrl_hs |   conv2d_C1  | return value |
|ap_continue          |  in |    1| ap_ctrl_hs |   conv2d_C1  | return value |
|ap_idle              | out |    1| ap_ctrl_hs |   conv2d_C1  | return value |
|ap_ready             | out |    1| ap_ctrl_hs |   conv2d_C1  | return value |
|in_V_address0        | out |   10|  ap_memory |     in_V     |     array    |
|in_V_ce0             | out |    1|  ap_memory |     in_V     |     array    |
|in_V_q0              |  in |   64|  ap_memory |     in_V     |     array    |
|in_V_address1        | out |   10|  ap_memory |     in_V     |     array    |
|in_V_ce1             | out |    1|  ap_memory |     in_V     |     array    |
|in_V_q1              |  in |   64|  ap_memory |     in_V     |     array    |
|out_c1_0_V_address0  | out |   12|  ap_memory |  out_c1_0_V  |     array    |
|out_c1_0_V_ce0       | out |    1|  ap_memory |  out_c1_0_V  |     array    |
|out_c1_0_V_we0       | out |    1|  ap_memory |  out_c1_0_V  |     array    |
|out_c1_0_V_d0        | out |   64|  ap_memory |  out_c1_0_V  |     array    |
|out_c1_1_V_address0  | out |   12|  ap_memory |  out_c1_1_V  |     array    |
|out_c1_1_V_ce0       | out |    1|  ap_memory |  out_c1_1_V  |     array    |
|out_c1_1_V_we0       | out |    1|  ap_memory |  out_c1_1_V  |     array    |
|out_c1_1_V_d0        | out |   64|  ap_memory |  out_c1_1_V  |     array    |
+---------------------+-----+-----+------------+--------------+--------------+

