

================================================================
== Vivado HLS Report for 'relu_R1'
================================================================
* Date:           Thu Mar 19 00:29:47 2020

* Version:        2019.1 (Build 2552052 on Fri May 24 15:28:33 MDT 2019)
* Project:        lenet_cnn3_Accuracy
* Solution:       solution_6432
* Product family: zynq
* Target device:  xc7z020-clg400-1


================================================================
== Performance Estimates
================================================================
+ Timing (ns): 
    * Summary: 
    +--------+-------+----------+------------+
    |  Clock | Target| Estimated| Uncertainty|
    +--------+-------+----------+------------+
    |ap_clk  |  10.00|     8.719|        1.25|
    +--------+-------+----------+------------+

+ Latency (clock cycles): 
    * Summary: 
    +------+------+------+------+---------+
    |   Latency   |   Interval  | Pipeline|
    |  min |  max |  min |  max |   Type  |
    +------+------+------+------+---------+
    |  2356|  2356|  2356|  2356|   none  |
    +------+------+------+------+---------+

    + Detail: 
        * Instance: 
        N/A

        * Loop: 
        +-----------+------+------+----------+-----------+-----------+------+----------+
        |           |   Latency   | Iteration|  Initiation Interval  | Trip |          |
        | Loop Name |  min |  max |  Latency |  achieved |   target  | Count| Pipelined|
        +-----------+------+------+----------+-----------+-----------+------+----------+
        |- OFM_ROW  |  2354|  2354|        17|         14|          1|   168|    yes   |
        +-----------+------+------+----------+-----------+-----------+------+----------+



================================================================
== Utilization Estimates
================================================================
* Summary: 
+-----------------+---------+-------+--------+-------+-----+
|       Name      | BRAM_18K| DSP48E|   FF   |  LUT  | URAM|
+-----------------+---------+-------+--------+-------+-----+
|DSP              |        -|      -|       -|      -|    -|
|Expression       |        -|      -|       0|   3066|    -|
|FIFO             |        -|      -|       -|      -|    -|
|Instance         |        -|      -|       -|      -|    -|
|Memory           |        -|      -|       -|      -|    -|
|Multiplexer      |        -|      -|       -|    683|    -|
|Register         |        -|      -|    1884|      -|    -|
+-----------------+---------+-------+--------+-------+-----+
|Total            |        0|      0|    1884|   3749|    0|
+-----------------+---------+-------+--------+-------+-----+
|Available        |      280|    220|  106400|  53200|    0|
+-----------------+---------+-------+--------+-------+-----+
|Utilization (%)  |        0|      0|       1|      7|    0|
+-----------------+---------+-------+--------+-------+-----+

+ Detail: 
    * Instance: 
    N/A

    * DSP48E: 
    N/A

    * Memory: 
    N/A

    * FIFO: 
    N/A

    * Expression: 
    +---------------------------+----------+-------+---+----+------------+------------+
    |       Variable Name       | Operation| DSP48E| FF| LUT| Bitwidth P0| Bitwidth P1|
    +---------------------------+----------+-------+---+----+------------+------------+
    |add_ln14_fu_944_p2         |     +    |      0|  0|  15|           8|           1|
    |add_ln203_22_fu_1145_p2    |     +    |      0|  0|  17|           3|          13|
    |add_ln203_23_fu_1156_p2    |     +    |      0|  0|  17|           3|          13|
    |add_ln203_24_fu_1241_p2    |     +    |      0|  0|  17|           3|          13|
    |add_ln203_25_fu_1252_p2    |     +    |      0|  0|  17|           3|          13|
    |add_ln203_26_fu_1305_p2    |     +    |      0|  0|  17|           4|          13|
    |add_ln203_27_fu_1316_p2    |     +    |      0|  0|  17|           4|          13|
    |add_ln203_28_fu_1369_p2    |     +    |      0|  0|  17|           4|          13|
    |add_ln203_29_fu_1380_p2    |     +    |      0|  0|  17|           4|          13|
    |add_ln203_30_fu_1433_p2    |     +    |      0|  0|  17|           4|          13|
    |add_ln203_31_fu_1444_p2    |     +    |      0|  0|  17|           4|          13|
    |add_ln203_32_fu_1497_p2    |     +    |      0|  0|  17|           4|          13|
    |add_ln203_33_fu_1508_p2    |     +    |      0|  0|  17|           4|          13|
    |add_ln203_34_fu_1561_p2    |     +    |      0|  0|  17|           5|          13|
    |add_ln203_35_fu_1572_p2    |     +    |      0|  0|  17|           5|          13|
    |add_ln203_36_fu_1625_p2    |     +    |      0|  0|  17|           5|          13|
    |add_ln203_37_fu_1636_p2    |     +    |      0|  0|  17|           5|          13|
    |add_ln203_38_fu_1689_p2    |     +    |      0|  0|  17|           5|          13|
    |add_ln203_39_fu_1700_p2    |     +    |      0|  0|  17|           5|          13|
    |add_ln203_40_fu_1753_p2    |     +    |      0|  0|  17|           5|          13|
    |add_ln203_41_fu_1764_p2    |     +    |      0|  0|  17|           5|          13|
    |add_ln203_42_fu_1817_p2    |     +    |      0|  0|  17|           5|          13|
    |add_ln203_43_fu_1828_p2    |     +    |      0|  0|  17|           5|          13|
    |add_ln203_44_fu_1886_p2    |     +    |      0|  0|  17|           5|          13|
    |add_ln203_45_fu_1897_p2    |     +    |      0|  0|  17|           5|          13|
    |add_ln203_46_fu_1167_p2    |     +    |      0|  0|  14|          10|          10|
    |add_ln203_47_fu_1327_p2    |     +    |      0|  0|  19|           3|          14|
    |add_ln203_48_fu_1337_p2    |     +    |      0|  0|  19|           3|          14|
    |add_ln203_49_fu_1391_p2    |     +    |      0|  0|  19|           3|          14|
    |add_ln203_50_fu_1401_p2    |     +    |      0|  0|  19|           3|          14|
    |add_ln203_51_fu_1455_p2    |     +    |      0|  0|  19|           4|          14|
    |add_ln203_52_fu_1465_p2    |     +    |      0|  0|  19|           4|          14|
    |add_ln203_53_fu_1519_p2    |     +    |      0|  0|  19|           4|          14|
    |add_ln203_54_fu_1529_p2    |     +    |      0|  0|  19|           4|          14|
    |add_ln203_55_fu_1583_p2    |     +    |      0|  0|  19|           4|          14|
    |add_ln203_56_fu_1593_p2    |     +    |      0|  0|  19|           4|          14|
    |add_ln203_57_fu_1647_p2    |     +    |      0|  0|  19|           4|          14|
    |add_ln203_58_fu_1657_p2    |     +    |      0|  0|  19|           4|          14|
    |add_ln203_59_fu_1711_p2    |     +    |      0|  0|  19|           5|          14|
    |add_ln203_60_fu_1721_p2    |     +    |      0|  0|  19|           5|          14|
    |add_ln203_61_fu_1775_p2    |     +    |      0|  0|  19|           5|          14|
    |add_ln203_62_fu_1785_p2    |     +    |      0|  0|  19|           5|          14|
    |add_ln203_63_fu_1839_p2    |     +    |      0|  0|  19|           5|          14|
    |add_ln203_64_fu_1849_p2    |     +    |      0|  0|  19|           5|          14|
    |add_ln203_65_fu_1908_p2    |     +    |      0|  0|  19|           5|          14|
    |add_ln203_66_fu_1918_p2    |     +    |      0|  0|  19|           5|          14|
    |add_ln203_67_fu_1950_p2    |     +    |      0|  0|  19|           5|          14|
    |add_ln203_68_fu_1960_p2    |     +    |      0|  0|  19|           5|          14|
    |add_ln203_69_fu_1992_p2    |     +    |      0|  0|  19|           5|          14|
    |add_ln203_70_fu_2002_p2    |     +    |      0|  0|  19|           5|          14|
    |add_ln203_fu_1027_p2       |     +    |      0|  0|  15|           9|           9|
    |ofm_fu_950_p2              |     +    |      0|  0|  12|           1|           3|
    |r_fu_1881_p2               |     +    |      0|  0|  15|           1|           5|
    |sub_ln203_1_fu_1014_p2     |     -    |      0|  0|  15|           8|           8|
    |sub_ln203_2_fu_1057_p2     |     -    |      0|  0|  17|          13|          13|
    |sub_ln203_3_fu_1197_p2     |     -    |      0|  0|  19|          14|          14|
    |sub_ln203_fu_1103_p2       |     -    |      0|  0|  15|           9|           9|
    |grp_fu_919_p2              |   icmp   |      0|  0|  29|          64|           1|
    |grp_fu_932_p2              |   icmp   |      0|  0|  29|          64|           1|
    |icmp_ln14_fu_938_p2        |   icmp   |      0|  0|  11|           8|           8|
    |icmp_ln15_fu_956_p2        |   icmp   |      0|  0|  11|           5|           4|
    |ap_block_state1            |    or    |      0|  0|   2|           1|           1|
    |or_ln203_2_fu_1109_p2      |    or    |      0|  0|  13|          13|           2|
    |or_ln203_3_fu_1120_p2      |    or    |      0|  0|  13|          13|           2|
    |or_ln203_4_fu_1208_p2      |    or    |      0|  0|  14|          14|           1|
    |or_ln203_5_fu_1263_p2      |    or    |      0|  0|  14|          14|           2|
    |or_ln203_6_fu_1273_p2      |    or    |      0|  0|  14|          14|           2|
    |or_ln203_fu_1069_p2        |    or    |      0|  0|  13|          13|           1|
    |grp_fu_912_p3              |  select  |      0|  0|  64|           1|          64|
    |grp_fu_925_p3              |  select  |      0|  0|  64|           1|          64|
    |select_ln19_1_fu_970_p3    |  select  |      0|  0|   3|           1|           3|
    |select_ln19_fu_962_p3      |  select  |      0|  0|   5|           1|           1|
    |select_ln20_10_fu_1539_p3  |  select  |      0|  0|  63|           1|          63|
    |select_ln20_11_fu_1546_p3  |  select  |      0|  0|  63|           1|          63|
    |select_ln20_12_fu_1603_p3  |  select  |      0|  0|  63|           1|          63|
    |select_ln20_13_fu_1610_p3  |  select  |      0|  0|  63|           1|          63|
    |select_ln20_14_fu_1667_p3  |  select  |      0|  0|  63|           1|          63|
    |select_ln20_15_fu_1674_p3  |  select  |      0|  0|  63|           1|          63|
    |select_ln20_16_fu_1731_p3  |  select  |      0|  0|  63|           1|          63|
    |select_ln20_17_fu_1738_p3  |  select  |      0|  0|  63|           1|          63|
    |select_ln20_18_fu_1795_p3  |  select  |      0|  0|  63|           1|          63|
    |select_ln20_19_fu_1802_p3  |  select  |      0|  0|  63|           1|          63|
    |select_ln20_1_fu_1226_p3   |  select  |      0|  0|  63|           1|          63|
    |select_ln20_20_fu_1859_p3  |  select  |      0|  0|  63|           1|          63|
    |select_ln20_21_fu_1866_p3  |  select  |      0|  0|  63|           1|          63|
    |select_ln20_22_fu_1928_p3  |  select  |      0|  0|  63|           1|          63|
    |select_ln20_23_fu_1935_p3  |  select  |      0|  0|  63|           1|          63|
    |select_ln20_24_fu_1970_p3  |  select  |      0|  0|  63|           1|          63|
    |select_ln20_25_fu_1977_p3  |  select  |      0|  0|  63|           1|          63|
    |select_ln20_26_fu_2012_p3  |  select  |      0|  0|  63|           1|          63|
    |select_ln20_27_fu_2019_p3  |  select  |      0|  0|  63|           1|          63|
    |select_ln20_2_fu_1283_p3   |  select  |      0|  0|  63|           1|          63|
    |select_ln20_3_fu_1290_p3   |  select  |      0|  0|  63|           1|          63|
    |select_ln20_4_fu_1347_p3   |  select  |      0|  0|  63|           1|          63|
    |select_ln20_5_fu_1354_p3   |  select  |      0|  0|  63|           1|          63|
    |select_ln20_6_fu_1411_p3   |  select  |      0|  0|  63|           1|          63|
    |select_ln20_7_fu_1418_p3   |  select  |      0|  0|  63|           1|          63|
    |select_ln20_8_fu_1475_p3   |  select  |      0|  0|  63|           1|          63|
    |select_ln20_9_fu_1482_p3   |  select  |      0|  0|  63|           1|          63|
    |select_ln20_fu_1219_p3     |  select  |      0|  0|  63|           1|          63|
    |ap_enable_pp0              |    xor   |      0|  0|   2|           1|           2|
    +---------------------------+----------+-------+---+----+------------+------------+
    |Total                      |          |      0|  0|3066|         537|        2643|
    +---------------------------+----------+-------+---+----+------------+------------+

    * Multiplexer: 
    +-----------------------------------------+----+-----------+-----+-----------+
    |                   Name                  | LUT| Input Size| Bits| Total Bits|
    +-----------------------------------------+----+-----------+-----+-----------+
    |ap_NS_fsm                                |  85|         17|    1|         17|
    |ap_done                                  |   9|          2|    1|          2|
    |ap_enable_reg_pp0_iter1                  |   9|          2|    1|          2|
    |ap_phi_mux_indvar_flatten_phi_fu_883_p4  |   9|          2|    8|         16|
    |ap_phi_mux_ofm_0_phi_fu_894_p4           |   9|          2|    3|          6|
    |ap_phi_mux_r_0_phi_fu_905_p4             |   9|          2|    5|         10|
    |grp_fu_912_p0                            |  15|          3|    1|          3|
    |grp_fu_925_p0                            |  15|          3|    1|          3|
    |in_0_V_address0                          |  62|         15|   12|        180|
    |in_0_V_address1                          |  62|         15|   12|        180|
    |in_1_V_address0                          |  62|         15|   12|        180|
    |in_1_V_address1                          |  62|         15|   12|        180|
    |indvar_flatten_reg_879                   |   9|          2|    8|         16|
    |ofm_0_reg_890                            |   9|          2|    3|          6|
    |out_V_address0                           |  62|         15|   13|        195|
    |out_V_address1                           |  62|         15|   13|        195|
    |out_V_d0                                 |  62|         15|   63|        945|
    |out_V_d1                                 |  62|         15|   63|        945|
    |r_0_reg_901                              |   9|          2|    5|         10|
    +-----------------------------------------+----+-----------+-----+-----------+
    |Total                                    | 683|        159|  237|       3091|
    +-----------------------------------------+----+-----------+-----+-----------+

    * Register: 
    +-----------------------------------+----+----+-----+-----------+
    |                Name               | FF | LUT| Bits| Const Bits|
    +-----------------------------------+----+----+-----+-----------+
    |add_ln14_reg_2030                  |   8|   0|    8|          0|
    |ap_CS_fsm                          |  16|   0|   16|          0|
    |ap_done_reg                        |   1|   0|    1|          0|
    |ap_enable_reg_pp0_iter0            |   1|   0|    1|          0|
    |ap_enable_reg_pp0_iter1            |   1|   0|    1|          0|
    |icmp_ln1494_10_reg_2371            |   1|   0|    1|          0|
    |icmp_ln1494_11_reg_2381            |   1|   0|    1|          0|
    |icmp_ln1494_12_reg_2411            |   1|   0|    1|          0|
    |icmp_ln1494_13_reg_2421            |   1|   0|    1|          0|
    |icmp_ln1494_14_reg_2451            |   1|   0|    1|          0|
    |icmp_ln1494_15_reg_2461            |   1|   0|    1|          0|
    |icmp_ln1494_16_reg_2491            |   1|   0|    1|          0|
    |icmp_ln1494_17_reg_2501            |   1|   0|    1|          0|
    |icmp_ln1494_18_reg_2531            |   1|   0|    1|          0|
    |icmp_ln1494_19_reg_2541            |   1|   0|    1|          0|
    |icmp_ln1494_1_reg_2151             |   1|   0|    1|          0|
    |icmp_ln1494_20_reg_2571            |   1|   0|    1|          0|
    |icmp_ln1494_21_reg_2581            |   1|   0|    1|          0|
    |icmp_ln1494_22_reg_2611            |   1|   0|    1|          0|
    |icmp_ln1494_23_reg_2621            |   1|   0|    1|          0|
    |icmp_ln1494_24_reg_2656            |   1|   0|    1|          0|
    |icmp_ln1494_25_reg_2666            |   1|   0|    1|          0|
    |icmp_ln1494_26_reg_2676            |   1|   0|    1|          0|
    |icmp_ln1494_27_reg_2686            |   1|   0|    1|          0|
    |icmp_ln1494_2_reg_2211             |   1|   0|    1|          0|
    |icmp_ln1494_3_reg_2221             |   1|   0|    1|          0|
    |icmp_ln1494_4_reg_2251             |   1|   0|    1|          0|
    |icmp_ln1494_5_reg_2261             |   1|   0|    1|          0|
    |icmp_ln1494_6_reg_2291             |   1|   0|    1|          0|
    |icmp_ln1494_7_reg_2301             |   1|   0|    1|          0|
    |icmp_ln1494_8_reg_2331             |   1|   0|    1|          0|
    |icmp_ln1494_9_reg_2341             |   1|   0|    1|          0|
    |icmp_ln1494_reg_2141               |   1|   0|    1|          0|
    |icmp_ln14_reg_2026                 |   1|   0|    1|          0|
    |icmp_ln14_reg_2026_pp0_iter1_reg   |   1|   0|    1|          0|
    |indvar_flatten_reg_879             |   8|   0|    8|          0|
    |ofm_0_reg_890                      |   3|   0|    3|          0|
    |r_0_reg_901                        |   5|   0|    5|          0|
    |r_reg_2626                         |   5|   0|    5|          0|
    |select_ln19_1_reg_2042             |   3|   0|    3|          0|
    |select_ln19_reg_2035               |   5|   0|    5|          0|
    |sub_ln203_2_reg_2061               |  11|   0|   13|          2|
    |sub_ln203_3_reg_2176               |  12|   0|   14|          2|
    |sub_ln203_reg_2111                 |   7|   0|    9|          2|
    |trunc_ln1494_10_reg_2146           |  63|   0|   63|          0|
    |trunc_ln1494_11_reg_2206           |  63|   0|   63|          0|
    |trunc_ln1494_12_reg_2216           |  63|   0|   63|          0|
    |trunc_ln1494_13_reg_2246           |  63|   0|   63|          0|
    |trunc_ln1494_14_reg_2256           |  63|   0|   63|          0|
    |trunc_ln1494_15_reg_2286           |  63|   0|   63|          0|
    |trunc_ln1494_16_reg_2296           |  63|   0|   63|          0|
    |trunc_ln1494_17_reg_2326           |  63|   0|   63|          0|
    |trunc_ln1494_18_reg_2336           |  63|   0|   63|          0|
    |trunc_ln1494_19_reg_2366           |  63|   0|   63|          0|
    |trunc_ln1494_20_reg_2376           |  63|   0|   63|          0|
    |trunc_ln1494_21_reg_2406           |  63|   0|   63|          0|
    |trunc_ln1494_22_reg_2416           |  63|   0|   63|          0|
    |trunc_ln1494_23_reg_2446           |  63|   0|   63|          0|
    |trunc_ln1494_24_reg_2456           |  63|   0|   63|          0|
    |trunc_ln1494_25_reg_2486           |  63|   0|   63|          0|
    |trunc_ln1494_26_reg_2496           |  63|   0|   63|          0|
    |trunc_ln1494_27_reg_2526           |  63|   0|   63|          0|
    |trunc_ln1494_28_reg_2536           |  63|   0|   63|          0|
    |trunc_ln1494_29_reg_2566           |  63|   0|   63|          0|
    |trunc_ln1494_30_reg_2576           |  63|   0|   63|          0|
    |trunc_ln1494_31_reg_2606           |  63|   0|   63|          0|
    |trunc_ln1494_32_reg_2616           |  63|   0|   63|          0|
    |trunc_ln1494_33_reg_2651           |  63|   0|   63|          0|
    |trunc_ln1494_34_reg_2661           |  63|   0|   63|          0|
    |trunc_ln1494_35_reg_2671           |  63|   0|   63|          0|
    |trunc_ln1494_36_reg_2681           |  63|   0|   63|          0|
    |trunc_ln1494_reg_2136              |  63|   0|   63|          0|
    |trunc_ln19_reg_2049                |   1|   0|    1|          0|
    |trunc_ln19_reg_2049_pp0_iter1_reg  |   1|   0|    1|          0|
    |zext_ln203_mid2_v_reg_2055         |   2|   0|    2|          0|
    +-----------------------------------+----+----+-----+-----------+
    |Total                              |1884|   0| 1890|          6|
    +-----------------------------------+----+----+-----+-----------+



================================================================
== Interface
================================================================
* Summary: 
+-----------------+-----+-----+------------+--------------+--------------+
|    RTL Ports    | Dir | Bits|  Protocol  | Source Object|    C Type    |
+-----------------+-----+-----+------------+--------------+--------------+
|ap_clk           |  in |    1| ap_ctrl_hs |    relu_R1   | return value |
|ap_rst           |  in |    1| ap_ctrl_hs |    relu_R1   | return value |
|ap_start         |  in |    1| ap_ctrl_hs |    relu_R1   | return value |
|ap_done          | out |    1| ap_ctrl_hs |    relu_R1   | return value |
|ap_continue      |  in |    1| ap_ctrl_hs |    relu_R1   | return value |
|ap_idle          | out |    1| ap_ctrl_hs |    relu_R1   | return value |
|ap_ready         | out |    1| ap_ctrl_hs |    relu_R1   | return value |
|in_0_V_address0  | out |   12|  ap_memory |    in_0_V    |     array    |
|in_0_V_ce0       | out |    1|  ap_memory |    in_0_V    |     array    |
|in_0_V_q0        |  in |   64|  ap_memory |    in_0_V    |     array    |
|in_0_V_address1  | out |   12|  ap_memory |    in_0_V    |     array    |
|in_0_V_ce1       | out |    1|  ap_memory |    in_0_V    |     array    |
|in_0_V_q1        |  in |   64|  ap_memory |    in_0_V    |     array    |
|in_1_V_address0  | out |   12|  ap_memory |    in_1_V    |     array    |
|in_1_V_ce0       | out |    1|  ap_memory |    in_1_V    |     array    |
|in_1_V_q0        |  in |   64|  ap_memory |    in_1_V    |     array    |
|in_1_V_address1  | out |   12|  ap_memory |    in_1_V    |     array    |
|in_1_V_ce1       | out |    1|  ap_memory |    in_1_V    |     array    |
|in_1_V_q1        |  in |   64|  ap_memory |    in_1_V    |     array    |
|out_V_address0   | out |   13|  ap_memory |     out_V    |     array    |
|out_V_ce0        | out |    1|  ap_memory |     out_V    |     array    |
|out_V_we0        | out |    1|  ap_memory |     out_V    |     array    |
|out_V_d0         | out |   63|  ap_memory |     out_V    |     array    |
|out_V_address1   | out |   13|  ap_memory |     out_V    |     array    |
|out_V_ce1        | out |    1|  ap_memory |     out_V    |     array    |
|out_V_we1        | out |    1|  ap_memory |     out_V    |     array    |
|out_V_d1         | out |   63|  ap_memory |     out_V    |     array    |
+-----------------+-----+-----+------------+--------------+--------------+

