-- Catapult HLS Synthesis: Report                                              
-- ----------------------- ---------------------------------------------------
-- Version:                10.5/858548 Beta Release                            
-- Build Date:             Sun Feb 16 19:01:19 PST 2020                        
                                                                               
-- Generated by:           karthi@Karthi                                       
-- Generated date:         Mon Mar 16 02:40:55 PDT 2020                        

Solution Settings: lenet.v56
  Current state: schedule
  Project: Catapult
  
  Design Input Files Specified
    $PROJECT_HOME/lenet_tb.cpp
      $PROJECT_HOME/lenet.h
        $MGC_HOME/shared/include/ac_fixed.h
          $MGC_HOME/shared/include/ac_int.h
      $PROJECT_HOME/lenet_cnn.h
        $PROJECT_HOME/weights.h
        $PROJECT_HOME/bias.h
        $PROJECT_HOME/convolution.h
        $PROJECT_HOME/pooling.h
        $PROJECT_HOME/relu.h
        $PROJECT_HOME/fc.h
        $PROJECT_HOME/softmax.h
          $PROJECT_HOME/expTable.h
  
  Processes/Blocks in Design
    Process       Real Operation(s) count Latency Throughput Reset Length II Comments 
    ------------- ----------------------- ------- ---------- ------------ -- --------
    /lenet/core                      1227  127523     128366            0  0          
    Design Total:                    1227  127523     128366            0  0          
    
  Clock Information
    Clock Signal Edge   Period Sharing Alloc (%) Uncertainty Used by Processes/Blocks 
    ------------ ------ ------ ----------------- ----------- ------------------------
    clk          rising  2.000             20.00    0.000000 /lenet/core              
    
  I/O Data Ranges
    Port                       Mode DeclType DeclWidth DeclRange ActType ActWidth ActRange 
    -------------------------- ---- -------- --------- --------- ------- -------- --------
    clk                        IN   Unsigned         1                                     
    rst                        IN   Unsigned         1                                     
    image_in:rsc.s_tdone       IN   Unsigned         1                                     
    image_in:rsc.tr_write_done IN   Unsigned         1                                     
    image_in:rsc.RREADY        IN   Unsigned         1                                     
    image_in:rsc.ARVALID       IN   Unsigned         1                                     
    image_in:rsc.ARUSER        IN   Unsigned         1                                     
    image_in:rsc.ARREGION      IN   Unsigned         4                                     
    image_in:rsc.ARQOS         IN   Unsigned         4                                     
    image_in:rsc.ARPROT        IN   Unsigned         3                                     
    image_in:rsc.ARCACHE       IN   Unsigned         4                                     
    image_in:rsc.ARLOCK        IN   Unsigned         1                                     
    image_in:rsc.ARBURST       IN   Unsigned         2                                     
    image_in:rsc.ARSIZE        IN   Unsigned         3                                     
    image_in:rsc.ARLEN         IN   Unsigned         8                                     
    image_in:rsc.ARADDR        IN   Unsigned        12                                     
    image_in:rsc.ARID          IN   Unsigned         1                                     
    image_in:rsc.BREADY        IN   Unsigned         1                                     
    image_in:rsc.WVALID        IN   Unsigned         1                                     
    image_in:rsc.WUSER         IN   Unsigned         1                                     
    image_in:rsc.WLAST         IN   Unsigned         1                                     
    image_in:rsc.WSTRB         IN   Unsigned         4                                     
    image_in:rsc.WDATA         IN   Unsigned        32                                     
    image_in:rsc.AWVALID       IN   Unsigned         1                                     
    image_in:rsc.AWUSER        IN   Unsigned         1                                     
    image_in:rsc.AWREGION      IN   Unsigned         4                                     
    image_in:rsc.AWQOS         IN   Unsigned         4                                     
    image_in:rsc.AWPROT        IN   Unsigned         3                                     
    image_in:rsc.AWCACHE       IN   Unsigned         4                                     
    image_in:rsc.AWLOCK        IN   Unsigned         1                                     
    image_in:rsc.AWBURST       IN   Unsigned         2                                     
    image_in:rsc.AWSIZE        IN   Unsigned         3                                     
    image_in:rsc.AWLEN         IN   Unsigned         8                                     
    image_in:rsc.AWADDR        IN   Unsigned        12                                     
    image_in:rsc.AWID          IN   Unsigned         1                                     
    image_in:rsc.RVALID        OUT  Unsigned         1                                     
    image_in:rsc.RUSER         OUT  Unsigned         1                                     
    image_in:rsc.RLAST         OUT  Unsigned         1                                     
    image_in:rsc.RRESP         OUT  Unsigned         2                                     
    image_in:rsc.RDATA         OUT  Unsigned        32                                     
    image_in:rsc.RID           OUT  Unsigned         1                                     
    image_in:rsc.ARREADY       OUT  Unsigned         1                                     
    image_in:rsc.BVALID        OUT  Unsigned         1                                     
    image_in:rsc.BUSER         OUT  Unsigned         1                                     
    image_in:rsc.BRESP         OUT  Unsigned         2                                     
    image_in:rsc.BID           OUT  Unsigned         1                                     
    image_in:rsc.WREADY        OUT  Unsigned         1                                     
    image_in:rsc.AWREADY       OUT  Unsigned         1                                     
    image_in:rsc.triosy.lz     OUT  Unsigned         1                                     
    out:rsc.dat                OUT  Unsigned       320                                     
    out:rsc.triosy.lz          OUT  Unsigned         1                                     
    
  Memory Resources
    Resource Name: /lenet/core/C1_out:rsc
      Memory Component: ccs_ram_sync_1R1W            Size:         4704 x 32
      External:         false                        Packing Mode: absolute
      Memory Map:
      Variable           Indices Phys Memory Address        
      ------------------ ------- --------------------------
      /lenet/core/C1_out    0:31 0000125f-00000000 (4703-0) 
      
      Splitting: 
      Block            Original Addresses      
      ---------------- -----------------------
      C1_out:rsc(0)(0)   0, 1, ..., 783        
      C1_out:rsc(1)(0)   784, 785, ..., 1567   
      C1_out:rsc(2)(0)   1568, 1569, ..., 2351 
      C1_out:rsc(3)(0)   2352, 2353, ..., 3135 
      C1_out:rsc(4)(0)   3136, 3137, ..., 3919 
      C1_out:rsc(5)(0)   3920, 3921, ..., 4703 
      
    Resource Name: /lenet/core/R1_out:rsc
      Memory Component: ccs_ram_sync_1R1W            Size:         4704 x 32
      External:         false                        Packing Mode: absolute
      Memory Map:
      Variable           Indices Phys Memory Address        
      ------------------ ------- --------------------------
      /lenet/core/R1_out    0:31 0000125f-00000000 (4703-0) 
      
    Resource Name: /lenet/core/P1_out:rsc
      Memory Component: ccs_ram_sync_1R1W            Size:         1176 x 32
      External:         false                        Packing Mode: absolute
      Memory Map:
      Variable           Indices Phys Memory Address        
      ------------------ ------- --------------------------
      /lenet/core/P1_out    0:31 00000497-00000000 (1175-0) 
      
    Resource Name: /lenet/core/C2_out:rsc
      Memory Component: ccs_ram_sync_1R1W            Size:         1600 x 32
      External:         false                        Packing Mode: absolute
      Memory Map:
      Variable           Indices Phys Memory Address        
      ------------------ ------- --------------------------
      /lenet/core/C2_out    0:31 0000063f-00000000 (1599-0) 
      
      Splitting: 
      Block             Original Addresses      
      ----------------- -----------------------
      C2_out:rsc(0)(0)    0, 1, ..., 99         
      C2_out:rsc(1)(0)    100, 101, ..., 199    
      C2_out:rsc(2)(0)    200, 201, ..., 299    
      C2_out:rsc(3)(0)    300, 301, ..., 399    
      C2_out:rsc(4)(0)    400, 401, ..., 499    
      C2_out:rsc(5)(0)    500, 501, ..., 599    
      C2_out:rsc(6)(0)    600, 601, ..., 699    
      C2_out:rsc(7)(0)    700, 701, ..., 799    
      C2_out:rsc(8)(0)    800, 801, ..., 899    
      C2_out:rsc(9)(0)    900, 901, ..., 999    
      C2_out:rsc(10)(0)   1000, 1001, ..., 1099 
      C2_out:rsc(11)(0)   1100, 1101, ..., 1199 
      C2_out:rsc(12)(0)   1200, 1201, ..., 1299 
      C2_out:rsc(13)(0)   1300, 1301, ..., 1399 
      C2_out:rsc(14)(0)   1400, 1401, ..., 1499 
      C2_out:rsc(15)(0)   1500, 1501, ..., 1599 
      
    Resource Name: /lenet/core/R2_out:rsc
      Memory Component: ccs_ram_sync_1R1W            Size:         1600 x 32
      External:         false                        Packing Mode: absolute
      Memory Map:
      Variable           Indices Phys Memory Address        
      ------------------ ------- --------------------------
      /lenet/core/R2_out    0:31 0000063f-00000000 (1599-0) 
      
    Resource Name: /lenet/core/P2_out:rsc
      Memory Component: ccs_ram_sync_1R1W            Size:         400 x 32
      External:         false                        Packing Mode: absolute
      Memory Map:
      Variable           Indices Phys Memory Address       
      ------------------ ------- -------------------------
      /lenet/core/P2_out    0:31 0000018f-00000000 (399-0) 
      
    Resource Name: /lenet/core/F_out:rsc
      Memory Component: ccs_ram_sync_1R1W            Size:         400 x 32
      External:         false                        Packing Mode: absolute
      Memory Map:
      Variable          Indices Phys Memory Address       
      ----------------- ------- -------------------------
      /lenet/core/F_out    0:31 0000018f-00000000 (399-0) 
      
    Resource Name: /lenet/core/FC1_out:rsc
      Memory Component: ccs_ram_sync_1R1W            Size:         120 x 32
      External:         false                        Packing Mode: absolute
      Memory Map:
      Variable            Indices Phys Memory Address       
      ------------------- ------- -------------------------
      /lenet/core/FC1_out    0:31 00000077-00000000 (119-0) 
      
      Splitting: 
      Block             Original Addresses 
      ----------------- ------------------
      FC1_out:rsc(0)(0)   0, 8, ..., 112   
      FC1_out:rsc(0)(1)   1, 9, ..., 113   
      FC1_out:rsc(0)(2)   2, 10, ..., 114  
      FC1_out:rsc(0)(3)   3, 11, ..., 115  
      FC1_out:rsc(0)(4)   4, 12, ..., 116  
      FC1_out:rsc(0)(5)   5, 13, ..., 117  
      FC1_out:rsc(0)(6)   6, 14, ..., 118  
      FC1_out:rsc(0)(7)   7, 15, ..., 119  
      
    Resource Name: /lenet/core/R3_out:rsc
      Memory Component: ccs_ram_sync_1R1W            Size:         120 x 32
      External:         false                        Packing Mode: absolute
      Memory Map:
      Variable           Indices Phys Memory Address       
      ------------------ ------- -------------------------
      /lenet/core/R3_out    0:31 00000077-00000000 (119-0) 
      
    Resource Name: /lenet/core/FC2_out:rsc
      Memory Component: ccs_ram_sync_1R1W            Size:         84 x 32
      External:         false                        Packing Mode: absolute
      Memory Map:
      Variable            Indices Phys Memory Address      
      ------------------- ------- ------------------------
      /lenet/core/FC2_out    0:31 00000053-00000000 (83-0) 
      
      Splitting: 
      Block             Original Addresses 
      ----------------- ------------------
      FC2_out:rsc(0)(0)   0, 4, ..., 80    
      FC2_out:rsc(0)(1)   1, 5, ..., 81    
      FC2_out:rsc(0)(2)   2, 6, ..., 82    
      FC2_out:rsc(0)(3)   3, 7, ..., 83    
      
    Resource Name: /lenet/core/R4_out:rsc
      Memory Component: ccs_ram_sync_1R1W            Size:         84 x 32
      External:         false                        Packing Mode: absolute
      Memory Map:
      Variable           Indices Phys Memory Address      
      ------------------ ------- ------------------------
      /lenet/core/R4_out    0:31 00000053-00000000 (83-0) 
      
    Resource Name: /lenet/core/conv2d_C1:acc_buf_0:rsc
      Memory Component: ccs_ram_sync_1R1W            Size:         784 x 32
      External:         false                        Packing Mode: absolute
      Memory Map:
      Variable                        Indices Phys Memory Address       
      ------------------------------- ------- -------------------------
      /lenet/core/conv2d_C1:acc_buf_0    0:31 0000030f-00000000 (783-0) 
      
    Resource Name: /lenet/core/conv2d_C1:acc_buf_1:rsc
      Memory Component: ccs_ram_sync_1R1W            Size:         784 x 32
      External:         false                        Packing Mode: absolute
      Memory Map:
      Variable                        Indices Phys Memory Address       
      ------------------------------- ------- -------------------------
      /lenet/core/conv2d_C1:acc_buf_1    0:31 0000030f-00000000 (783-0) 
      
    Resource Name: /lenet/core/conv2d_C2:acc_buf_0:rsc
      Memory Component: ccs_ram_sync_1R1W            Size:         100 x 32
      External:         false                        Packing Mode: absolute
      Memory Map:
      Variable                        Indices Phys Memory Address      
      ------------------------------- ------- ------------------------
      /lenet/core/conv2d_C2:acc_buf_0    0:31 00000063-00000000 (99-0) 
      
    Resource Name: /lenet/core/conv2d_C2:acc_buf_1:rsc
      Memory Component: ccs_ram_sync_1R1W            Size:         100 x 32
      External:         false                        Packing Mode: absolute
      Memory Map:
      Variable                        Indices Phys Memory Address      
      ------------------------------- ------- ------------------------
      /lenet/core/conv2d_C2:acc_buf_1    0:31 00000063-00000000 (99-0) 
      
    Resource Name: /lenet/core/conv2d_C2:acc_buf_2:rsc
      Memory Component: ccs_ram_sync_1R1W            Size:         100 x 32
      External:         false                        Packing Mode: absolute
      Memory Map:
      Variable                        Indices Phys Memory Address      
      ------------------------------- ------- ------------------------
      /lenet/core/conv2d_C2:acc_buf_2    0:31 00000063-00000000 (99-0) 
      
    Resource Name: /lenet/core/conv2d_C2:acc_buf_3:rsc
      Memory Component: ccs_ram_sync_1R1W            Size:         100 x 32
      External:         false                        Packing Mode: absolute
      Memory Map:
      Variable                        Indices Phys Memory Address      
      ------------------------------- ------- ------------------------
      /lenet/core/conv2d_C2:acc_buf_3    0:31 00000063-00000000 (99-0) 
      
    Resource Name: /lenet/image_in:rsc
      Memory Component: ccs_axi4_slave_mem           Size:         784 x 32
      External:         true                         Packing Mode: absolute
      Memory Map:
      Variable        Indices Phys Memory Address       
      --------------- ------- -------------------------
      /lenet/image_in    0:31 0000030f-00000000 (783-0) 
      
    Resource Name: /lenet/out:rsc
      Memory Component: ccs_out                      Size:         1 x 320
      External:         true                         Packing Mode: sidebyside
      Memory Map:
      Variable   Indices Phys Memory Address     
      ---------- ------- -----------------------
      /lenet/out   0:319 00000000-00000000 (0-0) 
      
  C++ to Interface Mappings
    C++ Field     Interface Range    Range Expression                Expression Limits 
    ------------- ------------------ ------------------------------- -----------------
    /lenet/out[M] out_rsc_dat[319:0] out_rsc_dat[(M)*32+32-1:(M)*32] M<10              
    
  Multi-Cycle (Combinational) Component Usage
    Instance Component Name Delay 
    -------- -------------- -----
    
  Loops
    Process     Loop             Iterations C-Steps Total Cycles   Duration  Unroll Init Comments 
    ----------- ---------------- ---------- ------- ------------- ---------- ------ ---- --------
    /lenet/core core:rlp           Infinite       0       128366  256.73 us                       
    /lenet/core  main              Infinite       2       128366  256.73 us                       
    /lenet/core   C1_OFM                  3       1        29319   58.64 us                       
    /lenet/core    C1_ROW_CLR            28       1          840    1.68 us                       
    /lenet/core     C1_COL_CLR           28       2           29   58.00 ns            1          
    /lenet/core    C1_ROW                28       1         8064   16.13 us                       
    /lenet/core     C1_COL               28      17          287  574.00 ns           10          
    /lenet/core    C1_ROW_CPY            28       1          868    1.74 us                       
    /lenet/core     C1_COL_CPY           28       3           30   60.00 ns            1          
    /lenet/core   R1_OFM                  6       1         4722    9.44 us                       
    /lenet/core    R1_ROW               784       3          786    1.57 us            1          
    /lenet/core   P1_OFM                  6       1         5214   10.43 us                       
    /lenet/core    P1_ROW                14       1          868    1.74 us                       
    /lenet/core     P1_COL               14       9           61  122.00 ns            4          
    /lenet/core   C2_OFM                  4       1        66548  133.10 us                       
    /lenet/core    C2_ROW_CLR            10       1          120  240.00 ns                       
    /lenet/core     C2_COL_CLR           10       2           11   22.00 ns            1          
    /lenet/core    C2_IFM                 6       1        16386   32.77 us                       
    /lenet/core     C2_ROW               10       1         2730    5.46 us                       
    /lenet/core      C2_COL              10      38          272  544.00 ns           26          
    /lenet/core    C2_ROW_CPY            10       1          130  260.00 ns                       
    /lenet/core     C2_COL_CPY           10       3           12   24.00 ns            1          
    /lenet/core   R2_OFM                 16       1         1648    3.30 us                       
    /lenet/core    R2_ROW               100       3          102  204.00 ns            1          
    /lenet/core   P2_OFM                 16       1         2096    4.19 us                       
    /lenet/core    P2_ROW                 5       1          130  260.00 ns                       
    /lenet/core     P2_COL                5       9           25   50.00 ns            4          
    /lenet/core   F_IFM                  16       1          448  896.00 ns                       
    /lenet/core    F_ROW                 25       3           27   54.00 ns            1          
    /lenet/core   FC1_OUT                15       3        12090   24.18 us                       
    /lenet/core    FC1_IN               400       5          803    1.61 us            2          
    /lenet/core   R3_OUT                120       3          122  244.00 ns            1          
    /lenet/core   FC2_OUT                21       3         5166   10.33 us                       
    /lenet/core    FC2_IN               120       5          243  486.00 ns            2          
    /lenet/core   R4_OUT                 84       3           86  172.00 ns            1          
    /lenet/core   FC3_OUT                 5       2          865    1.73 us                       
    /lenet/core    FC3_IN                84       5          171  342.00 ns            2          
    /lenet/core   DEN                    10       1           10   20.00 ns            1          
    /lenet/core   OUT                    10      21           30   60.00 ns            1          
    
  Loop Execution Profile
    Process     Loop             Total Cycles % of Overall Design Cycles Throughput Cycles Comments 
    ----------- ---------------- ------------ -------------------------- ----------------- --------
    /lenet/core core:rlp                   0                        0.00           128366           
    /lenet/core  main                      2                        0.00           128366           
    /lenet/core   C1_OFM                   3                        0.00            29319           
    /lenet/core    C1_ROW_CLR             84                        0.07             2520           
    /lenet/core     C1_COL_CLR          2436                        1.90                1           
    /lenet/core    C1_ROW                 84                        0.07            24192           
    /lenet/core     C1_COL             24108                       18.78               10           
    /lenet/core    C1_ROW_CPY             84                        0.07             2604           
    /lenet/core     C1_COL_CPY          2520                        1.96                1           
    /lenet/core   R1_OFM                   6                        0.00             4722           
    /lenet/core    R1_ROW               4716                        3.67               28           
    /lenet/core   P1_OFM                   6                        0.00             5214           
    /lenet/core    P1_ROW                 84                        0.07             5208           
    /lenet/core     P1_COL              5124                        3.99                4           
    /lenet/core   C2_OFM                   4                        0.00            66548           
    /lenet/core    C2_ROW_CLR             40                        0.03              480           
    /lenet/core     C2_COL_CLR           440                        0.34                1           
    /lenet/core    C2_IFM                 24                        0.02            65544           
    /lenet/core     C2_ROW               240                        0.19            65520           
    /lenet/core      C2_COL            65280                       50.85               26           
    /lenet/core    C2_ROW_CPY             40                        0.03              520           
    /lenet/core     C2_COL_CPY           480                        0.37                1           
    /lenet/core   R2_OFM                  16                        0.01             1648           
    /lenet/core    R2_ROW               1632                        1.27               10           
    /lenet/core   P2_OFM                  16                        0.01             2096           
    /lenet/core    P2_ROW                 80                        0.06             2080           
    /lenet/core     P2_COL              2000                        1.56                4           
    /lenet/core   F_IFM                   16                        0.01              448           
    /lenet/core    F_ROW                 432                        0.34                5           
    /lenet/core   FC1_OUT                 45                        0.04            12090           
    /lenet/core    FC1_IN              12045                        9.38                2           
    /lenet/core   R3_OUT                 122                        0.10                1           
    /lenet/core   FC2_OUT                 63                        0.05             5166           
    /lenet/core    FC2_IN               5103                        3.98                2           
    /lenet/core   R4_OUT                  86                        0.07                1           
    /lenet/core   FC3_OUT                 10                        0.01              865           
    /lenet/core    FC3_IN                855                        0.67                2           
    /lenet/core   DEN                     10                        0.01                1           
    /lenet/core   OUT                     30                        0.02                1           
    
  End of Report
