

================================================================
== Vivado HLS Report for 'conv2d'
================================================================
* Date:           Thu Mar  5 10:50:14 2020

* Version:        2019.1 (Build 2552052 on Fri May 24 15:28:33 MDT 2019)
* Project:        conv2d_cnn
* Solution:       solution1
* Product family: zynq
* Target device:  xc7z020-clg400-1


================================================================
== Performance Estimates
================================================================
+ Timing (ns): 
    * Summary: 
    +--------+-------+----------+------------+
    |  Clock | Target| Estimated| Uncertainty|
    +--------+-------+----------+------------+
    |ap_clk  |  10.00|     8.024|        1.25|
    +--------+-------+----------+------------+

+ Latency (clock cycles): 
    * Summary: 
    +--------+--------+--------+--------+---------+
    |     Latency     |     Interval    | Pipeline|
    |   min  |   max  |   min  |   max  |   Type  |
    +--------+--------+--------+--------+---------+
    |  252619|  252619|  252619|  252619|   none  |
    +--------+--------+--------+--------+---------+

    + Detail: 
        * Instance: 
        N/A

        * Loop: 
        +--------------+--------+--------+----------+-----------+-----------+------+----------+
        |              |     Latency     | Iteration|  Initiation Interval  | Trip |          |
        |   Loop Name  |   min  |   max  |  Latency |  achieved |   target  | Count| Pipelined|
        +--------------+--------+--------+----------+-----------+-----------+------+----------+
        |- ROW_CLR     |     840|     840|        30|          -|          -|    28|    no    |
        | + COL_CLR    |      28|      28|         1|          -|          -|    28|    no    |
        |- ROW         |  250152|  250152|      8934|          -|          -|    28|    no    |
        | + COL        |    8932|    8932|       319|          -|          -|    28|    no    |
        |  ++ K_ROW    |     310|     310|        62|          -|          -|     5|    no    |
        |   +++ K_COL  |      60|      60|        12|          -|          -|     5|    no    |
        |- ROW_CPY     |    1624|    1624|        58|          -|          -|    28|    no    |
        | + COL_CPY    |      56|      56|         2|          -|          -|    28|    no    |
        +--------------+--------+--------+----------+-----------+-----------+------+----------+



================================================================
== Utilization Estimates
================================================================
* Summary: 
+-----------------+---------+-------+--------+-------+-----+
|       Name      | BRAM_18K| DSP48E|   FF   |  LUT  | URAM|
+-----------------+---------+-------+--------+-------+-----+
|DSP              |        -|      -|       -|      -|    -|
|Expression       |        -|      -|       0|    336|    -|
|FIFO             |        -|      -|       -|      -|    -|
|Instance         |        -|      5|     348|    711|    -|
|Memory           |        2|      -|       0|      0|    0|
|Multiplexer      |        -|      -|       -|    286|    -|
|Register         |        -|      -|     373|      -|    -|
+-----------------+---------+-------+--------+-------+-----+
|Total            |        2|      5|     721|   1333|    0|
+-----------------+---------+-------+--------+-------+-----+
|Available        |      280|    220|  106400|  53200|    0|
+-----------------+---------+-------+--------+-------+-----+
|Utilization (%)  |    ~0   |      2|   ~0   |      2|    0|
+-----------------+---------+-------+--------+-------+-----+

+ Detail: 
    * Instance: 
    +-------------------------+----------------------+---------+-------+-----+-----+-----+
    |         Instance        |        Module        | BRAM_18K| DSP48E|  FF | LUT | URAM|
    +-------------------------+----------------------+---------+-------+-----+-----+-----+
    |conv2d_fadd_32ns_bkb_U1  |conv2d_fadd_32ns_bkb  |        0|      2|  205|  390|    0|
    |conv2d_fmul_32ns_cud_U2  |conv2d_fmul_32ns_cud  |        0|      3|  143|  321|    0|
    +-------------------------+----------------------+---------+-------+-----+-----+-----+
    |Total                    |                      |        0|      5|  348|  711|    0|
    +-------------------------+----------------------+---------+-------+-----+-----+-----+

    * DSP48E: 
    N/A

    * Memory: 
    +-----------+----------------+---------+---+----+-----+------+-----+------+-------------+
    |   Memory  |     Module     | BRAM_18K| FF| LUT| URAM| Words| Bits| Banks| W*Bits*Banks|
    +-----------+----------------+---------+---+----+-----+------+-----+------+-------------+
    |acc_buf_U  |conv2d_acc_buf  |        2|  0|   0|    0|   784|   32|     1|        25088|
    +-----------+----------------+---------+---+----+-----+------+-----+------+-------------+
    |Total      |                |        2|  0|   0|    0|   784|   32|     1|        25088|
    +-----------+----------------+---------+---+----+-----+------+-----+------+-------------+

    * FIFO: 
    N/A

    * Expression: 
    +----------------------+----------+-------+---+----+------------+------------+
    |     Variable Name    | Operation| DSP48E| FF| LUT| Bitwidth P0| Bitwidth P1|
    +----------------------+----------+-------+---+----+------------+------------+
    |add_ln36_fu_268_p2    |     +    |      0|  0|  15|           5|           1|
    |add_ln37_fu_315_p2    |     +    |      0|  0|  15|           5|           1|
    |add_ln38_fu_325_p2    |     +    |      0|  0|  13|          11|          11|
    |add_ln43_fu_341_p2    |     +    |      0|  0|  15|           5|           1|
    |add_ln44_fu_383_p2    |     +    |      0|  0|  15|           5|           1|
    |add_ln46_fu_399_p2    |     +    |      0|  0|  12|           3|           1|
    |add_ln47_fu_457_p2    |     +    |      0|  0|  12|           3|           1|
    |add_ln48_1_fu_472_p2  |     +    |      0|  0|  15|           5|           5|
    |add_ln48_2_fu_421_p2  |     +    |      0|  0|  15|           6|           6|
    |add_ln48_3_fu_467_p2  |     +    |      0|  0|  15|           6|           6|
    |add_ln48_fu_427_p2    |     +    |      0|  0|  15|           5|           5|
    |add_ln52_fu_437_p2    |     +    |      0|  0|  13|          11|          11|
    |add_ln58_fu_505_p2    |     +    |      0|  0|  15|           5|           1|
    |add_ln59_fu_547_p2    |     +    |      0|  0|  15|           5|           1|
    |add_ln60_fu_557_p2    |     +    |      0|  0|  13|          11|          11|
    |sub_ln38_fu_298_p2    |     -    |      0|  0|  13|          11|          11|
    |sub_ln52_fu_371_p2    |     -    |      0|  0|  13|          11|          11|
    |sub_ln60_fu_535_p2    |     -    |      0|  0|  13|          11|          11|
    |icmp_ln36_fu_262_p2   |   icmp   |      0|  0|  11|           5|           4|
    |icmp_ln37_fu_309_p2   |   icmp   |      0|  0|  11|           5|           4|
    |icmp_ln43_fu_335_p2   |   icmp   |      0|  0|  11|           5|           4|
    |icmp_ln44_fu_377_p2   |   icmp   |      0|  0|  11|           5|           4|
    |icmp_ln46_fu_393_p2   |   icmp   |      0|  0|   9|           3|           3|
    |icmp_ln47_fu_451_p2   |   icmp   |      0|  0|   9|           3|           3|
    |icmp_ln58_fu_499_p2   |   icmp   |      0|  0|  11|           5|           4|
    |icmp_ln59_fu_541_p2   |   icmp   |      0|  0|  11|           5|           4|
    +----------------------+----------+-------+---+----+------------+------------+
    |Total                 |          |      0|  0| 336|         160|         126|
    +----------------------+----------+-------+---+----+------------+------------+

    * Multiplexer: 
    +-------------------+-----+-----------+-----+-----------+
    |        Name       | LUT | Input Size| Bits| Total Bits|
    +-------------------+-----+-----------+-----+-----------+
    |acc_2_0_0_fu_76    |    9|          2|   32|         64|
    |acc_buf_address0   |   27|          5|   10|         50|
    |acc_buf_d0         |   15|          3|   32|         96|
    |ap_NS_fsm          |  133|         29|    1|         29|
    |c2_0_0_0_reg_181   |    9|          2|    5|         10|
    |c4_0_0_reg_226     |    9|          2|    5|         10|
    |c_0_0_reg_158      |    9|          2|    5|         10|
    |grp_fu_237_p0      |   15|          3|   32|         96|
    |grp_fu_237_p1      |   15|          3|   32|         96|
    |k_c_0_0_0_reg_204  |    9|          2|    3|          6|
    |k_r_0_0_0_reg_193  |    9|          2|    3|          6|
    |r1_0_0_0_reg_169   |    9|          2|    5|         10|
    |r3_0_0_reg_215     |    9|          2|    5|         10|
    |r_0_0_reg_147      |    9|          2|    5|         10|
    +-------------------+-----+-----------+-----+-----------+
    |Total              |  286|         61|  175|        503|
    +-------------------+-----+-----------+-----+-----------+

    * Register: 
    +------------------------+----+----+-----+-----------+
    |          Name          | FF | LUT| Bits| Const Bits|
    +------------------------+----+----+-----+-----------+
    |acc_2_0_0_fu_76         |  32|   0|   32|          0|
    |acc_buf_addr_2_reg_634  |  10|   0|   10|          0|
    |acc_buf_load_1_reg_677  |  32|   0|   32|          0|
    |add_ln36_reg_570        |   5|   0|    5|          0|
    |add_ln43_reg_598        |   5|   0|    5|          0|
    |add_ln44_reg_611        |   5|   0|    5|          0|
    |add_ln46_reg_619        |   3|   0|    3|          0|
    |add_ln47_reg_642        |   3|   0|    3|          0|
    |add_ln48_2_reg_624      |   6|   0|    6|          0|
    |add_ln48_3_reg_647      |   6|   0|    6|          0|
    |add_ln48_reg_629        |   5|   0|    5|          0|
    |add_ln58_reg_685        |   5|   0|    5|          0|
    |add_ln59_reg_698        |   5|   0|    5|          0|
    |ap_CS_fsm               |  28|   0|   28|          0|
    |c2_0_0_0_reg_181        |   5|   0|    5|          0|
    |c4_0_0_reg_226          |   5|   0|    5|          0|
    |c_0_0_reg_158           |   5|   0|    5|          0|
    |in_load_reg_662         |  32|   0|   32|          0|
    |k_c_0_0_0_reg_204       |   3|   0|    3|          0|
    |k_r_0_0_0_reg_193       |   3|   0|    3|          0|
    |r1_0_0_0_reg_169        |   5|   0|    5|          0|
    |r3_0_0_reg_215          |   5|   0|    5|          0|
    |r_0_0_reg_147           |   5|   0|    5|          0|
    |reg_257                 |  32|   0|   32|          0|
    |sext_ln60_reg_703       |  64|   0|   64|          0|
    |sub_ln38_reg_575        |   9|   0|   11|          2|
    |sub_ln52_reg_603        |   9|   0|   11|          2|
    |sub_ln60_reg_690        |   9|   0|   11|          2|
    |tmp_s_reg_672           |  32|   0|   32|          0|
    +------------------------+----+----+-----+-----------+
    |Total                   | 373|   0|  379|          6|
    +------------------------+----+----+-----+-----------+



================================================================
== Interface
================================================================
* Summary: 
+----------------+-----+-----+------------+--------------+--------------+
|    RTL Ports   | Dir | Bits|  Protocol  | Source Object|    C Type    |
+----------------+-----+-----+------------+--------------+--------------+
|ap_clk          |  in |    1| ap_ctrl_hs |    conv2d    | return value |
|ap_rst          |  in |    1| ap_ctrl_hs |    conv2d    | return value |
|ap_start        |  in |    1| ap_ctrl_hs |    conv2d    | return value |
|ap_done         | out |    1| ap_ctrl_hs |    conv2d    | return value |
|ap_idle         | out |    1| ap_ctrl_hs |    conv2d    | return value |
|ap_ready        | out |    1| ap_ctrl_hs |    conv2d    | return value |
|in_r_address0   | out |   10|  ap_memory |     in_r     |     array    |
|in_r_ce0        | out |    1|  ap_memory |     in_r     |     array    |
|in_r_q0         |  in |   32|  ap_memory |     in_r     |     array    |
|filt_address0   | out |    5|  ap_memory |     filt     |     array    |
|filt_ce0        | out |    1|  ap_memory |     filt     |     array    |
|filt_q0         |  in |   32|  ap_memory |     filt     |     array    |
|out_r_address0  | out |   10|  ap_memory |     out_r    |     array    |
|out_r_ce0       | out |    1|  ap_memory |     out_r    |     array    |
|out_r_we0       | out |    1|  ap_memory |     out_r    |     array    |
|out_r_d0        | out |   32|  ap_memory |     out_r    |     array    |
+----------------+-----+-----+------------+--------------+--------------+

