

================================================================
== Vivado HLS Report for 'flatten_F'
================================================================
* Date:           Thu Mar 19 22:10:14 2020

* Version:        2019.1 (Build 2552052 on Fri May 24 15:28:33 MDT 2019)
* Project:        lenet_cnn
* Solution:       solution_FINAL
* Product family: zynq
* Target device:  xc7z020-clg400-1


================================================================
== Performance Estimates
================================================================
+ Timing (ns): 
    * Summary: 
    +--------+-------+----------+------------+
    |  Clock | Target| Estimated| Uncertainty|
    +--------+-------+----------+------------+
    |ap_clk  |  10.00|     8.395|        1.25|
    +--------+-------+----------+------------+

+ Latency (clock cycles): 
    * Summary: 
    +-----+-----+-----+-----+---------+
    |  Latency  |  Interval | Pipeline|
    | min | max | min | max |   Type  |
    +-----+-----+-----+-----+---------+
    |  243|  243|  243|  243|   none  |
    +-----+-----+-----+-----+---------+

    + Detail: 
        * Instance: 
        N/A

        * Loop: 
        +-----------+-----+-----+----------+-----------+-----------+------+----------+
        |           |  Latency  | Iteration|  Initiation Interval  | Trip |          |
        | Loop Name | min | max |  Latency |  achieved |   target  | Count| Pipelined|
        +-----------+-----+-----+----------+-----------+-----------+------+----------+
        |- IFM_ROW  |  241|  241|         5|          3|          1|    80|    yes   |
        +-----------+-----+-----+----------+-----------+-----------+------+----------+



================================================================
== Utilization Estimates
================================================================
* Summary: 
+-----------------+---------+-------+--------+-------+-----+
|       Name      | BRAM_18K| DSP48E|   FF   |  LUT  | URAM|
+-----------------+---------+-------+--------+-------+-----+
|DSP              |        -|      -|       -|      -|    -|
|Expression       |        -|      -|       0|    268|    -|
|FIFO             |        -|      -|       -|      -|    -|
|Instance         |        -|      -|       -|      -|    -|
|Memory           |        -|      -|       -|      -|    -|
|Multiplexer      |        -|      -|       -|    210|    -|
|Register         |        -|      -|     100|      -|    -|
+-----------------+---------+-------+--------+-------+-----+
|Total            |        0|      0|     100|    478|    0|
+-----------------+---------+-------+--------+-------+-----+
|Available        |      280|    220|  106400|  53200|    0|
+-----------------+---------+-------+--------+-------+-----+
|Utilization (%)  |        0|      0|   ~0   |   ~0  |    0|
+-----------------+---------+-------+--------+-------+-----+

+ Detail: 
    * Instance: 
    N/A

    * DSP48E: 
    N/A

    * Memory: 
    N/A

    * FIFO: 
    N/A

    * Expression: 
    +-------------------------+----------+-------+---+----+------------+------------+
    |      Variable Name      | Operation| DSP48E| FF| LUT| Bitwidth P0| Bitwidth P1|
    +-------------------------+----------+-------+---+----+------------+------------+
    |add_ln11_fu_238_p2       |     +    |      0|  0|  15|           7|           1|
    |add_ln16_10_fu_356_p2    |     +    |      0|  0|  14|          10|           2|
    |add_ln16_11_fu_366_p2    |     +    |      0|  0|  14|          10|           2|
    |add_ln16_12_fu_376_p2    |     +    |      0|  0|  14|          10|           3|
    |add_ln16_1_fu_336_p2     |     +    |      0|  0|  15|           9|           5|
    |add_ln16_2_fu_381_p2     |     +    |      0|  0|  15|           9|           1|
    |add_ln16_3_fu_406_p2     |     +    |      0|  0|  15|           9|           2|
    |add_ln16_4_fu_411_p2     |     +    |      0|  0|  15|           9|           2|
    |add_ln16_5_fu_431_p2     |     +    |      0|  0|  15|           9|           3|
    |add_ln16_6_fu_288_p2     |     +    |      0|  0|   8|           8|           8|
    |add_ln16_7_fu_298_p2     |     +    |      0|  0|   8|           8|           8|
    |add_ln16_8_fu_316_p2     |     +    |      0|  0|  14|          10|          10|
    |add_ln16_9_fu_326_p2     |     +    |      0|  0|  14|          10|           1|
    |add_ln16_fu_426_p2       |     +    |      0|  0|  15|           9|           3|
    |ifm_fu_244_p2            |     +    |      0|  0|  15|           5|           1|
    |r_fu_397_p2              |     +    |      0|  0|  12|           3|           1|
    |icmp_ln11_fu_232_p2      |   icmp   |      0|  0|  11|           7|           7|
    |icmp_ln12_fu_250_p2      |   icmp   |      0|  0|   9|           3|           3|
    |ap_block_state1          |    or    |      0|  0|   2|           1|           1|
    |select_ln11_fu_349_p3    |  select  |      0|  0|   9|           1|           9|
    |select_ln16_1_fu_256_p3  |  select  |      0|  0|   3|           1|           1|
    |select_ln16_2_fu_264_p3  |  select  |      0|  0|   5|           1|           5|
    |select_ln16_fu_342_p3    |  select  |      0|  0|   9|           1|           9|
    |ap_enable_pp0            |    xor   |      0|  0|   2|           1|           2|
    +-------------------------+----------+-------+---+----+------------+------------+
    |Total                    |          |      0|  0| 268|         151|          90|
    +-------------------------+----------+-------+---+----+------------+------------+

    * Multiplexer: 
    +-----------------------------------------+----+-----------+-----+-----------+
    |                   Name                  | LUT| Input Size| Bits| Total Bits|
    +-----------------------------------------+----+-----------+-----+-----------+
    |ap_NS_fsm                                |  33|          6|    1|          6|
    |ap_done                                  |   9|          2|    1|          2|
    |ap_enable_reg_pp0_iter1                  |   9|          2|    1|          2|
    |ap_phi_mux_ifm_0_phi_fu_190_p4           |   9|          2|    5|         10|
    |ap_phi_mux_indvar_flatten_phi_fu_179_p4  |   9|          2|    7|         14|
    |ap_phi_mux_r_0_phi_fu_225_p4             |   9|          2|    3|          6|
    |idx_0_reg_197                            |   9|          2|    9|         18|
    |idx_1_reg_209                            |   9|          2|    9|         18|
    |ifm_0_reg_186                            |   9|          2|    5|         10|
    |in_r_address0                            |  21|          4|    9|         36|
    |in_r_address1                            |  15|          3|    9|         27|
    |indvar_flatten_reg_175                   |   9|          2|    7|         14|
    |out_r_address0                           |  21|          4|    9|         36|
    |out_r_address1                           |  15|          3|    9|         27|
    |out_r_d0                                 |  15|          3|   32|         96|
    |r_0_reg_221                              |   9|          2|    3|          6|
    +-----------------------------------------+----+-----------+-----+-----------+
    |Total                                    | 210|         43|  119|        328|
    +-----------------------------------------+----+-----------+-----+-----------+

    * Register: 
    +---------------------------------+----+----+-----+-----------+
    |               Name              | FF | LUT| Bits| Const Bits|
    +---------------------------------+----+----+-----+-----------+
    |add_ln11_reg_445                 |   7|   0|    7|          0|
    |add_ln16_12_reg_508              |  10|   0|   10|          0|
    |add_ln16_8_reg_466               |  10|   0|   10|          0|
    |ap_CS_fsm                        |   5|   0|    5|          0|
    |ap_done_reg                      |   1|   0|    1|          0|
    |ap_enable_reg_pp0_iter0          |   1|   0|    1|          0|
    |ap_enable_reg_pp0_iter1          |   1|   0|    1|          0|
    |icmp_ln11_reg_441                |   1|   0|    1|          0|
    |icmp_ln11_reg_441_pp0_iter1_reg  |   1|   0|    1|          0|
    |icmp_ln12_reg_450                |   1|   0|    1|          0|
    |idx_0_reg_197                    |   9|   0|    9|          0|
    |idx_1_reg_209                    |   9|   0|    9|          0|
    |ifm_0_reg_186                    |   5|   0|    5|          0|
    |indvar_flatten_reg_175           |   7|   0|    7|          0|
    |r_0_reg_221                      |   3|   0|    3|          0|
    |r_reg_513                        |   3|   0|    3|          0|
    |select_ln11_reg_493              |   9|   0|    9|          0|
    |select_ln16_1_reg_456            |   3|   0|    3|          0|
    |select_ln16_2_reg_461            |   5|   0|    5|          0|
    |select_ln16_reg_485              |   9|   0|    9|          0|
    +---------------------------------+----+----+-----+-----------+
    |Total                            | 100|   0|  100|          0|
    +---------------------------------+----+----+-----+-----------+



================================================================
== Interface
================================================================
* Summary: 
+----------------+-----+-----+------------+--------------+--------------+
|    RTL Ports   | Dir | Bits|  Protocol  | Source Object|    C Type    |
+----------------+-----+-----+------------+--------------+--------------+
|ap_clk          |  in |    1| ap_ctrl_hs |   flatten_F  | return value |
|ap_rst          |  in |    1| ap_ctrl_hs |   flatten_F  | return value |
|ap_start        |  in |    1| ap_ctrl_hs |   flatten_F  | return value |
|ap_done         | out |    1| ap_ctrl_hs |   flatten_F  | return value |
|ap_continue     |  in |    1| ap_ctrl_hs |   flatten_F  | return value |
|ap_idle         | out |    1| ap_ctrl_hs |   flatten_F  | return value |
|ap_ready        | out |    1| ap_ctrl_hs |   flatten_F  | return value |
|in_r_address0   | out |    9|  ap_memory |     in_r     |     array    |
|in_r_ce0        | out |    1|  ap_memory |     in_r     |     array    |
|in_r_q0         |  in |   32|  ap_memory |     in_r     |     array    |
|in_r_address1   | out |    9|  ap_memory |     in_r     |     array    |
|in_r_ce1        | out |    1|  ap_memory |     in_r     |     array    |
|in_r_q1         |  in |   32|  ap_memory |     in_r     |     array    |
|out_r_address0  | out |    9|  ap_memory |     out_r    |     array    |
|out_r_ce0       | out |    1|  ap_memory |     out_r    |     array    |
|out_r_we0       | out |    1|  ap_memory |     out_r    |     array    |
|out_r_d0        | out |   32|  ap_memory |     out_r    |     array    |
|out_r_address1  | out |    9|  ap_memory |     out_r    |     array    |
|out_r_ce1       | out |    1|  ap_memory |     out_r    |     array    |
|out_r_we1       | out |    1|  ap_memory |     out_r    |     array    |
|out_r_d1        | out |   32|  ap_memory |     out_r    |     array    |
+----------------+-----+-----+------------+--------------+--------------+

