

================================================================
== Vivado HLS Report for 'lenet'
================================================================
* Date:           Thu Mar 19 22:10:30 2020

* Version:        2019.1 (Build 2552052 on Fri May 24 15:28:33 MDT 2019)
* Project:        lenet_cnn
* Solution:       solution_FINAL
* Product family: zynq
* Target device:  xc7z020-clg400-1


================================================================
== Performance Estimates
================================================================
+ Timing (ns): 
    * Summary: 
    +--------+-------+----------+------------+
    |  Clock | Target| Estimated| Uncertainty|
    +--------+-------+----------+------------+
    |ap_clk  |  10.00|     9.188|        1.25|
    +--------+-------+----------+------------+

+ Latency (clock cycles): 
    * Summary: 
    +--------+--------+-------+-------+----------+
    |     Latency     |    Interval   | Pipeline |
    |   min  |   max  |  min  |  max  |   Type   |
    +--------+--------+-------+-------+----------+
    |  101317|  101317|  32534|  32534| dataflow |
    +--------+--------+-------+-------+----------+

    + Detail: 
        * Instance: 
        +-----------------+--------------+-------+-------+-------+-------+---------+
        |                 |              |    Latency    |    Interval   | Pipeline|
        |     Instance    |    Module    |  min  |  max  |  min  |  max  |   Type  |
        +-----------------+--------------+-------+-------+-------+-------+---------+
        |conv2d_C2_U0     |conv2d_C2     |  32533|  32533|  32533|  32533|   none  |
        |conv2d_C1_U0     |conv2d_C1     |  16663|  16663|  16663|  16663|   none  |
        |relu_R1_U0       |relu_R1       |   2358|   2358|   2358|   2358|   none  |
        |fc_FC1_U0        |fc_FC1        |  30196|  30196|  30196|  30196|   none  |
        |softmax_SM_U0    |softmax_SM    |     88|     88|     88|     88|   none  |
        |relu_R2_U0       |relu_R2       |    806|    806|    806|    806|   none  |
        |fc_FC2_U0        |fc_FC2        |  12874|  12874|  12874|  12874|   none  |
        |maxpool_P1_U0    |maxpool_P1    |   2363|   2363|   2363|   2363|   none  |
        |maxpool_P1_1_U0  |maxpool_P1_1  |    811|    811|    811|    811|   none  |
        |fc_FC3_U0        |fc_FC3        |   2156|   2156|   2156|   2156|   none  |
        |relu_R3_U0       |relu_R3       |    125|    125|    125|    125|   none  |
        |relu_R4_U0       |relu_R4       |     89|     89|     89|     89|   none  |
        |flatten_F_U0     |flatten_F     |    243|    243|    243|    243|   none  |
        +-----------------+--------------+-------+-------+-------+-------+---------+

        * Loop: 
        N/A



================================================================
== Utilization Estimates
================================================================
* Summary: 
+-----------------+---------+-------+--------+-------+-----+
|       Name      | BRAM_18K| DSP48E|   FF   |  LUT  | URAM|
+-----------------+---------+-------+--------+-------+-----+
|DSP              |        -|      -|       -|      -|    -|
|Expression       |        -|      -|       0|    102|    -|
|FIFO             |        -|      -|       -|      -|    -|
|Instance         |      172|     85|   36259|  35967|    0|
|Memory           |       54|      -|     896|    114|    0|
|Multiplexer      |        -|      -|       -|    180|    -|
|Register         |        -|      -|      20|      -|    -|
+-----------------+---------+-------+--------+-------+-----+
|Total            |      226|     85|   37175|  36363|    0|
+-----------------+---------+-------+--------+-------+-----+
|Available        |      280|    220|  106400|  53200|    0|
+-----------------+---------+-------+--------+-------+-----+
|Utilization (%)  |       80|     38|      34|     68|    0|
+-----------------+---------+-------+--------+-------+-----+

+ Detail: 
    * Instance: 
    +-----------------+--------------+---------+-------+-------+-------+-----+
    |     Instance    |    Module    | BRAM_18K| DSP48E|   FF  |  LUT  | URAM|
    +-----------------+--------------+---------+-------+-------+-------+-----+
    |conv2d_C1_U0     |conv2d_C1     |        4|     20|   5553|   5197|    0|
    |conv2d_C2_U0     |conv2d_C2     |        4|     40|  20774|  13071|    0|
    |fc_FC1_U0        |fc_FC1        |      128|     10|   2156|   2162|    0|
    |fc_FC2_U0        |fc_FC2        |       32|      5|   1154|   1182|    0|
    |fc_FC3_U0        |fc_FC3        |        2|      5|    813|   1051|    0|
    |flatten_F_U0     |flatten_F     |        0|      0|    100|    478|    0|
    |maxpool_P1_U0    |maxpool_P1    |        0|      0|    783|   1538|    0|
    |maxpool_P1_1_U0  |maxpool_P1_1  |        0|      0|    750|   1472|    0|
    |relu_R1_U0       |relu_R1       |        0|      0|   1248|   4191|    0|
    |relu_R2_U0       |relu_R2       |        0|      0|    721|   2115|    0|
    |relu_R3_U0       |relu_R3       |        0|      0|    314|    487|    0|
    |relu_R4_U0       |relu_R4       |        0|      0|    314|    487|    0|
    |softmax_SM_U0    |softmax_SM    |        2|      5|   1579|   2536|    0|
    +-----------------+--------------+---------+-------+-------+-------+-----+
    |Total            |              |      172|     85|  36259|  35967|    0|
    +-----------------+--------------+---------+-------+-------+-------+-----+

    * DSP48E: 
    N/A

    * Memory: 
    +-------------+-----------------+---------+----+----+-----+------+-----+------+-------------+
    |    Memory   |      Module     | BRAM_18K| FF | LUT| URAM| Words| Bits| Banks| W*Bits*Banks|
    +-------------+-----------------+---------+----+----+-----+------+-----+------+-------------+
    |C1_out_0_U   |lenet_C1_out_0   |        8|   0|   0|    0|  2352|   32|     2|       150528|
    |C1_out_1_U   |lenet_C1_out_0   |        8|   0|   0|    0|  2352|   32|     2|       150528|
    |C2_out_0_U   |lenet_C2_out_0   |        2|   0|   0|    0|   400|   32|     2|        25600|
    |C2_out_1_U   |lenet_C2_out_0   |        2|   0|   0|    0|   400|   32|     2|        25600|
    |C2_out_2_U   |lenet_C2_out_0   |        2|   0|   0|    0|   400|   32|     2|        25600|
    |C2_out_3_U   |lenet_C2_out_0   |        2|   0|   0|    0|   400|   32|     2|        25600|
    |P2_out_U     |lenet_C2_out_0   |        2|   0|   0|    0|   400|   32|     2|        25600|
    |FC1_out_0_U  |lenet_FC1_out_0  |        0|  64|   8|    0|    15|   32|     2|          960|
    |FC1_out_1_U  |lenet_FC1_out_0  |        0|  64|   8|    0|    15|   32|     2|          960|
    |FC1_out_2_U  |lenet_FC1_out_0  |        0|  64|   8|    0|    15|   32|     2|          960|
    |FC1_out_3_U  |lenet_FC1_out_0  |        0|  64|   8|    0|    15|   32|     2|          960|
    |FC1_out_4_U  |lenet_FC1_out_0  |        0|  64|   8|    0|    15|   32|     2|          960|
    |FC1_out_5_U  |lenet_FC1_out_0  |        0|  64|   8|    0|    15|   32|     2|          960|
    |FC1_out_6_U  |lenet_FC1_out_0  |        0|  64|   8|    0|    15|   32|     2|          960|
    |FC1_out_7_U  |lenet_FC1_out_0  |        0|  64|   8|    0|    15|   32|     2|          960|
    |FC2_out_0_U  |lenet_FC2_out_0  |        0|  64|  11|    0|    21|   32|     2|         1344|
    |FC2_out_1_U  |lenet_FC2_out_0  |        0|  64|  11|    0|    21|   32|     2|         1344|
    |FC2_out_2_U  |lenet_FC2_out_0  |        0|  64|  11|    0|    21|   32|     2|         1344|
    |FC2_out_3_U  |lenet_FC2_out_0  |        0|  64|  11|    0|    21|   32|     2|         1344|
    |FC3_out_0_U  |lenet_FC3_out_0  |        0|  64|   3|    0|     5|   32|     2|          320|
    |FC3_out_1_U  |lenet_FC3_out_0  |        0|  64|   3|    0|     5|   32|     2|          320|
    |F_out_U      |lenet_F_out      |        2|   0|   0|    0|   400|   32|     2|        25600|
    |P1_out_U     |lenet_P1_out     |        4|   0|   0|    0|  1176|   32|     2|        75264|
    |R1_out_U     |lenet_R1_out     |       16|   0|   0|    0|  4704|   32|     2|       301056|
    |R2_out_U     |lenet_R2_out     |        4|   0|   0|    0|  1600|   32|     2|       102400|
    |R3_out_U     |lenet_R3_out     |        1|   0|   0|    0|   120|   32|     2|         7680|
    |R4_out_U     |lenet_R4_out     |        1|   0|   0|    0|    84|   32|     2|         5376|
    +-------------+-----------------+---------+----+----+-----+------+-----+------+-------------+
    |Total        |                 |       54| 896| 114|    0| 15002|  864|    54|       960128|
    +-------------+-----------------+---------+----+----+-----+------+-----+------+-------------+

    * FIFO: 
    N/A

    * Expression: 
    +---------------------------------+----------+-------+---+----+------------+------------+
    |          Variable Name          | Operation| DSP48E| FF| LUT| Bitwidth P0| Bitwidth P1|
    +---------------------------------+----------+-------+---+----+------------+------------+
    |ap_channel_done_C1_out_0         |    and   |      0|  0|   2|           1|           1|
    |ap_channel_done_C1_out_1         |    and   |      0|  0|   2|           1|           1|
    |ap_channel_done_C2_out_0         |    and   |      0|  0|   2|           1|           1|
    |ap_channel_done_C2_out_1         |    and   |      0|  0|   2|           1|           1|
    |ap_channel_done_C2_out_2         |    and   |      0|  0|   2|           1|           1|
    |ap_channel_done_C2_out_3         |    and   |      0|  0|   2|           1|           1|
    |ap_channel_done_FC1_out_0        |    and   |      0|  0|   2|           1|           1|
    |ap_channel_done_FC1_out_1        |    and   |      0|  0|   2|           1|           1|
    |ap_channel_done_FC1_out_2        |    and   |      0|  0|   2|           1|           1|
    |ap_channel_done_FC1_out_3        |    and   |      0|  0|   2|           1|           1|
    |ap_channel_done_FC1_out_4        |    and   |      0|  0|   2|           1|           1|
    |ap_channel_done_FC1_out_5        |    and   |      0|  0|   2|           1|           1|
    |ap_channel_done_FC1_out_6        |    and   |      0|  0|   2|           1|           1|
    |ap_channel_done_FC1_out_7        |    and   |      0|  0|   2|           1|           1|
    |ap_channel_done_FC2_out_0        |    and   |      0|  0|   2|           1|           1|
    |ap_channel_done_FC2_out_1        |    and   |      0|  0|   2|           1|           1|
    |ap_channel_done_FC2_out_2        |    and   |      0|  0|   2|           1|           1|
    |ap_channel_done_FC2_out_3        |    and   |      0|  0|   2|           1|           1|
    |ap_channel_done_FC3_out_0        |    and   |      0|  0|   2|           1|           1|
    |ap_channel_done_FC3_out_1        |    and   |      0|  0|   2|           1|           1|
    |ap_idle                          |    and   |      0|  0|   2|           1|           1|
    |conv2d_C1_U0_ap_continue         |    and   |      0|  0|   2|           1|           1|
    |conv2d_C2_U0_ap_continue         |    and   |      0|  0|   2|           1|           1|
    |fc_FC1_U0_ap_continue            |    and   |      0|  0|   2|           1|           1|
    |fc_FC2_U0_ap_continue            |    and   |      0|  0|   2|           1|           1|
    |fc_FC3_U0_ap_continue            |    and   |      0|  0|   2|           1|           1|
    |relu_R1_U0_ap_start              |    and   |      0|  0|   2|           1|           1|
    |relu_R2_U0_ap_start              |    and   |      0|  0|   2|           1|           1|
    |relu_R3_U0_ap_start              |    and   |      0|  0|   2|           1|           1|
    |relu_R4_U0_ap_start              |    and   |      0|  0|   2|           1|           1|
    |softmax_SM_U0_ap_start           |    and   |      0|  0|   2|           1|           1|
    |ap_sync_channel_write_C1_out_0   |    or    |      0|  0|   2|           1|           1|
    |ap_sync_channel_write_C1_out_1   |    or    |      0|  0|   2|           1|           1|
    |ap_sync_channel_write_C2_out_0   |    or    |      0|  0|   2|           1|           1|
    |ap_sync_channel_write_C2_out_1   |    or    |      0|  0|   2|           1|           1|
    |ap_sync_channel_write_C2_out_2   |    or    |      0|  0|   2|           1|           1|
    |ap_sync_channel_write_C2_out_3   |    or    |      0|  0|   2|           1|           1|
    |ap_sync_channel_write_FC1_out_0  |    or    |      0|  0|   2|           1|           1|
    |ap_sync_channel_write_FC1_out_1  |    or    |      0|  0|   2|           1|           1|
    |ap_sync_channel_write_FC1_out_2  |    or    |      0|  0|   2|           1|           1|
    |ap_sync_channel_write_FC1_out_3  |    or    |      0|  0|   2|           1|           1|
    |ap_sync_channel_write_FC1_out_4  |    or    |      0|  0|   2|           1|           1|
    |ap_sync_channel_write_FC1_out_5  |    or    |      0|  0|   2|           1|           1|
    |ap_sync_channel_write_FC1_out_6  |    or    |      0|  0|   2|           1|           1|
    |ap_sync_channel_write_FC1_out_7  |    or    |      0|  0|   2|           1|           1|
    |ap_sync_channel_write_FC2_out_0  |    or    |      0|  0|   2|           1|           1|
    |ap_sync_channel_write_FC2_out_1  |    or    |      0|  0|   2|           1|           1|
    |ap_sync_channel_write_FC2_out_2  |    or    |      0|  0|   2|           1|           1|
    |ap_sync_channel_write_FC2_out_3  |    or    |      0|  0|   2|           1|           1|
    |ap_sync_channel_write_FC3_out_0  |    or    |      0|  0|   2|           1|           1|
    |ap_sync_channel_write_FC3_out_1  |    or    |      0|  0|   2|           1|           1|
    +---------------------------------+----------+-------+---+----+------------+------------+
    |Total                            |          |      0|  0| 102|          51|          51|
    +---------------------------------+----------+-------+---+----+------------+------------+

    * Multiplexer: 
    +-------------------------------------+----+-----------+-----+-----------+
    |                 Name                | LUT| Input Size| Bits| Total Bits|
    +-------------------------------------+----+-----------+-----+-----------+
    |ap_sync_reg_channel_write_C1_out_0   |   9|          2|    1|          2|
    |ap_sync_reg_channel_write_C1_out_1   |   9|          2|    1|          2|
    |ap_sync_reg_channel_write_C2_out_0   |   9|          2|    1|          2|
    |ap_sync_reg_channel_write_C2_out_1   |   9|          2|    1|          2|
    |ap_sync_reg_channel_write_C2_out_2   |   9|          2|    1|          2|
    |ap_sync_reg_channel_write_C2_out_3   |   9|          2|    1|          2|
    |ap_sync_reg_channel_write_FC1_out_0  |   9|          2|    1|          2|
    |ap_sync_reg_channel_write_FC1_out_1  |   9|          2|    1|          2|
    |ap_sync_reg_channel_write_FC1_out_2  |   9|          2|    1|          2|
    |ap_sync_reg_channel_write_FC1_out_3  |   9|          2|    1|          2|
    |ap_sync_reg_channel_write_FC1_out_4  |   9|          2|    1|          2|
    |ap_sync_reg_channel_write_FC1_out_5  |   9|          2|    1|          2|
    |ap_sync_reg_channel_write_FC1_out_6  |   9|          2|    1|          2|
    |ap_sync_reg_channel_write_FC1_out_7  |   9|          2|    1|          2|
    |ap_sync_reg_channel_write_FC2_out_0  |   9|          2|    1|          2|
    |ap_sync_reg_channel_write_FC2_out_1  |   9|          2|    1|          2|
    |ap_sync_reg_channel_write_FC2_out_2  |   9|          2|    1|          2|
    |ap_sync_reg_channel_write_FC2_out_3  |   9|          2|    1|          2|
    |ap_sync_reg_channel_write_FC3_out_0  |   9|          2|    1|          2|
    |ap_sync_reg_channel_write_FC3_out_1  |   9|          2|    1|          2|
    +-------------------------------------+----+-----------+-----+-----------+
    |Total                                | 180|         40|   20|         40|
    +-------------------------------------+----+-----------+-----+-----------+

    * Register: 
    +-------------------------------------+---+----+-----+-----------+
    |                 Name                | FF| LUT| Bits| Const Bits|
    +-------------------------------------+---+----+-----+-----------+
    |ap_sync_reg_channel_write_C1_out_0   |  1|   0|    1|          0|
    |ap_sync_reg_channel_write_C1_out_1   |  1|   0|    1|          0|
    |ap_sync_reg_channel_write_C2_out_0   |  1|   0|    1|          0|
    |ap_sync_reg_channel_write_C2_out_1   |  1|   0|    1|          0|
    |ap_sync_reg_channel_write_C2_out_2   |  1|   0|    1|          0|
    |ap_sync_reg_channel_write_C2_out_3   |  1|   0|    1|          0|
    |ap_sync_reg_channel_write_FC1_out_0  |  1|   0|    1|          0|
    |ap_sync_reg_channel_write_FC1_out_1  |  1|   0|    1|          0|
    |ap_sync_reg_channel_write_FC1_out_2  |  1|   0|    1|          0|
    |ap_sync_reg_channel_write_FC1_out_3  |  1|   0|    1|          0|
    |ap_sync_reg_channel_write_FC1_out_4  |  1|   0|    1|          0|
    |ap_sync_reg_channel_write_FC1_out_5  |  1|   0|    1|          0|
    |ap_sync_reg_channel_write_FC1_out_6  |  1|   0|    1|          0|
    |ap_sync_reg_channel_write_FC1_out_7  |  1|   0|    1|          0|
    |ap_sync_reg_channel_write_FC2_out_0  |  1|   0|    1|          0|
    |ap_sync_reg_channel_write_FC2_out_1  |  1|   0|    1|          0|
    |ap_sync_reg_channel_write_FC2_out_2  |  1|   0|    1|          0|
    |ap_sync_reg_channel_write_FC2_out_3  |  1|   0|    1|          0|
    |ap_sync_reg_channel_write_FC3_out_0  |  1|   0|    1|          0|
    |ap_sync_reg_channel_write_FC3_out_1  |  1|   0|    1|          0|
    +-------------------------------------+---+----+-----+-----------+
    |Total                                | 20|   0|   20|          0|
    +-------------------------------------+---+----+-----+-----------+



================================================================
== Interface
================================================================
* Summary: 
+-------------------+-----+-----+------------+--------------+--------------+
|     RTL Ports     | Dir | Bits|  Protocol  | Source Object|    C Type    |
+-------------------+-----+-----+------------+--------------+--------------+
|ap_clk             |  in |    1| ap_ctrl_hs |     lenet    | return value |
|ap_rst             |  in |    1| ap_ctrl_hs |     lenet    | return value |
|ap_start           |  in |    1| ap_ctrl_hs |     lenet    | return value |
|ap_done            | out |    1| ap_ctrl_hs |     lenet    | return value |
|ap_ready           | out |    1| ap_ctrl_hs |     lenet    | return value |
|ap_idle            | out |    1| ap_ctrl_hs |     lenet    | return value |
|image_in_address0  | out |   10|  ap_memory |   image_in   |     array    |
|image_in_ce0       | out |    1|  ap_memory |   image_in   |     array    |
|image_in_d0        | out |   32|  ap_memory |   image_in   |     array    |
|image_in_q0        |  in |   32|  ap_memory |   image_in   |     array    |
|image_in_we0       | out |    1|  ap_memory |   image_in   |     array    |
|image_in_address1  | out |   10|  ap_memory |   image_in   |     array    |
|image_in_ce1       | out |    1|  ap_memory |   image_in   |     array    |
|image_in_d1        | out |   32|  ap_memory |   image_in   |     array    |
|image_in_q1        |  in |   32|  ap_memory |   image_in   |     array    |
|image_in_we1       | out |    1|  ap_memory |   image_in   |     array    |
|out_r_address0     | out |    4|  ap_memory |     out_r    |     array    |
|out_r_ce0          | out |    1|  ap_memory |     out_r    |     array    |
|out_r_d0           | out |   32|  ap_memory |     out_r    |     array    |
|out_r_q0           |  in |   32|  ap_memory |     out_r    |     array    |
|out_r_we0          | out |    1|  ap_memory |     out_r    |     array    |
|out_r_address1     | out |    4|  ap_memory |     out_r    |     array    |
|out_r_ce1          | out |    1|  ap_memory |     out_r    |     array    |
|out_r_d1           | out |   32|  ap_memory |     out_r    |     array    |
|out_r_q1           |  in |   32|  ap_memory |     out_r    |     array    |
|out_r_we1          | out |    1|  ap_memory |     out_r    |     array    |
+-------------------+-----+-----+------------+--------------+--------------+

