

================================================================
== Vivado HLS Report for 'relu_R4'
================================================================
* Date:           Thu Mar 19 22:10:18 2020

* Version:        2019.1 (Build 2552052 on Fri May 24 15:28:33 MDT 2019)
* Project:        lenet_cnn
* Solution:       solution_FINAL
* Product family: zynq
* Target device:  xc7z020-clg400-1


================================================================
== Performance Estimates
================================================================
+ Timing (ns): 
    * Summary: 
    +--------+-------+----------+------------+
    |  Clock | Target| Estimated| Uncertainty|
    +--------+-------+----------+------------+
    |ap_clk  |  10.00|     6.409|        1.25|
    +--------+-------+----------+------------+

+ Latency (clock cycles): 
    * Summary: 
    +-----+-----+-----+-----+---------+
    |  Latency  |  Interval | Pipeline|
    | min | max | min | max |   Type  |
    +-----+-----+-----+-----+---------+
    |   89|   89|   89|   89|   none  |
    +-----+-----+-----+-----+---------+

    + Detail: 
        * Instance: 
        N/A

        * Loop: 
        +----------+-----+-----+----------+-----------+-----------+------+----------+
        |          |  Latency  | Iteration|  Initiation Interval  | Trip |          |
        | Loop Name| min | max |  Latency |  achieved |   target  | Count| Pipelined|
        +----------+-----+-----+----------+-----------+-----------+------+----------+
        |- OUT     |   87|   87|         5|          1|          1|    84|    yes   |
        +----------+-----+-----+----------+-----------+-----------+------+----------+



================================================================
== Utilization Estimates
================================================================
* Summary: 
+-----------------+---------+-------+--------+-------+-----+
|       Name      | BRAM_18K| DSP48E|   FF   |  LUT  | URAM|
+-----------------+---------+-------+--------+-------+-----+
|DSP              |        -|      -|       -|      -|    -|
|Expression       |        -|      -|       0|     97|    -|
|FIFO             |        -|      -|       -|      -|    -|
|Instance         |        -|      0|      66|    260|    -|
|Memory           |        -|      -|       -|      -|    -|
|Multiplexer      |        -|      -|       -|     66|    -|
|Register         |        0|      -|     248|     64|    -|
+-----------------+---------+-------+--------+-------+-----+
|Total            |        0|      0|     314|    487|    0|
+-----------------+---------+-------+--------+-------+-----+
|Available        |      280|    220|  106400|  53200|    0|
+-----------------+---------+-------+--------+-------+-----+
|Utilization (%)  |        0|      0|   ~0   |   ~0  |    0|
+-----------------+---------+-------+--------+-------+-----+

+ Detail: 
    * Instance: 
    +---------------------------+----------------------+---------+-------+----+-----+-----+
    |          Instance         |        Module        | BRAM_18K| DSP48E| FF | LUT | URAM|
    +---------------------------+----------------------+---------+-------+----+-----+-----+
    |lenet_fcmp_32ns_3xdS_U243  |lenet_fcmp_32ns_3xdS  |        0|      0|  66|  239|    0|
    |lenet_mux_432_32_ceu_U244  |lenet_mux_432_32_ceu  |        0|      0|   0|   21|    0|
    +---------------------------+----------------------+---------+-------+----+-----+-----+
    |Total                      |                      |        0|      0|  66|  260|    0|
    +---------------------------+----------------------+---------+-------+----+-----+-----+

    * DSP48E: 
    N/A

    * Memory: 
    N/A

    * FIFO: 
    N/A

    * Expression: 
    +-------------------------+----------+-------+---+----+------------+------------+
    |      Variable Name      | Operation| DSP48E| FF| LUT| Bitwidth P0| Bitwidth P1|
    +-------------------------+----------+-------+---+----+------------+------------+
    |c_fu_148_p2              |     +    |      0|  0|  15|           7|           1|
    |and_ln69_fu_229_p2       |    and   |      0|  0|   2|           1|           1|
    |icmp_ln66_fu_142_p2      |   icmp   |      0|  0|  11|           7|           7|
    |icmp_ln69_1_fu_217_p2    |   icmp   |      0|  0|  18|          23|           1|
    |icmp_ln69_fu_211_p2      |   icmp   |      0|  0|  11|           8|           2|
    |ap_block_state1          |    or    |      0|  0|   2|           1|           1|
    |or_ln69_fu_223_p2        |    or    |      0|  0|   2|           1|           1|
    |data_1_fu_235_p3         |  select  |      0|  0|  32|           1|          32|
    |ap_enable_pp0            |    xor   |      0|  0|   2|           1|           2|
    |ap_enable_reg_pp0_iter1  |    xor   |      0|  0|   2|           2|           1|
    +-------------------------+----------+-------+---+----+------------+------------+
    |Total                    |          |      0|  0|  97|          52|          49|
    +-------------------------+----------+-------+---+----+------------+------------+

    * Multiplexer: 
    +------------------------------+----+-----------+-----+-----------+
    |             Name             | LUT| Input Size| Bits| Total Bits|
    +------------------------------+----+-----------+-----+-----------+
    |ap_NS_fsm                     |  21|          4|    1|          4|
    |ap_done                       |   9|          2|    1|          2|
    |ap_enable_reg_pp0_iter1       |   9|          2|    1|          2|
    |ap_enable_reg_pp0_iter4       |   9|          2|    1|          2|
    |ap_phi_mux_c_0_phi_fu_129_p4  |   9|          2|    7|         14|
    |c_0_reg_125                   |   9|          2|    7|         14|
    +------------------------------+----+-----------+-----+-----------+
    |Total                         |  66|         14|   18|         38|
    +------------------------------+----+-----------+-----+-----------+

    * Register: 
    +----------------------------+----+----+-----+-----------+
    |            Name            | FF | LUT| Bits| Const Bits|
    +----------------------------+----+----+-----+-----------+
    |ap_CS_fsm                   |   3|   0|    3|          0|
    |ap_done_reg                 |   1|   0|    1|          0|
    |ap_enable_reg_pp0_iter0     |   1|   0|    1|          0|
    |ap_enable_reg_pp0_iter1     |   1|   0|    1|          0|
    |ap_enable_reg_pp0_iter2     |   1|   0|    1|          0|
    |ap_enable_reg_pp0_iter3     |   1|   0|    1|          0|
    |ap_enable_reg_pp0_iter4     |   1|   0|    1|          0|
    |c_0_reg_125                 |   7|   0|    7|          0|
    |c_reg_251                   |   7|   0|    7|          0|
    |data_1_reg_283              |  32|   0|   32|          0|
    |data_reg_276                |  32|   0|   32|          0|
    |data_reg_276_pp0_iter2_reg  |  32|   0|   32|          0|
    |icmp_ln66_reg_247           |   1|   0|    1|          0|
    |c_0_reg_125                 |  64|  32|    7|          0|
    |icmp_ln66_reg_247           |  64|  32|    1|          0|
    +----------------------------+----+----+-----+-----------+
    |Total                       | 248|  64|  128|          0|
    +----------------------------+----+----+-----+-----------+



================================================================
== Interface
================================================================
* Summary: 
+----------------+-----+-----+------------+--------------+--------------+
|    RTL Ports   | Dir | Bits|  Protocol  | Source Object|    C Type    |
+----------------+-----+-----+------------+--------------+--------------+
|ap_clk          |  in |    1| ap_ctrl_hs |    relu_R4   | return value |
|ap_rst          |  in |    1| ap_ctrl_hs |    relu_R4   | return value |
|ap_start        |  in |    1| ap_ctrl_hs |    relu_R4   | return value |
|ap_done         | out |    1| ap_ctrl_hs |    relu_R4   | return value |
|ap_continue     |  in |    1| ap_ctrl_hs |    relu_R4   | return value |
|ap_idle         | out |    1| ap_ctrl_hs |    relu_R4   | return value |
|ap_ready        | out |    1| ap_ctrl_hs |    relu_R4   | return value |
|in_0_address0   | out |    5|  ap_memory |     in_0     |     array    |
|in_0_ce0        | out |    1|  ap_memory |     in_0     |     array    |
|in_0_q0         |  in |   32|  ap_memory |     in_0     |     array    |
|in_1_address0   | out |    5|  ap_memory |     in_1     |     array    |
|in_1_ce0        | out |    1|  ap_memory |     in_1     |     array    |
|in_1_q0         |  in |   32|  ap_memory |     in_1     |     array    |
|in_2_address0   | out |    5|  ap_memory |     in_2     |     array    |
|in_2_ce0        | out |    1|  ap_memory |     in_2     |     array    |
|in_2_q0         |  in |   32|  ap_memory |     in_2     |     array    |
|in_3_address0   | out |    5|  ap_memory |     in_3     |     array    |
|in_3_ce0        | out |    1|  ap_memory |     in_3     |     array    |
|in_3_q0         |  in |   32|  ap_memory |     in_3     |     array    |
|out_r_address0  | out |    7|  ap_memory |     out_r    |     array    |
|out_r_ce0       | out |    1|  ap_memory |     out_r    |     array    |
|out_r_we0       | out |    1|  ap_memory |     out_r    |     array    |
|out_r_d0        | out |   32|  ap_memory |     out_r    |     array    |
+----------------+-----+-----+------------+--------------+--------------+

