

================================================================
== Vivado HLS Report for 'conv2d_C1'
================================================================
* Date:           Thu Mar 19 11:01:39 2020

* Version:        2019.1 (Build 2552052 on Fri May 24 15:28:33 MDT 2019)
* Project:        lenet_cnn3_Accuracy
* Solution:       solution_data_4816
* Product family: zynq
* Target device:  xc7z020-clg400-1


================================================================
== Performance Estimates
================================================================
+ Timing (ns): 
    * Summary: 
    +--------+-------+----------+------------+
    |  Clock | Target| Estimated| Uncertainty|
    +--------+-------+----------+------------+
    |ap_clk  |  10.00|     8.625|        1.25|
    +--------+-------+----------+------------+

+ Latency (clock cycles): 
    * Summary: 
    +-------+-------+-------+-------+---------+
    |    Latency    |    Interval   | Pipeline|
    |  min  |  max  |  min  |  max  |   Type  |
    +-------+-------+-------+-------+---------+
    |  16510|  16510|  16510|  16510|   none  |
    +-------+-------+-------+-------+---------+

    + Detail: 
        * Instance: 
        N/A

        * Loop: 
        +--------------------+-------+-------+----------+-----------+-----------+------+----------+
        |                    |    Latency    | Iteration|  Initiation Interval  | Trip |          |
        |      Loop Name     |  min  |  max  |  Latency |  achieved |   target  | Count| Pipelined|
        +--------------------+-------+-------+----------+-----------+-----------+------+----------+
        |- OFM               |  16509|  16509|      5503|          -|          -|     3|    no    |
        | + ROW_CLR_COL_CLR  |    784|    784|         2|          1|          1|   784|    yes   |
        | + ROW_COL          |   3925|   3925|        11|          5|          1|   784|    yes   |
        | + ROW_CPY_COL_CPY  |    785|    785|         3|          1|          1|   784|    yes   |
        +--------------------+-------+-------+----------+-----------+-----------+------+----------+



================================================================
== Utilization Estimates
================================================================
* Summary: 
+-----------------+---------+-------+--------+-------+-----+
|       Name      | BRAM_18K| DSP48E|   FF   |  LUT  | URAM|
+-----------------+---------+-------+--------+-------+-----+
|DSP              |        -|      -|       -|      -|    -|
|Expression       |        -|      -|       0|   2475|    -|
|FIFO             |        -|      -|       -|      -|    -|
|Instance         |        -|    108|    4122|   1494|    -|
|Memory           |        6|      -|     598|     40|    0|
|Multiplexer      |        -|      -|       -|    392|    -|
|Register         |        -|      -|    3781|      -|    -|
+-----------------+---------+-------+--------+-------+-----+
|Total            |        6|    108|    8501|   4401|    0|
+-----------------+---------+-------+--------+-------+-----+
|Available        |      280|    220|  106400|  53200|    0|
+-----------------+---------+-------+--------+-------+-----+
|Utilization (%)  |        2|     49|       7|      8|    0|
+-----------------+---------+-------+--------+-------+-----+

+ Detail: 
    * Instance: 
    +--------------------------+----------------------+---------+-------+-----+----+-----+
    |         Instance         |        Module        | BRAM_18K| DSP48E|  FF | LUT| URAM|
    +--------------------------+----------------------+---------+-------+-----+----+-----+
    |lenet_mul_48s_29nzec_U7   |lenet_mul_48s_29nzec  |        0|      6|  229|  83|    0|
    |lenet_mul_48s_30nAem_U9   |lenet_mul_48s_30nAem  |        0|      6|  229|  83|    0|
    |lenet_mul_48s_30nAem_U11  |lenet_mul_48s_30nAem  |        0|      6|  229|  83|    0|
    |lenet_mul_48s_30nAem_U13  |lenet_mul_48s_30nAem  |        0|      6|  229|  83|    0|
    |lenet_mul_48s_30nAem_U15  |lenet_mul_48s_30nAem  |        0|      6|  229|  83|    0|
    |lenet_mul_48s_30nAem_U16  |lenet_mul_48s_30nAem  |        0|      6|  229|  83|    0|
    |lenet_mul_48s_30nAem_U17  |lenet_mul_48s_30nAem  |        0|      6|  229|  83|    0|
    |lenet_mul_48s_30sxdS_U1   |lenet_mul_48s_30sxdS  |        0|      6|  229|  83|    0|
    |lenet_mul_48s_30sxdS_U2   |lenet_mul_48s_30sxdS  |        0|      6|  229|  83|    0|
    |lenet_mul_48s_30sxdS_U3   |lenet_mul_48s_30sxdS  |        0|      6|  229|  83|    0|
    |lenet_mul_48s_30sxdS_U14  |lenet_mul_48s_30sxdS  |        0|      6|  229|  83|    0|
    |lenet_mul_48s_30sxdS_U18  |lenet_mul_48s_30sxdS  |        0|      6|  229|  83|    0|
    |lenet_mul_48s_31syd2_U4   |lenet_mul_48s_31syd2  |        0|      6|  229|  83|    0|
    |lenet_mul_48s_31syd2_U5   |lenet_mul_48s_31syd2  |        0|      6|  229|  83|    0|
    |lenet_mul_48s_31syd2_U6   |lenet_mul_48s_31syd2  |        0|      6|  229|  83|    0|
    |lenet_mul_48s_31syd2_U8   |lenet_mul_48s_31syd2  |        0|      6|  229|  83|    0|
    |lenet_mul_48s_31syd2_U10  |lenet_mul_48s_31syd2  |        0|      6|  229|  83|    0|
    |lenet_mul_48s_31syd2_U12  |lenet_mul_48s_31syd2  |        0|      6|  229|  83|    0|
    +--------------------------+----------------------+---------+-------+-----+----+-----+
    |Total                     |                      |        0|    108| 4122|1494|    0|
    +--------------------------+----------------------+---------+-------+-----+----+-----+

    * DSP48E: 
    N/A

    * Memory: 
    +------------------------+----------------------+---------+----+----+-----+------+-----+------+-------------+
    |         Memory         |        Module        | BRAM_18K| FF | LUT| URAM| Words| Bits| Banks| W*Bits*Banks|
    +------------------------+----------------------+---------+----+----+-----+------+-----+------+-------------+
    |C1_biases_V_0_U         |conv2d_C1_C1_biasbkb  |        0|  27|   2|    0|     3|   27|     1|           81|
    |C1_biases_V_1_U         |conv2d_C1_C1_biascud  |        0|  27|   2|    0|     3|   27|     1|           81|
    |C1_weights_V_0_0_0_0_U  |conv2d_C1_C1_weigdEe  |        0|  30|   2|    0|     3|   30|     1|           90|
    |C1_weights_V_1_0_0_0_U  |conv2d_C1_C1_weigeOg  |        0|  30|   2|    0|     3|   30|     1|           90|
    |C1_weights_V_0_0_0_1_U  |conv2d_C1_C1_weigfYi  |        0|  30|   2|    0|     3|   30|     1|           90|
    |C1_weights_V_1_0_0_1_U  |conv2d_C1_C1_weigg8j  |        0|  31|   2|    0|     3|   31|     1|           93|
    |C1_weights_V_0_0_0_2_U  |conv2d_C1_C1_weighbi  |        0|  31|   2|    0|     3|   31|     1|           93|
    |C1_weights_V_1_0_0_2_U  |conv2d_C1_C1_weigibs  |        0|  31|   2|    0|     3|   31|     1|           93|
    |C1_weights_V_0_0_1_0_U  |conv2d_C1_C1_weigjbC  |        0|  28|   2|    0|     3|   28|     1|           84|
    |C1_weights_V_1_0_1_0_U  |conv2d_C1_C1_weigkbM  |        0|  31|   2|    0|     3|   31|     1|           93|
    |C1_weights_V_0_0_1_1_U  |conv2d_C1_C1_weiglbW  |        0|  30|   2|    0|     3|   30|     1|           90|
    |C1_weights_V_1_0_1_1_U  |conv2d_C1_C1_weigmb6  |        0|  31|   2|    0|     3|   31|     1|           93|
    |C1_weights_V_0_0_1_2_U  |conv2d_C1_C1_weigncg  |        0|  30|   2|    0|     3|   30|     1|           90|
    |C1_weights_V_1_0_1_2_U  |conv2d_C1_C1_weigocq  |        0|  31|   2|    0|     3|   31|     1|           93|
    |C1_weights_V_0_0_2_0_U  |conv2d_C1_C1_weigpcA  |        0|  30|   2|    0|     3|   30|     1|           90|
    |C1_weights_V_1_0_2_0_U  |conv2d_C1_C1_weigqcK  |        0|  30|   2|    0|     3|   30|     1|           90|
    |C1_weights_V_0_0_2_1_U  |conv2d_C1_C1_weigrcU  |        0|  30|   2|    0|     3|   30|     1|           90|
    |C1_weights_V_1_0_2_1_U  |conv2d_C1_C1_weigsc4  |        0|  30|   2|    0|     3|   30|     1|           90|
    |C1_weights_V_0_0_2_2_U  |conv2d_C1_C1_weigtde  |        0|  30|   2|    0|     3|   30|     1|           90|
    |C1_weights_V_1_0_2_2_U  |conv2d_C1_C1_weigudo  |        0|  30|   2|    0|     3|   30|     1|           90|
    |acc_buf_0_V_U           |conv2d_C1_acc_bufvdy  |        3|   0|   0|    0|   784|   48|     1|        37632|
    |acc_buf_1_V_U           |conv2d_C1_acc_bufvdy  |        3|   0|   0|    0|   784|   48|     1|        37632|
    +------------------------+----------------------+---------+----+----+-----+------+-----+------+-------------+
    |Total                   |                      |        6| 598|  40|    0|  1628|  694|    22|        77058|
    +------------------------+----------------------+---------+----+----+-----+------+-----+------+-------------+

    * FIFO: 
    N/A

    * Expression: 
    +---------------------------+----------+-------+---+----+------------+------------+
    |       Variable Name       | Operation| DSP48E| FF| LUT| Bitwidth P0| Bitwidth P1|
    +---------------------------+----------+-------+---+----+------------+------------+
    |add_ln1192_100_fu_1573_p2  |     +    |      0|  0|  85|          78|          78|
    |add_ln1192_101_fu_1646_p2  |     +    |      0|  0|  85|          78|          78|
    |add_ln1192_102_fu_1658_p2  |     +    |      0|  0|  85|          78|          78|
    |add_ln1192_103_fu_1681_p2  |     +    |      0|  0|  85|          78|          78|
    |add_ln1192_104_fu_1704_p2  |     +    |      0|  0|  85|          78|          78|
    |add_ln1192_105_fu_1752_p2  |     +    |      0|  0|  85|          78|          78|
    |add_ln1192_106_fu_1767_p2  |     +    |      0|  0|  85|          78|          78|
    |add_ln1192_107_fu_1791_p2  |     +    |      0|  0|  85|          78|          78|
    |add_ln1192_108_fu_1814_p2  |     +    |      0|  0|  85|          78|          78|
    |add_ln1192_109_fu_1846_p2  |     +    |      0|  0|  85|          78|          78|
    |add_ln1192_110_fu_1871_p2  |     +    |      0|  0|  85|          78|          78|
    |add_ln1192_96_fu_1430_p2   |     +    |      0|  0|  85|          78|          78|
    |add_ln1192_97_fu_1511_p2   |     +    |      0|  0|  85|          78|          78|
    |add_ln1192_98_fu_1523_p2   |     +    |      0|  0|  85|          78|          78|
    |add_ln1192_99_fu_1549_p2   |     +    |      0|  0|  85|          78|          78|
    |add_ln1192_fu_1413_p2      |     +    |      0|  0|  85|          78|          78|
    |add_ln203_103_fu_1076_p2   |     +    |      0|  0|  13|          11|          11|
    |add_ln203_104_fu_1156_p2   |     +    |      0|  0|  13|          11|          11|
    |add_ln203_105_fu_1246_p2   |     +    |      0|  0|  13|          11|          11|
    |add_ln203_106_fu_1091_p2   |     +    |      0|  0|  13|          11|          11|
    |add_ln203_107_fu_1264_p2   |     +    |      0|  0|  13|          11|          11|
    |add_ln203_108_fu_1275_p2   |     +    |      0|  0|  13|          11|          11|
    |add_ln203_109_fu_1190_p2   |     +    |      0|  0|  13|          11|          11|
    |add_ln203_110_fu_1306_p2   |     +    |      0|  0|  13|          11|          11|
    |add_ln203_111_fu_1315_p2   |     +    |      0|  0|  13|          11|          11|
    |add_ln203_112_fu_1946_p2   |     +    |      0|  0|  15|           9|           9|
    |add_ln203_113_fu_2015_p2   |     +    |      0|  0|   8|          13|          13|
    |add_ln203_114_fu_2021_p2   |     +    |      0|  0|   8|          11|          11|
    |add_ln203_fu_853_p2        |     +    |      0|  0|   8|          11|          11|
    |add_ln30_fu_782_p2         |     +    |      0|  0|  14|          10|           1|
    |add_ln39_fu_977_p2         |     +    |      0|  0|  14|          10|           1|
    |add_ln47_1_fu_959_p2       |     +    |      0|  0|  15|           5|           1|
    |add_ln47_2_fu_993_p2       |     +    |      0|  0|  15|           6|           2|
    |add_ln47_3_fu_1138_p2      |     +    |      0|  0|  15|           5|           2|
    |add_ln47_fu_945_p2         |     +    |      0|  0|  15|           6|           2|
    |add_ln48_1_fu_1181_p2      |     +    |      0|  0|  15|           5|           1|
    |add_ln48_fu_1058_p2        |     +    |      0|  0|  15|           6|           2|
    |add_ln66_fu_1903_p2        |     +    |      0|  0|  14|          10|           1|
    |add_ln703_4_fu_1892_p2     |     +    |      0|  0|  55|          48|          48|
    |add_ln703_fu_1887_p2       |     +    |      0|  0|  55|          48|          48|
    |c_3_fu_1937_p2             |     +    |      0|  0|  15|           1|           5|
    |c_fu_816_p2                |     +    |      0|  0|  15|           5|           1|
    |ofm_fu_2038_p2             |     +    |      0|  0|  12|           3|           2|
    |r_3_fu_1909_p2             |     +    |      0|  0|  15|           1|           5|
    |r_fu_788_p2                |     +    |      0|  0|  15|           5|           1|
    |sub_ln203_10_fu_1048_p2    |     -    |      0|  0|  13|          11|          11|
    |sub_ln203_11_fu_1240_p2    |     -    |      0|  0|  13|          11|          11|
    |sub_ln203_12_fu_1975_p2    |     -    |      0|  0|   8|          13|          13|
    |sub_ln203_13_fu_2003_p2    |     -    |      0|  0|   8|          11|          11|
    |sub_ln203_8_fu_844_p2      |     -    |      0|  0|   8|          11|          11|
    |sub_ln203_9_fu_1132_p2     |     -    |      0|  0|  13|          11|          11|
    |sub_ln203_fu_742_p2        |     -    |      0|  0|  15|           8|           8|
    |icmp_ln28_fu_698_p2        |   icmp   |      0|  0|   9|           3|           3|
    |icmp_ln30_fu_776_p2        |   icmp   |      0|  0|  13|          10|           9|
    |icmp_ln31_fu_794_p2        |   icmp   |      0|  0|  11|           5|           4|
    |icmp_ln39_fu_971_p2        |   icmp   |      0|  0|  13|          10|           9|
    |icmp_ln40_fu_983_p2        |   icmp   |      0|  0|  11|           5|           4|
    |icmp_ln49_1_fu_1200_p2     |   icmp   |      0|  0|  11|           5|           4|
    |icmp_ln49_2_fu_1296_p2     |   icmp   |      0|  0|  11|           5|           4|
    |icmp_ln49_fu_965_p2        |   icmp   |      0|  0|  11|           5|           4|
    |icmp_ln66_fu_1897_p2       |   icmp   |      0|  0|  13|          10|           9|
    |icmp_ln67_fu_1915_p2       |   icmp   |      0|  0|  11|           5|           4|
    |ap_block_state1            |    or    |      0|  0|   2|           1|           1|
    |or_ln49_1_fu_1301_p2       |    or    |      0|  0|   2|           1|           1|
    |or_ln49_2_fu_1485_p2       |    or    |      0|  0|   2|           1|           1|
    |or_ln49_3_fu_1627_p2       |    or    |      0|  0|   2|           1|           1|
    |or_ln49_fu_1144_p2         |    or    |      0|  0|   6|           6|           6|
    |select_ln33_1_fu_808_p3    |  select  |      0|  0|   5|           1|           5|
    |select_ln33_fu_800_p3      |  select  |      0|  0|   5|           1|           1|
    |select_ln39_2_fu_1102_p3   |  select  |      0|  0|   5|           1|           5|
    |select_ln39_3_fu_999_p3    |  select  |      0|  0|   6|           1|           6|
    |select_ln39_4_fu_1015_p3   |  select  |      0|  0|   2|           1|           1|
    |select_ln39_5_fu_1205_p3   |  select  |      0|  0|   2|           1|           1|
    |select_ln39_6_fu_1211_p3   |  select  |      0|  0|   5|           1|           5|
    |select_ln39_fu_1023_p3     |  select  |      0|  0|   5|           1|           1|
    |select_ln49_1_fu_1174_p3   |  select  |      0|  0|  48|           1|           1|
    |select_ln49_2_fu_1320_p3   |  select  |      0|  0|  48|           1|           1|
    |select_ln49_3_fu_1328_p3   |  select  |      0|  0|  48|           1|           1|
    |select_ln49_4_fu_1392_p3   |  select  |      0|  0|  48|           1|           1|
    |select_ln49_5_fu_1489_p3   |  select  |      0|  0|  48|           1|           1|
    |select_ln49_6_fu_1497_p3   |  select  |      0|  0|  48|           1|           1|
    |select_ln49_7_fu_1631_p3   |  select  |      0|  0|  48|           1|           1|
    |select_ln49_fu_1166_p3     |  select  |      0|  0|  48|           1|           1|
    |select_ln69_1_fu_1929_p3   |  select  |      0|  0|   5|           1|           5|
    |select_ln69_fu_1921_p3     |  select  |      0|  0|   5|           1|           1|
    |ap_enable_pp0              |    xor   |      0|  0|   2|           1|           2|
    |ap_enable_pp1              |    xor   |      0|  0|   2|           1|           2|
    |ap_enable_pp2              |    xor   |      0|  0|   2|           1|           2|
    |ap_enable_reg_pp0_iter1    |    xor   |      0|  0|   2|           2|           1|
    |ap_enable_reg_pp2_iter1    |    xor   |      0|  0|   2|           2|           1|
    +---------------------------+----------+-------+---+----+------------+------------+
    |Total                      |          |      0|  0|2475|        1739|        1701|
    +---------------------------+----------+-------+---+----+------------+------------+

    * Multiplexer: 
    +-------------------------------------------+----+-----------+-----+-----------+
    |                    Name                   | LUT| Input Size| Bits| Total Bits|
    +-------------------------------------------+----+-----------+-----+-----------+
    |acc_buf_0_V_address0                       |  27|          5|   10|         50|
    |acc_buf_0_V_d0                             |  15|          3|   48|        144|
    |acc_buf_1_V_address0                       |  27|          5|   10|         50|
    |acc_buf_1_V_d0                             |  15|          3|   48|        144|
    |ap_NS_fsm                                  |  62|         15|    1|         15|
    |ap_done                                    |   9|          2|    1|          2|
    |ap_enable_reg_pp0_iter1                    |  15|          3|    1|          3|
    |ap_enable_reg_pp1_iter2                    |   9|          2|    1|          2|
    |ap_enable_reg_pp2_iter1                    |   9|          2|    1|          2|
    |ap_enable_reg_pp2_iter2                    |   9|          2|    1|          2|
    |ap_phi_mux_c9_0_0_phi_fu_657_p4            |   9|          2|    5|         10|
    |ap_phi_mux_indvar_flatten11_phi_fu_634_p4  |   9|          2|   10|         20|
    |ap_phi_mux_r10_0_phi_fu_680_p4             |   9|          2|    5|         10|
    |ap_phi_mux_r8_0_0_phi_fu_645_p4            |   9|          2|    5|         10|
    |ap_phi_mux_r_0_phi_fu_612_p4               |   9|          2|    5|         10|
    |c11_0_reg_687                              |   9|          2|    5|         10|
    |c9_0_0_reg_653                             |   9|          2|    5|         10|
    |c_0_reg_619                                |   9|          2|    5|         10|
    |in_V_address0                              |  33|          6|   10|         60|
    |in_V_address1                              |  27|          5|   10|         50|
    |indvar_flatten11_reg_630                   |   9|          2|   10|         20|
    |indvar_flatten23_reg_665                   |   9|          2|   10|         20|
    |indvar_flatten_reg_597                     |   9|          2|   10|         20|
    |ofm_0_reg_585                              |   9|          2|    3|          6|
    |r10_0_reg_676                              |   9|          2|    5|         10|
    |r8_0_0_reg_641                             |   9|          2|    5|         10|
    |r_0_reg_608                                |   9|          2|    5|         10|
    +-------------------------------------------+----+-----------+-----+-----------+
    |Total                                      | 392|         83|  235|        710|
    +-------------------------------------------+----+-----------+-----+-----------+

    * Register: 
    +-------------------------------------------+----+----+-----+-----------+
    |                    Name                   | FF | LUT| Bits| Const Bits|
    +-------------------------------------------+----+----+-----+-----------+
    |acc_buf_0_V_addr_4_reg_2468                |  10|   0|   10|          0|
    |acc_buf_0_V_addr_4_reg_2468_pp1_iter1_reg  |  10|   0|   10|          0|
    |acc_buf_0_V_load_2_reg_2721                |  48|   0|   48|          0|
    |acc_buf_1_V_addr_4_reg_2473                |  10|   0|   10|          0|
    |acc_buf_1_V_addr_4_reg_2473_pp1_iter1_reg  |  10|   0|   10|          0|
    |acc_buf_1_V_load_2_reg_2726                |  48|   0|   48|          0|
    |add_ln203_105_reg_2447                     |  11|   0|   11|          0|
    |add_ln203_108_reg_2463                     |  11|   0|   11|          0|
    |add_ln203_111_reg_2499                     |  11|   0|   11|          0|
    |add_ln203_113_reg_2789                     |  13|   0|   13|          0|
    |add_ln39_reg_2321                          |  10|   0|   10|          0|
    |add_ln47_1_reg_2306                        |   5|   0|    5|          0|
    |add_ln47_3_reg_2401                        |   5|   0|    5|          0|
    |add_ln48_1_reg_2423                        |   5|   0|    5|          0|
    |add_ln48_reg_2357                          |   6|   0|    6|          0|
    |add_ln703_4_reg_2756                       |  48|   0|   48|          0|
    |add_ln703_reg_2751                         |  48|   0|   48|          0|
    |ap_CS_fsm                                  |  14|   0|   14|          0|
    |ap_done_reg                                |   1|   0|    1|          0|
    |ap_enable_reg_pp0_iter0                    |   1|   0|    1|          0|
    |ap_enable_reg_pp0_iter1                    |   1|   0|    1|          0|
    |ap_enable_reg_pp1_iter0                    |   1|   0|    1|          0|
    |ap_enable_reg_pp1_iter1                    |   1|   0|    1|          0|
    |ap_enable_reg_pp1_iter2                    |   1|   0|    1|          0|
    |ap_enable_reg_pp2_iter0                    |   1|   0|    1|          0|
    |ap_enable_reg_pp2_iter1                    |   1|   0|    1|          0|
    |ap_enable_reg_pp2_iter2                    |   1|   0|    1|          0|
    |c11_0_reg_687                              |   5|   0|    5|          0|
    |c9_0_0_reg_653                             |   5|   0|    5|          0|
    |c_0_reg_619                                |   5|   0|    5|          0|
    |icmp_ln30_reg_2100                         |   1|   0|    1|          0|
    |icmp_ln39_reg_2317                         |   1|   0|    1|          0|
    |icmp_ln39_reg_2317_pp1_iter1_reg           |   1|   0|    1|          0|
    |icmp_ln40_reg_2326                         |   1|   0|    1|          0|
    |icmp_ln49_2_reg_2488                       |   1|   0|    1|          0|
    |icmp_ln49_reg_2312                         |   1|   0|    1|          0|
    |icmp_ln66_reg_2761                         |   1|   0|    1|          0|
    |icmp_ln66_reg_2761_pp2_iter1_reg           |   1|   0|    1|          0|
    |in_V_load_34_reg_2561                      |  48|   0|   48|          0|
    |indvar_flatten11_reg_630                   |  10|   0|   10|          0|
    |indvar_flatten23_reg_665                   |  10|   0|   10|          0|
    |indvar_flatten_reg_597                     |  10|   0|   10|          0|
    |lshr_ln_reg_2047                           |   2|   0|    2|          0|
    |mul_ln1118_101_reg_2535                    |  77|   0|   77|          0|
    |mul_ln1118_102_reg_2540                    |  78|   0|   78|          0|
    |mul_ln1118_103_reg_2576                    |  78|   0|   78|          0|
    |mul_ln1118_104_reg_2586                    |  78|   0|   78|          0|
    |mul_ln1118_105_reg_2596                    |  77|   0|   77|          0|
    |mul_ln1118_106_reg_2601                    |  78|   0|   78|          0|
    |mul_ln1118_107_reg_2629                    |  78|   0|   78|          0|
    |mul_ln1118_108_reg_2639                    |  78|   0|   78|          0|
    |mul_ln1118_109_reg_2649                    |  78|   0|   78|          0|
    |mul_ln1118_110_reg_2654                    |  78|   0|   78|          0|
    |mul_ln1118_111_reg_2681                    |  78|   0|   78|          0|
    |mul_ln1118_112_reg_2691                    |  77|   0|   77|          0|
    |mul_ln1118_113_reg_2701                    |  78|   0|   78|          0|
    |mul_ln1118_114_reg_2706                    |  78|   0|   78|          0|
    |mul_ln1118_115_reg_2731                    |  78|   0|   78|          0|
    |mul_ln1118_116_reg_2741                    |  77|   0|   77|          0|
    |ofm_0_reg_585                              |   3|   0|    3|          0|
    |r10_0_reg_676                              |   5|   0|    5|          0|
    |r8_0_0_reg_641                             |   5|   0|    5|          0|
    |r_0_reg_608                                |   5|   0|    5|          0|
    |select_ln33_1_reg_2114                     |   5|   0|    5|          0|
    |select_ln33_reg_2109                       |   5|   0|    5|          0|
    |select_ln39_2_reg_2390                     |   5|   0|    5|          0|
    |select_ln39_3_reg_2334                     |   6|   0|    6|          0|
    |select_ln39_4_reg_2341                     |   1|   0|    1|          0|
    |select_ln39_5_reg_2440                     |   1|   0|    1|          0|
    |select_ln39_reg_2347                       |   5|   0|    5|          0|
    |select_ln49_1_reg_2417                     |  48|   0|   48|          0|
    |select_ln49_2_reg_2504                     |  48|   0|   48|          0|
    |select_ln49_3_reg_2509                     |  48|   0|   48|          0|
    |select_ln49_4_reg_2566                     |  48|   0|   48|          0|
    |select_ln49_5_reg_2618                     |  48|   0|   48|          0|
    |select_ln49_6_reg_2624                     |  48|   0|   48|          0|
    |select_ln49_7_reg_2675                     |  48|   0|   48|          0|
    |select_ln49_reg_2412                       |  48|   0|   48|          0|
    |select_ln69_1_reg_2776                     |   5|   0|    5|          0|
    |select_ln69_reg_2770                       |   5|   0|    5|          0|
    |sext_ln1118_10_reg_2281                    |  77|   0|   77|          0|
    |sext_ln1118_11_reg_2301                    |  77|   0|   77|          0|
    |sext_ln1118_2_reg_2221                     |  77|   0|   77|          0|
    |sext_ln1118_3_reg_2226                     |  77|   0|   77|          0|
    |sext_ln1118_4_reg_2231                     |  78|   0|   78|          0|
    |sext_ln1118_5_reg_2236                     |  78|   0|   78|          0|
    |sext_ln1118_6_reg_2241                     |  78|   0|   78|          0|
    |sext_ln1118_7_reg_2251                     |  78|   0|   78|          0|
    |sext_ln1118_8_reg_2261                     |  78|   0|   78|          0|
    |sext_ln1118_9_reg_2271                     |  78|   0|   78|          0|
    |sext_ln1118_reg_2216                       |  77|   0|   77|          0|
    |sext_ln203_10_reg_2368                     |  11|   0|   11|          0|
    |sext_ln203_reg_2085                        |   7|   0|    9|          2|
    |sext_ln728_reg_2090                        |  46|   0|   48|          2|
    |sub_ln203_10_reg_2352                      |   9|   0|   11|          2|
    |sub_ln203_9_reg_2395                       |   9|   0|   11|          2|
    |tmp_143_reg_2362                           |   1|   0|    1|          0|
    |tmp_147_reg_2581                           |  48|   0|   48|          0|
    |tmp_148_reg_2591                           |  48|   0|   48|          0|
    |tmp_151_reg_2634                           |  48|   0|   48|          0|
    |tmp_152_reg_2644                           |  48|   0|   48|          0|
    |tmp_155_reg_2686                           |  48|   0|   48|          0|
    |tmp_156_reg_2696                           |  48|   0|   48|          0|
    |tmp_159_reg_2736                           |  48|   0|   48|          0|
    |tmp_160_reg_2746                           |  48|   0|   48|          0|
    |trunc_ln708_s_reg_2525                     |  47|   0|   47|          0|
    |trunc_ln_reg_2520                          |  47|   0|   47|          0|
    |zext_ln1118_2_reg_2256                     |  30|   0|   78|         48|
    |zext_ln1118_3_reg_2266                     |  30|   0|   78|         48|
    |zext_ln1118_4_reg_2276                     |  30|   0|   78|         48|
    |zext_ln1118_5_reg_2286                     |  30|   0|   78|         48|
    |zext_ln1118_6_reg_2291                     |  30|   0|   78|         48|
    |zext_ln1118_7_reg_2296                     |  30|   0|   78|         48|
    |zext_ln1118_reg_2246                       |  29|   0|   77|         48|
    |zext_ln1265_reg_2053                       |   2|   0|   64|         62|
    |zext_ln203_150_reg_2379                    |   5|   0|   11|          6|
    |zext_ln203_153_reg_2429                    |   5|   0|   11|          6|
    |zext_ln728_reg_2095                        |  27|   0|   48|         21|
    +-------------------------------------------+----+----+-----+-----------+
    |Total                                      |3781|   0| 4220|        439|
    +-------------------------------------------+----+----+-----+-----------+



================================================================
== Interface
================================================================
* Summary: 
+---------------------+-----+-----+------------+--------------+--------------+
|      RTL Ports      | Dir | Bits|  Protocol  | Source Object|    C Type    |
+---------------------+-----+-----+------------+--------------+--------------+
|ap_clk               |  in |    1| ap_ctrl_hs |   conv2d_C1  | return value |
|ap_rst               |  in |    1| ap_ctrl_hs |   conv2d_C1  | return value |
|ap_start             |  in |    1| ap_ctrl_hs |   conv2d_C1  | return value |
|ap_done              | out |    1| ap_ctrl_hs |   conv2d_C1  | return value |
|ap_continue          |  in |    1| ap_ctrl_hs |   conv2d_C1  | return value |
|ap_idle              | out |    1| ap_ctrl_hs |   conv2d_C1  | return value |
|ap_ready             | out |    1| ap_ctrl_hs |   conv2d_C1  | return value |
|in_V_address0        | out |   10|  ap_memory |     in_V     |     array    |
|in_V_ce0             | out |    1|  ap_memory |     in_V     |     array    |
|in_V_q0              |  in |   48|  ap_memory |     in_V     |     array    |
|in_V_address1        | out |   10|  ap_memory |     in_V     |     array    |
|in_V_ce1             | out |    1|  ap_memory |     in_V     |     array    |
|in_V_q1              |  in |   48|  ap_memory |     in_V     |     array    |
|out_c1_0_V_address0  | out |   12|  ap_memory |  out_c1_0_V  |     array    |
|out_c1_0_V_ce0       | out |    1|  ap_memory |  out_c1_0_V  |     array    |
|out_c1_0_V_we0       | out |    1|  ap_memory |  out_c1_0_V  |     array    |
|out_c1_0_V_d0        | out |   48|  ap_memory |  out_c1_0_V  |     array    |
|out_c1_1_V_address0  | out |   12|  ap_memory |  out_c1_1_V  |     array    |
|out_c1_1_V_ce0       | out |    1|  ap_memory |  out_c1_1_V  |     array    |
|out_c1_1_V_we0       | out |    1|  ap_memory |  out_c1_1_V  |     array    |
|out_c1_1_V_d0        | out |   48|  ap_memory |  out_c1_1_V  |     array    |
+---------------------+-----+-----+------------+--------------+--------------+

