

================================================================
== Vivado HLS Report for 'fc_FC2'
================================================================
* Date:           Thu Mar 19 11:02:42 2020

* Version:        2019.1 (Build 2552052 on Fri May 24 15:28:33 MDT 2019)
* Project:        lenet_cnn3_Accuracy
* Solution:       solution_data_4816
* Product family: zynq
* Target device:  xc7z020-clg400-1


================================================================
== Performance Estimates
================================================================
+ Timing (ns): 
    * Summary: 
    +--------+-------+----------+------------+
    |  Clock | Target| Estimated| Uncertainty|
    +--------+-------+----------+------------+
    |ap_clk  |  10.00|     8.625|        1.25|
    +--------+-------+----------+------------+

+ Latency (clock cycles): 
    * Summary: 
    +------+------+------+------+---------+
    |   Latency   |   Interval  | Pipeline|
    |  min |  max |  min |  max |   Type  |
    +------+------+------+------+---------+
    |  5188|  5188|  5188|  5188|   none  |
    +------+------+------+------+---------+

    + Detail: 
        * Instance: 
        N/A

        * Loop: 
        +----------+------+------+----------+-----------+-----------+------+----------+
        |          |   Latency   | Iteration|  Initiation Interval  | Trip |          |
        | Loop Name|  min |  max |  Latency |  achieved |   target  | Count| Pipelined|
        +----------+------+------+----------+-----------+-----------+------+----------+
        |- OUT     |  5187|  5187|       247|          -|          -|    21|    no    |
        | + IN     |   243|   243|         6|          2|          1|   120|    yes   |
        +----------+------+------+----------+-----------+-----------+------+----------+



================================================================
== Utilization Estimates
================================================================
* Summary: 
+-----------------+---------+-------+--------+-------+-----+
|       Name      | BRAM_18K| DSP48E|   FF   |  LUT  | URAM|
+-----------------+---------+-------+--------+-------+-----+
|DSP              |        -|      -|       -|      -|    -|
|Expression       |        -|      -|       0|    430|    -|
|FIFO             |        -|      -|       -|      -|    -|
|Instance         |        -|     24|     900|    324|    -|
|Memory           |       32|      -|     106|     36|    -|
|Multiplexer      |        -|      -|       -|    143|    -|
|Register         |        0|      -|     651|     32|    -|
+-----------------+---------+-------+--------+-------+-----+
|Total            |       32|     24|    1657|    965|    0|
+-----------------+---------+-------+--------+-------+-----+
|Available        |      280|    220|  106400|  53200|    0|
+-----------------+---------+-------+--------+-------+-----+
|Utilization (%)  |       11|     10|       1|      1|    0|
+-----------------+---------+-------+--------+-------+-----+

+ Detail: 
    * Instance: 
    +---------------------------+----------------------+---------+-------+-----+----+-----+
    |          Instance         |        Module        | BRAM_18K| DSP48E|  FF | LUT| URAM|
    +---------------------------+----------------------+---------+-------+-----+----+-----+
    |lenet_mul_47ns_29cEy_U324  |lenet_mul_47ns_29cEy  |        0|      6|  225|  81|    0|
    |lenet_mul_47ns_30cDy_U322  |lenet_mul_47ns_30cDy  |        0|      6|  225|  81|    0|
    |lenet_mul_47ns_30cDy_U323  |lenet_mul_47ns_30cDy  |        0|      6|  225|  81|    0|
    |lenet_mul_47ns_30cDy_U325  |lenet_mul_47ns_30cDy  |        0|      6|  225|  81|    0|
    +---------------------------+----------------------+---------+-------+-----+----+-----+
    |Total                      |                      |        0|     24|  900| 324|    0|
    +---------------------------+----------------------+---------+-------+-----+----+-----+

    * DSP48E: 
    N/A

    * Memory: 
    +-------------------+----------------------+---------+----+----+-----+------+-----+------+-------------+
    |       Memory      |        Module        | BRAM_18K| FF | LUT| URAM| Words| Bits| Banks| W*Bits*Banks|
    +-------------------+----------------------+---------+----+----+-----+------+-----+------+-------------+
    |FC2_bias_V_0_U     |fc_FC2_FC2_bias_V_0   |        0|  27|   9|    0|    21|   27|     1|          567|
    |FC2_bias_V_1_U     |fc_FC2_FC2_bias_V_1   |        0|  26|   9|    0|    21|   26|     1|          546|
    |FC2_bias_V_2_U     |fc_FC2_FC2_bias_V_2   |        0|  27|   9|    0|    21|   27|     1|          567|
    |FC2_bias_V_3_U     |fc_FC2_FC2_bias_V_3   |        0|  26|   9|    0|    21|   26|     1|          546|
    |FC2_weights_V_1_U  |fc_FC2_FC2_weightcAy  |        8|   0|   0|    0|  2520|   30|     1|        75600|
    |FC2_weights_V_2_U  |fc_FC2_FC2_weightcBy  |        8|   0|   0|    0|  2520|   29|     1|        73080|
    |FC2_weights_V_3_U  |fc_FC2_FC2_weightcCy  |        8|   0|   0|    0|  2520|   30|     1|        75600|
    |FC2_weights_V_0_U  |fc_FC2_FC2_weightczy  |        8|   0|   0|    0|  2520|   30|     1|        75600|
    +-------------------+----------------------+---------+----+----+-----+------+-----+------+-------------+
    |Total              |                      |       32| 106|  36|    0| 10164|  225|     8|       302106|
    +-------------------+----------------------+---------+----+----+-----+------+-----+------+-------------+

    * FIFO: 
    N/A

    * Expression: 
    +----------------------+----------+-------+---+----+------------+------------+
    |     Variable Name    | Operation| DSP48E| FF| LUT| Bitwidth P0| Bitwidth P1|
    +----------------------+----------+-------+---+----+------------+------------+
    |add_ln1116_fu_409_p2  |     +    |      0|  0|  17|          13|          13|
    |i_fu_394_p2           |     +    |      0|  0|  15|           7|           1|
    |o_fu_575_p2           |     +    |      0|  0|  15|           7|           3|
    |ret_V_2_fu_502_p2     |     +    |      0|  0|  85|          78|          78|
    |ret_V_3_fu_530_p2     |     +    |      0|  0|  85|          78|          78|
    |ret_V_4_fu_558_p2     |     +    |      0|  0|  85|          78|          78|
    |ret_V_fu_474_p2       |     +    |      0|  0|  85|          78|          78|
    |sub_ln1116_fu_330_p2  |     -    |      0|  0|  17|          13|          13|
    |icmp_ln73_fu_280_p2   |   icmp   |      0|  0|  11|           7|           7|
    |icmp_ln78_fu_388_p2   |   icmp   |      0|  0|  11|           7|           5|
    |ap_block_state1       |    or    |      0|  0|   2|           1|           1|
    |ap_enable_pp0         |    xor   |      0|  0|   2|           1|           2|
    +----------------------+----------+-------+---+----+------------+------------+
    |Total                 |          |      0|  0| 430|         368|         357|
    +----------------------+----------+-------+---+----+------------+------------+

    * Multiplexer: 
    +------------------------------+----+-----------+-----+-----------+
    |             Name             | LUT| Input Size| Bits| Total Bits|
    +------------------------------+----+-----------+-----+-----------+
    |ap_NS_fsm                     |  38|          7|    1|          7|
    |ap_done                       |   9|          2|    1|          2|
    |ap_enable_reg_pp0_iter2       |   9|          2|    1|          2|
    |ap_phi_mux_i_0_phi_fu_273_p4  |   9|          2|    7|         14|
    |i_0_reg_269                   |   9|          2|    7|         14|
    |o_0_reg_257                   |   9|          2|    7|         14|
    |out_fc2_0_V_d0                |  15|          3|   48|        144|
    |out_fc2_1_V_d0                |  15|          3|   48|        144|
    |out_fc2_2_V_d0                |  15|          3|   48|        144|
    |out_fc2_3_V_d0                |  15|          3|   48|        144|
    +------------------------------+----+-----------+-----+-----------+
    |Total                         | 143|         29|  216|        629|
    +------------------------------+----+-----------+-----+-----------+

    * Register: 
    +------------------------------+----+----+-----+-----------+
    |             Name             | FF | LUT| Bits| Const Bits|
    +------------------------------+----+----+-----+-----------+
    |FC2_weights_V_0_load_reg_669  |  30|   0|   30|          0|
    |FC2_weights_V_1_load_reg_680  |  30|   0|   30|          0|
    |FC2_weights_V_2_load_reg_685  |  29|   0|   29|          0|
    |FC2_weights_V_3_load_reg_690  |  30|   0|   30|          0|
    |ap_CS_fsm                     |   6|   0|    6|          0|
    |ap_done_reg                   |   1|   0|    1|          0|
    |ap_enable_reg_pp0_iter0       |   1|   0|    1|          0|
    |ap_enable_reg_pp0_iter1       |   1|   0|    1|          0|
    |ap_enable_reg_pp0_iter2       |   1|   0|    1|          0|
    |i_0_reg_269                   |   7|   0|    7|          0|
    |i_reg_639                     |   7|   0|    7|          0|
    |icmp_ln78_reg_635             |   1|   0|    1|          0|
    |in_V_load_reg_674             |  47|   0|   47|          0|
    |lshr_ln_reg_584               |   5|   0|    5|          0|
    |o_0_reg_257                   |   7|   0|    7|          0|
    |out_fc2_0_V_addr_reg_595      |   5|   0|    5|          0|
    |out_fc2_1_V_addr_reg_605      |   5|   0|    5|          0|
    |out_fc2_2_V_addr_reg_615      |   5|   0|    5|          0|
    |out_fc2_3_V_addr_reg_625      |   5|   0|    5|          0|
    |r_V_2_reg_722                 |  77|   0|   77|          0|
    |r_V_3_reg_737                 |  76|   0|   76|          0|
    |r_V_4_reg_742                 |  77|   0|   77|          0|
    |r_V_reg_717                   |  77|   0|   77|          0|
    |sub_ln1116_reg_630            |  10|   0|   13|          3|
    |zext_ln1118_1_reg_700         |  47|   0|   77|         30|
    |icmp_ln78_reg_635             |  64|  32|    1|          0|
    +------------------------------+----+----+-----+-----------+
    |Total                         | 651|  32|  621|         33|
    +------------------------------+----+----+-----+-----------+



================================================================
== Interface
================================================================
* Summary: 
+----------------------+-----+-----+------------+--------------+--------------+
|       RTL Ports      | Dir | Bits|  Protocol  | Source Object|    C Type    |
+----------------------+-----+-----+------------+--------------+--------------+
|ap_clk                |  in |    1| ap_ctrl_hs |    fc_FC2    | return value |
|ap_rst                |  in |    1| ap_ctrl_hs |    fc_FC2    | return value |
|ap_start              |  in |    1| ap_ctrl_hs |    fc_FC2    | return value |
|ap_done               | out |    1| ap_ctrl_hs |    fc_FC2    | return value |
|ap_continue           |  in |    1| ap_ctrl_hs |    fc_FC2    | return value |
|ap_idle               | out |    1| ap_ctrl_hs |    fc_FC2    | return value |
|ap_ready              | out |    1| ap_ctrl_hs |    fc_FC2    | return value |
|in_V_address0         | out |    7|  ap_memory |     in_V     |     array    |
|in_V_ce0              | out |    1|  ap_memory |     in_V     |     array    |
|in_V_q0               |  in |   47|  ap_memory |     in_V     |     array    |
|out_fc2_0_V_address0  | out |    5|  ap_memory |  out_fc2_0_V |     array    |
|out_fc2_0_V_ce0       | out |    1|  ap_memory |  out_fc2_0_V |     array    |
|out_fc2_0_V_we0       | out |    1|  ap_memory |  out_fc2_0_V |     array    |
|out_fc2_0_V_d0        | out |   48|  ap_memory |  out_fc2_0_V |     array    |
|out_fc2_0_V_q0        |  in |   48|  ap_memory |  out_fc2_0_V |     array    |
|out_fc2_1_V_address0  | out |    5|  ap_memory |  out_fc2_1_V |     array    |
|out_fc2_1_V_ce0       | out |    1|  ap_memory |  out_fc2_1_V |     array    |
|out_fc2_1_V_we0       | out |    1|  ap_memory |  out_fc2_1_V |     array    |
|out_fc2_1_V_d0        | out |   48|  ap_memory |  out_fc2_1_V |     array    |
|out_fc2_1_V_q0        |  in |   48|  ap_memory |  out_fc2_1_V |     array    |
|out_fc2_2_V_address0  | out |    5|  ap_memory |  out_fc2_2_V |     array    |
|out_fc2_2_V_ce0       | out |    1|  ap_memory |  out_fc2_2_V |     array    |
|out_fc2_2_V_we0       | out |    1|  ap_memory |  out_fc2_2_V |     array    |
|out_fc2_2_V_d0        | out |   48|  ap_memory |  out_fc2_2_V |     array    |
|out_fc2_2_V_q0        |  in |   48|  ap_memory |  out_fc2_2_V |     array    |
|out_fc2_3_V_address0  | out |    5|  ap_memory |  out_fc2_3_V |     array    |
|out_fc2_3_V_ce0       | out |    1|  ap_memory |  out_fc2_3_V |     array    |
|out_fc2_3_V_we0       | out |    1|  ap_memory |  out_fc2_3_V |     array    |
|out_fc2_3_V_d0        | out |   48|  ap_memory |  out_fc2_3_V |     array    |
|out_fc2_3_V_q0        |  in |   48|  ap_memory |  out_fc2_3_V |     array    |
+----------------------+-----+-----+------------+--------------+--------------+

