INFO: [SIM 2] *************** CSIM start ***************
INFO: [SIM 4] CSIM will launch GCC as the compiler.
   Compiling ../../../../relu_tb.cpp in debug mode
   Compiling ../../../../relu_Alg.cpp in debug mode
   Generating csim.exe
OUT: 0
OUT: 0
OUT: 0
OUT: 0
OUT: 1.066
OUT: 0
OUT: 0.691
OUT: 0
OUT: 0
OUT: 0
OUT: 0.3499
OUT: 0.1821
OUT: 0
OUT: 0.1669
OUT: 0.5713
OUT: 0
OUT: 0
OUT: 0.2654
OUT: 0
OUT: 0
OUT: 1.273
OUT: 0
OUT: 0
OUT: 0.545
OUT: 1.803
OUT: 0
OUT: 0
OUT: 0
OUT: 0.3486
OUT: 0
OUT: 0
OUT: 0
OUT: 0
OUT: 0
OUT: 1.234
OUT: 0.2935
OUT: 0.1965
OUT: 0
OUT: 0
OUT: 0
OUT: 0
OUT: 1.804
OUT: 0
OUT: 0.01489
OUT: 0.3564
OUT: 0.393
OUT: 0.2291
OUT: 0
OUT: 0
OUT: 0.3643
OUT: 1.775
OUT: 0
OUT: 0.573
OUT: 0.599
OUT: 0
OUT: 0
OUT: 0
OUT: 0.648
OUT: 1.112
OUT: 1.412
OUT: 1.009
OUT: 0.581
OUT: 0
OUT: 0
OUT: 0.9272
OUT: 0.2578
OUT: 0
OUT: 0
OUT: 1.061
OUT: 0.8525
OUT: 1.237
OUT: 0
OUT: 0
OUT: 0.6543
OUT: 0
OUT: 0.3223
OUT: 2.11
OUT: 0
OUT: 0.1139
OUT: 1.494
OUT: 0
OUT: 0.888
OUT: 0
OUT: 0.1381
OUT: 0.6895
OUT: 0
OUT: 0.6157
OUT: 0
OUT: 0.912
OUT: 0
OUT: 0.5156
OUT: 1.505
OUT: 0.6763
OUT: 1.371
OUT: 0
OUT: 0.559
OUT: 0
OUT: 0
OUT: 0
OUT: 0
OUT: 0
OUT: 2.555
OUT: 0
OUT: 1.494
OUT: 0
OUT: 0
OUT: 0.2433
OUT: 1.134
OUT: 0
OUT: 1.074
OUT: 0
OUT: 0.7134
OUT: 0
OUT: 0
OUT: 0
OUT: 0
OUT: 0.6997
OUT: 1.486
OUT: 0.5205
OUT: 0
OUT: 0.1522
OUT: 0
OUT: 0
OUT: 0.1627
OUT: 0.2642
OUT: 0.2551
OUT: 0
OUT: 0.4934
OUT: 0
OUT: 0.02473
OUT: 0.2893
OUT: 1.53
OUT: 1.206
OUT: 1.412
OUT: 0
OUT: 1.138
OUT: 0.6035
OUT: 0.007195
OUT: 0
OUT: 0
OUT: 0
OUT: 0.0193
OUT: 1.447
OUT: 0
OUT: 0.3406
OUT: 0
OUT: 0
OUT: 0.1071
OUT: 0.003757
OUT: 0
OUT: 0.1035
OUT: 0
OUT: 0
OUT: 0.4775
OUT: 0
OUT: 0
OUT: 0
OUT: 0
OUT: 0.4849
OUT: 0
OUT: 0.4565
OUT: 0
OUT: 0.3118
OUT: 1.121
OUT: 0.11414
OUT: 0
OUT: 1.949
OUT: 0
OUT: 1.049
OUT: 0
OUT: 0.2422
OUT: 0.806
OUT: 0
OUT: 1.186
OUT: 0
OUT: 0.207
OUT: 0.7866
OUT: 0.4385
OUT: 1.323
OUT: 0.0004888
OUT: 1.751
OUT: 0
OUT: 1.223
OUT: 0
OUT: 0.3806
OUT: 1.244
OUT: 0.1605
OUT: 0
OUT: 0
OUT: 0
OUT: 0
OUT: 0
OUT: 0.92
OUT: 0.273
OUT: 0
OUT: 0.2822
OUT: 0
OUT: 0.3184
OUT: 0
OUT: 0.528
OUT: 0.09314
OUT: 0
OUT: 1.523
OUT: 0
OUT: 0
OUT: 0.4377
OUT: 0
OUT: 0.9434
OUT: 0.549
OUT: 1.713
OUT: 0.6963
OUT: 0
OUT: 0
OUT: 1.41
OUT: 0.272
OUT: 0
OUT: 0
OUT: 0
OUT: 0.3403
OUT: 0.2332
OUT: 0
OUT: 1.17
OUT: 0
OUT: 0.6787
OUT: 0
OUT: 0
OUT: 1.44
OUT: 0.7056
OUT: 0.2935
OUT: 0
OUT: 0.3733
OUT: 0
OUT: 0
OUT: 0
OUT: 0
OUT: 0
OUT: 0.641
OUT: 0.1433
OUT: 0
OUT: 1.729
OUT: 0
OUT: 0.3901
OUT: 0.3408
OUT: 0
OUT: 1.377
OUT: 0
OUT: 0
OUT: 0.5703
OUT: 1.506
OUT: 0
OUT: 0
OUT: 0.7256
OUT: 0
OUT: 1.145
OUT: 0
OUT: 0
OUT: 0
OUT: 0
OUT: 0
OUT: 0
OUT: 0.4868
OUT: 0
OUT: 0
OUT: 1.05
OUT: 1.099
OUT: 0
OUT: 0.55
OUT: 0.10645
OUT: 0
OUT: 0
OUT: 1.241
OUT: 0.6284
OUT: 0
OUT: 0.4902
OUT: 0.594
OUT: 0
OUT: 0
OUT: 1.468
OUT: 0
OUT: 0
OUT: 2.992
OUT: 0
OUT: 0.734
OUT: 0.207
OUT: 0
OUT: 0
OUT: 0.7593
OUT: 0
OUT: 0
OUT: 1.051
OUT: 0.6074
OUT: 0
OUT: 1.106
OUT: 0
OUT: 0
OUT: 0
OUT: 0
OUT: 0
OUT: 1.043
OUT: 0.5986
OUT: 1.134
OUT: 0.3083
OUT: 0.0658
OUT: 0
OUT: 0
OUT: 0
OUT: 0
OUT: 0
OUT: 0
OUT: 0.5083
OUT: 0
OUT: 0.3477
OUT: 0.3533
OUT: 0
OUT: 0.001594
OUT: 0
OUT: 0
OUT: 1.404
OUT: 0.7627
OUT: 2.162
OUT: 1.524
OUT: 0.4404
OUT: 1.907
OUT: 0
OUT: 0.535
OUT: 0
OUT: 0
OUT: 0.4807
OUT: 0
OUT: 1.573
OUT: 0
OUT: 0.4587
OUT: 0.8296
OUT: 0
OUT: 0.43
OUT: 0
OUT: 0
OUT: 0.7007
OUT: 0
OUT: 0.3005
OUT: 0
OUT: 1.318
OUT: 0.2866
OUT: 0.8467
OUT: 1.118
OUT: 0
OUT: 0.4521
OUT: 1.2295
OUT: 0
OUT: 0.2986
OUT: 1.337
OUT: 0.544
OUT: 0.516
OUT: 0.279
OUT: 0
OUT: 0
OUT: 0
OUT: 1.537
OUT: 0
OUT: 0.732
OUT: 0.2455
OUT: 0.616
OUT: 0.437
OUT: 0.2627
OUT: 0.8467
OUT: 2.176
OUT: 0
OUT: 0
OUT: 0
OUT: 0
OUT: 0.00833
OUT: 0.0911
OUT: 0
OUT: 0.0631
OUT: 0.5884
OUT: 0
OUT: 0.6724
OUT: 2.016
OUT: 0.714
OUT: 1.024
OUT: 0.3445
OUT: 0
OUT: 0
OUT: 1.911
OUT: 0
OUT: 0.5283
OUT: 0.1813
OUT: 1.192
OUT: 0
OUT: 2.473
OUT: 0
OUT: 2.066
OUT: 0.2915
OUT: 0
OUT: 0.9116
OUT: 1.04
OUT: 0
OUT: 0
OUT: 0
OUT: 0
OUT: 0.3591
OUT: 0.3494
OUT: 1.167
OUT: 0
OUT: 0.71
OUT: 1.395
OUT: 0
OUT: 0.3884
OUT: 0.10266
OUT: 0.1321
OUT: 0
OUT: 0
OUT: 0.3875
OUT: 0
OUT: 0.7915
OUT: 0
OUT: 0.595
OUT: 1.025
OUT: 0.4731
OUT: 0.3325
OUT: 0.708
OUT: 0.9634
OUT: 0
OUT: 0.822
OUT: 0.1109
OUT: 0
OUT: 0
OUT: 0.753
OUT: 0
OUT: 1.528
OUT: 0.15
OUT: 0
OUT: 1.076
OUT: 0
OUT: 1.447
OUT: 0.9004
OUT: 0
OUT: 1.224
OUT: 0
OUT: 0
OUT: 0.03748
OUT: 0.01752
OUT: 0.7134
OUT: 0
OUT: 0
OUT: 0.5874
OUT: 1.314
OUT: 0.7397
OUT: 0
OUT: 0
OUT: 2.555
OUT: 0
OUT: 0.2625
OUT: 0
OUT: 0
OUT: 0.3418
OUT: 0
OUT: 0
OUT: 0
OUT: 1.246
OUT: 0
OUT: 0.759
OUT: 0
OUT: 0
OUT: 0
OUT: 0
OUT: 1.988
OUT: 0.2805
OUT: 0
OUT: 0
OUT: 1.359
OUT: 0
OUT: 0.785
OUT: 0
OUT: 0
OUT: 0
OUT: 1.683
OUT: 0.5454
OUT: 0.7554
OUT: 1.572
OUT: 2.604
OUT: 0
OUT: 2.254
OUT: 0
OUT: 0
OUT: 0
OUT: 0
OUT: 0.422
OUT: 0.3132
OUT: 1.038
OUT: 0
OUT: 1.357
OUT: 0.2646
OUT: 1.173
OUT: 0
OUT: 0
OUT: 0.3604
OUT: 0
OUT: 0
OUT: 1.386
OUT: 0
OUT: 0.2375
OUT: 1.027
OUT: 0
OUT: 0
OUT: 0.706
OUT: 0
OUT: 0.854
OUT: 0
OUT: 0
OUT: 1.535
OUT: 0.01924
OUT: 1.598
OUT: 1.225
OUT: 0
OUT: 0
OUT: 0.03041
OUT: 0
OUT: 0
OUT: 0.392
OUT: 0.373
OUT: 0.534
OUT: 0.4817
OUT: 0
OUT: 0
OUT: 0
OUT: 0
OUT: 0
OUT: 0
OUT: 0.07855
OUT: 0
OUT: 0.56
OUT: 0
OUT: 1.11
OUT: 0
OUT: 0
OUT: 2.188
OUT: 1.435
OUT: 0
OUT: 0.485
OUT: 1.283
OUT: 0
OUT: 1.392
OUT: 0.758
OUT: 1.464
OUT: 0.6562
OUT: 0.1274
OUT: 0
OUT: 0
OUT: 1.814
OUT: 0.753
OUT: 0
OUT: 0
OUT: 0
OUT: 1.632
OUT: 0
OUT: 0
OUT: 0
OUT: 1.741
OUT: 0.928
OUT: 0.5713
OUT: 0
OUT: 0
OUT: 1.013
OUT: 0.626
OUT: 0.2197
OUT: 1.552
OUT: 0
OUT: 1.089
OUT: 0
OUT: 0
OUT: 0
OUT: 0.4102
OUT: 0.901
OUT: 0
OUT: 0
OUT: 0
OUT: 0.628
OUT: 0.3318
OUT: 0
OUT: 0
OUT: 1.763
OUT: 2.062
OUT: 0.0354
OUT: 0
OUT: 0.742
OUT: 1.748
OUT: 0
OUT: 0.7744
OUT: 0.8223
OUT: 1.135
OUT: 1.789
OUT: 0
OUT: 0
OUT: 0
OUT: 0
OUT: 0
OUT: 0.1643
OUT: 0.2954
OUT: 1.113
OUT: 0.575
OUT: 2.262
OUT: 0.1004
OUT: 0
OUT: 0.1064
OUT: 0
OUT: 0
OUT: 0.877
OUT: 0.5854
OUT: 1.043
OUT: 0
OUT: 0.612
OUT: 0
OUT: 0
OUT: 0.2487
OUT: 0.478
OUT: 0
OUT: 1.175
OUT: 0.1812
OUT: 0.4336
OUT: 0
OUT: 0.492
OUT: 0
OUT: 0
OUT: 0.3274
OUT: 0
OUT: 1.404
OUT: 0
OUT: 0
OUT: 0
OUT: 0.02072
OUT: 0
OUT: 0
OUT: 0.04016
OUT: 1.426
OUT: 0.994
OUT: 0.8984
OUT: 0
OUT: 0
OUT: 0.07666
OUT: 0.1958
OUT: 0.6655
OUT: 0.804
OUT: 1.606
OUT: 0
OUT: 0.844
OUT: 0
OUT: 1.42
OUT: 0
OUT: 1.914
OUT: 0.915
OUT: 0
OUT: 0
OUT: 0
OUT: 0
OUT: 0.044
OUT: 0
OUT: 1.233
OUT: 0
OUT: 0.792
OUT: 0
OUT: 0
OUT: 0
OUT: 0
OUT: 0.541
OUT: 1.376
OUT: 0
OUT: 1.223
OUT: 0
OUT: 0
OUT: 0
OUT: 0.4817
OUT: 0.931
OUT: 0.615
OUT: 0
OUT: 0.3152
OUT: 1.154
OUT: 0
OUT: 0.3962
OUT: 0.4514
OUT: 0
OUT: 0.7544
OUT: 1.116
OUT: 1.756
OUT: 0.10693
OUT: 0
OUT: 1.977
OUT: 0
OUT: 1.564
OUT: 0
OUT: 0
OUT: 0
OUT: 0.8374
OUT: 1.524
OUT: 0
OUT: 0
OUT: 0
OUT: 0
OUT: 0
OUT: 0.841
OUT: 0
OUT: 1.438
OUT: 0
OUT: 0.6675
OUT: 0
OUT: 0.2452
OUT: 0
OUT: 0
OUT: 0.7734
OUT: 1.324
OUT: 0
OUT: 0
OUT: 0.8677
OUT: 0
OUT: 0.1247
OUT: 1.189
OUT: 0
OUT: 0
OUT: 0
OUT: 0.6606
OUT: 0.1558
OUT: 0.0816
OUT: 1.145
OUT: 0
OUT: 0.329
OUT: 0.714
OUT: 0
OUT: 0
OUT: 0.177
OUT: 0.8853
OUT: 0.8013
OUT: 0.9395
OUT: 0
OUT: 1.643
OUT: 0.11664
OUT: 0
OUT: 0.0693
OUT: 0
OUT: 0
OUT: 0.0694
OUT: 1.939
OUT: 0
OUT: 0.779
OUT: 0
OUT: 0.523
OUT: 0
OUT: 0
OUT: 0.8687
OUT: 1.119
OUT: 0.666
OUT: 0.504
OUT: 0
OUT: 0.2725
OUT: 0.4958
OUT: 0.00819
OUT: 0
OUT: 0
OUT: 0.2783
OUT: 1.521
OUT: 1.323
OUT: 1.381
OUT: 0
OUT: 0
OUT: 0.702
OUT: 0
OUT: 0
OUT: 0.62
OUT: 0
OUT: 0
OUT: 0
OUT: 0.165
OUT: 0
OUT: 0.372
OUT: 1.042
OUT: 0
OUT: 0.298
OUT: 0.2393
OUT: 1.18
OUT: 0.1626
OUT: 0
OUT: 0
OUT: 0
OUT: 0
OUT: 0
OUT: 0
OUT: 0
OUT: 0
OUT: 0.67
OUT: 1.364
OUT: 0.3696
OUT: 0
OUT: 1.433
OUT: 0
OUT: 0
OUT: 0
OUT: 0
OUT: 0.834
OUT: 1.182
OUT: 0
OUT: 0
OUT: 0
OUT: 0
OUT: 0
OUT: 0.3462
OUT: 0
OUT: 0.3281
OUT: 0
OUT: 0.815
OUT: 0
OUT: 0.722
OUT: 0
OUT: 0.013176
OUT: 0.4812
OUT: 0.9146
OUT: 0.55
OUT: 0
OUT: 1.486
OUT: 0.1553
OUT: 0.848
OUT: 0.978
OUT: 0
OUT: 0
OUT: 0
OUT: 0
OUT: 1.291
OUT: 0.0096
OUT: 0.217
OUT: 1.072
OUT: 0
OUT: 1.294
OUT: 0.577
OUT: 0.8223
OUT: 0.1372
OUT: 0.4712
OUT: 0
OUT: 1.083
OUT: 0
OUT: 0
OUT: 0.6694
OUT: 0
OUT: 0
OUT: 0
OUT: 0
OUT: 2.234
OUT: 0
OUT: 0
OUT: 0.6235
OUT: 0.432
OUT: 0
OUT: 0
OUT: 1.385
OUT: 1.366
OUT: 0
OUT: 0.8477
OUT: 0
OUT: 0
OUT: 0
OUT: 0.467
OUT: 2.312
OUT: 1.998
OUT: 0
OUT: 0
OUT: 0
OUT: 0.3154
OUT: 0
OUT: 0
OUT: 0.4268
OUT: 0.8247
OUT: 0
OUT: 0
OUT: 0
OUT: 1.552
OUT: 0
OUT: 0
OUT: 1.375
OUT: 0
OUT: 0
OUT: 0
OUT: 0
OUT: 0
OUT: 0
OUT: 0
OUT: 0
OUT: 0
OUT: 1.219
OUT: 0
OUT: 0
OUT: 0.9253
OUT: 0.5503
OUT: 1.026
OUT: 0
OUT: 0.3892
OUT: 0
OUT: 0
OUT: 0.2588
OUT: 1.887
OUT: 0.3618
OUT: 0
OUT: 0
OUT: 0
OUT: 1.098
OUT: 0.253
OUT: 0
OUT: 0.5503
OUT: 0
OUT: 0
OUT: 1.573
OUT: 0
OUT: 0.777
OUT: 0.1033
OUT: 0.007866
OUT: 0.348
OUT: 0.482
OUT: 0
OUT: 0.0771
OUT: 0.975
OUT: 0
OUT: 0.9404
OUT: 0.758
OUT: 1.181
OUT: 0
OUT: 1.107
OUT: 1.926
OUT: 0.0952
OUT: 0
OUT: 1.03
OUT: 1.07
OUT: 0.5986
OUT: 0
OUT: 2.332
OUT: 0
OUT: 0
OUT: 0
OUT: 0
OUT: 1.036
OUT: 1.409
OUT: 0.6724
OUT: 0
OUT: 1.035
OUT: 0
OUT: 0
OUT: 0.407
OUT: 0.5537
OUT: 1.024
OUT: 0
OUT: 0
OUT: 0
OUT: 0
OUT: 4.09
OUT: 0.6206
OUT: 0
OUT: 0
OUT: 0
OUT: 0.1395
OUT: 1.296
OUT: 0
OUT: 0.03558
OUT: 0
OUT: 0
OUT: 1.164
OUT: 0
OUT: 0.193
OUT: 0
OUT: 0.1505
OUT: 0.3584
OUT: 0
OUT: 0
OUT: 0
OUT: 0
OUT: 0
OUT: 1.764
OUT: 1.5
OUT: 0
OUT: 0
OUT: 0.1097
OUT: 1.213
OUT: 0.2233
OUT: 0.1597
OUT: 0
OUT: 0
OUT: 0
OUT: 1.1455
OUT: 0
OUT: 0
OUT: 0
OUT: 0
OUT: 0.798
OUT: 0.349
OUT: 0
OUT: 1.576
OUT: 0.4028
OUT: 0
OUT: 0
OUT: 2.365
OUT: 1.449
OUT: 0.383
OUT: 2.1
OUT: 0.6313
OUT: 0.7217
OUT: 0
OUT: 2.22
OUT: 0
OUT: 0.884
OUT: 1.382
OUT: 1.215
OUT: 1.463
OUT: 0
OUT: 1.481
OUT: 0
OUT: 0
OUT: 0.2412
OUT: 1.496
OUT: 0.8525
OUT: 0
OUT: 0
OUT: 0
OUT: 0
OUT: 0
OUT: 0
OUT: 0
OUT: 0.6226
OUT: 1.318
OUT: 0
OUT: 0
OUT: 0
OUT: 0.83
OUT: 0
OUT: 0
OUT: 0
OUT: 0.2537
OUT: 0
OUT: 0.1705
OUT: 0
OUT: 0.103
OUT: 2.291
OUT: 0.8916
OUT: 0.28
OUT: 0
OUT: 0
OUT: 0
OUT: 0
OUT: 0
OUT: 0.2075
OUT: 0.7456
OUT: 0.827
OUT: 1.063
OUT: 3.082
OUT: 1.779
OUT: 0.253
OUT: 0
OUT: 0.36
OUT: 0
OUT: 1.63
OUT: 0
OUT: 0.538
OUT: 0
OUT: 0
OUT: 0.716
OUT: 1.286
OUT: 0
OUT: 0
OUT: 1.303
OUT: 0
OUT: 0
OUT: 0.1477
OUT: 1.002
OUT: 0.05386
OUT: 0
OUT: 0.2769
OUT: 0.1971
OUT: 0.3616
OUT: 0.0762
OUT: 0.0823
OUT: 0
OUT: 0.677
OUT: 0.02972
OUT: 0.4353
OUT: 0
OUT: 2.008
OUT: 0.04343
OUT: 0.3782
OUT: 0
OUT: 0
OUT: 0
OUT: 0
OUT: 0
OUT: 0
OUT: 0
OUT: 0.8667
OUT: 0.1256
OUT: 0
OUT: 0.1824
OUT: 0
OUT: 0
OUT: 0.1266
OUT: 0.2148
OUT: 0
OUT: 0.2065
OUT: 0
OUT: 0
OUT: 0
OUT: 0
OUT: 0.4153
OUT: 1.0625
OUT: 0
OUT: 0.155
OUT: 0
OUT: 1.543
OUT: 0
OUT: 0.00903
OUT: 1.329
OUT: 0
OUT: 0
OUT: 0.5854
OUT: 1.109
OUT: 0
OUT: 0.3787
OUT: 0.545
OUT: 1.062
OUT: 0.8247
OUT: 0
OUT: 0.5547
OUT: 2.26
OUT: 0
OUT: 0.976
OUT: 1.489
OUT: 0
OUT: 0.7725
OUT: 0
OUT: 0
OUT: 0.591
OUT: 0
OUT: 0
OUT: 1.576
OUT: 0
OUT: 0.771
OUT: 0
OUT: 0
OUT: 0
OUT: 0.575
OUT: 0.4768
OUT: 0.4807
OUT: 1.865
OUT: 0.1691
OUT: 0.3582
OUT: 0
OUT: 0
OUT: 0.3525
OUT: 0.05084
OUT: 1.293
OUT: 0
OUT: 0
OUT: 0
OUT: 0.2463
OUT: 0.3105
OUT: 0
OUT: 0.859
OUT: 2.033
OUT: 0
OUT: 0
OUT: 0.608
OUT: 0.82
OUT: 1.028
OUT: 0
OUT: 0.542
OUT: 0.514
OUT: 0
OUT: 0.656
OUT: 0
OUT: 0.576
OUT: 0.7773
OUT: 0
OUT: 0
OUT: 0.1561
OUT: 0.9604
OUT: 0.887
OUT: 0.9014
OUT: 0
OUT: 0.5615
OUT: 0
OUT: 0
OUT: 0
OUT: 0
OUT: 1.086
OUT: 0
OUT: 0
OUT: 0
OUT: 0.216
OUT: 0
OUT: 0
OUT: 0
OUT: 0.3555
OUT: 0
OUT: 0
OUT: 0
OUT: 0
OUT: 0
OUT: 0.3767
OUT: 0.5815
OUT: 0.4434
OUT: 0.2396
OUT: 0.835
OUT: 0
OUT: 0
OUT: 0
OUT: 0
OUT: 0
OUT: 0.35
OUT: 0
OUT: 0
OUT: 0
OUT: 0.2036
OUT: 0.731
OUT: 0.1769
OUT: 0
OUT: 0
OUT: 0.338
OUT: 0.6274
OUT: 0.6953
OUT: 0
OUT: 0
OUT: 1.317
OUT: 0.637
OUT: 1.434
OUT: 0.1993
OUT: 0
OUT: 0
OUT: 2.102
OUT: 0
OUT: 0
OUT: 0
OUT: 0.811
OUT: 0
OUT: 0.271
OUT: 0
OUT: 0
OUT: 0
OUT: 0
OUT: 0
OUT: 0.5264
OUT: 0
OUT: 0
OUT: 0
OUT: 0.2118
OUT: 0.02324
OUT: 0
OUT: 0.358
OUT: 0
OUT: 0.1733
OUT: 0.8154
OUT: 0.2133
OUT: 0
OUT: 0.03128
OUT: 0
OUT: 0
OUT: 0
OUT: 0.4426
OUT: 0.0401
OUT: 0
OUT: 0.9155
OUT: 0
OUT: 2.15
OUT: 0
OUT: 0.416
OUT: 0.7905
OUT: 0.5654
OUT: 0
OUT: 0
OUT: 0
OUT: 0
OUT: 0.5986
OUT: 1.004
OUT: 0
OUT: 1.197
OUT: 0
OUT: 0
OUT: 0.1924
OUT: 0.1636
OUT: 0
OUT: 1.585
OUT: 0
OUT: 0
OUT: 1.8125
OUT: 0
OUT: 0
OUT: 0.8477
OUT: 0.6035
OUT: 0
OUT: 0.757
OUT: 0
OUT: 0
OUT: 1.521
OUT: 0.2961
OUT: 1.423
OUT: 0
OUT: 0
OUT: 0
OUT: 0
OUT: 0.3223
OUT: 0.05255
OUT: 0.0987
OUT: 0.561
OUT: 0.25
OUT: 1.191
OUT: 0
OUT: 0
OUT: 0.92
OUT: 1.546
OUT: 0
OUT: 0
OUT: 0.4783
OUT: 0
OUT: 0
OUT: 0.358
OUT: 0
OUT: 1.179
OUT: 0
OUT: 0.0715
OUT: 0.3735
OUT: 0
OUT: 0
OUT: 1.047
OUT: 0
OUT: 0.03275
OUT: 0.571
OUT: 1.729
OUT: 1.139
OUT: 0
OUT: 1.58
OUT: 0
OUT: 0.659
OUT: 0.8857
OUT: 1.277
OUT: 0
OUT: 0
OUT: 1.117
OUT: 0
OUT: 0.4116
OUT: 0
OUT: 0.571
OUT: 0.1617
OUT: 0
OUT: 0.0705
OUT: 0
OUT: 0
OUT: 2.92
OUT: 2.152
OUT: 0.6357
OUT: 0
OUT: 0.8374
OUT: 0.253
OUT: 1.494
OUT: 0.2637
OUT: 1.336
OUT: 0
OUT: 1.223
OUT: 0.317
OUT: 0
OUT: 0
OUT: 0
OUT: 0
OUT: 0.9624
OUT: 0
OUT: 0.434
OUT: 1.392
OUT: 0
OUT: 0.4944
OUT: 0
OUT: 0
OUT: 2.969
OUT: 0.89
OUT: 0.443
OUT: 0.3037
OUT: 0
OUT: 0.1661
OUT: 0
OUT: 0.709
OUT: 0
OUT: 1.484
OUT: 0.7124
OUT: 0
OUT: 0
OUT: 0.2252
OUT: 0.78
OUT: 0
OUT: 0
OUT: 0.679
OUT: 0.718
OUT: 0.4258
OUT: 0
OUT: 0.8267
OUT: 0
OUT: 0
OUT: 0
OUT: 0.3384
OUT: 0
OUT: 0
OUT: 0.5625
OUT: 0
OUT: 1.102
OUT: 0
OUT: 0
OUT: 0
OUT: 0
OUT: 0
OUT: 0
OUT: 0.2678
OUT: 0.71
OUT: 0.734
OUT: 0
OUT: 0.6787
OUT: 1.069
OUT: 0.918
OUT: 0
OUT: 0
OUT: 0
OUT: 0.8115
OUT: 0.2876
OUT: 2.012
OUT: 0
OUT: 0
OUT: 0
OUT: 0
OUT: 1.967
OUT: 1.624
OUT: 0.5923
OUT: 1.391
OUT: 0
OUT: 0
OUT: 1.027
OUT: 1.351
OUT: 1.308
OUT: 0
OUT: 0.1493
OUT: 0.655
OUT: 0
OUT: 0
OUT: 0.5054
OUT: 0.5625
OUT: 0.010086
OUT: 0.10486
OUT: 0
OUT: 0.226
OUT: 0.823
OUT: 0
OUT: 0
OUT: 0
OUT: 0
OUT: 0
OUT: 0.4072
OUT: 0.8325
OUT: 0.8887
OUT: 0.3608
OUT: 0.4573
OUT: 0.4604
OUT: 1.561
OUT: 0
OUT: 0
OUT: 1.308
OUT: 0
OUT: 0.888
OUT: 0
OUT: 0.814
OUT: 0.2054
OUT: 0.4995
OUT: 0.2007
OUT: 0.004986
OUT: 0
OUT: 0
OUT: 0
OUT: 0.751
OUT: 0
OUT: 0
OUT: 0.92
OUT: 1.851
OUT: 0
OUT: 0.6787
OUT: 0.3481
OUT: 0
OUT: 0.1328
OUT: 0
OUT: 0.817
OUT: 0
OUT: 0
OUT: 0
OUT: 0
OUT: 0.921
OUT: 0.514
OUT: 0
OUT: 0.10706
OUT: 0.10547
OUT: 0
OUT: 0.672
OUT: 0
OUT: 1.781
OUT: 0
OUT: 0
OUT: 0
OUT: 0
OUT: 0.651
OUT: 0.1926
OUT: 0
OUT: 0
OUT: 0.1566
OUT: 1.568
OUT: 0.0748
OUT: 0.846
OUT: 0.795
OUT: 0.276
OUT: 0
OUT: 0.01054
OUT: 0
OUT: 0
OUT: 0.7944
OUT: 0.01314
OUT: 0
OUT: 0.854
OUT: 2.219
OUT: 0.541
OUT: 0
OUT: 0
OUT: 1.122
OUT: 0
OUT: 1.924
OUT: 0.1609
OUT: 1.184
OUT: 0
OUT: 0
OUT: 0
OUT: 0.11304
OUT: 0.2844
OUT: 0
OUT: 0
OUT: 0.4807
OUT: 0.4436
OUT: 1.899
OUT: 1.537
OUT: 1.331
OUT: 0.3655
OUT: 1.845
OUT: 0
OUT: 0.6353
OUT: 0.6284
OUT: 0.278
OUT: 0
OUT: 1.377
OUT: 0.2056
OUT: 0.04153
OUT: 0
OUT: 0
OUT: 0.4626
OUT: 0
OUT: 0
OUT: 1.044
OUT: 0
OUT: 0.476
OUT: 0.3853
OUT: 0
OUT: 0
OUT: 0
OUT: 0
OUT: 0
OUT: 0.8853
OUT: 0
OUT: 0.75
OUT: 0
OUT: 0
OUT: 0.7476
OUT: 0
OUT: 0.2178
OUT: 0
OUT: 0.4019
OUT: 0.06665
OUT: 2.248
OUT: 0
OUT: 1.228
OUT: 0
OUT: 0
OUT: 0
OUT: 0.9424
OUT: 2.057
OUT: 0
OUT: 0.349
OUT: 0
OUT: 0
OUT: 0
OUT: 0
OUT: 0.5107
OUT: 0.9873
OUT: 1.223
OUT: 0.964
OUT: 0.89
OUT: 0
OUT: 0
OUT: 0
OUT: 0
OUT: 0
OUT: 0.2693
OUT: 0
OUT: 0
OUT: 0.3997
OUT: 0.7456
OUT: 0
OUT: 0
OUT: 0
OUT: 0
OUT: 0
OUT: 0
OUT: 0.1599
OUT: 0
OUT: 2.025
OUT: 0
OUT: 0.1687
OUT: 0
OUT: 0
OUT: 0
OUT: 1.275
OUT: 0
OUT: 0
OUT: 0
OUT: 0.5757
OUT: 0
OUT: 0
OUT: 0.5205
OUT: 0
OUT: 0
OUT: 0
OUT: 0.729
OUT: 0.5605
OUT: 0
OUT: 0
OUT: 0
OUT: 0
OUT: 0
OUT: 0
OUT: 0.663
OUT: 0.428
OUT: 0
OUT: 0
OUT: 0.1523
OUT: 0
OUT: 0.97
OUT: 0
OUT: 1.124
OUT: 1.018
OUT: 0
OUT: 0
OUT: 0
OUT: 0
OUT: 0
OUT: 0.4136
OUT: 0
OUT: 0.09186
OUT: 0.001384
OUT: 1.829
OUT: 1.47
OUT: 0
OUT: 0
OUT: 0.667
OUT: 0.3376
OUT: 0
OUT: 1.589
OUT: 0.957
OUT: 0.3196
OUT: 0
OUT: 0
OUT: 0
OUT: 0.2937
OUT: 1.621
OUT: 1.128
OUT: 0.823
OUT: 1.93
OUT: 0
OUT: 0.961
OUT: 0.7515
OUT: 0
OUT: 0.3435
OUT: 0
OUT: 1.341
OUT: 0
OUT: 1.207
OUT: 1.159
OUT: 0.03867
OUT: 0
OUT: 0
OUT: 0.4824
OUT: 0.8877
OUT: 0.06476
OUT: 0
OUT: 0
OUT: 1.624
OUT: 1.3955
OUT: 0.006935
OUT: 0.1588
OUT: 0
OUT: 0
OUT: 3.07
OUT: 0
OUT: 0.01672
OUT: 0.979
OUT: 0.2158
OUT: 0.5845
OUT: 0
OUT: 1.354
OUT: 0.9697
OUT: 1.072
OUT: 1.205
OUT: 0.654
OUT: 0
OUT: 0
OUT: 1.557
OUT: 0.705
OUT: 0
OUT: 0
OUT: 0
OUT: 0.2216
OUT: 1.758
OUT: 0
OUT: 0
OUT: 0
OUT: 0.3867
OUT: 0.495
OUT: 0
OUT: 1.175
OUT: 0
OUT: 0.616
OUT: 0
OUT: 0
OUT: 0
OUT: 0
OUT: 1.161
OUT: 0.797
OUT: 2.91
OUT: 0.366
OUT: 0
OUT: 0
OUT: 0.3618
OUT: 2.29
OUT: 0
OUT: 0
OUT: 0
OUT: 0.2285
OUT: 0
OUT: 0
OUT: 0
OUT: 1.59
OUT: 0
OUT: 0
OUT: 0.3823
OUT: 0.12396
OUT: 1.327
OUT: 0.547
OUT: 0
OUT: 0.1776
OUT: 0.643
OUT: 0
OUT: 0
OUT: 0
OUT: 0
OUT: 0.1604
OUT: 0
OUT: 0
OUT: 0.572
OUT: 0
OUT: 0.3064
OUT: 1.351
OUT: 0
OUT: 0
OUT: 0.2346
OUT: 0
OUT: 2.104
OUT: 0
OUT: 0.93
OUT: 0
OUT: 0
OUT: 0.4167
OUT: 0
OUT: 0.8247
OUT: 0.4119
OUT: 0.276
OUT: 0.8086
OUT: 0
OUT: 0.0918
OUT: 1.701
OUT: 1.018
OUT: 0
OUT: 0.1968
OUT: 2.137
OUT: 0.10425
OUT: 0.5913
OUT: 0.1019
OUT: 0
OUT: 0
OUT: 0.3982
OUT: 0
OUT: 0
OUT: 0
OUT: 0.9165
OUT: 1.43
OUT: 0.3208
OUT: 0
OUT: 0.0972
OUT: 0
OUT: 0
OUT: 0
OUT: 0.907
OUT: 0
OUT: 0.902
OUT: 0
OUT: 0
OUT: 1.053
OUT: 0.03152
OUT: 1.577
OUT: 0
OUT: 0.551
OUT: 0
OUT: 0
OUT: 0
OUT: 0
OUT: 0
OUT: 0
OUT: 0.4644
OUT: 0
OUT: 0
OUT: 0
OUT: 0
OUT: 0
OUT: 0.7534
OUT: 0.745
OUT: 1.959
OUT: 0
OUT: 0.5796
OUT: 0
OUT: 0.9116
OUT: 0
OUT: 0.918
OUT: 0.895
OUT: 0.11444
OUT: 0
OUT: 0.8433
OUT: 0
OUT: 1.631
OUT: 0.2151
OUT: 0
OUT: 0.3223
OUT: 1.26
OUT: 0
OUT: 1.087
OUT: 0
OUT: 0
OUT: 1.454
OUT: 2.559
OUT: 0
OUT: 0.4512
OUT: 0.3494
OUT: 0
OUT: 1.105
OUT: 1.464
OUT: 0.8096
OUT: 0
OUT: 0
OUT: 0
OUT: 0
OUT: 1.511
OUT: 0
OUT: 0.9995
OUT: 0.9614
OUT: 1.37
OUT: 0
OUT: 0
OUT: 1.564
OUT: 0.4353
OUT: 0
OUT: 1.042
OUT: 0
OUT: 0
OUT: 0
OUT: 0.9087
OUT: 0
OUT: 0
OUT: 0.648
OUT: 0.6743
OUT: 0.1168
OUT: 0
OUT: 0.7515
OUT: 0
OUT: 1.983
OUT: 0
OUT: 0
OUT: 0.5117
OUT: 0.2043
OUT: 0.7974
OUT: 0
OUT: 0
OUT: 1.263
OUT: 0
OUT: 0
OUT: 0
OUT: 1.3125
OUT: 0.5166
OUT: 0
OUT: 0.2236
OUT: 0.4229
OUT: 0
OUT: 0
OUT: 0
OUT: 0.2043
OUT: 0
OUT: 0
OUT: 0
OUT: 0
OUT: 0.3174
OUT: 0
OUT: 2.016
OUT: 0
OUT: 0.3835
OUT: 0.386
OUT: 0.04648
OUT: 0
OUT: 0.876
OUT: 0
OUT: 0
OUT: 0
OUT: 0.436
OUT: 0.8774
OUT: 0
OUT: 0
OUT: 1.581
OUT: 2.023
OUT: 0
OUT: 0
OUT: 0
OUT: 0
OUT: 1.258
OUT: 0.6895
OUT: 2.326
OUT: 0
OUT: 0
OUT: 0
OUT: 0.3691
OUT: 0
OUT: 0
OUT: 0.438
OUT: 0
OUT: 0
OUT: 0.291
OUT: 0.2173
OUT: 0
OUT: 0
OUT: 0
OUT: 1.622
OUT: 0
OUT: 0
OUT: 0.4258
OUT: 0.537
OUT: 0
OUT: 0
OUT: 0.3916
OUT: 0
OUT: 0
OUT: 2.367
OUT: 0
OUT: 0.0294
OUT: 0.2408
OUT: 0
OUT: 0.06995
OUT: 0
OUT: 0.51
OUT: 0
OUT: 0.2512
OUT: 0.9487
OUT: 0
OUT: 0.4958
OUT: 1.783
OUT: 0.1426
OUT: 0.3662
OUT: 1.112
OUT: 0.813
OUT: 0
OUT: 0.523
OUT: 0
OUT: 1.487
OUT: 0
OUT: 0.813
OUT: 0.4246
OUT: 1.496
OUT: 0
OUT: 0
OUT: 0
OUT: 0.3137
OUT: 0
OUT: 0
OUT: 0
OUT: 0
OUT: 0
OUT: 1.322
OUT: 0
OUT: 0
OUT: 0
OUT: 0.0659
OUT: 0
OUT: 0.6743
OUT: 0
OUT: 0
OUT: 0.459
OUT: 0
OUT: 0.3562
OUT: 1.203
OUT: 0
OUT: 0.3037
OUT: 0
OUT: 0.8765
OUT: 2.406
OUT: 0
OUT: 0
OUT: 0
OUT: 1.588
OUT: 0
OUT: 0
OUT: 2.467
OUT: 0
OUT: 0
OUT: 0
OUT: 0.1058
OUT: 0
OUT: 0.6855
OUT: 0
OUT: 0.2905
OUT: 0.3586
OUT: 1.517
OUT: 1.035
OUT: 0.7354
OUT: 0.6597
OUT: 0.4407
OUT: 1.012
OUT: 0
OUT: 0
OUT: 0.2106
OUT: 0.4067
OUT: 2.027
OUT: 1.59
OUT: 1.373
OUT: 0
OUT: 0
OUT: 0.9805
OUT: 0
OUT: 0.08234
OUT: 0
OUT: 0
OUT: 0.1307
OUT: 0
OUT: 0
OUT: 0
OUT: 0
OUT: 0.991
OUT: 0
OUT: 0
OUT: 0
OUT: 0.7695
OUT: 0
OUT: 0.35
OUT: 1.474
OUT: 0
OUT: 0.8823
OUT: 1.078
OUT: 0
OUT: 0
OUT: 0
OUT: 0
OUT: 0.2239
OUT: 0
OUT: 0
OUT: 0.1456
OUT: 0.8516
OUT: 1.2295
OUT: 0.3586
OUT: 0.1558
OUT: 0.5874
OUT: 0.2612
OUT: 0
OUT: 0.5317
OUT: 0.001272
OUT: 0
OUT: 0
OUT: 0
OUT: 1.524
OUT: 1.237
OUT: 0.1537
OUT: 0.2087
OUT: 0.726
OUT: 0
OUT: 0
OUT: 0
OUT: 0
OUT: 0
OUT: 0.2135
OUT: 0
OUT: 0
OUT: 0
OUT: 0
OUT: 1.303
OUT: 2.695
OUT: 0
OUT: 0
OUT: 0
OUT: 0
OUT: 0
OUT: 1.459
OUT: 0.5728
OUT: 0
OUT: 1.559
OUT: 0.901
OUT: 0
OUT: 0
OUT: 0
OUT: 0.595
OUT: 0
OUT: 2.941
OUT: 1.059
OUT: 0
OUT: 0
OUT: 0.794
OUT: 0.5635
OUT: 1.319
OUT: 1.119
OUT: 0.228
OUT: 0
OUT: 0
OUT: 0.08136
OUT: 0.3223
OUT: 2.645
OUT: 0.6255
OUT: 0
OUT: 1.215
OUT: 0
OUT: 0
OUT: 1.15
OUT: 0
OUT: 0.2499
OUT: 0.564
OUT: 2.023
OUT: 0
OUT: 0.7207
OUT: 0.886
OUT: 0.0812
OUT: 0
OUT: 0
OUT: 0.939
OUT: 1.353
OUT: 0.3188
OUT: 0
OUT: 0
OUT: 0
OUT: 0
OUT: 0.1807
OUT: 1.747
OUT: 0.4055
OUT: 0.1105
OUT: 0
OUT: 0.2607
OUT: 0
OUT: 0.7007
OUT: 0
OUT: 0.05832
OUT: 0
OUT: 0
OUT: 0.984
OUT: 0
OUT: 0
OUT: 0
OUT: 0
OUT: 0.6284
OUT: 0.648
OUT: 0.1785
OUT: 0
OUT: 0
OUT: 0.679
OUT: 1.64
OUT: 0.1793
OUT: 0
OUT: 0.11926
OUT: 0
OUT: 0.1115
OUT: 0.2052
OUT: 0
OUT: 1.63
OUT: 0
OUT: 0.0919
OUT: 0
OUT: 0
OUT: 0
OUT: 0.892
OUT: 0
OUT: 1.452
OUT: 0.908
OUT: 0.8823
OUT: 0
OUT: 0
OUT: 1.298
OUT: 1.233
OUT: 0
OUT: 1.086
OUT: 0
OUT: 0
OUT: 0
OUT: 1.48
OUT: 1.729
OUT: 1.058
OUT: 0
OUT: 2.162
OUT: 0
OUT: 0.1984
OUT: 0
OUT: 1.424
OUT: 0
OUT: 0
OUT: 0
OUT: 0
OUT: 0
OUT: 0
OUT: 0.553
OUT: 0
OUT: 0
OUT: 0
OUT: 0
OUT: 0.965
OUT: 0.8823
OUT: 0.4558
OUT: 1.973
OUT: 0
OUT: 0
OUT: 0
OUT: 1.57
OUT: 2.172
OUT: 0.423
OUT: 0
OUT: 0
OUT: 0
OUT: 0.4456
OUT: 0.591
OUT: 1.579
OUT: 0.0634
OUT: 0
OUT: 0
OUT: 0.1787
OUT: 0
OUT: 0.6094
OUT: 0
OUT: 0.549
OUT: 0
OUT: 0.1776
OUT: 0.0457
OUT: 0
OUT: 1.718
OUT: 0
OUT: 0.289
OUT: 0.8086
OUT: 0
OUT: 0
OUT: 1.095
OUT: 0.3726
OUT: 0
OUT: 0
OUT: 0
OUT: 0
OUT: 0
OUT: 0.5117
OUT: 1.042
OUT: 0.4526
OUT: 1.375
OUT: 0
OUT: 0
OUT: 1.026
OUT: 0
OUT: 0
OUT: 0
OUT: 0
OUT: 2.1
OUT: 0
OUT: 0.547
OUT: 0
OUT: 0
OUT: 0
OUT: 0.2056
OUT: 0.272
OUT: 1.201
OUT: 0.805
OUT: 0
OUT: 0
OUT: 0.771
OUT: 1.017
OUT: 0
OUT: 0
OUT: 0
OUT: 1.401
OUT: 0
OUT: 0.4836
OUT: 0.2457
OUT: 0
OUT: 0
OUT: 0
OUT: 0.2268
OUT: 0.838
OUT: 0
OUT: 1.073
OUT: 0
OUT: 0
OUT: 0
OUT: 0
OUT: 0.3257
OUT: 1.115
OUT: 1.256
OUT: 0.0869
OUT: 0
OUT: 0.5947
OUT: 2.34
OUT: 0
OUT: 0.6514
OUT: 1.4
OUT: 0.09863
OUT: 1.228
OUT: 0.4673
OUT: 0
OUT: 0.9844
OUT: 0
OUT: 0.2783
OUT: 0
OUT: 0.501
OUT: 0
OUT: 1.596
OUT: 0.893
OUT: 1.088
OUT: 0
OUT: 0.1387
OUT: 0
OUT: 0
OUT: 0
OUT: 0
OUT: 0
OUT: 0
OUT: 0.583
OUT: 0
OUT: 0.09717
OUT: 0
OUT: 0.264
OUT: 0
OUT: 0
OUT: 0.09235
OUT: 0
OUT: 0.6074
OUT: 0
OUT: 0.36
OUT: 0.2002
OUT: 0.01221
OUT: 0.741
OUT: 0
OUT: 0
OUT: 0
OUT: 1.387
OUT: 1.188
OUT: 0.3079
OUT: 0
OUT: 0
OUT: 0
OUT: 0
OUT: 0
OUT: 0.3723
OUT: 0
OUT: 0
OUT: 0
OUT: 0.1879
OUT: 0.9067
OUT: 0
OUT: 1.466
OUT: 0.3582
OUT: 0.94
OUT: 0.065
OUT: 0
OUT: 0
OUT: 0
OUT: 0
OUT: 1.776
OUT: 0
OUT: 0
OUT: 1.003
OUT: 1.458
OUT: 0.2756
OUT: 0.5693
OUT: 0.3342
OUT: 1.234
OUT: 0
OUT: 1.117
OUT: 0
OUT: 0.3364
OUT: 0
OUT: 0.5596
OUT: 0
OUT: 0
OUT: 0
OUT: 0
OUT: 0
OUT: 0
OUT: 0
OUT: 0.4104
OUT: 0.118
OUT: 0
OUT: 1.241
OUT: 1.793
OUT: 0
OUT: 0
OUT: 0.2966
OUT: 0
OUT: 0
OUT: 0.00526
OUT: 0
OUT: 0
OUT: 0.2717
OUT: 0
OUT: 0
OUT: 0
OUT: 0.7563
OUT: 0
OUT: 0
OUT: 0
OUT: 0
OUT: 0
OUT: 0
OUT: 0.3486
OUT: 0
OUT: 0
OUT: 0.2456
OUT: 0
OUT: 0.466
OUT: 0
OUT: 0.1941
OUT: 0.498
OUT: 1.366
OUT: 0.1511
OUT: 0.06015
OUT: 0
OUT: 0
OUT: 0
OUT: 0.0187
OUT: 0
OUT: 0
OUT: 0
OUT: 0
OUT: 0.2568
OUT: 0
OUT: 0.2964
OUT: 0.8657
OUT: 1.84
OUT: 0.6865
OUT: 0.8916
OUT: 0
OUT: 2.95
OUT: 2.064
OUT: 0
OUT: 0.4753
OUT: 1.342
OUT: 0
OUT: 0
OUT: 0.3447
OUT: 0
OUT: 0
OUT: 0
OUT: 0
OUT: 0
OUT: 0
OUT: 0.542
OUT: 0.471
OUT: 0
OUT: 0.1959
OUT: 0.4893
OUT: 1.849
OUT: 0.6265
OUT: 0
OUT: 0.6045
OUT: 1.299
OUT: 0
OUT: 0.798
OUT: 0
OUT: 0
OUT: 0
OUT: 0
OUT: 0
OUT: 0
OUT: 0
OUT: 0
OUT: 0
OUT: 1.61
OUT: 0
OUT: 1.289
OUT: 0
OUT: 0
OUT: 1.544
OUT: 0
OUT: 0
OUT: 0
OUT: 0
OUT: 0
OUT: 0
OUT: 0.06714
OUT: 0.851
OUT: 0
OUT: 0.384
OUT: 0
OUT: 0.1292
OUT: 0
OUT: 0
OUT: 0
OUT: 0.2693
OUT: 0.1558
OUT: 0
OUT: 0.7354
OUT: 0
OUT: 0.937
OUT: 0.521
OUT: 0
OUT: 1.145
OUT: 0.7695
OUT: 0
OUT: 0.1489
OUT: 0.5454
OUT: 0
OUT: 0
OUT: 0
OUT: 0.6924
OUT: 0
OUT: 0.6714
OUT: 0
OUT: 0
OUT: 0
OUT: 0.9097
OUT: 0.798
OUT: 0
OUT: 0
OUT: 0
OUT: 0.908
OUT: 0
OUT: 0
OUT: 0
OUT: 0
OUT: 0
OUT: 0
OUT: 0
OUT: 0.419
OUT: 0
OUT: 0
OUT: 0.002296
OUT: 1.426
OUT: 1.181
OUT: 0
OUT: 1.116
OUT: 0
OUT: 0
OUT: 0
OUT: 0
OUT: 1.158
OUT: 0
OUT: 0.3032
OUT: 0
OUT: 0.931
OUT: 0
OUT: 0.322
OUT: 0.5327
OUT: 0
OUT: 0.3647
OUT: 0
OUT: 0.1383
OUT: 0
OUT: 0
OUT: 0
OUT: 0
OUT: 1.106
OUT: 0
OUT: 0
OUT: 0
OUT: 0
OUT: 0
OUT: 1.681
OUT: 1.543
OUT: 0.2393
OUT: 0
OUT: 0.9194
OUT: 0.5215
OUT: 0.578
OUT: 0
OUT: 0.7373
OUT: 0
OUT: 0
OUT: 0
OUT: 0
OUT: 0.5117
OUT: 0
OUT: 0.5967
OUT: 0
OUT: 0
OUT: 0
OUT: 0.0949
OUT: 0.774
OUT: 1.623
OUT: 0.8525
OUT: 0
OUT: 0
OUT: 0
OUT: 1.136
OUT: 0
OUT: 0.6836
OUT: 1.466
OUT: 0
OUT: 0
OUT: 0
OUT: 0
OUT: 0.625
OUT: 0
OUT: 0.0838
OUT: 0
OUT: 0.99
OUT: 0
OUT: 0
OUT: 0.8306
OUT: 0.575
OUT: 0.243
OUT: 0
OUT: 0
OUT: 1.25
OUT: 0
OUT: 0.717
OUT: 0
OUT: 0
OUT: 0.6357
OUT: 0.1586
OUT: 0.257
OUT: 1.315
OUT: 0.4766
OUT: 0.3892
OUT: 1.037
OUT: 0.01022
OUT: 0.728
OUT: 0
OUT: 0.849
OUT: 1.056
OUT: 0.1004
OUT: 0.889
OUT: 0.1447
OUT: 0.695
OUT: 0.8467
OUT: 0.85
OUT: 0.3477
OUT: 0
OUT: 0
OUT: 0.1804
OUT: 0
OUT: 0
OUT: 1.422
OUT: 1.024
OUT: 0
OUT: 0
OUT: 1.515
OUT: 0
OUT: 0
OUT: 1.226
OUT: 0.0926
OUT: 0
OUT: 0
OUT: 0.05246
OUT: 0.2588
OUT: 0.8076
OUT: 0.07214
OUT: 0.8623
OUT: 0.4407
OUT: 0.809
OUT: 1.464
OUT: 0.3687
OUT: 0
OUT: 0
OUT: 0.4626
OUT: 0
OUT: 0
OUT: 0
OUT: 0
OUT: 0
OUT: 0
OUT: 0.949
OUT: 0.3743
OUT: 0
OUT: 0.6094
OUT: 0
OUT: 0
OUT: 0.08417
OUT: 0
OUT: 0
OUT: 0.407
OUT: 0
OUT: 0
OUT: 0.45
OUT: 1.122
OUT: 0
OUT: 0
OUT: 0.1797
OUT: 0.8833
OUT: 0.8525
OUT: 0
OUT: 0
OUT: 0.4214
OUT: 0.482
OUT: 0
OUT: 0
OUT: 1.752
OUT: 0
OUT: 2.125
OUT: 0.3748
OUT: 0
OUT: 0.0861
OUT: 0
OUT: 0
OUT: 0.6455
OUT: 1.215
OUT: 0.5083
OUT: 0.1971
OUT: 1.93
OUT: 0.019
OUT: 0.6807
OUT: 0
OUT: 0
OUT: 0.361
OUT: 0.9824
OUT: 0
OUT: 0.2179
OUT: 0
OUT: 0.3147
OUT: 1.509
OUT: 0.865
OUT: 0.9043
OUT: 0.3457
OUT: 1.433
OUT: 0
OUT: 0
OUT: 0.6235
OUT: 0.0398
OUT: 0
OUT: 0.379
OUT: 0.552
OUT: 0
OUT: 0
OUT: 0.852
OUT: 0
OUT: 0
OUT: 1.379
OUT: 0.6396
OUT: 0
OUT: 1.348
OUT: 1.491
OUT: 0
OUT: 0
OUT: 0
OUT: 0
OUT: 0
OUT: 1.346
OUT: 1.007
OUT: 0
OUT: 0.5977
OUT: 0.659
OUT: 0
OUT: 0.219
OUT: 1.962
OUT: 0
OUT: 0
OUT: 0.7017
OUT: 0
OUT: 0.96
OUT: 0.0927
OUT: 0.634
OUT: 0
OUT: 0.052
OUT: 0
OUT: 0.744
OUT: 0
OUT: 0
OUT: 0.1216
OUT: 0
OUT: 0.488
OUT: 0
OUT: 0
OUT: 1.751
OUT: 0
OUT: 0
OUT: 0.05853
OUT: 0.289
OUT: 0.709
OUT: 1.352
OUT: 0
OUT: 0
OUT: 0.5386
OUT: 1.766
OUT: 1.072
OUT: 0
OUT: 0
OUT: 0
OUT: 0.3645
OUT: 0.1537
OUT: 1.873
OUT: 1.774
OUT: 1.735
OUT: 1.153
OUT: 0
OUT: 1.598
OUT: 0.739
OUT: 0
OUT: 0.2502
OUT: 1.726
OUT: 0
OUT: 0
OUT: 0
OUT: 0
OUT: 2.723
OUT: 0
OUT: 0.327
OUT: 1.717
OUT: 0
OUT: 1.2705
OUT: 0
OUT: 0
OUT: 0.9443
OUT: 0.6475
OUT: 0.2964
OUT: 0.7393
OUT: 0.471
OUT: 0
OUT: 0.469
OUT: 0
OUT: 0
OUT: 0
OUT: 1.912
OUT: 0.1948
OUT: 1.379
OUT: 0
OUT: 0.3308
OUT: 0.4827
OUT: 0.7397
OUT: 0.2717
OUT: 1.39
OUT: 0.0909
OUT: 0.959
OUT: 1.659
OUT: 0.1372
OUT: 0
OUT: 0
OUT: 0
OUT: 0.5244
OUT: 0.715
OUT: 0.694
OUT: 0.2837
OUT: 0
OUT: 0
OUT: 0
OUT: 0
OUT: 0.1181
OUT: 0.479
OUT: 0.637
OUT: 0.649
OUT: 0
OUT: 0.3328
OUT: 1.296
OUT: 1.723
OUT: 0
OUT: 0
OUT: 0
OUT: 0
OUT: 0
OUT: 0
OUT: 0
OUT: 0
OUT: 0
OUT: 1.396
OUT: 0.922
OUT: 0.8755
OUT: 0.3196
OUT: 0
OUT: 0.356
OUT: 1.185
OUT: 0.188
OUT: 0
OUT: 0
OUT: 0
OUT: 0
OUT: 0
OUT: 0
OUT: 0
OUT: 0
OUT: 1.742
OUT: 0
OUT: 1.798
OUT: 0
OUT: 2.057
OUT: 0.1843
OUT: 0.1781
OUT: 0
OUT: 0
OUT: 0.07465
OUT: 0.3855
OUT: 0.1815
OUT: 0
OUT: 0
OUT: 0
OUT: 2.357
OUT: 0.7417
OUT: 0
OUT: 0.8267
OUT: 0
OUT: 1.345
OUT: 0
OUT: 0
OUT: 0
OUT: 0.0603
OUT: 0
OUT: 1.128
OUT: 1.854
OUT: 2.041
OUT: 0
OUT: 0.695
OUT: 0.1715
OUT: 0.0785
OUT: 0.7646
OUT: 0
OUT: 0.785
OUT: 0.08185
OUT: 0
OUT: 0.1462
OUT: 0
OUT: 0.962
OUT: 0
OUT: 0
OUT: 0.12366
OUT: 0
OUT: 0
OUT: 0
OUT: 0
OUT: 0.692
OUT: 0.593
OUT: 0.4675
OUT: 0.02196
OUT: 0.3396
OUT: 1.407
OUT: 0
OUT: 0.875
OUT: 0
OUT: 0
OUT: 0.796
OUT: 1.127
OUT: 0
OUT: 0.1272
OUT: 0
OUT: 0
OUT: 1.784
OUT: 0.7764
OUT: 0.985
OUT: 0.3755
OUT: 1.236
OUT: 0.6245
OUT: 0.9634
OUT: 0
OUT: 0
OUT: 0
OUT: 0.3992
OUT: 0
OUT: 0
OUT: 0.66
OUT: 0.84
OUT: 0.3794
OUT: 1.299
OUT: 0
OUT: 0.05734
OUT: 0
OUT: 0.9224
OUT: 0.073
OUT: 1.432
OUT: 0.541
OUT: 0
OUT: 0
OUT: 0
OUT: 0
OUT: 0.2139
OUT: 0
OUT: 1.505
OUT: 0
OUT: 0
OUT: 0
OUT: 0
OUT: 0.6064
OUT: 2.508
OUT: 0
OUT: 0
OUT: 2.264
OUT: 0
OUT: 0
OUT: 0.6865
OUT: 0
OUT: 0
OUT: 0
OUT: 0
OUT: 1.7705
OUT: 0
OUT: 0.2079
OUT: 0
OUT: 0.08386
OUT: 0.397
OUT: 0
OUT: 0
OUT: 1.891
OUT: 0.8394
OUT: 1.296
OUT: 0
OUT: 1.564
OUT: 0
OUT: 0
OUT: 0
OUT: 0.1343
OUT: 0
OUT: 0
OUT: 0.536
OUT: 0.3828
OUT: 0
OUT: 0
OUT: 0
OUT: 0
OUT: 0
OUT: 2.055
OUT: 0.571
OUT: 0
OUT: 0
OUT: 0.08966
OUT: 0
OUT: 0.7666
OUT: 0.9404
OUT: 0
OUT: 0
OUT: 0.2202
OUT: 2.92
OUT: 0
OUT: 0
OUT: 1.204
OUT: 0
OUT: 0
OUT: 0
OUT: 0.3274
OUT: 0
OUT: 0.1646
OUT: 0
OUT: 0
OUT: 0
OUT: 0.1108
OUT: 0.517
OUT: 1.094
OUT: 3.08
OUT: 0
OUT: 0.2216
OUT: 0
OUT: 0
OUT: 0.7466
OUT: 0
OUT: 0
OUT: 0.2703
OUT: 0
OUT: 1.023
OUT: 0
OUT: 0.4229
OUT: 0
OUT: 0.01034
OUT: 0.9
OUT: 1.451
OUT: 0
OUT: 0
OUT: 0.053
OUT: 0
OUT: 0.1943
OUT: 0.176
OUT: 0
OUT: 0
OUT: 0.2659
OUT: 0
OUT: 0.7124
OUT: 0
OUT: 0
OUT: 0
OUT: 1.53
OUT: 0.1848
OUT: 0.04175
OUT: 0
OUT: 0
OUT: 0
OUT: 0.814
OUT: 0
OUT: 0
OUT: 0
OUT: 0.4683
OUT: 0
OUT: 0.03827
OUT: 0.7485
OUT: 0
OUT: 0
OUT: 1.924
OUT: 1.1875
OUT: 0
OUT: 0
OUT: 0
OUT: 0
OUT: 0
OUT: 0
OUT: 0
OUT: 0
OUT: 0.853
OUT: 0.4321
OUT: 0
OUT: 0
OUT: 0
OUT: 0.6924
OUT: 0
OUT: 0
OUT: 0
OUT: 0
OUT: 0
OUT: 0
OUT: 0.7144
OUT: 0.97
OUT: 0
OUT: 0.3289
OUT: 0
OUT: 1.298
OUT: 1.373
OUT: 1.618
OUT: 0
OUT: 0
OUT: 0.2646
OUT: 0.4248
OUT: 1.099
OUT: 0
OUT: 0
OUT: 0.0785
OUT: 0
OUT: 0.1648
OUT: 0
OUT: 0.7285
OUT: 0.04807
OUT: 0.4758
OUT: 0.1256
OUT: 0
OUT: 0
OUT: 0
OUT: 2.488
OUT: 0.0918
OUT: 0
OUT: 0
OUT: 0.782
OUT: 0
OUT: 0
OUT: 0
OUT: 0.04602
OUT: 0
OUT: 0
OUT: 0
OUT: 2.424
OUT: 0.2197
OUT: 0
OUT: 1.039
OUT: 0
OUT: 0.1217
OUT: 0
OUT: 0
OUT: 0
OUT: 1.749
OUT: 0
OUT: 0
OUT: 1.142
OUT: 0
OUT: 0
OUT: 0
OUT: 0.4233
OUT: 0
OUT: 0
OUT: 0
OUT: 0
OUT: 0
OUT: 1.956
OUT: 0.3088
OUT: 0
OUT: 0
OUT: 0
OUT: 0
OUT: 0.2454
OUT: 0.652
OUT: 1.033
OUT: 0
OUT: 0.577
OUT: 0.3525
OUT: 0.3452
OUT: 0
OUT: 0
OUT: 0.4214
OUT: 1.1
OUT: 1.234
OUT: 0.973
OUT: 0
OUT: 0
OUT: 0
OUT: 0.1246
OUT: 0
OUT: 0
OUT: 0
OUT: 0.2131
OUT: 0
OUT: 0.5547
OUT: 0
OUT: 1.521
OUT: 1.177
OUT: 0.9565
OUT: 1.69
OUT: 0
OUT: 0
OUT: 0.269
OUT: 0
OUT: 0
OUT: 0.4775
OUT: 0.567
OUT: 0
OUT: 0
OUT: 0
OUT: 0.8145
OUT: 0
OUT: 1.184
OUT: 0
OUT: 0.4014
OUT: 0.2368
OUT: 1.249
OUT: 0.5947
OUT: 0.2583
OUT: 0.3984
OUT: 0.6646
OUT: 0
OUT: 2.28
OUT: 0.9185
OUT: 0
OUT: 1.689
OUT: 1.575
OUT: 1.302
OUT: 0.6475
OUT: 0
OUT: 0
OUT: 1.23
OUT: 1.14
OUT: 0
OUT: 0.5244
OUT: 0.569
OUT: 1.17
OUT: 0
OUT: 1.357
OUT: 0
OUT: 0
OUT: 0.1486
OUT: 0
OUT: 0
OUT: 0.79
OUT: 0
OUT: 0
OUT: 0
OUT: 1.13
OUT: 0
OUT: 2.002
OUT: 1.023
OUT: 0
OUT: 0.97
OUT: 0
OUT: 1.642
OUT: 0
OUT: 0.666
OUT: 0
OUT: 1.244
OUT: 0
OUT: 0
OUT: 0.576
OUT: 0.08215
OUT: 0.254
OUT: 0
OUT: 0
OUT: 1.454
OUT: 1.249
OUT: 0
OUT: 0
OUT: 0
OUT: 0
OUT: 0.2081
OUT: 0
OUT: 0
OUT: 1.543
OUT: 0.0432
OUT: 0
OUT: 0.363
OUT: 0
OUT: 0
OUT: 0.1292
OUT: 0
OUT: 2.1
OUT: 0
OUT: 0
OUT: 0.686
OUT: 1.417
OUT: 0
OUT: 0
OUT: 0
OUT: 0.4429
OUT: 0
OUT: 0.666
OUT: 0
OUT: 0
OUT: 1.087
OUT: 0
OUT: 0
OUT: 0
OUT: 0
OUT: 0.2842
OUT: 0.02489
OUT: 0.3933
OUT: 0
OUT: 0
OUT: 0.3748
OUT: 0.621
OUT: 0
OUT: 0
OUT: 0.3174
OUT: 0
OUT: 0.0801
OUT: 0
OUT: 0
OUT: 0
OUT: 0
OUT: 0.907
OUT: 0
OUT: 0.5205
OUT: 0.12164
OUT: 0
OUT: 0
OUT: 0
OUT: 0
OUT: 0.4355
OUT: 0
OUT: 0.899
OUT: 0
OUT: 0.1431
OUT: 0
OUT: 0
OUT: 0
OUT: 0.4229
OUT: 2.896
OUT: 0.2191
OUT: 0.8755
OUT: 0
OUT: 0.7812
OUT: 0.7573
OUT: 0.7114
OUT: 0
OUT: 0.7886
OUT: 1.344
OUT: 1.087
OUT: 0.04767
OUT: 0.694
OUT: 0
OUT: 1.303
OUT: 0
OUT: 0.948
OUT: 0.335
OUT: 0.3447
OUT: 0
OUT: 0.2622
OUT: 1.559
OUT: 1.157
OUT: 0
OUT: 0
OUT: 0
OUT: 0
OUT: 0
OUT: 0.337
OUT: 0
OUT: 0.3616
OUT: 0
OUT: 0.721
OUT: 0
OUT: 0.761
OUT: 0
OUT: 0
OUT: 0.09015
OUT: 0.4944
OUT: 0
OUT: 0
OUT: 0
OUT: 0
OUT: 2.518
OUT: 0
OUT: 0
OUT: 0.12366
OUT: 0
OUT: 0.9844
OUT: 0.969
OUT: 0
OUT: 0
OUT: 0
OUT: 0
OUT: 1.197
OUT: 1.466
OUT: 0.1879
OUT: 0
OUT: 0
OUT: 0
OUT: 0
OUT: 1.047
OUT: 1.549
OUT: 0
OUT: 0
OUT: 0
OUT: 0
OUT: 0.659
OUT: 0
OUT: 0
OUT: 0
OUT: 0.1987
OUT: 1.483
OUT: 1.475
OUT: 0.2786
OUT: 0
OUT: 1.535
OUT: 0
OUT: 0.6123
OUT: 0.1161
OUT: 1.158
OUT: 0.1222
OUT: 0
OUT: 0
OUT: 0
OUT: 0
OUT: 0
OUT: 0.5986
OUT: 0
OUT: 1.36
OUT: 0
OUT: 0.7373
OUT: 0
OUT: 0.3489
OUT: 0
OUT: 1.394
OUT: 0.07385
OUT: 0.3184
OUT: 0
OUT: 0
OUT: 1.471
OUT: 0
OUT: 0
OUT: 0
OUT: 0
OUT: 0.02315
OUT: 0
OUT: 0.9443
OUT: 2.62
OUT: 0
OUT: 0.2249
OUT: 0.0879
OUT: 0
OUT: 0.4973
OUT: 0.0658
OUT: 0
OUT: 1.247
OUT: 0
OUT: 1.361
OUT: 0.608
OUT: 0.0948
OUT: 1.021
OUT: 0.4346
OUT: 0
OUT: 0.312
OUT: 0
OUT: 1.267
OUT: 1.2
OUT: 0.917
OUT: 0
OUT: 0.0622
OUT: 0.07355
OUT: 0
OUT: 0.758
OUT: 0
OUT: 0
OUT: 0
OUT: 0
OUT: 0
OUT: 0.126
OUT: 0.5166
OUT: 1.471
OUT: 0.2388
OUT: 1.222
OUT: 0.239
OUT: 1.248
OUT: 0.543
OUT: 0
OUT: 0.7954
OUT: 0.506
OUT: 0
OUT: 0
OUT: 0.3972
OUT: 0
OUT: 0.4878
OUT: 0.6245
OUT: 0.0572
OUT: 0.5034
OUT: 0.2983
OUT: 0
OUT: 0
OUT: 1.293
OUT: 0
OUT: 0
OUT: 0
OUT: 0.2177
OUT: 0.67
OUT: 0.1412
OUT: 0.02702
OUT: 0
OUT: 0
OUT: 0
OUT: 0
OUT: 0
OUT: 0
OUT: 0
OUT: 0.5283
OUT: 0
OUT: 0
OUT: 0
OUT: 0
OUT: 1.426
OUT: 0.694
OUT: 0.6733
OUT: 0
OUT: 0.5513
OUT: 0
OUT: 0
OUT: 1.666
OUT: 0
OUT: 0.0715
OUT: 0.637
OUT: 0
OUT: 0
OUT: 0.1587
OUT: 1.075
OUT: 0
OUT: 0.1697
OUT: 0
OUT: 0
OUT: 1.036
OUT: 0
OUT: 0.2986
OUT: 1.658
OUT: 1.366
OUT: 0
OUT: 0.4512
OUT: 0
OUT: 0
OUT: 1.387
OUT: 1.067
OUT: 0.67
OUT: 0
OUT: 1.589
OUT: 0.2131
OUT: 0
OUT: 0
OUT: 0
OUT: 0.9326
OUT: 1.233
OUT: 0
OUT: 0.8384
OUT: 0
OUT: 1.706
OUT: 0
OUT: 0.2588
OUT: 0
OUT: 0
OUT: 1.67
OUT: 0
OUT: 0.8364
OUT: 1.46
OUT: 0.6743
OUT: 0
OUT: 0
OUT: 0.523
OUT: 0
OUT: 0
OUT: 0.8613
OUT: 0
OUT: 0.4658
OUT: 0
OUT: 1.639
OUT: 0.0363
OUT: 1.68
OUT: 0
OUT: 1.254
OUT: 1.259
OUT: 0.9
OUT: 0.1133
OUT: 0
OUT: 0
OUT: 0
OUT: 0.03696
OUT: 1.741
OUT: 0
OUT: 0
OUT: 0
OUT: 0
OUT: 0.03455
OUT: 0
OUT: 0
OUT: 1.477
OUT: 0
OUT: 0
OUT: 0.2637
OUT: 0
OUT: 0.9507
OUT: 0
OUT: 0
OUT: 0.04465
OUT: 0
OUT: 0
OUT: 0.607
OUT: 1.94
OUT: 0
OUT: 1.449
OUT: 0.263
OUT: 0.727
OUT: 1.476
OUT: 0
OUT: 0.589
OUT: 0
OUT: 1.307
OUT: 0.7686
OUT: 0.989
OUT: 0
OUT: 1.884
OUT: 0
OUT: 0
OUT: 0
OUT: 0
OUT: 0
OUT: 1.239
OUT: 1.191
OUT: 0
OUT: 0
OUT: 0.753
OUT: 0
OUT: 0
OUT: 1.803
OUT: 0.815
OUT: 0
OUT: 0.01903
OUT: 0
OUT: 0.581
OUT: 0
OUT: 0
OUT: 0.0425
OUT: 0
OUT: 0
OUT: 0.5215
OUT: 0
OUT: 2.162
OUT: 0
OUT: 0
OUT: 1.037
OUT: 1.463
OUT: 0
OUT: 0.204
OUT: 0.44
OUT: 0.767
OUT: 0
OUT: 1.029
OUT: 0
OUT: 0
OUT: 0.584
OUT: 1.171
OUT: 0
OUT: 0.473
OUT: 3.508
OUT: 2.633
OUT: 0
OUT: 0
OUT: 0
OUT: 0
OUT: 0
OUT: 0
OUT: 0
OUT: 0
OUT: 1.438
OUT: 0.2769
OUT: 0.3413
OUT: 0.25
OUT: 0.2788
OUT: 0.57
OUT: 0.4395
OUT: 1.811
OUT: 0.1967
OUT: 0
OUT: 0
OUT: 0.05917
OUT: 0
OUT: 0
OUT: 0.4158
OUT: 0
OUT: 0
OUT: 0.2844
OUT: 0
OUT: 0
OUT: 0.7236
OUT: 1.604
OUT: 0.3445
OUT: 0.2079
OUT: 0.5576
OUT: 0
OUT: 0.82
OUT: 0
OUT: 0.0837
OUT: 0.9385
OUT: 0
OUT: 0.557
OUT: 0.594
OUT: 0
OUT: 0.4841
OUT: 1.834
OUT: 1.28
OUT: 0
OUT: 0.2837
OUT: 0
OUT: 0
OUT: 0
OUT: 0.821
OUT: 0.678
OUT: 0
OUT: 0
OUT: 0
OUT: 1.057
OUT: 1.076
OUT: 1.394
OUT: 0
OUT: 0
OUT: 1.603
OUT: 1.888
OUT: 0
OUT: 0
OUT: 0
OUT: 0.1252
OUT: 1.616
OUT: 2.105
OUT: 0
OUT: 0.02475
OUT: 0
OUT: 0.8086
OUT: 0.862
OUT: 0
OUT: 2.195
OUT: 0
OUT: 0
OUT: 0
OUT: 0
OUT: 1.231
OUT: 1.097
OUT: 0.1537
OUT: 0.7227
OUT: 0
OUT: 0
OUT: 1.268
OUT: 0
OUT: 0.543
OUT: 0.2188
OUT: 0
OUT: 0
OUT: 0.464
OUT: 0
OUT: 0.6377
OUT: 0
OUT: 0
OUT: 0.1317
OUT: 1.149
OUT: 0.3525
OUT: 0
OUT: 0.2474
OUT: 0.1081
OUT: 0
OUT: 1.43
OUT: 0
OUT: 0
OUT: 0.2288
OUT: 0
OUT: 0
OUT: 0.763
OUT: 0
OUT: 0.58
OUT: 0
OUT: 0
OUT: 0
OUT: 0
OUT: 0.593
OUT: 0
OUT: 0
OUT: 0
OUT: 0
OUT: 0.72
OUT: 0.7485
OUT: 0.2869
OUT: 1.716
OUT: 0
OUT: 0.815
OUT: 0
OUT: 1.113
OUT: 0
OUT: 0
OUT: 0
OUT: 0.08136
OUT: 1.917
OUT: 0
OUT: 0.1283
OUT: 0.7637
OUT: 0.4219
OUT: 0
OUT: 0
OUT: 0
OUT: 0
OUT: 0
OUT: 0.5205
OUT: 0
OUT: 0
OUT: 0
OUT: 0.1912
OUT: 0.2028
OUT: 0
OUT: 0
OUT: 0.4949
OUT: 0.5483
OUT: 0.8296
OUT: 0
OUT: 0
OUT: 0.1501
OUT: 1.091
OUT: 1.235
OUT: 0
OUT: 0.4841
OUT: 0.2588
OUT: 0.859
OUT: 0.3755
OUT: 0
OUT: 0.69
OUT: 0.9907
OUT: 1.884
OUT: 0
OUT: 0.9355
OUT: 0.7446
OUT: 0
OUT: 0
OUT: 0
OUT: 1.472
OUT: 1.756
OUT: 1.173
OUT: 0.3723
OUT: 0
OUT: 2.002
OUT: 0
OUT: 0.626
OUT: 0
OUT: 1.991
OUT: 0
OUT: 0
OUT: 2.22
OUT: 0
OUT: 0.01439
OUT: 0.384
OUT: 0
OUT: 0
OUT: 0.2754
OUT: 0
OUT: 0
OUT: 1.001
OUT: 0
OUT: 0
OUT: 0
OUT: 0.0583
OUT: 0
OUT: 0
OUT: 0
OUT: 0.4653
OUT: 0
OUT: 0
OUT: 0.1449
OUT: 0.1659
OUT: 0.9404
OUT: 0
OUT: 0.5366
OUT: 0.16
OUT: 0.5464
OUT: 1.204
OUT: 0.5356
OUT: 0
OUT: 0
OUT: 1.747
OUT: 2.133
OUT: 2.178
OUT: 0
OUT: 0
OUT: 0
OUT: 0.5894
OUT: 0.3157
OUT: 0.211
OUT: 0
OUT: 0.459
OUT: 1.993
OUT: 0
OUT: 2.582
OUT: 1.846
OUT: 0
OUT: 0.0967
OUT: 0
OUT: 0
OUT: 1.022
OUT: 0
OUT: 0.5947
OUT: 0.07947
OUT: 1.258
OUT: 2.916
OUT: 0
OUT: 0
OUT: 1.162
OUT: 0
OUT: 0
OUT: 0
OUT: 0
OUT: 0
OUT: 0.7197
OUT: 0.565
OUT: 1.316
OUT: 0
OUT: 0
OUT: 1.002
OUT: 0
OUT: 0.9746
OUT: 0
OUT: 0
OUT: 0
OUT: 0
OUT: 0
OUT: 1.421
OUT: 0
OUT: 0.7744
OUT: 0.564
OUT: 0
OUT: 0
OUT: 0.1564
OUT: 1.553
OUT: 0.7207
OUT: 1.52
OUT: 1.935
OUT: 0
OUT: 1.973
OUT: 0.8457
OUT: 0
OUT: 1.054
OUT: 0.741
OUT: 0.408
OUT: 1.1455
OUT: 0
OUT: 0.2725
OUT: 0
OUT: 1.199
OUT: 0.004627
OUT: 0.10736
OUT: 1.287
OUT: 0
OUT: 0
OUT: 1.573
OUT: 1.289
OUT: 0.693
OUT: 0
OUT: 1.903
OUT: 0.593
OUT: 0
OUT: 0
OUT: 0
OUT: 0
OUT: 0.63
OUT: 0
OUT: 0
OUT: 0
OUT: 0.192
OUT: 0
OUT: 0.2059
OUT: 0
OUT: 0
OUT: 0.0701
OUT: 0
OUT: 0.791
OUT: 0
OUT: 0
OUT: 0
OUT: 0.475
OUT: 0.05875
OUT: 0
OUT: 0.1183
OUT: 0
OUT: 0
OUT: 1.179
OUT: 0
OUT: 0
OUT: 0.5493
OUT: 0.1501
OUT: 0.6655
OUT: 0.9644
OUT: 0
OUT: 1.689
OUT: 1.072
OUT: 0.1915
OUT: 1.15
OUT: 1.438
OUT: 0.7954
OUT: 0.09735
OUT: 0.491
OUT: 1.355
OUT: 0.2177
OUT: 0.3882
OUT: 0.922
OUT: 0
OUT: 0
OUT: 0
OUT: 0
OUT: 0.1888
OUT: 0
OUT: 1.485
OUT: 1.098
OUT: 1.906
OUT: 0.2131
OUT: 1.399
OUT: 0.721
OUT: 0.307
OUT: 0
OUT: 0
OUT: 0
OUT: 0
OUT: 0
OUT: 0
OUT: 0.2954
OUT: 0
OUT: 0
OUT: 0.556
OUT: 0
OUT: 1.209
OUT: 0
OUT: 0
OUT: 0
OUT: 0
OUT: 0
OUT: 0
OUT: 0
OUT: 0.0591
OUT: 0
OUT: 0
OUT: 1.504
OUT: 1.073
OUT: 1.107
OUT: 0.0794
OUT: 0
OUT: 0.897
OUT: 0
OUT: 1.067
OUT: 0
OUT: 0
OUT: 0.1606
OUT: 0.1614
OUT: 0.3418
OUT: 0
OUT: 0.2698
OUT: 0
OUT: 1.071
OUT: 0
OUT: 0
OUT: 0.1635
OUT: 1.363
OUT: 0
OUT: 0
OUT: 0.951
OUT: 0
OUT: 0
OUT: 0.3071
OUT: 0.0704
OUT: 0
OUT: 1.994
OUT: 0.166
OUT: 0
OUT: 0
OUT: 1.007
OUT: 0
OUT: 0
OUT: 0
OUT: 0
OUT: 0
OUT: 1.237
OUT: 0
OUT: 0.3738
OUT: 0.3535
OUT: 0.3906
OUT: 0
OUT: 0
OUT: 0.1631
OUT: 0.593
OUT: 0.9766
OUT: 0.1259
OUT: 0
OUT: 0
OUT: 0.3357
OUT: 0
OUT: 0
OUT: 0
OUT: 0
OUT: 0.2603
OUT: 0.8564
OUT: 0.589
OUT: 0
OUT: 0
OUT: 1.238
OUT: 0
OUT: 0
OUT: 0
OUT: 0.378
OUT: 0
OUT: 0
OUT: 0
OUT: 0
OUT: 0
OUT: 0.9062
OUT: 0.697
OUT: 0
OUT: 0
OUT: 0
OUT: 0
OUT: 0
OUT: 0.3455
OUT: 0
OUT: 0
OUT: 0
OUT: 0
OUT: 0
OUT: 0
OUT: 1.293
OUT: 1.685
OUT: 1.22
OUT: 1.095
OUT: 0.1744
OUT: 0.6704
OUT: 0
OUT: 0.8677
OUT: 0.9683
OUT: 0.07166
OUT: 0
OUT: 0
OUT: 0.04404
OUT: 0
OUT: 0
OUT: 0.4128
OUT: 0.6997
OUT: 0
OUT: 0
OUT: 0.695
OUT: 0
OUT: 0.9346
OUT: 0
OUT: 0.6367
OUT: 0
OUT: 1.933
OUT: 0
OUT: 0
OUT: 0.1791
OUT: 0.8306
OUT: 0
OUT: 0
OUT: 0
OUT: 0.2302
OUT: 1.479
OUT: 0
OUT: 0
OUT: 0.707
OUT: 0.2908
OUT: 0.3054
OUT: 0
OUT: 0
OUT: 0
OUT: 0
OUT: 0
OUT: 0
OUT: 0
OUT: 0.5474
OUT: 0
OUT: 0.3958
OUT: 0
OUT: 1.359
OUT: 0.8276
OUT: 0
OUT: 0.5444
OUT: 1.902
OUT: 0.2435
OUT: 0.8203
OUT: 0
OUT: 1.243
OUT: 0.596
OUT: 0.1958
OUT: 0
OUT: 0.2769
OUT: 0.229
OUT: 0.7446
OUT: 1.767
OUT: 1.089
OUT: 1.24
OUT: 1.297
OUT: 0
OUT: 0
OUT: 0.9023
OUT: 0
OUT: 0
OUT: 0
OUT: 0.0586
OUT: 0
OUT: 0.702
OUT: 0
OUT: 0.9883
OUT: 2.385
OUT: 0.10645
OUT: 0
OUT: 0
OUT: 1.3
OUT: 0
OUT: 0
OUT: 1.124
OUT: 0
OUT: 0
OUT: 0.06757
OUT: 0
OUT: 0
OUT: 0
OUT: 0
OUT: 0
OUT: 0
OUT: 0.8066
OUT: 0
OUT: 2.531
OUT: 0
OUT: 0.08167
OUT: 0.5894
OUT: 1.544
OUT: 0
OUT: 0
OUT: 0.5283
OUT: 0.817
OUT: 0.803
OUT: 0
OUT: 0.9844
OUT: 2.01
OUT: 0
OUT: 0.1964
OUT: 0
OUT: 0
OUT: 0
OUT: 0.05676
OUT: 0
OUT: 0
OUT: 0.1031
OUT: 2.613
OUT: 0
OUT: 0.5376
OUT: 0
OUT: 0.05447
OUT: 0.0877
OUT: 0.4995
OUT: 0
OUT: 1.051
OUT: 0
OUT: 0.667
OUT: 0
OUT: 0.72
OUT: 0
OUT: 0
OUT: 0
OUT: 1.154
OUT: 0.05298
OUT: 0.2583
OUT: 0
OUT: 0
OUT: 0.9727
OUT: 0
OUT: 0.3257
OUT: 1.08
OUT: 0.11017
OUT: 1.386
OUT: 0.357
OUT: 1.868
OUT: 1.364
OUT: 0
OUT: 2.016
OUT: 0.625
OUT: 0.00988
OUT: 0.982
OUT: 0.3838
OUT: 0
OUT: 0
OUT: 0.5786
OUT: 0
OUT: 0
OUT: 0.04382
OUT: 0
OUT: 0
OUT: 1.078
OUT: 0
OUT: 0.3662
OUT: 0.5244
OUT: 0
OUT: 0.8677
OUT: 0.5405
OUT: 0
OUT: 0
OUT: 0
OUT: 0.7173
OUT: 0
OUT: 0
OUT: 0.581
OUT: 0
OUT: 0
OUT: 1.201
OUT: 1.44
OUT: 0
OUT: 0
OUT: 0.4922
OUT: 0
OUT: 0
OUT: 0
OUT: 2.785
OUT: 1.692
OUT: 1.6045
OUT: 0.686
OUT: 0
OUT: 0
OUT: 0
OUT: 0
OUT: 0
OUT: 1.606
OUT: 0
OUT: 0.5376
OUT: 0
OUT: 1.713
OUT: 0.1862
OUT: 0.4731
OUT: 0.2382
OUT: 0.6377
OUT: 0.2803
OUT: 0.2915
OUT: 1.268
OUT: 0.6685
OUT: 0
OUT: 1.725
OUT: 0
OUT: 0
OUT: 0
OUT: 0
OUT: 0.3733
OUT: 1.128
OUT: 0.1388
OUT: 0
OUT: 1.098
OUT: 0
OUT: 1.765
OUT: 0.807
OUT: 1.155
OUT: 1.068
OUT: 0
OUT: 0
OUT: 1.215
OUT: 0.2292
OUT: 0
OUT: 0
OUT: 0
OUT: 0.526
OUT: 0.9316
OUT: 0.0569
OUT: 0.848
OUT: 0
OUT: 0.3606
OUT: 0
OUT: 0.2642
OUT: 1.865
OUT: 0
OUT: 0
OUT: 0
OUT: 0
OUT: 0.1936
OUT: 0.3552
OUT: 1.7705
OUT: 0
OUT: 0
OUT: 0
OUT: 0
OUT: 0.1672
OUT: 0.7837
OUT: 0
OUT: 0
OUT: 1.764
OUT: 0.4912
OUT: 0
OUT: 0.2214
OUT: 0
OUT: 0
OUT: 0.3525
OUT: 1.016
OUT: 0
OUT: 0
OUT: 0
OUT: 1.828
OUT: 0
OUT: 0
OUT: 0.444
OUT: 0
OUT: 0.8345
OUT: 0.579
OUT: 1.8545
OUT: 0
OUT: 0
OUT: 0
OUT: 1.011
OUT: 0
OUT: 0
OUT: 0.11865
OUT: 0.6846
OUT: 1.469
OUT: 0
OUT: 1.167
OUT: 0.143
OUT: 0.001116
OUT: 0.646
OUT: 1.22
OUT: 0.2734
OUT: 0
OUT: 0
OUT: 0.411
OUT: 1.439
OUT: 0.05707
OUT: 0.8105
OUT: 0
OUT: 0.315
OUT: 0
OUT: 0
OUT: 0.1254
OUT: 0
OUT: 0
OUT: 0
OUT: 0
OUT: 0.75
OUT: 0
OUT: 0
OUT: 0
OUT: 0
OUT: 0
OUT: 0
OUT: 0.11615
OUT: 0
OUT: 0.627
OUT: 0.2338
OUT: 0
OUT: 0.903
OUT: 0.852
OUT: 0
OUT: 0
OUT: 0.514
OUT: 0
OUT: 0.6235
OUT: 0
OUT: 0
OUT: 1.589
OUT: 0.11615
OUT: 0
OUT: 0.8276
OUT: 1.004
OUT: 0
OUT: 0
OUT: 0.953
OUT: 0
OUT: 0
OUT: 0
OUT: 0
OUT: 0
OUT: 0.931
OUT: 0
OUT: 0.3381
OUT: 0
OUT: 0
OUT: 0
OUT: 0
OUT: 2.34
OUT: 1.373
OUT: 0.4414
OUT: 0.4211
OUT: 1.156
OUT: 0
OUT: 0
OUT: 0
OUT: 1.247
OUT: 0
OUT: 0.3328
OUT: 0
OUT: 0
OUT: 0.1705
OUT: 0
OUT: 0
OUT: 0
OUT: 0
OUT: 1.329
OUT: 0.4502
OUT: 0
OUT: 0
OUT: 0
OUT: 1.492
OUT: 0.4636
OUT: 0.558
OUT: 1.768
OUT: 1.094
OUT: 0.6406
OUT: 1.515
OUT: 0
OUT: 0
OUT: 0.6133
OUT: 0.81
OUT: 1.206
OUT: 0
OUT: 2.23
OUT: 0
OUT: 0.772
OUT: 0.1053
OUT: 2.012
OUT: 0
OUT: 0.669
OUT: 0.415
OUT: 0
OUT: 0.5654
OUT: 0
OUT: 0.4026
OUT: 0.0008206
OUT: 0.128
OUT: 0
OUT: 1.192
OUT: 0.3809
OUT: 0
OUT: 0
OUT: 0.5107
OUT: 0
OUT: 0
OUT: 1.161
OUT: 0
OUT: 0.7603
OUT: 1.181
OUT: 0
OUT: 0.535
OUT: 0
OUT: 0
OUT: 0.4724
OUT: 0
OUT: 0.694
OUT: 1.528
OUT: 0
OUT: 1.177
OUT: 0
OUT: 0
OUT: 0
OUT: 0.97
OUT: 0.4268
OUT: 0
OUT: 0
OUT: 1.135
OUT: 0
OUT: 0
OUT: 0
OUT: 0
OUT: 1.065
OUT: 0
OUT: 0.3508
OUT: 0
OUT: 0
OUT: 0
OUT: 0.5464
OUT: 0.5107
OUT: 0.729
OUT: 0.1866
OUT: 0
OUT: 0
OUT: 2.328
OUT: 0
OUT: 1.329
OUT: 0
OUT: 0
OUT: 0
OUT: 0.3525
OUT: 0.189
OUT: 1.655
OUT: 0.1758
OUT: 0
OUT: 0.03583
OUT: 0.9297
OUT: 1.615
OUT: 1.599
OUT: 0.05362
OUT: 0.481
OUT: 0
OUT: 0
OUT: 0
OUT: 0
OUT: 0.09625
OUT: 0
OUT: 0
OUT: 0.2952
OUT: 0
OUT: 0
OUT: 0
OUT: 1.101
OUT: 0
OUT: 0
OUT: 0
OUT: 0
OUT: 0.342
OUT: 0
OUT: 0
OUT: 0.2059
OUT: 0
OUT: 0
OUT: 0.4998
OUT: 1.943
OUT: 1.444
OUT: 0.272
OUT: 0
OUT: 0
OUT: 1.905
OUT: 0.174
OUT: 0
OUT: 0
OUT: 0.8257
OUT: 0
OUT: 0
OUT: 1.856
OUT: 0.01499
OUT: 0
OUT: 0
OUT: 0
OUT: 0
OUT: 2.457
OUT: 0
OUT: 0
OUT: 0
OUT: 0
OUT: 0
OUT: 0
OUT: 0.3806
OUT: 0
OUT: 0
OUT: 3.045
OUT: 0.688
OUT: 1.568
OUT: 0
OUT: 0.00954
OUT: 0.326
OUT: 0
OUT: 1.577
OUT: 0
OUT: 0
OUT: 0.2335
OUT: 0
OUT: 0.3977
OUT: 0.927
OUT: 0.658
OUT: 0
OUT: 0
OUT: 1.205
OUT: 2.412
OUT: 0.4824
OUT: 0
OUT: 0
OUT: 0
OUT: 0
OUT: 0
OUT: 0
OUT: 0
OUT: 0.0736
OUT: 0
OUT: 0
OUT: 0
OUT: 1.791
OUT: 0
OUT: 0.8735
OUT: 0
OUT: 0.834
OUT: 0.4724
OUT: 0.466
OUT: 0
OUT: 0.367
OUT: 0
OUT: 0
----------------------------------------------
   RMSE 0.000000
----------------------------------------------
*******************************************
PASS: The output matches the golden output!
*******************************************
INFO: [SIM 1] CSim done with 0 errors.
INFO: [SIM 3] *************** CSIM finish ***************
