

================================================================
== Vivado HLS Report for 'conv2d_C2'
================================================================
* Date:           Thu Mar 19 10:56:26 2020

* Version:        2019.1 (Build 2552052 on Fri May 24 15:28:33 MDT 2019)
* Project:        lenet_cnn
* Solution:       solution4_demo2
* Product family: zynq
* Target device:  xc7z020-clg400-1


================================================================
== Performance Estimates
================================================================
+ Timing (ns): 
    * Summary: 
    +--------+-------+----------+------------+
    |  Clock | Target| Estimated| Uncertainty|
    +--------+-------+----------+------------+
    |ap_clk  |  10.00|     8.400|        1.25|
    +--------+-------+----------+------------+

+ Latency (clock cycles): 
    * Summary: 
    +-------+-------+-------+-------+---------+
    |    Latency    |    Interval   | Pipeline|
    |  min  |  max  |  min  |  max  |   Type  |
    +-------+-------+-------+-------+---------+
    |  32533|  32533|  32533|  32533|   none  |
    +-------+-------+-------+-------+---------+

    + Detail: 
        * Instance: 
        N/A

        * Loop: 
        +--------------------+-------+-------+----------+-----------+-----------+------+----------+
        |                    |    Latency    | Iteration|  Initiation Interval  | Trip |          |
        |      Loop Name     |  min  |  max  |  Latency |  achieved |   target  | Count| Pipelined|
        +--------------------+-------+-------+----------+-----------+-----------+------+----------+
        |- OFM               |  32532|  32532|      8133|          -|          -|     4|    no    |
        | + ROW_CLR_COL_CLR  |    100|    100|         2|          1|          1|   100|    yes   |
        | + IFM_ROW_COL      |   7924|   7924|       138|         13|          1|   600|    yes   |
        | + ROW_CPY_COL_CPY  |    101|    101|         3|          1|          1|   100|    yes   |
        +--------------------+-------+-------+----------+-----------+-----------+------+----------+



================================================================
== Utilization Estimates
================================================================
* Summary: 
+-----------------+---------+-------+--------+-------+-----+
|       Name      | BRAM_18K| DSP48E|   FF   |  LUT  | URAM|
+-----------------+---------+-------+--------+-------+-----+
|DSP              |        -|      -|       -|      -|    -|
|Expression       |        -|      -|       0|   1379|    -|
|FIFO             |        -|      -|       -|      -|    -|
|Instance         |        -|     40|    2784|   5688|    -|
|Memory           |        4|      -|    3328|   1208|    0|
|Multiplexer      |        -|      -|       -|   2140|    -|
|Register         |        0|      -|   14662|   2656|    -|
+-----------------+---------+-------+--------+-------+-----+
|Total            |        4|     40|   20774|  13071|    0|
+-----------------+---------+-------+--------+-------+-----+
|Available        |      280|    220|  106400|  53200|    0|
+-----------------+---------+-------+--------+-------+-----+
|Utilization (%)  |        1|     18|      19|     24|    0|
+-----------------+---------+-------+--------+-------+-----+

+ Detail: 
    * Instance: 
    +--------------------------+----------------------+---------+-------+-----+-----+-----+
    |         Instance         |        Module        | BRAM_18K| DSP48E|  FF | LUT | URAM|
    +--------------------------+----------------------+---------+-------+-----+-----+-----+
    |lenet_fadd_32ns_3xdS_U46  |lenet_fadd_32ns_3xdS  |        0|      2|  205|  390|    0|
    |lenet_fadd_32ns_3xdS_U47  |lenet_fadd_32ns_3xdS  |        0|      2|  205|  390|    0|
    |lenet_fadd_32ns_3xdS_U48  |lenet_fadd_32ns_3xdS  |        0|      2|  205|  390|    0|
    |lenet_fadd_32ns_3xdS_U49  |lenet_fadd_32ns_3xdS  |        0|      2|  205|  390|    0|
    |lenet_fadd_32ns_3xdS_U50  |lenet_fadd_32ns_3xdS  |        0|      2|  205|  390|    0|
    |lenet_fadd_32ns_3xdS_U51  |lenet_fadd_32ns_3xdS  |        0|      2|  205|  390|    0|
    |lenet_fadd_32ns_3xdS_U52  |lenet_fadd_32ns_3xdS  |        0|      2|  205|  390|    0|
    |lenet_fadd_32ns_3xdS_U53  |lenet_fadd_32ns_3xdS  |        0|      2|  205|  390|    0|
    |lenet_fmul_32ns_3yd2_U54  |lenet_fmul_32ns_3yd2  |        0|      3|  143|  321|    0|
    |lenet_fmul_32ns_3yd2_U55  |lenet_fmul_32ns_3yd2  |        0|      3|  143|  321|    0|
    |lenet_fmul_32ns_3yd2_U56  |lenet_fmul_32ns_3yd2  |        0|      3|  143|  321|    0|
    |lenet_fmul_32ns_3yd2_U57  |lenet_fmul_32ns_3yd2  |        0|      3|  143|  321|    0|
    |lenet_fmul_32ns_3yd2_U58  |lenet_fmul_32ns_3yd2  |        0|      3|  143|  321|    0|
    |lenet_fmul_32ns_3yd2_U59  |lenet_fmul_32ns_3yd2  |        0|      3|  143|  321|    0|
    |lenet_fmul_32ns_3yd2_U60  |lenet_fmul_32ns_3yd2  |        0|      3|  143|  321|    0|
    |lenet_fmul_32ns_3yd2_U61  |lenet_fmul_32ns_3yd2  |        0|      3|  143|  321|    0|
    +--------------------------+----------------------+---------+-------+-----+-----+-----+
    |Total                     |                      |        0|     40| 2784| 5688|    0|
    +--------------------------+----------------------+---------+-------+-----+-----+-----+

    * DSP48E: 
    N/A

    * Memory: 
    +--------------------+----------------------+---------+----+----+-----+------+-----+------+-------------+
    |       Memory       |        Module        | BRAM_18K| FF | LUT| URAM| Words| Bits| Banks| W*Bits*Banks|
    +--------------------+----------------------+---------+----+----+-----+------+-----+------+-------------+
    |C2_biases_0_U       |conv2d_C2_C2_biasAem  |        0|  32|   2|    0|     4|   32|     1|          128|
    |C2_biases_1_U       |conv2d_C2_C2_biasBew  |        0|  32|   2|    0|     4|   32|     1|          128|
    |C2_biases_2_U       |conv2d_C2_C2_biasCeG  |        0|  32|   2|    0|     4|   32|     1|          128|
    |C2_biases_3_U       |conv2d_C2_C2_biasDeQ  |        0|  32|   2|    0|     4|   32|     1|          128|
    |C2_weights_2_1_0_U  |conv2d_C2_C2_weig0iy  |        0|  32|  12|    0|    24|   32|     1|          768|
    |C2_weights_3_1_0_U  |conv2d_C2_C2_weig1iI  |        0|  32|  12|    0|    24|   32|     1|          768|
    |C2_weights_0_1_1_U  |conv2d_C2_C2_weig2iS  |        0|  32|  12|    0|    24|   32|     1|          768|
    |C2_weights_1_1_1_U  |conv2d_C2_C2_weig3i2  |        0|  32|  12|    0|    24|   32|     1|          768|
    |C2_weights_2_1_1_U  |conv2d_C2_C2_weig4jc  |        0|  32|  12|    0|    24|   32|     1|          768|
    |C2_weights_3_1_1_U  |conv2d_C2_C2_weig5jm  |        0|  32|  12|    0|    24|   32|     1|          768|
    |C2_weights_0_1_2_U  |conv2d_C2_C2_weig6jw  |        0|  32|  12|    0|    24|   32|     1|          768|
    |C2_weights_1_1_2_U  |conv2d_C2_C2_weig7jG  |        0|  32|  12|    0|    24|   32|     1|          768|
    |C2_weights_2_1_2_U  |conv2d_C2_C2_weig8jQ  |        0|  32|  12|    0|    24|   32|     1|          768|
    |C2_weights_3_1_2_U  |conv2d_C2_C2_weig9j0  |        0|  32|  12|    0|    24|   32|     1|          768|
    |C2_weights_0_0_0_U  |conv2d_C2_C2_weigEe0  |        0|  32|  12|    0|    24|   32|     1|          768|
    |C2_weights_1_0_0_U  |conv2d_C2_C2_weigFfa  |        0|  32|  12|    0|    24|   32|     1|          768|
    |C2_weights_2_0_0_U  |conv2d_C2_C2_weigGfk  |        0|  32|  12|    0|    24|   32|     1|          768|
    |C2_weights_3_0_0_U  |conv2d_C2_C2_weigHfu  |        0|  32|  12|    0|    24|   32|     1|          768|
    |C2_weights_0_0_1_U  |conv2d_C2_C2_weigIfE  |        0|  32|  12|    0|    24|   32|     1|          768|
    |C2_weights_1_0_1_U  |conv2d_C2_C2_weigJfO  |        0|  32|  12|    0|    24|   32|     1|          768|
    |C2_weights_2_0_1_U  |conv2d_C2_C2_weigKfY  |        0|  32|  12|    0|    24|   32|     1|          768|
    |C2_weights_3_0_1_U  |conv2d_C2_C2_weigLf8  |        0|  32|  12|    0|    24|   32|     1|          768|
    |C2_weights_0_0_2_U  |conv2d_C2_C2_weigMgi  |        0|  32|  12|    0|    24|   32|     1|          768|
    |C2_weights_1_0_2_U  |conv2d_C2_C2_weigNgs  |        0|  32|  12|    0|    24|   32|     1|          768|
    |C2_weights_2_0_2_U  |conv2d_C2_C2_weigOgC  |        0|  32|  12|    0|    24|   32|     1|          768|
    |C2_weights_3_0_2_U  |conv2d_C2_C2_weigPgM  |        0|  32|  12|    0|    24|   32|     1|          768|
    |C2_weights_0_0_3_U  |conv2d_C2_C2_weigQgW  |        0|  32|  12|    0|    24|   32|     1|          768|
    |C2_weights_1_0_3_U  |conv2d_C2_C2_weigRg6  |        0|  32|  12|    0|    24|   32|     1|          768|
    |C2_weights_2_0_3_U  |conv2d_C2_C2_weigShg  |        0|  32|  12|    0|    24|   32|     1|          768|
    |C2_weights_3_0_3_U  |conv2d_C2_C2_weigThq  |        0|  32|  12|    0|    24|   32|     1|          768|
    |C2_weights_0_0_4_U  |conv2d_C2_C2_weigUhA  |        0|  32|  12|    0|    24|   32|     1|          768|
    |C2_weights_1_0_4_U  |conv2d_C2_C2_weigVhK  |        0|  32|  12|    0|    24|   32|     1|          768|
    |C2_weights_2_0_4_U  |conv2d_C2_C2_weigWhU  |        0|  32|  12|    0|    24|   32|     1|          768|
    |C2_weights_3_0_4_U  |conv2d_C2_C2_weigXh4  |        0|  32|  12|    0|    24|   32|     1|          768|
    |C2_weights_0_1_0_U  |conv2d_C2_C2_weigYie  |        0|  32|  12|    0|    24|   32|     1|          768|
    |C2_weights_1_1_0_U  |conv2d_C2_C2_weigZio  |        0|  32|  12|    0|    24|   32|     1|          768|
    |C2_weights_0_4_1_U  |conv2d_C2_C2_weigb0s  |        0|  32|  12|    0|    24|   32|     1|          768|
    |C2_weights_1_4_1_U  |conv2d_C2_C2_weigb1s  |        0|  32|  12|    0|    24|   32|     1|          768|
    |C2_weights_2_4_1_U  |conv2d_C2_C2_weigb2s  |        0|  32|  12|    0|    24|   32|     1|          768|
    |C2_weights_3_4_1_U  |conv2d_C2_C2_weigb3s  |        0|  32|  12|    0|    24|   32|     1|          768|
    |C2_weights_0_4_2_U  |conv2d_C2_C2_weigb4t  |        0|  32|  12|    0|    24|   32|     1|          768|
    |C2_weights_1_4_2_U  |conv2d_C2_C2_weigb5t  |        0|  32|  12|    0|    24|   32|     1|          768|
    |C2_weights_2_4_2_U  |conv2d_C2_C2_weigb6t  |        0|  32|  12|    0|    24|   32|     1|          768|
    |C2_weights_3_4_2_U  |conv2d_C2_C2_weigb7t  |        0|  32|  12|    0|    24|   32|     1|          768|
    |C2_weights_0_4_3_U  |conv2d_C2_C2_weigb8t  |        0|  32|  12|    0|    24|   32|     1|          768|
    |C2_weights_1_4_3_U  |conv2d_C2_C2_weigb9t  |        0|  32|  12|    0|    24|   32|     1|          768|
    |C2_weights_2_2_4_U  |conv2d_C2_C2_weigbAo  |        0|  32|  12|    0|    24|   32|     1|          768|
    |C2_weights_3_2_4_U  |conv2d_C2_C2_weigbBo  |        0|  32|  12|    0|    24|   32|     1|          768|
    |C2_weights_0_3_0_U  |conv2d_C2_C2_weigbCo  |        0|  32|  12|    0|    24|   32|     1|          768|
    |C2_weights_1_3_0_U  |conv2d_C2_C2_weigbDo  |        0|  32|  12|    0|    24|   32|     1|          768|
    |C2_weights_2_3_0_U  |conv2d_C2_C2_weigbEo  |        0|  32|  12|    0|    24|   32|     1|          768|
    |C2_weights_3_3_0_U  |conv2d_C2_C2_weigbFp  |        0|  32|  12|    0|    24|   32|     1|          768|
    |C2_weights_0_3_1_U  |conv2d_C2_C2_weigbGp  |        0|  32|  12|    0|    24|   32|     1|          768|
    |C2_weights_1_3_1_U  |conv2d_C2_C2_weigbHp  |        0|  32|  12|    0|    24|   32|     1|          768|
    |C2_weights_2_3_1_U  |conv2d_C2_C2_weigbIp  |        0|  32|  12|    0|    24|   32|     1|          768|
    |C2_weights_3_3_1_U  |conv2d_C2_C2_weigbJp  |        0|  32|  12|    0|    24|   32|     1|          768|
    |C2_weights_0_3_2_U  |conv2d_C2_C2_weigbKp  |        0|  32|  12|    0|    24|   32|     1|          768|
    |C2_weights_1_3_2_U  |conv2d_C2_C2_weigbLp  |        0|  32|  12|    0|    24|   32|     1|          768|
    |C2_weights_2_3_2_U  |conv2d_C2_C2_weigbMq  |        0|  32|  12|    0|    24|   32|     1|          768|
    |C2_weights_3_3_2_U  |conv2d_C2_C2_weigbNq  |        0|  32|  12|    0|    24|   32|     1|          768|
    |C2_weights_0_3_3_U  |conv2d_C2_C2_weigbOq  |        0|  32|  12|    0|    24|   32|     1|          768|
    |C2_weights_1_3_3_U  |conv2d_C2_C2_weigbPq  |        0|  32|  12|    0|    24|   32|     1|          768|
    |C2_weights_2_3_3_U  |conv2d_C2_C2_weigbQq  |        0|  32|  12|    0|    24|   32|     1|          768|
    |C2_weights_3_3_3_U  |conv2d_C2_C2_weigbRq  |        0|  32|  12|    0|    24|   32|     1|          768|
    |C2_weights_0_3_4_U  |conv2d_C2_C2_weigbSr  |        0|  32|  12|    0|    24|   32|     1|          768|
    |C2_weights_1_3_4_U  |conv2d_C2_C2_weigbTr  |        0|  32|  12|    0|    24|   32|     1|          768|
    |C2_weights_2_3_4_U  |conv2d_C2_C2_weigbUr  |        0|  32|  12|    0|    24|   32|     1|          768|
    |C2_weights_3_3_4_U  |conv2d_C2_C2_weigbVr  |        0|  32|  12|    0|    24|   32|     1|          768|
    |C2_weights_0_4_0_U  |conv2d_C2_C2_weigbWr  |        0|  32|  12|    0|    24|   32|     1|          768|
    |C2_weights_1_4_0_U  |conv2d_C2_C2_weigbXr  |        0|  32|  12|    0|    24|   32|     1|          768|
    |C2_weights_2_4_0_U  |conv2d_C2_C2_weigbYs  |        0|  32|  12|    0|    24|   32|     1|          768|
    |C2_weights_3_4_0_U  |conv2d_C2_C2_weigbZs  |        0|  32|  12|    0|    24|   32|     1|          768|
    |C2_weights_0_1_3_U  |conv2d_C2_C2_weigbak  |        0|  32|  12|    0|    24|   32|     1|          768|
    |C2_weights_1_1_3_U  |conv2d_C2_C2_weigbbk  |        0|  32|  12|    0|    24|   32|     1|          768|
    |C2_weights_2_1_3_U  |conv2d_C2_C2_weigbck  |        0|  32|  12|    0|    24|   32|     1|          768|
    |C2_weights_3_1_3_U  |conv2d_C2_C2_weigbdk  |        0|  32|  12|    0|    24|   32|     1|          768|
    |C2_weights_0_1_4_U  |conv2d_C2_C2_weigbek  |        0|  32|  12|    0|    24|   32|     1|          768|
    |C2_weights_1_1_4_U  |conv2d_C2_C2_weigbfk  |        0|  32|  12|    0|    24|   32|     1|          768|
    |C2_weights_2_1_4_U  |conv2d_C2_C2_weigbgk  |        0|  32|  12|    0|    24|   32|     1|          768|
    |C2_weights_3_1_4_U  |conv2d_C2_C2_weigbhl  |        0|  32|  12|    0|    24|   32|     1|          768|
    |C2_weights_0_2_0_U  |conv2d_C2_C2_weigbil  |        0|  32|  12|    0|    24|   32|     1|          768|
    |C2_weights_1_2_0_U  |conv2d_C2_C2_weigbjl  |        0|  32|  12|    0|    24|   32|     1|          768|
    |C2_weights_2_2_0_U  |conv2d_C2_C2_weigbkl  |        0|  32|  12|    0|    24|   32|     1|          768|
    |C2_weights_3_2_0_U  |conv2d_C2_C2_weigbll  |        0|  32|  12|    0|    24|   32|     1|          768|
    |C2_weights_0_2_1_U  |conv2d_C2_C2_weigbml  |        0|  32|  12|    0|    24|   32|     1|          768|
    |C2_weights_1_2_1_U  |conv2d_C2_C2_weigbnm  |        0|  32|  12|    0|    24|   32|     1|          768|
    |C2_weights_2_2_1_U  |conv2d_C2_C2_weigbom  |        0|  32|  12|    0|    24|   32|     1|          768|
    |C2_weights_3_2_1_U  |conv2d_C2_C2_weigbpm  |        0|  32|  12|    0|    24|   32|     1|          768|
    |C2_weights_0_2_2_U  |conv2d_C2_C2_weigbqm  |        0|  32|  12|    0|    24|   32|     1|          768|
    |C2_weights_1_2_2_U  |conv2d_C2_C2_weigbrm  |        0|  32|  12|    0|    24|   32|     1|          768|
    |C2_weights_2_2_2_U  |conv2d_C2_C2_weigbsm  |        0|  32|  12|    0|    24|   32|     1|          768|
    |C2_weights_3_2_2_U  |conv2d_C2_C2_weigbtn  |        0|  32|  12|    0|    24|   32|     1|          768|
    |C2_weights_0_2_3_U  |conv2d_C2_C2_weigbun  |        0|  32|  12|    0|    24|   32|     1|          768|
    |C2_weights_1_2_3_U  |conv2d_C2_C2_weigbvn  |        0|  32|  12|    0|    24|   32|     1|          768|
    |C2_weights_2_2_3_U  |conv2d_C2_C2_weigbwn  |        0|  32|  12|    0|    24|   32|     1|          768|
    |C2_weights_3_2_3_U  |conv2d_C2_C2_weigbxn  |        0|  32|  12|    0|    24|   32|     1|          768|
    |C2_weights_0_2_4_U  |conv2d_C2_C2_weigbyn  |        0|  32|  12|    0|    24|   32|     1|          768|
    |C2_weights_1_2_4_U  |conv2d_C2_C2_weigbzo  |        0|  32|  12|    0|    24|   32|     1|          768|
    |C2_weights_2_4_3_U  |conv2d_C2_C2_weigcau  |        0|  32|  12|    0|    24|   32|     1|          768|
    |C2_weights_3_4_3_U  |conv2d_C2_C2_weigcbu  |        0|  32|  12|    0|    24|   32|     1|          768|
    |C2_weights_0_4_4_U  |conv2d_C2_C2_weigccu  |        0|  32|  12|    0|    24|   32|     1|          768|
    |C2_weights_1_4_4_U  |conv2d_C2_C2_weigcdu  |        0|  32|  12|    0|    24|   32|     1|          768|
    |C2_weights_2_4_4_U  |conv2d_C2_C2_weigceu  |        0|  32|  12|    0|    24|   32|     1|          768|
    |C2_weights_3_4_4_U  |conv2d_C2_C2_weigcfu  |        0|  32|  12|    0|    24|   32|     1|          768|
    |acc_buf_0_U         |conv2d_C2_acc_buf_0   |        1|   0|   0|    0|   100|   32|     1|         3200|
    |acc_buf_1_U         |conv2d_C2_acc_buf_0   |        1|   0|   0|    0|   100|   32|     1|         3200|
    |acc_buf_2_U         |conv2d_C2_acc_buf_0   |        1|   0|   0|    0|   100|   32|     1|         3200|
    |acc_buf_3_U         |conv2d_C2_acc_buf_0   |        1|   0|   0|    0|   100|   32|     1|         3200|
    +--------------------+----------------------+---------+----+----+-----+------+-----+------+-------------+
    |Total               |                      |        4|3328|1208|    0|  2816| 3456|   108|        90112|
    +--------------------+----------------------+---------+----+----+-----+------+-----+------+-------------+

    * FIFO: 
    N/A

    * Expression: 
    +---------------------------+----------+-------+---+----+------------+------------+
    |       Variable Name       | Operation| DSP48E| FF| LUT| Bitwidth P0| Bitwidth P1|
    +---------------------------+----------+-------+---+----+------------+------------+
    |add_ln107_fu_2656_p2       |     +    |      0|  0|  15|           7|           1|
    |add_ln110_1_fu_2727_p2     |     +    |      0|  0|   8|           8|           8|
    |add_ln110_fu_2718_p2       |     +    |      0|  0|   8|           8|           8|
    |add_ln117_fu_2771_p2       |     +    |      0|  0|  14|          10|           1|
    |add_ln118_fu_3256_p2       |     +    |      0|  0|  15|           1|           8|
    |add_ln129_10_fu_3058_p2    |     +    |      0|  0|  71|          64|          64|
    |add_ln129_11_fu_3094_p2    |     +    |      0|  0|  13|           2|           4|
    |add_ln129_12_fu_3112_p2    |     +    |      0|  0|  71|          64|          64|
    |add_ln129_13_fu_3148_p2    |     +    |      0|  0|  13|           3|           4|
    |add_ln129_14_fu_3166_p2    |     +    |      0|  0|  71|          64|          64|
    |add_ln129_15_fu_3202_p2    |     +    |      0|  0|  13|           3|           4|
    |add_ln129_16_fu_3220_p2    |     +    |      0|  0|  71|          64|          64|
    |add_ln129_17_fu_3285_p2    |     +    |      0|  0|  12|          12|          12|
    |add_ln129_18_fu_3354_p2    |     +    |      0|  0|  12|          12|          12|
    |add_ln129_19_fu_3418_p2    |     +    |      0|  0|  12|          12|          12|
    |add_ln129_1_fu_3316_p2     |     +    |      0|  0|  13|           2|           4|
    |add_ln129_20_fu_3454_p2    |     +    |      0|  0|  12|          12|          12|
    |add_ln129_21_fu_3472_p2    |     +    |      0|  0|  12|          12|          12|
    |add_ln129_23_fu_3305_p2    |     +    |      0|  0|  12|          12|          12|
    |add_ln129_24_fu_3382_p2    |     +    |      0|  0|  12|          12|          12|
    |add_ln129_25_fu_3427_p2    |     +    |      0|  0|  12|          12|          12|
    |add_ln129_26_fu_3476_p2    |     +    |      0|  0|  12|          12|          12|
    |add_ln129_27_fu_3485_p2    |     +    |      0|  0|  12|          12|          12|
    |add_ln129_28_fu_3325_p2    |     +    |      0|  0|  12|          12|          12|
    |add_ln129_29_fu_3391_p2    |     +    |      0|  0|  12|          12|          12|
    |add_ln129_2_fu_2753_p2     |     +    |      0|  0|  13|           4|           2|
    |add_ln129_30_fu_3436_p2    |     +    |      0|  0|  12|          12|          12|
    |add_ln129_31_fu_3489_p2    |     +    |      0|  0|  12|          12|          12|
    |add_ln129_32_fu_3498_p2    |     +    |      0|  0|  12|          12|          12|
    |add_ln129_33_fu_3344_p2    |     +    |      0|  0|  12|          12|          12|
    |add_ln129_34_fu_3400_p2    |     +    |      0|  0|  12|          12|          12|
    |add_ln129_35_fu_3445_p2    |     +    |      0|  0|  12|          12|          12|
    |add_ln129_36_fu_3502_p2    |     +    |      0|  0|  12|          12|          12|
    |add_ln129_37_fu_3506_p2    |     +    |      0|  0|  12|          12|          12|
    |add_ln129_38_fu_3372_p2    |     +    |      0|  0|  12|          12|          12|
    |add_ln129_39_fu_3409_p2    |     +    |      0|  0|  12|          12|          12|
    |add_ln129_3_fu_2759_p2     |     +    |      0|  0|  13|           4|           3|
    |add_ln129_40_fu_3463_p2    |     +    |      0|  0|  12|          12|          12|
    |add_ln129_41_fu_3510_p2    |     +    |      0|  0|  12|          12|          12|
    |add_ln129_42_fu_3514_p2    |     +    |      0|  0|  12|          12|          12|
    |add_ln129_4_fu_2839_p2     |     +    |      0|  0|  15|           6|           6|
    |add_ln129_5_fu_3335_p2     |     +    |      0|  0|  13|           2|           4|
    |add_ln129_6_fu_3363_p2     |     +    |      0|  0|  13|           3|           4|
    |add_ln129_7_fu_2994_p2     |     +    |      0|  0|  13|           1|           4|
    |add_ln129_8_fu_3026_p2     |     +    |      0|  0|  71|          64|          64|
    |add_ln129_9_fu_3040_p2     |     +    |      0|  0|  13|           2|           4|
    |add_ln129_fu_2747_p2       |     +    |      0|  0|  13|           4|           2|
    |add_ln136_1_fu_3583_p2     |     +    |      0|  0|   8|           8|           8|
    |add_ln136_fu_3574_p2       |     +    |      0|  0|   8|           8|           8|
    |add_ln146_fu_3603_p2       |     +    |      0|  0|  15|           7|           1|
    |add_ln149_1_fu_3646_p2     |     +    |      0|  0|  15|           7|           7|
    |add_ln149_2_fu_3671_p2     |     +    |      0|  0|   8|          10|          10|
    |add_ln149_3_fu_3699_p2     |     +    |      0|  0|   8|           8|           8|
    |add_ln149_4_fu_3711_p2     |     +    |      0|  0|   8|          10|          10|
    |add_ln149_5_fu_3717_p2     |     +    |      0|  0|   8|           8|           8|
    |add_ln149_fu_2644_p2       |     +    |      0|  0|  15|           7|           7|
    |c_1_fu_3296_p2             |     +    |      0|  0|  13|           1|           4|
    |c_2_fu_3637_p2             |     +    |      0|  0|  13|           4|           1|
    |c_fu_2690_p2               |     +    |      0|  0|  13|           4|           1|
    |ifm_fu_2777_p2             |     +    |      0|  0|  12|           1|           3|
    |ofm_fu_3738_p2             |     +    |      0|  0|  15|           5|           3|
    |r_1_fu_2741_p2             |     +    |      0|  0|  13|           4|           1|
    |r_2_fu_3609_p2             |     +    |      0|  0|  13|           4|           1|
    |r_fu_2662_p2               |     +    |      0|  0|  13|           4|           1|
    |sub_ln129_1_fu_2829_p2     |     -    |      0|  0|  71|          64|          64|
    |sub_ln129_2_fu_3276_p2     |     -    |      0|  0|  12|          12|          12|
    |sub_ln129_3_fu_3088_p2     |     -    |      0|  0|  12|          12|          12|
    |sub_ln129_4_fu_3142_p2     |     -    |      0|  0|  12|          12|          12|
    |sub_ln129_5_fu_3196_p2     |     -    |      0|  0|  12|          12|          12|
    |sub_ln129_6_fu_3250_p2     |     -    |      0|  0|  12|          12|          12|
    |sub_ln129_fu_2638_p2       |     -    |      0|  0|  15|           6|           6|
    |and_ln129_fu_2988_p2       |    and   |      0|  0|   2|           1|           1|
    |icmp_ln107_fu_2650_p2      |   icmp   |      0|  0|  11|           7|           6|
    |icmp_ln108_fu_2668_p2      |   icmp   |      0|  0|   9|           4|           4|
    |icmp_ln117_fu_2765_p2      |   icmp   |      0|  0|  13|          10|          10|
    |icmp_ln118_fu_2783_p2      |   icmp   |      0|  0|  11|           8|           7|
    |icmp_ln119_fu_2982_p2      |   icmp   |      0|  0|   9|           4|           4|
    |icmp_ln146_fu_3597_p2      |   icmp   |      0|  0|  11|           7|           6|
    |icmp_ln147_fu_3615_p2      |   icmp   |      0|  0|   9|           4|           4|
    |ap_block_state1            |    or    |      0|  0|   2|           1|           1|
    |or_ln136_fu_3000_p2        |    or    |      0|  0|   2|           1|           1|
    |select_ln110_1_fu_2682_p3  |  select  |      0|  0|   4|           1|           4|
    |select_ln110_fu_2674_p3    |  select  |      0|  0|   4|           1|           1|
    |select_ln118_fu_3542_p3    |  select  |      0|  0|   8|           1|           1|
    |select_ln129_1_fu_2797_p3  |  select  |      0|  0|   3|           1|           3|
    |select_ln129_2_fu_2944_p3  |  select  |      0|  0|   4|           1|           1|
    |select_ln129_3_fu_2952_p3  |  select  |      0|  0|   4|           1|           2|
    |select_ln129_4_fu_2960_p3  |  select  |      0|  0|   4|           1|           2|
    |select_ln129_5_fu_2968_p3  |  select  |      0|  0|   4|           1|           3|
    |select_ln129_fu_2789_p3    |  select  |      0|  0|   4|           1|           1|
    |select_ln136_1_fu_3014_p3  |  select  |      0|  0|   4|           1|           4|
    |select_ln136_2_fu_3046_p3  |  select  |      0|  0|   4|           1|           4|
    |select_ln136_3_fu_3100_p3  |  select  |      0|  0|   4|           1|           4|
    |select_ln136_4_fu_3154_p3  |  select  |      0|  0|   4|           1|           4|
    |select_ln136_5_fu_3208_p3  |  select  |      0|  0|   4|           1|           4|
    |select_ln136_fu_3006_p3    |  select  |      0|  0|   4|           1|           1|
    |select_ln149_1_fu_3629_p3  |  select  |      0|  0|   4|           1|           4|
    |select_ln149_fu_3621_p3    |  select  |      0|  0|   4|           1|           1|
    |ap_enable_pp0              |    xor   |      0|  0|   2|           1|           2|
    |ap_enable_pp1              |    xor   |      0|  0|   2|           1|           2|
    |ap_enable_pp2              |    xor   |      0|  0|   2|           1|           2|
    |ap_enable_reg_pp0_iter1    |    xor   |      0|  0|   2|           2|           1|
    |ap_enable_reg_pp2_iter1    |    xor   |      0|  0|   2|           2|           1|
    |xor_ln129_fu_2976_p2       |    xor   |      0|  0|   2|           1|           2|
    +---------------------------+----------+-------+---+----+------------+------------+
    |Total                      |          |      0|  0|1379|         992|        1001|
    +---------------------------+----------+-------+---+----+------------+------------+

    * Multiplexer: 
    +---------------------------------------------+-----+-----------+-----+-----------+
    |                     Name                    | LUT | Input Size| Bits| Total Bits|
    +---------------------------------------------+-----+-----------+-----+-----------+
    |acc_buf_0_address0                           |   27|          5|    7|         35|
    |acc_buf_0_d0                                 |   15|          3|   32|         96|
    |acc_buf_1_address0                           |   27|          5|    7|         35|
    |acc_buf_1_d0                                 |   15|          3|   32|         96|
    |acc_buf_2_address0                           |   27|          5|    7|         35|
    |acc_buf_2_d0                                 |   15|          3|   32|         96|
    |acc_buf_3_address0                           |   27|          5|    7|         35|
    |acc_buf_3_d0                                 |   15|          3|   32|         96|
    |ap_NS_fsm                                    |  105|         22|    1|         22|
    |ap_done                                      |    9|          2|    1|          2|
    |ap_enable_reg_pp0_iter1                      |   15|          3|    1|          3|
    |ap_enable_reg_pp1_iter10                     |    9|          2|    1|          2|
    |ap_enable_reg_pp2_iter1                      |    9|          2|    1|          2|
    |ap_enable_reg_pp2_iter2                      |    9|          2|    1|          2|
    |ap_phi_mux_c2_0_phi_fu_2164_p4               |    9|          2|    4|          8|
    |ap_phi_mux_ifm_0_phi_fu_2131_p4              |    9|          2|    3|          6|
    |ap_phi_mux_indvar_flatten11_phi_fu_2142_p4   |    9|          2|    8|         16|
    |ap_phi_mux_indvar_flatten141_phi_fu_2120_p4  |    9|          2|   10|         20|
    |ap_phi_mux_r1_0_phi_fu_2153_p4               |    9|          2|    4|          8|
    |ap_phi_mux_r7_0_phi_fu_2186_p4               |    9|          2|    4|          8|
    |ap_phi_mux_r_0_phi_fu_2098_p4                |    9|          2|    4|          8|
    |c2_0_reg_2160                                |    9|          2|    4|          8|
    |c8_0_reg_2193                                |    9|          2|    4|          8|
    |c_0_reg_2105                                 |    9|          2|    4|          8|
    |grp_fu_2204_p0                               |   41|          8|   32|        256|
    |grp_fu_2204_p1                               |   59|         14|   32|        448|
    |grp_fu_2209_p0                               |   41|          8|   32|        256|
    |grp_fu_2209_p1                               |   59|         14|   32|        448|
    |grp_fu_2214_p0                               |   41|          8|   32|        256|
    |grp_fu_2214_p1                               |   59|         14|   32|        448|
    |grp_fu_2219_p0                               |   41|          8|   32|        256|
    |grp_fu_2219_p1                               |   59|         14|   32|        448|
    |grp_fu_2224_p0                               |   44|          9|   32|        288|
    |grp_fu_2224_p1                               |   59|         14|   32|        448|
    |grp_fu_2228_p0                               |   44|          9|   32|        288|
    |grp_fu_2228_p1                               |   59|         14|   32|        448|
    |grp_fu_2232_p0                               |   44|          9|   32|        288|
    |grp_fu_2232_p1                               |   59|         14|   32|        448|
    |grp_fu_2236_p0                               |   44|          9|   32|        288|
    |grp_fu_2236_p1                               |   59|         14|   32|        448|
    |grp_fu_2240_p0                               |   59|         14|   32|        448|
    |grp_fu_2240_p1                               |   33|          6|   32|        192|
    |grp_fu_2244_p0                               |   59|         14|   32|        448|
    |grp_fu_2244_p1                               |   33|          6|   32|        192|
    |grp_fu_2248_p0                               |   59|         14|   32|        448|
    |grp_fu_2248_p1                               |   33|          6|   32|        192|
    |grp_fu_2252_p0                               |   59|         14|   32|        448|
    |grp_fu_2252_p1                               |   33|          6|   32|        192|
    |grp_fu_2256_p0                               |   56|         13|   32|        416|
    |grp_fu_2256_p1                               |   27|          5|   32|        160|
    |grp_fu_2260_p0                               |   56|         13|   32|        416|
    |grp_fu_2260_p1                               |   27|          5|   32|        160|
    |grp_fu_2264_p0                               |   56|         13|   32|        416|
    |grp_fu_2264_p1                               |   27|          5|   32|        160|
    |grp_fu_2268_p0                               |   56|         13|   32|        416|
    |grp_fu_2268_p1                               |   27|          5|   32|        160|
    |ifm_0_reg_2127                               |    9|          2|    3|          6|
    |in_r_address0                                |   59|         14|   11|        154|
    |in_r_address1                                |   56|         13|   11|        143|
    |indvar_flatten11_reg_2138                    |    9|          2|    8|         16|
    |indvar_flatten141_reg_2116                   |    9|          2|   10|         20|
    |indvar_flatten153_reg_2171                   |    9|          2|    7|         14|
    |indvar_flatten_reg_2083                      |    9|          2|    7|         14|
    |ofm_0_reg_2071                               |    9|          2|    5|         10|
    |r1_0_reg_2149                                |    9|          2|    4|          8|
    |r7_0_reg_2182                                |    9|          2|    4|          8|
    |r_0_reg_2094                                 |    9|          2|    4|          8|
    |reg_2272                                     |    9|          2|   32|         64|
    |reg_2281                                     |    9|          2|   32|         64|
    +---------------------------------------------+-----+-----------+-----+-----------+
    |Total                                        | 2140|        466| 1373|      11808|
    +---------------------------------------------+-----+-----------+-----+-----------+

    * Register: 
    +------------------------------------------+-----+----+-----+-----------+
    |                   Name                   |  FF | LUT| Bits| Const Bits|
    +------------------------------------------+-----+----+-----+-----------+
    |C2_biases_0_load_reg_3783                 |   32|   0|   32|          0|
    |C2_biases_1_load_reg_3788                 |   32|   0|   32|          0|
    |C2_biases_2_load_reg_3793                 |   32|   0|   32|          0|
    |C2_biases_3_load_reg_3798                 |   32|   0|   32|          0|
    |C2_weights_0_0_0_loa_reg_4404             |   32|   0|   32|          0|
    |C2_weights_0_0_1_loa_reg_4424             |   32|   0|   32|          0|
    |C2_weights_0_0_2_loa_reg_4444             |   32|   0|   32|          0|
    |C2_weights_0_0_3_loa_reg_4464             |   32|   0|   32|          0|
    |C2_weights_0_0_4_loa_reg_4484             |   32|   0|   32|          0|
    |C2_weights_0_1_0_loa_reg_4504             |   32|   0|   32|          0|
    |C2_weights_0_1_1_loa_reg_4524             |   32|   0|   32|          0|
    |C2_weights_0_1_2_loa_reg_4544             |   32|   0|   32|          0|
    |C2_weights_0_1_3_loa_reg_4564             |   32|   0|   32|          0|
    |C2_weights_0_1_4_loa_reg_4584             |   32|   0|   32|          0|
    |C2_weights_0_2_0_loa_reg_4604             |   32|   0|   32|          0|
    |C2_weights_0_2_1_loa_reg_4624             |   32|   0|   32|          0|
    |C2_weights_0_2_2_loa_reg_4644             |   32|   0|   32|          0|
    |C2_weights_0_2_3_loa_reg_4664             |   32|   0|   32|          0|
    |C2_weights_0_2_4_loa_reg_4684             |   32|   0|   32|          0|
    |C2_weights_0_3_0_loa_reg_4704             |   32|   0|   32|          0|
    |C2_weights_0_3_1_loa_reg_4724             |   32|   0|   32|          0|
    |C2_weights_0_3_2_loa_reg_4744             |   32|   0|   32|          0|
    |C2_weights_0_3_3_loa_reg_4764             |   32|   0|   32|          0|
    |C2_weights_0_3_4_loa_reg_4784             |   32|   0|   32|          0|
    |C2_weights_0_4_0_loa_reg_4804             |   32|   0|   32|          0|
    |C2_weights_0_4_1_loa_reg_4824             |   32|   0|   32|          0|
    |C2_weights_0_4_2_loa_reg_4844             |   32|   0|   32|          0|
    |C2_weights_0_4_3_loa_reg_4864             |   32|   0|   32|          0|
    |C2_weights_0_4_4_loa_reg_5441             |   32|   0|   32|          0|
    |C2_weights_1_0_0_loa_reg_4409             |   32|   0|   32|          0|
    |C2_weights_1_0_1_loa_reg_4429             |   32|   0|   32|          0|
    |C2_weights_1_0_2_loa_reg_4449             |   32|   0|   32|          0|
    |C2_weights_1_0_3_loa_reg_4469             |   32|   0|   32|          0|
    |C2_weights_1_0_4_loa_reg_4489             |   32|   0|   32|          0|
    |C2_weights_1_1_0_loa_reg_4509             |   32|   0|   32|          0|
    |C2_weights_1_1_1_loa_reg_4529             |   32|   0|   32|          0|
    |C2_weights_1_1_2_loa_reg_4549             |   32|   0|   32|          0|
    |C2_weights_1_1_3_loa_reg_4569             |   32|   0|   32|          0|
    |C2_weights_1_1_4_loa_reg_4589             |   32|   0|   32|          0|
    |C2_weights_1_2_0_loa_reg_4609             |   32|   0|   32|          0|
    |C2_weights_1_2_1_loa_reg_4629             |   32|   0|   32|          0|
    |C2_weights_1_2_2_loa_reg_4649             |   32|   0|   32|          0|
    |C2_weights_1_2_3_loa_reg_4669             |   32|   0|   32|          0|
    |C2_weights_1_2_4_loa_reg_4689             |   32|   0|   32|          0|
    |C2_weights_1_3_0_loa_reg_4709             |   32|   0|   32|          0|
    |C2_weights_1_3_1_loa_reg_4729             |   32|   0|   32|          0|
    |C2_weights_1_3_2_loa_reg_4749             |   32|   0|   32|          0|
    |C2_weights_1_3_3_loa_reg_4769             |   32|   0|   32|          0|
    |C2_weights_1_3_4_loa_reg_4789             |   32|   0|   32|          0|
    |C2_weights_1_4_0_loa_reg_4809             |   32|   0|   32|          0|
    |C2_weights_1_4_1_loa_reg_4829             |   32|   0|   32|          0|
    |C2_weights_1_4_2_loa_reg_4849             |   32|   0|   32|          0|
    |C2_weights_1_4_3_loa_reg_4869             |   32|   0|   32|          0|
    |C2_weights_1_4_4_loa_reg_5446             |   32|   0|   32|          0|
    |C2_weights_2_0_0_loa_reg_4414             |   32|   0|   32|          0|
    |C2_weights_2_0_1_loa_reg_4434             |   32|   0|   32|          0|
    |C2_weights_2_0_2_loa_reg_4454             |   32|   0|   32|          0|
    |C2_weights_2_0_3_loa_reg_4474             |   32|   0|   32|          0|
    |C2_weights_2_0_4_loa_reg_4494             |   32|   0|   32|          0|
    |C2_weights_2_1_0_loa_reg_4514             |   32|   0|   32|          0|
    |C2_weights_2_1_1_loa_reg_4534             |   32|   0|   32|          0|
    |C2_weights_2_1_2_loa_reg_4554             |   32|   0|   32|          0|
    |C2_weights_2_1_3_loa_reg_4574             |   32|   0|   32|          0|
    |C2_weights_2_1_4_loa_reg_4594             |   32|   0|   32|          0|
    |C2_weights_2_2_0_loa_reg_4614             |   32|   0|   32|          0|
    |C2_weights_2_2_1_loa_reg_4634             |   32|   0|   32|          0|
    |C2_weights_2_2_2_loa_reg_4654             |   32|   0|   32|          0|
    |C2_weights_2_2_3_loa_reg_4674             |   32|   0|   32|          0|
    |C2_weights_2_2_4_loa_reg_4694             |   32|   0|   32|          0|
    |C2_weights_2_3_0_loa_reg_4714             |   32|   0|   32|          0|
    |C2_weights_2_3_1_loa_reg_4734             |   32|   0|   32|          0|
    |C2_weights_2_3_2_loa_reg_4754             |   32|   0|   32|          0|
    |C2_weights_2_3_3_loa_reg_4774             |   32|   0|   32|          0|
    |C2_weights_2_3_4_loa_reg_4794             |   32|   0|   32|          0|
    |C2_weights_2_4_0_loa_reg_4814             |   32|   0|   32|          0|
    |C2_weights_2_4_1_loa_reg_4834             |   32|   0|   32|          0|
    |C2_weights_2_4_2_loa_reg_4854             |   32|   0|   32|          0|
    |C2_weights_2_4_3_loa_reg_4874             |   32|   0|   32|          0|
    |C2_weights_2_4_4_loa_reg_5451             |   32|   0|   32|          0|
    |C2_weights_3_0_0_loa_reg_4419             |   32|   0|   32|          0|
    |C2_weights_3_0_1_loa_reg_4439             |   32|   0|   32|          0|
    |C2_weights_3_0_2_loa_reg_4459             |   32|   0|   32|          0|
    |C2_weights_3_0_3_loa_reg_4479             |   32|   0|   32|          0|
    |C2_weights_3_0_4_loa_reg_4499             |   32|   0|   32|          0|
    |C2_weights_3_1_0_loa_reg_4519             |   32|   0|   32|          0|
    |C2_weights_3_1_1_loa_reg_4539             |   32|   0|   32|          0|
    |C2_weights_3_1_2_loa_reg_4559             |   32|   0|   32|          0|
    |C2_weights_3_1_3_loa_reg_4579             |   32|   0|   32|          0|
    |C2_weights_3_1_4_loa_reg_4599             |   32|   0|   32|          0|
    |C2_weights_3_2_0_loa_reg_4619             |   32|   0|   32|          0|
    |C2_weights_3_2_1_loa_reg_4639             |   32|   0|   32|          0|
    |C2_weights_3_2_2_loa_reg_4659             |   32|   0|   32|          0|
    |C2_weights_3_2_3_loa_reg_4679             |   32|   0|   32|          0|
    |C2_weights_3_2_4_loa_reg_4699             |   32|   0|   32|          0|
    |C2_weights_3_3_0_loa_reg_4719             |   32|   0|   32|          0|
    |C2_weights_3_3_1_loa_reg_4739             |   32|   0|   32|          0|
    |C2_weights_3_3_2_loa_reg_4759             |   32|   0|   32|          0|
    |C2_weights_3_3_3_loa_reg_4779             |   32|   0|   32|          0|
    |C2_weights_3_3_4_loa_reg_4799             |   32|   0|   32|          0|
    |C2_weights_3_4_0_loa_reg_4819             |   32|   0|   32|          0|
    |C2_weights_3_4_1_loa_reg_4839             |   32|   0|   32|          0|
    |C2_weights_3_4_2_loa_reg_4859             |   32|   0|   32|          0|
    |C2_weights_3_4_3_loa_reg_4879             |   32|   0|   32|          0|
    |C2_weights_3_4_4_loa_reg_5456             |   32|   0|   32|          0|
    |acc_0_2_2_reg_5649                        |   32|   0|   32|          0|
    |acc_1_2_2_reg_5654                        |   32|   0|   32|          0|
    |acc_2_2_2_reg_5659                        |   32|   0|   32|          0|
    |acc_3_2_2_reg_5664                        |   32|   0|   32|          0|
    |acc_buf_0_addr_2_reg_5669                 |    7|   0|    7|          0|
    |acc_buf_0_addr_2_reg_5669_pp1_iter10_reg  |    7|   0|    7|          0|
    |acc_buf_0_load_1_reg_5689                 |   32|   0|   32|          0|
    |acc_buf_1_addr_2_reg_5674                 |    7|   0|    7|          0|
    |acc_buf_1_addr_2_reg_5674_pp1_iter10_reg  |    7|   0|    7|          0|
    |acc_buf_1_load_1_reg_5694                 |   32|   0|   32|          0|
    |acc_buf_2_addr_2_reg_5679                 |    7|   0|    7|          0|
    |acc_buf_2_addr_2_reg_5679_pp1_iter10_reg  |    7|   0|    7|          0|
    |acc_buf_2_load_1_reg_5699                 |   32|   0|   32|          0|
    |acc_buf_3_addr_2_reg_5684                 |    7|   0|    7|          0|
    |acc_buf_3_addr_2_reg_5684_pp1_iter10_reg  |    7|   0|    7|          0|
    |acc_buf_3_load_1_reg_5704                 |   32|   0|   32|          0|
    |add_ln117_reg_3833                        |   10|   0|   10|          0|
    |add_ln118_reg_4399                        |    8|   0|    8|          0|
    |add_ln129_21_reg_5136                     |   12|   0|   12|          0|
    |add_ln129_27_reg_5146                     |   12|   0|   12|          0|
    |add_ln129_32_reg_5156                     |   12|   0|   12|          0|
    |add_ln129_36_reg_5161                     |   12|   0|   12|          0|
    |add_ln129_37_reg_5166                     |   12|   0|   12|          0|
    |add_ln129_41_reg_5171                     |   12|   0|   12|          0|
    |add_ln129_42_reg_5176                     |   12|   0|   12|          0|
    |add_ln149_4_reg_5737                      |   10|   0|   10|          0|
    |add_ln149_reg_3778                        |    6|   0|    7|          1|
    |ap_CS_fsm                                 |   21|   0|   21|          0|
    |ap_done_reg                               |    1|   0|    1|          0|
    |ap_enable_reg_pp0_iter0                   |    1|   0|    1|          0|
    |ap_enable_reg_pp0_iter1                   |    1|   0|    1|          0|
    |ap_enable_reg_pp1_iter0                   |    1|   0|    1|          0|
    |ap_enable_reg_pp1_iter1                   |    1|   0|    1|          0|
    |ap_enable_reg_pp1_iter10                  |    1|   0|    1|          0|
    |ap_enable_reg_pp1_iter2                   |    1|   0|    1|          0|
    |ap_enable_reg_pp1_iter3                   |    1|   0|    1|          0|
    |ap_enable_reg_pp1_iter4                   |    1|   0|    1|          0|
    |ap_enable_reg_pp1_iter5                   |    1|   0|    1|          0|
    |ap_enable_reg_pp1_iter6                   |    1|   0|    1|          0|
    |ap_enable_reg_pp1_iter7                   |    1|   0|    1|          0|
    |ap_enable_reg_pp1_iter8                   |    1|   0|    1|          0|
    |ap_enable_reg_pp1_iter9                   |    1|   0|    1|          0|
    |ap_enable_reg_pp2_iter0                   |    1|   0|    1|          0|
    |ap_enable_reg_pp2_iter1                   |    1|   0|    1|          0|
    |ap_enable_reg_pp2_iter2                   |    1|   0|    1|          0|
    |c2_0_reg_2160                             |    4|   0|    4|          0|
    |c8_0_reg_2193                             |    4|   0|    4|          0|
    |c_0_reg_2105                              |    4|   0|    4|          0|
    |c_1_reg_4904                              |    4|   0|    4|          0|
    |icmp_ln107_reg_3803                       |    1|   0|    1|          0|
    |icmp_ln117_reg_3829                       |    1|   0|    1|          0|
    |icmp_ln118_reg_3838                       |    1|   0|    1|          0|
    |icmp_ln146_reg_5709                       |    1|   0|    1|          0|
    |icmp_ln146_reg_5709_pp2_iter1_reg         |    1|   0|    1|          0|
    |ifm_0_reg_2127                            |    3|   0|    3|          0|
    |in_load_30_reg_5501                       |   32|   0|   32|          0|
    |indvar_flatten11_reg_2138                 |    8|   0|    8|          0|
    |indvar_flatten141_reg_2116                |   10|   0|   10|          0|
    |indvar_flatten153_reg_2171                |    7|   0|    7|          0|
    |indvar_flatten_reg_2083                   |    7|   0|    7|          0|
    |lshr_ln_reg_3747                          |    3|   0|    3|          0|
    |ofm_0_reg_2071                            |    5|   0|    5|          0|
    |r1_0_reg_2149                             |    4|   0|    4|          0|
    |r7_0_reg_2182                             |    4|   0|    4|          0|
    |r_0_reg_2094                              |    4|   0|    4|          0|
    |reg_2272                                  |   32|   0|   32|          0|
    |reg_2281                                  |   32|   0|   32|          0|
    |reg_2290                                  |   32|   0|   32|          0|
    |reg_2298                                  |   32|   0|   32|          0|
    |reg_2306                                  |   32|   0|   32|          0|
    |reg_2314                                  |   32|   0|   32|          0|
    |reg_2322                                  |   32|   0|   32|          0|
    |reg_2330                                  |   32|   0|   32|          0|
    |reg_2338                                  |   32|   0|   32|          0|
    |reg_2343                                  |   32|   0|   32|          0|
    |reg_2348                                  |   32|   0|   32|          0|
    |reg_2353                                  |   32|   0|   32|          0|
    |reg_2358                                  |   32|   0|   32|          0|
    |reg_2363                                  |   32|   0|   32|          0|
    |reg_2368                                  |   32|   0|   32|          0|
    |reg_2373                                  |   32|   0|   32|          0|
    |reg_2378                                  |   32|   0|   32|          0|
    |reg_2383                                  |   32|   0|   32|          0|
    |reg_2388                                  |   32|   0|   32|          0|
    |reg_2393                                  |   32|   0|   32|          0|
    |reg_2398                                  |   32|   0|   32|          0|
    |reg_2403                                  |   32|   0|   32|          0|
    |reg_2408                                  |   32|   0|   32|          0|
    |reg_2413                                  |   32|   0|   32|          0|
    |reg_2418                                  |   32|   0|   32|          0|
    |reg_2423                                  |   32|   0|   32|          0|
    |reg_2428                                  |   32|   0|   32|          0|
    |reg_2433                                  |   32|   0|   32|          0|
    |reg_2438                                  |   32|   0|   32|          0|
    |reg_2443                                  |   32|   0|   32|          0|
    |reg_2448                                  |   32|   0|   32|          0|
    |reg_2453                                  |   32|   0|   32|          0|
    |reg_2458                                  |   32|   0|   32|          0|
    |reg_2463                                  |   32|   0|   32|          0|
    |reg_2468                                  |   32|   0|   32|          0|
    |reg_2473                                  |   32|   0|   32|          0|
    |reg_2478                                  |   32|   0|   32|          0|
    |reg_2484                                  |   32|   0|   32|          0|
    |reg_2490                                  |   32|   0|   32|          0|
    |reg_2496                                  |   32|   0|   32|          0|
    |reg_2502                                  |   32|   0|   32|          0|
    |reg_2507                                  |   32|   0|   32|          0|
    |reg_2512                                  |   32|   0|   32|          0|
    |reg_2517                                  |   32|   0|   32|          0|
    |reg_2522                                  |   32|   0|   32|          0|
    |reg_2527                                  |   32|   0|   32|          0|
    |reg_2532                                  |   32|   0|   32|          0|
    |reg_2537                                  |   32|   0|   32|          0|
    |reg_2542                                  |   32|   0|   32|          0|
    |reg_2547                                  |   32|   0|   32|          0|
    |reg_2552                                  |   32|   0|   32|          0|
    |reg_2557                                  |   32|   0|   32|          0|
    |reg_2562                                  |   32|   0|   32|          0|
    |reg_2568                                  |   32|   0|   32|          0|
    |reg_2574                                  |   32|   0|   32|          0|
    |reg_2580                                  |   32|   0|   32|          0|
    |select_ln110_1_reg_3817                   |    4|   0|    4|          0|
    |select_ln110_reg_3812                     |    4|   0|    4|          0|
    |select_ln118_reg_5371                     |    8|   0|    8|          0|
    |select_ln129_1_reg_3843                   |    3|   0|    3|          0|
    |select_ln136_1_reg_4346                   |    4|   0|    4|          0|
    |select_ln136_reg_4336                     |    4|   0|    4|          0|
    |select_ln149_1_reg_5724                   |    4|   0|    4|          0|
    |select_ln149_reg_5718                     |    4|   0|    4|          0|
    |sext_ln129_reg_3848                       |   64|   0|   64|          0|
    |sub_ln129_2_reg_4884                      |   11|   0|   12|          1|
    |sub_ln129_3_reg_4363                      |   11|   0|   12|          1|
    |sub_ln129_4_reg_4372                      |   11|   0|   12|          1|
    |sub_ln129_5_reg_4381                      |   11|   0|   12|          1|
    |sub_ln129_6_reg_4390                      |   11|   0|   12|          1|
    |sub_ln129_reg_3773                        |    5|   0|    6|          1|
    |tmp_22_0_1_reg_5016                       |   32|   0|   32|          0|
    |tmp_22_0_2_reg_5041                       |   32|   0|   32|          0|
    |tmp_22_0_3_reg_5066                       |   32|   0|   32|          0|
    |tmp_22_0_3_reg_5066_pp1_iter1_reg         |   32|   0|   32|          0|
    |tmp_22_0_4_reg_5096                       |   32|   0|   32|          0|
    |tmp_22_0_4_reg_5096_pp1_iter1_reg         |   32|   0|   32|          0|
    |tmp_22_1_1_reg_5181                       |   32|   0|   32|          0|
    |tmp_22_1_2_reg_5201                       |   32|   0|   32|          0|
    |tmp_22_1_3_reg_5231                       |   32|   0|   32|          0|
    |tmp_22_1_4_reg_5251                       |   32|   0|   32|          0|
    |tmp_22_1_reg_5116                         |   32|   0|   32|          0|
    |tmp_22_2_1_reg_5301                       |   32|   0|   32|          0|
    |tmp_22_2_2_reg_5331                       |   32|   0|   32|          0|
    |tmp_22_2_3_reg_5351                       |   32|   0|   32|          0|
    |tmp_22_2_4_reg_5401                       |   32|   0|   32|          0|
    |tmp_22_2_reg_5281                         |   32|   0|   32|          0|
    |tmp_22_3_1_reg_5461                       |   32|   0|   32|          0|
    |tmp_22_3_2_reg_5481                       |   32|   0|   32|          0|
    |tmp_22_3_3_reg_5509                       |   32|   0|   32|          0|
    |tmp_22_3_4_reg_5529                       |   32|   0|   32|          0|
    |tmp_22_3_reg_5421                         |   32|   0|   32|          0|
    |tmp_22_4_1_reg_5569                       |   32|   0|   32|          0|
    |tmp_22_4_2_reg_5589                       |   32|   0|   32|          0|
    |tmp_22_4_3_reg_5609                       |   32|   0|   32|          0|
    |tmp_22_4_4_reg_5629                       |   32|   0|   32|          0|
    |tmp_22_4_reg_5549                         |   32|   0|   32|          0|
    |tmp_22_reg_4991                           |   32|   0|   32|          0|
    |tmp_23_0_1_reg_5021                       |   32|   0|   32|          0|
    |tmp_23_0_2_reg_5046                       |   32|   0|   32|          0|
    |tmp_23_0_3_reg_5071                       |   32|   0|   32|          0|
    |tmp_23_0_3_reg_5071_pp1_iter1_reg         |   32|   0|   32|          0|
    |tmp_23_0_4_reg_5101                       |   32|   0|   32|          0|
    |tmp_23_0_4_reg_5101_pp1_iter1_reg         |   32|   0|   32|          0|
    |tmp_23_1_1_reg_5186                       |   32|   0|   32|          0|
    |tmp_23_1_2_reg_5206                       |   32|   0|   32|          0|
    |tmp_23_1_3_reg_5236                       |   32|   0|   32|          0|
    |tmp_23_1_4_reg_5256                       |   32|   0|   32|          0|
    |tmp_23_1_reg_5121                         |   32|   0|   32|          0|
    |tmp_23_2_1_reg_5306                       |   32|   0|   32|          0|
    |tmp_23_2_2_reg_5336                       |   32|   0|   32|          0|
    |tmp_23_2_3_reg_5356                       |   32|   0|   32|          0|
    |tmp_23_2_4_reg_5406                       |   32|   0|   32|          0|
    |tmp_23_2_reg_5286                         |   32|   0|   32|          0|
    |tmp_23_3_1_reg_5466                       |   32|   0|   32|          0|
    |tmp_23_3_2_reg_5486                       |   32|   0|   32|          0|
    |tmp_23_3_3_reg_5514                       |   32|   0|   32|          0|
    |tmp_23_3_4_reg_5534                       |   32|   0|   32|          0|
    |tmp_23_3_reg_5426                         |   32|   0|   32|          0|
    |tmp_23_4_1_reg_5574                       |   32|   0|   32|          0|
    |tmp_23_4_2_reg_5594                       |   32|   0|   32|          0|
    |tmp_23_4_3_reg_5614                       |   32|   0|   32|          0|
    |tmp_23_4_4_reg_5634                       |   32|   0|   32|          0|
    |tmp_23_4_reg_5554                         |   32|   0|   32|          0|
    |tmp_23_reg_4996                           |   32|   0|   32|          0|
    |tmp_24_0_1_reg_5026                       |   32|   0|   32|          0|
    |tmp_24_0_2_reg_5051                       |   32|   0|   32|          0|
    |tmp_24_0_3_reg_5076                       |   32|   0|   32|          0|
    |tmp_24_0_3_reg_5076_pp1_iter1_reg         |   32|   0|   32|          0|
    |tmp_24_0_4_reg_5106                       |   32|   0|   32|          0|
    |tmp_24_0_4_reg_5106_pp1_iter1_reg         |   32|   0|   32|          0|
    |tmp_24_1_1_reg_5191                       |   32|   0|   32|          0|
    |tmp_24_1_2_reg_5211                       |   32|   0|   32|          0|
    |tmp_24_1_3_reg_5241                       |   32|   0|   32|          0|
    |tmp_24_1_4_reg_5261                       |   32|   0|   32|          0|
    |tmp_24_1_reg_5126                         |   32|   0|   32|          0|
    |tmp_24_2_1_reg_5311                       |   32|   0|   32|          0|
    |tmp_24_2_2_reg_5341                       |   32|   0|   32|          0|
    |tmp_24_2_3_reg_5361                       |   32|   0|   32|          0|
    |tmp_24_2_4_reg_5411                       |   32|   0|   32|          0|
    |tmp_24_2_reg_5291                         |   32|   0|   32|          0|
    |tmp_24_3_1_reg_5471                       |   32|   0|   32|          0|
    |tmp_24_3_2_reg_5491                       |   32|   0|   32|          0|
    |tmp_24_3_3_reg_5519                       |   32|   0|   32|          0|
    |tmp_24_3_4_reg_5539                       |   32|   0|   32|          0|
    |tmp_24_3_reg_5431                         |   32|   0|   32|          0|
    |tmp_24_4_1_reg_5579                       |   32|   0|   32|          0|
    |tmp_24_4_2_reg_5599                       |   32|   0|   32|          0|
    |tmp_24_4_3_reg_5619                       |   32|   0|   32|          0|
    |tmp_24_4_4_reg_5639                       |   32|   0|   32|          0|
    |tmp_24_4_reg_5559                         |   32|   0|   32|          0|
    |tmp_24_reg_5001                           |   32|   0|   32|          0|
    |tmp_25_0_1_reg_5031                       |   32|   0|   32|          0|
    |tmp_25_0_2_reg_5056                       |   32|   0|   32|          0|
    |tmp_25_0_3_reg_5081                       |   32|   0|   32|          0|
    |tmp_25_0_3_reg_5081_pp1_iter1_reg         |   32|   0|   32|          0|
    |tmp_25_0_4_reg_5111                       |   32|   0|   32|          0|
    |tmp_25_0_4_reg_5111_pp1_iter1_reg         |   32|   0|   32|          0|
    |tmp_25_1_1_reg_5196                       |   32|   0|   32|          0|
    |tmp_25_1_2_reg_5216                       |   32|   0|   32|          0|
    |tmp_25_1_3_reg_5246                       |   32|   0|   32|          0|
    |tmp_25_1_4_reg_5266                       |   32|   0|   32|          0|
    |tmp_25_1_reg_5131                         |   32|   0|   32|          0|
    |tmp_25_2_1_reg_5316                       |   32|   0|   32|          0|
    |tmp_25_2_2_reg_5346                       |   32|   0|   32|          0|
    |tmp_25_2_3_reg_5366                       |   32|   0|   32|          0|
    |tmp_25_2_4_reg_5416                       |   32|   0|   32|          0|
    |tmp_25_2_reg_5296                         |   32|   0|   32|          0|
    |tmp_25_3_1_reg_5476                       |   32|   0|   32|          0|
    |tmp_25_3_2_reg_5496                       |   32|   0|   32|          0|
    |tmp_25_3_3_reg_5524                       |   32|   0|   32|          0|
    |tmp_25_3_4_reg_5544                       |   32|   0|   32|          0|
    |tmp_25_3_reg_5436                         |   32|   0|   32|          0|
    |tmp_25_4_1_reg_5584                       |   32|   0|   32|          0|
    |tmp_25_4_2_reg_5604                       |   32|   0|   32|          0|
    |tmp_25_4_3_reg_5624                       |   32|   0|   32|          0|
    |tmp_25_4_4_reg_5644                       |   32|   0|   32|          0|
    |tmp_25_4_reg_5564                         |   32|   0|   32|          0|
    |tmp_25_reg_5006                           |   32|   0|   32|          0|
    |trunc_ln129_1_reg_4358                    |   11|   0|   11|          0|
    |trunc_ln129_reg_4353                      |    8|   0|    8|          0|
    |zext_ln129_13_reg_4909                    |    4|   0|   12|          8|
    |zext_ln129_19_reg_4922                    |    4|   0|   12|          8|
    |zext_ln129_25_reg_4935                    |    4|   0|   12|          8|
    |zext_ln129_31_reg_4953                    |    4|   0|   12|          8|
    |zext_ln129_7_reg_4891                     |    4|   0|   12|          8|
    |icmp_ln117_reg_3829                       |   64|  32|    1|          0|
    |select_ln136_1_reg_4346                   |   64|  32|    4|          0|
    |select_ln136_reg_4336                     |   64|  32|    4|          0|
    |tmp_22_1_1_reg_5181                       |   64|  32|   32|          0|
    |tmp_22_1_2_reg_5201                       |   64|  32|   32|          0|
    |tmp_22_1_3_reg_5231                       |   64|  32|   32|          0|
    |tmp_22_1_4_reg_5251                       |   64|  32|   32|          0|
    |tmp_22_1_reg_5116                         |   64|  32|   32|          0|
    |tmp_22_2_1_reg_5301                       |   64|  32|   32|          0|
    |tmp_22_2_2_reg_5331                       |   64|  32|   32|          0|
    |tmp_22_2_3_reg_5351                       |   64|  32|   32|          0|
    |tmp_22_2_4_reg_5401                       |   64|  32|   32|          0|
    |tmp_22_2_reg_5281                         |   64|  32|   32|          0|
    |tmp_22_3_1_reg_5461                       |   64|  32|   32|          0|
    |tmp_22_3_2_reg_5481                       |   64|  32|   32|          0|
    |tmp_22_3_3_reg_5509                       |   64|  32|   32|          0|
    |tmp_22_3_4_reg_5529                       |   64|  32|   32|          0|
    |tmp_22_3_reg_5421                         |   64|  32|   32|          0|
    |tmp_22_4_1_reg_5569                       |   64|  32|   32|          0|
    |tmp_22_4_2_reg_5589                       |   64|  32|   32|          0|
    |tmp_22_4_3_reg_5609                       |   64|  32|   32|          0|
    |tmp_22_4_4_reg_5629                       |   64|  32|   32|          0|
    |tmp_22_4_reg_5549                         |   64|  32|   32|          0|
    |tmp_23_1_1_reg_5186                       |   64|  32|   32|          0|
    |tmp_23_1_2_reg_5206                       |   64|  32|   32|          0|
    |tmp_23_1_3_reg_5236                       |   64|  32|   32|          0|
    |tmp_23_1_4_reg_5256                       |   64|  32|   32|          0|
    |tmp_23_1_reg_5121                         |   64|  32|   32|          0|
    |tmp_23_2_1_reg_5306                       |   64|  32|   32|          0|
    |tmp_23_2_2_reg_5336                       |   64|  32|   32|          0|
    |tmp_23_2_3_reg_5356                       |   64|  32|   32|          0|
    |tmp_23_2_4_reg_5406                       |   64|  32|   32|          0|
    |tmp_23_2_reg_5286                         |   64|  32|   32|          0|
    |tmp_23_3_1_reg_5466                       |   64|  32|   32|          0|
    |tmp_23_3_2_reg_5486                       |   64|  32|   32|          0|
    |tmp_23_3_3_reg_5514                       |   64|  32|   32|          0|
    |tmp_23_3_4_reg_5534                       |   64|  32|   32|          0|
    |tmp_23_3_reg_5426                         |   64|  32|   32|          0|
    |tmp_23_4_1_reg_5574                       |   64|  32|   32|          0|
    |tmp_23_4_2_reg_5594                       |   64|  32|   32|          0|
    |tmp_23_4_3_reg_5614                       |   64|  32|   32|          0|
    |tmp_23_4_4_reg_5634                       |   64|  32|   32|          0|
    |tmp_23_4_reg_5554                         |   64|  32|   32|          0|
    |tmp_24_1_1_reg_5191                       |   64|  32|   32|          0|
    |tmp_24_1_2_reg_5211                       |   64|  32|   32|          0|
    |tmp_24_1_3_reg_5241                       |   64|  32|   32|          0|
    |tmp_24_1_4_reg_5261                       |   64|  32|   32|          0|
    |tmp_24_1_reg_5126                         |   64|  32|   32|          0|
    |tmp_24_2_1_reg_5311                       |   64|  32|   32|          0|
    |tmp_24_2_2_reg_5341                       |   64|  32|   32|          0|
    |tmp_24_2_3_reg_5361                       |   64|  32|   32|          0|
    |tmp_24_2_4_reg_5411                       |   64|  32|   32|          0|
    |tmp_24_2_reg_5291                         |   64|  32|   32|          0|
    |tmp_24_3_1_reg_5471                       |   64|  32|   32|          0|
    |tmp_24_3_2_reg_5491                       |   64|  32|   32|          0|
    |tmp_24_3_3_reg_5519                       |   64|  32|   32|          0|
    |tmp_24_3_4_reg_5539                       |   64|  32|   32|          0|
    |tmp_24_3_reg_5431                         |   64|  32|   32|          0|
    |tmp_24_4_1_reg_5579                       |   64|  32|   32|          0|
    |tmp_24_4_2_reg_5599                       |   64|  32|   32|          0|
    |tmp_24_4_3_reg_5619                       |   64|  32|   32|          0|
    |tmp_24_4_4_reg_5639                       |   64|  32|   32|          0|
    |tmp_24_4_reg_5559                         |   64|  32|   32|          0|
    |tmp_25_1_1_reg_5196                       |   64|  32|   32|          0|
    |tmp_25_1_2_reg_5216                       |   64|  32|   32|          0|
    |tmp_25_1_3_reg_5246                       |   64|  32|   32|          0|
    |tmp_25_1_4_reg_5266                       |   64|  32|   32|          0|
    |tmp_25_1_reg_5131                         |   64|  32|   32|          0|
    |tmp_25_2_1_reg_5316                       |   64|  32|   32|          0|
    |tmp_25_2_2_reg_5346                       |   64|  32|   32|          0|
    |tmp_25_2_3_reg_5366                       |   64|  32|   32|          0|
    |tmp_25_2_4_reg_5416                       |   64|  32|   32|          0|
    |tmp_25_2_reg_5296                         |   64|  32|   32|          0|
    |tmp_25_3_1_reg_5476                       |   64|  32|   32|          0|
    |tmp_25_3_2_reg_5496                       |   64|  32|   32|          0|
    |tmp_25_3_3_reg_5524                       |   64|  32|   32|          0|
    |tmp_25_3_4_reg_5544                       |   64|  32|   32|          0|
    |tmp_25_3_reg_5436                         |   64|  32|   32|          0|
    |tmp_25_4_1_reg_5584                       |   64|  32|   32|          0|
    |tmp_25_4_2_reg_5604                       |   64|  32|   32|          0|
    |tmp_25_4_3_reg_5624                       |   64|  32|   32|          0|
    |tmp_25_4_4_reg_5644                       |   64|  32|   32|          0|
    |tmp_25_4_reg_5564                         |   64|  32|   32|          0|
    +------------------------------------------+-----+----+-----+-----------+
    |Total                                     |14662|2656|11966|         47|
    +------------------------------------------+-----+----+-----+-----------+



================================================================
== Interface
================================================================
* Summary: 
+-------------------+-----+-----+------------+--------------+--------------+
|     RTL Ports     | Dir | Bits|  Protocol  | Source Object|    C Type    |
+-------------------+-----+-----+------------+--------------+--------------+
|ap_clk             |  in |    1| ap_ctrl_hs |   conv2d_C2  | return value |
|ap_rst             |  in |    1| ap_ctrl_hs |   conv2d_C2  | return value |
|ap_start           |  in |    1| ap_ctrl_hs |   conv2d_C2  | return value |
|ap_done            | out |    1| ap_ctrl_hs |   conv2d_C2  | return value |
|ap_continue        |  in |    1| ap_ctrl_hs |   conv2d_C2  | return value |
|ap_idle            | out |    1| ap_ctrl_hs |   conv2d_C2  | return value |
|ap_ready           | out |    1| ap_ctrl_hs |   conv2d_C2  | return value |
|in_r_address0      | out |   11|  ap_memory |     in_r     |     array    |
|in_r_ce0           | out |    1|  ap_memory |     in_r     |     array    |
|in_r_q0            |  in |   32|  ap_memory |     in_r     |     array    |
|in_r_address1      | out |   11|  ap_memory |     in_r     |     array    |
|in_r_ce1           | out |    1|  ap_memory |     in_r     |     array    |
|in_r_q1            |  in |   32|  ap_memory |     in_r     |     array    |
|out_c2_0_address0  | out |    9|  ap_memory |   out_c2_0   |     array    |
|out_c2_0_ce0       | out |    1|  ap_memory |   out_c2_0   |     array    |
|out_c2_0_we0       | out |    1|  ap_memory |   out_c2_0   |     array    |
|out_c2_0_d0        | out |   32|  ap_memory |   out_c2_0   |     array    |
|out_c2_1_address0  | out |    9|  ap_memory |   out_c2_1   |     array    |
|out_c2_1_ce0       | out |    1|  ap_memory |   out_c2_1   |     array    |
|out_c2_1_we0       | out |    1|  ap_memory |   out_c2_1   |     array    |
|out_c2_1_d0        | out |   32|  ap_memory |   out_c2_1   |     array    |
|out_c2_2_address0  | out |    9|  ap_memory |   out_c2_2   |     array    |
|out_c2_2_ce0       | out |    1|  ap_memory |   out_c2_2   |     array    |
|out_c2_2_we0       | out |    1|  ap_memory |   out_c2_2   |     array    |
|out_c2_2_d0        | out |   32|  ap_memory |   out_c2_2   |     array    |
|out_c2_3_address0  | out |    9|  ap_memory |   out_c2_3   |     array    |
|out_c2_3_ce0       | out |    1|  ap_memory |   out_c2_3   |     array    |
|out_c2_3_we0       | out |    1|  ap_memory |   out_c2_3   |     array    |
|out_c2_3_d0        | out |   32|  ap_memory |   out_c2_3   |     array    |
+-------------------+-----+-----+------------+--------------+--------------+

