

================================================================
== Vivado HLS Report for 'maxpool_P1'
================================================================
* Date:           Thu Mar 19 10:56:21 2020

* Version:        2019.1 (Build 2552052 on Fri May 24 15:28:33 MDT 2019)
* Project:        lenet_cnn
* Solution:       solution4_demo2
* Product family: zynq
* Target device:  xc7z020-clg400-1


================================================================
== Performance Estimates
================================================================
+ Timing (ns): 
    * Summary: 
    +--------+-------+----------+------------+
    |  Clock | Target| Estimated| Uncertainty|
    +--------+-------+----------+------------+
    |ap_clk  |  10.00|     8.701|        1.25|
    +--------+-------+----------+------------+

+ Latency (clock cycles): 
    * Summary: 
    +------+------+------+------+---------+
    |   Latency   |   Interval  | Pipeline|
    |  min |  max |  min |  max |   Type  |
    +------+------+------+------+---------+
    |  2363|  2363|  2363|  2363|   none  |
    +------+------+------+------+---------+

    + Detail: 
        * Instance: 
        N/A

        * Loop: 
        +---------------+------+------+----------+-----------+-----------+------+----------+
        |               |   Latency   | Iteration|  Initiation Interval  | Trip |          |
        |   Loop Name   |  min |  max |  Latency |  achieved |   target  | Count| Pipelined|
        +---------------+------+------+----------+-----------+-----------+------+----------+
        |- OFM_ROW_COL  |  2361|  2361|        12|          2|          1|  1176|    yes   |
        +---------------+------+------+----------+-----------+-----------+------+----------+



================================================================
== Utilization Estimates
================================================================
* Summary: 
+-----------------+---------+-------+--------+-------+-----+
|       Name      | BRAM_18K| DSP48E|   FF   |  LUT  | URAM|
+-----------------+---------+-------+--------+-------+-----+
|DSP              |        -|      -|       -|      -|    -|
|Expression       |        -|      -|       0|    737|    -|
|FIFO             |        -|      -|       -|      -|    -|
|Instance         |        -|      0|     132|    478|    -|
|Memory           |        -|      -|       -|      -|    -|
|Multiplexer      |        -|      -|       -|    195|    -|
|Register         |        0|      -|     651|    128|    -|
+-----------------+---------+-------+--------+-------+-----+
|Total            |        0|      0|     783|   1538|    0|
+-----------------+---------+-------+--------+-------+-----+
|Available        |      280|    220|  106400|  53200|    0|
+-----------------+---------+-------+--------+-------+-----+
|Utilization (%)  |        0|      0|   ~0   |      2|    0|
+-----------------+---------+-------+--------+-------+-----+

+ Detail: 
    * Instance: 
    +--------------------------+----------------------+---------+-------+----+-----+-----+
    |         Instance         |        Module        | BRAM_18K| DSP48E| FF | LUT | URAM|
    +--------------------------+----------------------+---------+-------+----+-----+-----+
    |lenet_fcmp_32ns_3zec_U42  |lenet_fcmp_32ns_3zec  |        0|      0|  66|  239|    0|
    |lenet_fcmp_32ns_3zec_U43  |lenet_fcmp_32ns_3zec  |        0|      0|  66|  239|    0|
    +--------------------------+----------------------+---------+-------+----+-----+-----+
    |Total                     |                      |        0|      0| 132|  478|    0|
    +--------------------------+----------------------+---------+-------+----+-----+-----+

    * DSP48E: 
    N/A

    * Memory: 
    N/A

    * FIFO: 
    N/A

    * Expression: 
    +-------------------------+----------+-------+---+----+------------+------------+
    |      Variable Name      | Operation| DSP48E| FF| LUT| Bitwidth P0| Bitwidth P1|
    +-------------------------+----------+-------+---+----+------------+------------+
    |add_ln11_fu_247_p2       |     +    |      0|  0|  13|          11|           1|
    |add_ln12_1_fu_411_p2     |     +    |      0|  0|  15|           1|           8|
    |add_ln18_1_fu_519_p2     |     +    |      0|  0|  14|          10|          10|
    |add_ln18_2_fu_559_p2     |     +    |      0|  0|  19|          14|          14|
    |add_ln18_3_fu_570_p2     |     +    |      0|  0|  19|          14|          14|
    |add_ln18_4_fu_586_p2     |     +    |      0|  0|  19|          14|          14|
    |add_ln18_5_fu_592_p2     |     +    |      0|  0|  19|          14|          14|
    |add_ln18_fu_467_p2       |     +    |      0|  0|  14|          10|          10|
    |add_ln24_1_fu_612_p2     |     +    |      0|  0|   8|          12|          12|
    |add_ln24_fu_393_p2       |     +    |      0|  0|  15|           9|           9|
    |c_fu_618_p2              |     +    |      0|  0|  15|           2|           5|
    |ofm_fu_253_p2            |     +    |      0|  0|  12|           1|           3|
    |r_fu_365_p2              |     +    |      0|  0|  15|           2|           5|
    |sub_ln18_1_fu_497_p2     |     -    |      0|  0|  19|          14|          14|
    |sub_ln18_2_fu_549_p2     |     -    |      0|  0|  19|          14|          14|
    |sub_ln18_fu_305_p2       |     -    |      0|  0|  15|           9|           9|
    |sub_ln24_1_fu_458_p2     |     -    |      0|  0|   8|          12|          12|
    |sub_ln24_fu_335_p2       |     -    |      0|  0|  15|           8|           8|
    |and_ln19_1_fu_755_p2     |    and   |      0|  0|   2|           1|           1|
    |and_ln19_2_fu_761_p2     |    and   |      0|  0|   2|           1|           1|
    |and_ln19_3_fu_853_p2     |    and   |      0|  0|   2|           1|           1|
    |and_ln19_4_fu_859_p2     |    and   |      0|  0|   2|           1|           1|
    |and_ln19_5_fu_943_p2     |    and   |      0|  0|   2|           1|           1|
    |and_ln19_6_fu_949_p2     |    and   |      0|  0|   2|           1|           1|
    |and_ln19_fu_666_p2       |    and   |      0|  0|   2|           1|           1|
    |icmp_ln11_fu_241_p2      |   icmp   |      0|  0|  13|          11|          11|
    |icmp_ln12_fu_259_p2      |   icmp   |      0|  0|  11|           8|           7|
    |icmp_ln13_fu_353_p2      |   icmp   |      0|  0|  11|           5|           4|
    |icmp_ln19_10_fu_907_p2   |   icmp   |      0|  0|  11|           8|           2|
    |icmp_ln19_11_fu_913_p2   |   icmp   |      0|  0|  18|          23|           1|
    |icmp_ln19_12_fu_925_p2   |   icmp   |      0|  0|  11|           8|           2|
    |icmp_ln19_13_fu_931_p2   |   icmp   |      0|  0|  18|          23|           1|
    |icmp_ln19_1_fu_654_p2    |   icmp   |      0|  0|  18|          23|           1|
    |icmp_ln19_2_fu_719_p2    |   icmp   |      0|  0|  11|           8|           2|
    |icmp_ln19_3_fu_725_p2    |   icmp   |      0|  0|  18|          23|           1|
    |icmp_ln19_4_fu_737_p2    |   icmp   |      0|  0|  11|           8|           2|
    |icmp_ln19_5_fu_743_p2    |   icmp   |      0|  0|  18|          23|           1|
    |icmp_ln19_6_fu_817_p2    |   icmp   |      0|  0|  11|           8|           2|
    |icmp_ln19_7_fu_823_p2    |   icmp   |      0|  0|  18|          23|           1|
    |icmp_ln19_8_fu_835_p2    |   icmp   |      0|  0|  11|           8|           2|
    |icmp_ln19_9_fu_841_p2    |   icmp   |      0|  0|  18|          23|           1|
    |icmp_ln19_fu_648_p2      |   icmp   |      0|  0|  11|           8|           2|
    |ap_block_state1          |    or    |      0|  0|   2|           1|           1|
    |or_ln18_1_fu_235_p2      |    or    |      0|  0|   5|           5|           1|
    |or_ln18_2_fu_359_p2      |    or    |      0|  0|   2|           1|           1|
    |or_ln18_3_fu_503_p2      |    or    |      0|  0|   5|           5|           1|
    |or_ln18_fu_576_p2        |    or    |      0|  0|   5|           5|           1|
    |or_ln19_1_fu_731_p2      |    or    |      0|  0|   2|           1|           1|
    |or_ln19_2_fu_749_p2      |    or    |      0|  0|   2|           1|           1|
    |or_ln19_3_fu_829_p2      |    or    |      0|  0|   2|           1|           1|
    |or_ln19_4_fu_847_p2      |    or    |      0|  0|   2|           1|           1|
    |or_ln19_5_fu_919_p2      |    or    |      0|  0|   2|           1|           1|
    |or_ln19_6_fu_937_p2      |    or    |      0|  0|   2|           1|           1|
    |or_ln19_fu_660_p2        |    or    |      0|  0|   2|           1|           1|
    |select_ln12_fu_624_p3    |  select  |      0|  0|   8|           1|           1|
    |select_ln18_1_fu_417_p3  |  select  |      0|  0|   5|           1|           1|
    |select_ln18_2_fu_273_p3  |  select  |      0|  0|   3|           1|           3|
    |select_ln18_3_fu_345_p3  |  select  |      0|  0|   4|           1|           1|
    |select_ln18_4_fu_427_p3  |  select  |      0|  0|   5|           1|           1|
    |select_ln18_fu_265_p3    |  select  |      0|  0|   5|           1|           1|
    |select_ln19_1_fu_767_p3  |  select  |      0|  0|  32|           1|          32|
    |select_ln19_2_fu_865_p3  |  select  |      0|  0|  32|           1|          32|
    |select_ln19_3_fu_955_p3  |  select  |      0|  0|  32|           1|          32|
    |select_ln19_fu_672_p3    |  select  |      0|  0|  32|           1|          32|
    |select_ln24_1_fu_381_p3  |  select  |      0|  0|   4|           1|           4|
    |select_ln24_2_fu_403_p3  |  select  |      0|  0|   5|           1|           5|
    |select_ln24_3_fu_508_p3  |  select  |      0|  0|   5|           1|           5|
    |select_ln24_fu_433_p3    |  select  |      0|  0|   5|           1|           5|
    |ap_enable_pp0            |    xor   |      0|  0|   2|           1|           2|
    +-------------------------+----------+-------+---+----+------------+------------+
    |Total                    |          |      0|  0| 737|         458|         395|
    +-------------------------+----------+-------+---+----+------------+------------+

    * Multiplexer: 
    +-------------------------------------------+----+-----------+-----+-----------+
    |                    Name                   | LUT| Input Size| Bits| Total Bits|
    +-------------------------------------------+----+-----------+-----+-----------+
    |ap_NS_fsm                                  |  27|          5|    1|          5|
    |ap_done                                    |   9|          2|    1|          2|
    |ap_enable_reg_pp0_iter5                    |   9|          2|    1|          2|
    |ap_phi_mux_c_0_phi_fu_196_p4               |   9|          2|    5|         10|
    |ap_phi_mux_indvar_flatten23_phi_fu_152_p4  |   9|          2|   11|         22|
    |ap_phi_mux_indvar_flatten_phi_fu_174_p4    |   9|          2|    8|         16|
    |ap_phi_mux_ofm_0_phi_fu_163_p4             |   9|          2|    3|          6|
    |ap_phi_mux_r_0_phi_fu_185_p4               |   9|          2|    5|         10|
    |c_0_reg_192                                |   9|          2|    5|         10|
    |grp_fu_204_p1                              |  15|          3|   32|         96|
    |grp_fu_210_p1                              |  15|          3|   32|         96|
    |in_r_address0                              |  15|          3|   13|         39|
    |in_r_address1                              |  15|          3|   13|         39|
    |indvar_flatten23_reg_148                   |   9|          2|   11|         22|
    |indvar_flatten_reg_170                     |   9|          2|    8|         16|
    |ofm_0_reg_159                              |   9|          2|    3|          6|
    |r_0_reg_181                                |   9|          2|    5|         10|
    +-------------------------------------------+----+-----------+-----+-----------+
    |Total                                      | 195|         41|  157|        407|
    +-------------------------------------------+----+-----------+-----+-----------+

    * Register: 
    +--------------------------------------+----+----+-----+-----------+
    |                 Name                 | FF | LUT| Bits| Const Bits|
    +--------------------------------------+----+----+-----+-----------+
    |add_ln11_reg_975                      |  11|   0|   11|          0|
    |add_ln12_1_reg_1024                   |   8|   0|    8|          0|
    |add_ln18_3_reg_1034                   |  14|   0|   14|          0|
    |add_ln18_4_reg_1039                   |  13|   0|   14|          1|
    |add_ln18_5_reg_1044                   |  13|   0|   14|          1|
    |add_ln24_1_reg_1049                   |  12|   0|   12|          0|
    |add_ln24_reg_1008                     |   9|   0|    9|          0|
    |ap_CS_fsm                             |   4|   0|    4|          0|
    |ap_done_reg                           |   1|   0|    1|          0|
    |ap_enable_reg_pp0_iter0               |   1|   0|    1|          0|
    |ap_enable_reg_pp0_iter1               |   1|   0|    1|          0|
    |ap_enable_reg_pp0_iter2               |   1|   0|    1|          0|
    |ap_enable_reg_pp0_iter3               |   1|   0|    1|          0|
    |ap_enable_reg_pp0_iter4               |   1|   0|    1|          0|
    |ap_enable_reg_pp0_iter5               |   1|   0|    1|          0|
    |c_0_reg_192                           |   5|   0|    5|          0|
    |c_reg_1054                            |   5|   0|    5|          0|
    |icmp_ln11_reg_971                     |   1|   0|    1|          0|
    |icmp_ln12_reg_980                     |   1|   0|    1|          0|
    |indvar_flatten23_reg_148              |  11|   0|   11|          0|
    |indvar_flatten_reg_170                |   8|   0|    8|          0|
    |ofm_0_reg_159                         |   3|   0|    3|          0|
    |or_ln18_1_reg_966                     |   4|   0|    5|          1|
    |or_ln18_2_reg_997                     |   1|   0|    1|          0|
    |r_0_reg_181                           |   5|   0|    5|          0|
    |r_reg_1003                            |   5|   0|    5|          0|
    |reg_215                               |  32|   0|   32|          0|
    |reg_220                               |  32|   0|   32|          0|
    |select_ln12_reg_1059                  |   8|   0|    8|          0|
    |select_ln18_2_reg_987                 |   3|   0|    3|          0|
    |select_ln19_1_reg_1076                |  32|   0|   32|          0|
    |select_ln19_1_reg_1076_pp0_iter3_reg  |  32|   0|   32|          0|
    |select_ln19_2_reg_1093                |  32|   0|   32|          0|
    |select_ln19_3_reg_1100                |  32|   0|   32|          0|
    |select_ln19_reg_1064                  |  32|   0|   32|          0|
    |select_ln24_2_reg_1018                |   5|   0|    5|          0|
    |sub_ln18_reg_992                      |   7|   0|    9|          2|
    |trunc_ln24_reg_1013                   |   8|   0|    8|          0|
    |add_ln18_3_reg_1034                   |  64|  32|   14|          0|
    |add_ln18_5_reg_1044                   |  64|  32|   14|          1|
    |add_ln24_1_reg_1049                   |  64|  32|   12|          0|
    |icmp_ln11_reg_971                     |  64|  32|    1|          0|
    +--------------------------------------+----+----+-----+-----------+
    |Total                                 | 651| 128|  441|          6|
    +--------------------------------------+----+----+-----+-----------+



================================================================
== Interface
================================================================
* Summary: 
+----------------+-----+-----+------------+--------------+--------------+
|    RTL Ports   | Dir | Bits|  Protocol  | Source Object|    C Type    |
+----------------+-----+-----+------------+--------------+--------------+
|ap_clk          |  in |    1| ap_ctrl_hs |  maxpool_P1  | return value |
|ap_rst          |  in |    1| ap_ctrl_hs |  maxpool_P1  | return value |
|ap_start        |  in |    1| ap_ctrl_hs |  maxpool_P1  | return value |
|ap_done         | out |    1| ap_ctrl_hs |  maxpool_P1  | return value |
|ap_continue     |  in |    1| ap_ctrl_hs |  maxpool_P1  | return value |
|ap_idle         | out |    1| ap_ctrl_hs |  maxpool_P1  | return value |
|ap_ready        | out |    1| ap_ctrl_hs |  maxpool_P1  | return value |
|in_r_address0   | out |   13|  ap_memory |     in_r     |     array    |
|in_r_ce0        | out |    1|  ap_memory |     in_r     |     array    |
|in_r_q0         |  in |   32|  ap_memory |     in_r     |     array    |
|in_r_address1   | out |   13|  ap_memory |     in_r     |     array    |
|in_r_ce1        | out |    1|  ap_memory |     in_r     |     array    |
|in_r_q1         |  in |   32|  ap_memory |     in_r     |     array    |
|out_r_address0  | out |   11|  ap_memory |     out_r    |     array    |
|out_r_ce0       | out |    1|  ap_memory |     out_r    |     array    |
|out_r_we0       | out |    1|  ap_memory |     out_r    |     array    |
|out_r_d0        | out |   32|  ap_memory |     out_r    |     array    |
+----------------+-----+-----+------------+--------------+--------------+

