INFO: [SIM 2] *************** CSIM start ***************
INFO: [SIM 4] CSIM will launch GCC as the compiler.
   Compiling ../../../../softmax_tb.cpp in debug mode
   Generating csim.exe
IN: 1.36221
IN: -1.85514
IN: 1.14707
IN: 0.516765
IN: 0.650405
IN: 1.14236
IN: 0.642326
IN: -0.499403
IN: -1.09069
IN: -1.14067
OUT: 0.222288
OUT: 0.0100139
OUT: 0.181994
OUT: 0.0998804
OUT: 0.110385
OUT: 0.181994
OUT: 0.110385
OUT: 0.0406083
OUT: 0.0222863
OUT: 0.0201655
----------------------------------------------
   RMSE 0.002929
----------------------------------------------
*******************************************
PASS: The output matches the golden output!
*******************************************
INFO: [SIM 1] CSim done with 0 errors.
INFO: [SIM 3] *************** CSIM finish ***************
