

================================================================
== Vivado HLS Report for 'fc_FC2'
================================================================
* Date:           Thu Mar 19 22:49:59 2020

* Version:        2019.1 (Build 2552052 on Fri May 24 15:28:33 MDT 2019)
* Project:        lenet_cnn
* Solution:       solution_baseline
* Product family: zynq
* Target device:  xc7z020-clg400-1


================================================================
== Performance Estimates
================================================================
+ Timing (ns): 
    * Summary: 
    +--------+-------+----------+------------+
    |  Clock | Target| Estimated| Uncertainty|
    +--------+-------+----------+------------+
    |ap_clk  |  10.00|     7.256|        1.25|
    +--------+-------+----------+------------+

+ Latency (clock cycles): 
    * Summary: 
    +--------+--------+--------+--------+---------+
    |     Latency     |     Interval    | Pipeline|
    |   min  |   max  |   min  |   max  |   Type  |
    +--------+--------+--------+--------+---------+
    |  111133|  111133|  111133|  111133|   none  |
    +--------+--------+--------+--------+---------+

    + Detail: 
        * Instance: 
        N/A

        * Loop: 
        +----------+--------+--------+----------+-----------+-----------+------+----------+
        |          |     Latency     | Iteration|  Initiation Interval  | Trip |          |
        | Loop Name|   min  |   max  |  Latency |  achieved |   target  | Count| Pipelined|
        +----------+--------+--------+----------+-----------+-----------+------+----------+
        |- OUT     |  111132|  111132|      1323|          -|          -|    84|    no    |
        | + IN     |    1320|    1320|        11|          -|          -|   120|    no    |
        +----------+--------+--------+----------+-----------+-----------+------+----------+



================================================================
== Utilization Estimates
================================================================
* Summary: 
+-----------------+---------+-------+--------+-------+-----+
|       Name      | BRAM_18K| DSP48E|   FF   |  LUT  | URAM|
+-----------------+---------+-------+--------+-------+-----+
|DSP              |        -|      -|       -|      -|    -|
|Expression       |        -|      -|       0|     96|    -|
|FIFO             |        -|      -|       -|      -|    -|
|Instance         |        -|      5|     348|    711|    -|
|Memory           |       33|      -|       0|      0|    -|
|Multiplexer      |        -|      -|       -|     98|    -|
|Register         |        -|      -|     190|      -|    -|
+-----------------+---------+-------+--------+-------+-----+
|Total            |       33|      5|     538|    905|    0|
+-----------------+---------+-------+--------+-------+-----+
|Available        |      280|    220|  106400|  53200|    0|
+-----------------+---------+-------+--------+-------+-----+
|Utilization (%)  |       11|      2|   ~0   |      1|    0|
+-----------------+---------+-------+--------+-------+-----+

+ Detail: 
    * Instance: 
    +--------------------------+----------------------+---------+-------+-----+-----+-----+
    |         Instance         |        Module        | BRAM_18K| DSP48E|  FF | LUT | URAM|
    +--------------------------+----------------------+---------+-------+-----+-----+-----+
    |lenet_fadd_32ns_3cud_U41  |lenet_fadd_32ns_3cud  |        0|      2|  205|  390|    0|
    |lenet_fmul_32ns_3dEe_U42  |lenet_fmul_32ns_3dEe  |        0|      3|  143|  321|    0|
    +--------------------------+----------------------+---------+-------+-----+-----+-----+
    |Total                     |                      |        0|      5|  348|  711|    0|
    +--------------------------+----------------------+---------+-------+-----+-----+-----+

    * DSP48E: 
    N/A

    * Memory: 
    +---------------+--------------------+---------+---+----+-----+-------+-----+------+-------------+
    |     Memory    |       Module       | BRAM_18K| FF| LUT| URAM| Words | Bits| Banks| W*Bits*Banks|
    +---------------+--------------------+---------+---+----+-----+-------+-----+------+-------------+
    |FC2_bias_U     |fc_FC2_FC2_bias     |        1|  0|   0|    0|     84|   32|     1|         2688|
    |FC2_weights_U  |fc_FC2_FC2_weights  |       32|  0|   0|    0|  10080|   32|     1|       322560|
    +---------------+--------------------+---------+---+----+-----+-------+-----+------+-------------+
    |Total          |                    |       33|  0|   0|    0|  10164|   64|     2|       325248|
    +---------------+--------------------+---------+---+----+-----+-------+-----+------+-------------+

    * FIFO: 
    N/A

    * Expression: 
    +---------------------+----------+-------+---+----+------------+------------+
    |    Variable Name    | Operation| DSP48E| FF| LUT| Bitwidth P0| Bitwidth P1|
    +---------------------+----------+-------+---+----+------------+------------+
    |add_ln40_fu_203_p2   |     +    |      0|  0|  21|          15|          15|
    |i_fu_188_p2          |     +    |      0|  0|  15|           7|           1|
    |o_fu_140_p2          |     +    |      0|  0|  15|           7|           1|
    |sub_ln40_fu_176_p2   |     -    |      0|  0|  21|          15|          15|
    |icmp_ln37_fu_134_p2  |   icmp   |      0|  0|  11|           7|           7|
    |icmp_ln39_fu_182_p2  |   icmp   |      0|  0|  11|           7|           5|
    |ap_block_state1      |    or    |      0|  0|   2|           1|           1|
    +---------------------+----------+-------+---+----+------------+------------+
    |Total                |          |      0|  0|  96|          59|          45|
    +---------------------+----------+-------+---+----+------------+------------+

    * Multiplexer: 
    +--------------------+----+-----------+-----+-----------+
    |        Name        | LUT| Input Size| Bits| Total Bits|
    +--------------------+----+-----------+-----+-----------+
    |ap_NS_fsm           |  62|         15|    1|         15|
    |ap_done             |   9|          2|    1|          2|
    |i_0_reg_114         |   9|          2|    7|         14|
    |o_0_reg_91          |   9|          2|    7|         14|
    |storemerge_reg_103  |   9|          2|   32|         64|
    +--------------------+----+-----------+-----+-----------+
    |Total               |  98|         23|   48|        109|
    +--------------------+----+-----------+-----+-----------+

    * Register: 
    +--------------------------+----+----+-----+-----------+
    |           Name           | FF | LUT| Bits| Const Bits|
    +--------------------------+----+----+-----+-----------+
    |FC2_weights_load_reg_259  |  32|   0|   32|          0|
    |ap_CS_fsm                 |  14|   0|   14|          0|
    |ap_done_reg               |   1|   0|    1|          0|
    |i_0_reg_114               |   7|   0|    7|          0|
    |i_reg_244                 |   7|   0|    7|          0|
    |in_load_reg_264           |  32|   0|   32|          0|
    |o_0_reg_91                |   7|   0|    7|          0|
    |o_reg_216                 |   7|   0|    7|          0|
    |out_addr_reg_226          |   7|   0|    7|          0|
    |storemerge_reg_103        |  32|   0|   32|          0|
    |sub_ln40_reg_231          |  12|   0|   15|          3|
    |tmp_reg_269               |  32|   0|   32|          0|
    +--------------------------+----+----+-----+-----------+
    |Total                     | 190|   0|  193|          3|
    +--------------------------+----+----+-----+-----------+



================================================================
== Interface
================================================================
* Summary: 
+----------------+-----+-----+------------+--------------+--------------+
|    RTL Ports   | Dir | Bits|  Protocol  | Source Object|    C Type    |
+----------------+-----+-----+------------+--------------+--------------+
|ap_clk          |  in |    1| ap_ctrl_hs |    fc_FC2    | return value |
|ap_rst          |  in |    1| ap_ctrl_hs |    fc_FC2    | return value |
|ap_start        |  in |    1| ap_ctrl_hs |    fc_FC2    | return value |
|ap_done         | out |    1| ap_ctrl_hs |    fc_FC2    | return value |
|ap_continue     |  in |    1| ap_ctrl_hs |    fc_FC2    | return value |
|ap_idle         | out |    1| ap_ctrl_hs |    fc_FC2    | return value |
|ap_ready        | out |    1| ap_ctrl_hs |    fc_FC2    | return value |
|in_r_address0   | out |    7|  ap_memory |     in_r     |     array    |
|in_r_ce0        | out |    1|  ap_memory |     in_r     |     array    |
|in_r_q0         |  in |   32|  ap_memory |     in_r     |     array    |
|out_r_address0  | out |    7|  ap_memory |     out_r    |     array    |
|out_r_ce0       | out |    1|  ap_memory |     out_r    |     array    |
|out_r_we0       | out |    1|  ap_memory |     out_r    |     array    |
|out_r_d0        | out |   32|  ap_memory |     out_r    |     array    |
+----------------+-----+-----+------------+--------------+--------------+

