

================================================================
== Vivado HLS Report for 'fc_FC1'
================================================================
* Date:           Thu Mar 19 22:49:59 2020

* Version:        2019.1 (Build 2552052 on Fri May 24 15:28:33 MDT 2019)
* Project:        lenet_cnn
* Solution:       solution_baseline
* Product family: zynq
* Target device:  xc7z020-clg400-1


================================================================
== Performance Estimates
================================================================
+ Timing (ns): 
    * Summary: 
    +--------+-------+----------+------------+
    |  Clock | Target| Estimated| Uncertainty|
    +--------+-------+----------+------------+
    |ap_clk  |  10.00|     7.256|        1.25|
    +--------+-------+----------+------------+

+ Latency (clock cycles): 
    * Summary: 
    +--------+--------+--------+--------+---------+
    |     Latency     |     Interval    | Pipeline|
    |   min  |   max  |   min  |   max  |   Type  |
    +--------+--------+--------+--------+---------+
    |  528361|  528361|  528361|  528361|   none  |
    +--------+--------+--------+--------+---------+

    + Detail: 
        * Instance: 
        N/A

        * Loop: 
        +----------+--------+--------+----------+-----------+-----------+------+----------+
        |          |     Latency     | Iteration|  Initiation Interval  | Trip |          |
        | Loop Name|   min  |   max  |  Latency |  achieved |   target  | Count| Pipelined|
        +----------+--------+--------+----------+-----------+-----------+------+----------+
        |- OUT     |  528360|  528360|      4403|          -|          -|   120|    no    |
        | + IN     |    4400|    4400|        11|          -|          -|   400|    no    |
        +----------+--------+--------+----------+-----------+-----------+------+----------+



================================================================
== Utilization Estimates
================================================================
* Summary: 
+-----------------+---------+-------+--------+-------+-----+
|       Name      | BRAM_18K| DSP48E|   FF   |  LUT  | URAM|
+-----------------+---------+-------+--------+-------+-----+
|DSP              |        -|      -|       -|      -|    -|
|Expression       |        -|      -|       0|    102|    -|
|FIFO             |        -|      -|       -|      -|    -|
|Instance         |        -|      5|     348|    711|    -|
|Memory           |      129|      -|       0|      0|    -|
|Multiplexer      |        -|      -|       -|    107|    -|
|Register         |        -|      -|     214|      -|    -|
+-----------------+---------+-------+--------+-------+-----+
|Total            |      129|      5|     562|    920|    0|
+-----------------+---------+-------+--------+-------+-----+
|Available        |      280|    220|  106400|  53200|    0|
+-----------------+---------+-------+--------+-------+-----+
|Utilization (%)  |       46|      2|   ~0   |      1|    0|
+-----------------+---------+-------+--------+-------+-----+

+ Detail: 
    * Instance: 
    +--------------------------+----------------------+---------+-------+-----+-----+-----+
    |         Instance         |        Module        | BRAM_18K| DSP48E|  FF | LUT | URAM|
    +--------------------------+----------------------+---------+-------+-----+-----+-----+
    |lenet_fadd_32ns_3cud_U32  |lenet_fadd_32ns_3cud  |        0|      2|  205|  390|    0|
    |lenet_fmul_32ns_3dEe_U33  |lenet_fmul_32ns_3dEe  |        0|      3|  143|  321|    0|
    +--------------------------+----------------------+---------+-------+-----+-----+-----+
    |Total                     |                      |        0|      5|  348|  711|    0|
    +--------------------------+----------------------+---------+-------+-----+-----+-----+

    * DSP48E: 
    N/A

    * Memory: 
    +---------------+--------------------+---------+---+----+-----+-------+-----+------+-------------+
    |     Memory    |       Module       | BRAM_18K| FF| LUT| URAM| Words | Bits| Banks| W*Bits*Banks|
    +---------------+--------------------+---------+---+----+-----+-------+-----+------+-------------+
    |FC1_bias_U     |fc_FC1_FC1_bias     |        1|  0|   0|    0|    120|   32|     1|         3840|
    |FC1_weights_U  |fc_FC1_FC1_weights  |      128|  0|   0|    0|  48000|   32|     1|      1536000|
    +---------------+--------------------+---------+---+----+-----+-------+-----+------+-------------+
    |Total          |                    |      129|  0|   0|    0|  48120|   64|     2|      1539840|
    +---------------+--------------------+---------+---+----+-----+-------+-----+------+-------------+

    * FIFO: 
    N/A

    * Expression: 
    +---------------------+----------+-------+---+----+------------+------------+
    |    Variable Name    | Operation| DSP48E| FF| LUT| Bitwidth P0| Bitwidth P1|
    +---------------------+----------+-------+---+----+------------+------------+
    |add_ln24_fu_147_p2   |     +    |      0|  0|  23|          16|           9|
    |add_ln27_fu_192_p2   |     +    |      0|  0|  23|          16|          16|
    |i_fu_177_p2          |     +    |      0|  0|  15|           9|           1|
    |o_fu_159_p2          |     +    |      0|  0|  15|           7|           1|
    |icmp_ln24_fu_153_p2  |   icmp   |      0|  0|  11|           7|           5|
    |icmp_ln26_fu_171_p2  |   icmp   |      0|  0|  13|           9|           8|
    |ap_block_state1      |    or    |      0|  0|   2|           1|           1|
    +---------------------+----------+-------+---+----+------------+------------+
    |Total                |          |      0|  0| 102|          65|          41|
    +---------------------+----------+-------+---+----+------------+------------+

    * Multiplexer: 
    +--------------------+----+-----------+-----+-----------+
    |        Name        | LUT| Input Size| Bits| Total Bits|
    +--------------------+----+-----------+-----+-----------+
    |ap_NS_fsm           |  62|         15|    1|         15|
    |ap_done             |   9|          2|    1|          2|
    |i_0_reg_127         |   9|          2|    9|         18|
    |o_0_reg_93          |   9|          2|    7|         14|
    |phi_mul_reg_104     |   9|          2|   16|         32|
    |storemerge_reg_116  |   9|          2|   32|         64|
    +--------------------+----+-----------+-----+-----------+
    |Total               | 107|         25|   66|        145|
    +--------------------+----+-----------+-----+-----------+

    * Register: 
    +--------------------------+----+----+-----+-----------+
    |           Name           | FF | LUT| Bits| Const Bits|
    +--------------------------+----+----+-----+-----------+
    |FC1_weights_load_reg_249  |  32|   0|   32|          0|
    |add_ln24_reg_203          |  16|   0|   16|          0|
    |ap_CS_fsm                 |  14|   0|   14|          0|
    |ap_done_reg               |   1|   0|    1|          0|
    |i_0_reg_127               |   9|   0|    9|          0|
    |i_reg_234                 |   9|   0|    9|          0|
    |in_load_reg_254           |  32|   0|   32|          0|
    |o_0_reg_93                |   7|   0|    7|          0|
    |o_reg_211                 |   7|   0|    7|          0|
    |out_addr_reg_221          |   7|   0|    7|          0|
    |phi_mul_reg_104           |  16|   0|   16|          0|
    |storemerge_reg_116        |  32|   0|   32|          0|
    |tmp_reg_259               |  32|   0|   32|          0|
    +--------------------------+----+----+-----+-----------+
    |Total                     | 214|   0|  214|          0|
    +--------------------------+----+----+-----+-----------+



================================================================
== Interface
================================================================
* Summary: 
+----------------+-----+-----+------------+--------------+--------------+
|    RTL Ports   | Dir | Bits|  Protocol  | Source Object|    C Type    |
+----------------+-----+-----+------------+--------------+--------------+
|ap_clk          |  in |    1| ap_ctrl_hs |    fc_FC1    | return value |
|ap_rst          |  in |    1| ap_ctrl_hs |    fc_FC1    | return value |
|ap_start        |  in |    1| ap_ctrl_hs |    fc_FC1    | return value |
|ap_done         | out |    1| ap_ctrl_hs |    fc_FC1    | return value |
|ap_continue     |  in |    1| ap_ctrl_hs |    fc_FC1    | return value |
|ap_idle         | out |    1| ap_ctrl_hs |    fc_FC1    | return value |
|ap_ready        | out |    1| ap_ctrl_hs |    fc_FC1    | return value |
|in_r_address0   | out |    9|  ap_memory |     in_r     |     array    |
|in_r_ce0        | out |    1|  ap_memory |     in_r     |     array    |
|in_r_q0         |  in |   32|  ap_memory |     in_r     |     array    |
|out_r_address0  | out |    7|  ap_memory |     out_r    |     array    |
|out_r_ce0       | out |    1|  ap_memory |     out_r    |     array    |
|out_r_we0       | out |    1|  ap_memory |     out_r    |     array    |
|out_r_d0        | out |   32|  ap_memory |     out_r    |     array    |
+----------------+-----+-----+------------+--------------+--------------+

