

================================================================
== Vivado HLS Report for 'flatten_F'
================================================================
* Date:           Thu Mar 19 22:49:58 2020

* Version:        2019.1 (Build 2552052 on Fri May 24 15:28:33 MDT 2019)
* Project:        lenet_cnn
* Solution:       solution_baseline
* Product family: zynq
* Target device:  xc7z020-clg400-1


================================================================
== Performance Estimates
================================================================
+ Timing (ns): 
    * Summary: 
    +--------+-------+----------+------------+
    |  Clock | Target| Estimated| Uncertainty|
    +--------+-------+----------+------------+
    |ap_clk  |  10.00|     6.508|        1.25|
    +--------+-------+----------+------------+

+ Latency (clock cycles): 
    * Summary: 
    +-----+-----+-----+-----+---------+
    |  Latency  |  Interval | Pipeline|
    | min | max | min | max |   Type  |
    +-----+-----+-----+-----+---------+
    |  993|  993|  993|  993|   none  |
    +-----+-----+-----+-----+---------+

    + Detail: 
        * Instance: 
        N/A

        * Loop: 
        +----------+-----+-----+----------+-----------+-----------+------+----------+
        |          |  Latency  | Iteration|  Initiation Interval  | Trip |          |
        | Loop Name| min | max |  Latency |  achieved |   target  | Count| Pipelined|
        +----------+-----+-----+----------+-----------+-----------+------+----------+
        |- IFM     |  992|  992|        62|          -|          -|    16|    no    |
        | + ROW    |   60|   60|        12|          -|          -|     5|    no    |
        |  ++ COL  |   10|   10|         2|          -|          -|     5|    no    |
        +----------+-----+-----+----------+-----------+-----------+------+----------+



================================================================
== Utilization Estimates
================================================================
* Summary: 
+-----------------+---------+-------+--------+-------+-----+
|       Name      | BRAM_18K| DSP48E|   FF   |  LUT  | URAM|
+-----------------+---------+-------+--------+-------+-----+
|DSP              |        -|      -|       -|      -|    -|
|Expression       |        -|      -|       0|    173|    -|
|FIFO             |        -|      -|       -|      -|    -|
|Instance         |        -|      -|       -|      -|    -|
|Memory           |        -|      -|       -|      -|    -|
|Multiplexer      |        -|      -|       -|     96|    -|
|Register         |        -|      -|      91|      -|    -|
+-----------------+---------+-------+--------+-------+-----+
|Total            |        0|      0|      91|    269|    0|
+-----------------+---------+-------+--------+-------+-----+
|Available        |      280|    220|  106400|  53200|    0|
+-----------------+---------+-------+--------+-------+-----+
|Utilization (%)  |        0|      0|   ~0   |   ~0  |    0|
+-----------------+---------+-------+--------+-------+-----+

+ Detail: 
    * Instance: 
    N/A

    * DSP48E: 
    N/A

    * Memory: 
    N/A

    * FIFO: 
    N/A

    * Expression: 
    +----------------------+----------+-------+---+----+------------+------------+
    |     Variable Name    | Operation| DSP48E| FF| LUT| Bitwidth P0| Bitwidth P1|
    +----------------------+----------+-------+---+----+------------+------------+
    |add_ln14_1_fu_255_p2  |     +    |      0|  0|  15|           9|           1|
    |add_ln14_3_fu_178_p2  |     +    |      0|  0|  15|           8|           8|
    |add_ln14_4_fu_206_p2  |     +    |      0|  0|  15|           8|           8|
    |add_ln14_5_fu_223_p2  |     +    |      0|  0|  14|          10|          10|
    |add_ln14_6_fu_245_p2  |     +    |      0|  0|  14|          10|          10|
    |add_ln14_fu_196_p2    |     +    |      0|  0|  15|           9|           3|
    |c_fu_235_p2           |     +    |      0|  0|  12|           3|           1|
    |idx_fu_156_p2         |     +    |      0|  0|  15|           9|           5|
    |ifm_fu_150_p2         |     +    |      0|  0|  15|           5|           1|
    |r_fu_190_p2           |     +    |      0|  0|  12|           3|           1|
    |icmp_ln11_fu_144_p2   |   icmp   |      0|  0|  11|           5|           6|
    |icmp_ln12_fu_184_p2   |   icmp   |      0|  0|   9|           3|           3|
    |icmp_ln13_fu_229_p2   |   icmp   |      0|  0|   9|           3|           3|
    |ap_block_state1       |    or    |      0|  0|   2|           1|           1|
    +----------------------+----------+-------+---+----+------------+------------+
    |Total                 |          |      0|  0| 173|          86|          61|
    +----------------------+----------+-------+---+----+------------+------------+

    * Multiplexer: 
    +---------------+----+-----------+-----+-----------+
    |      Name     | LUT| Input Size| Bits| Total Bits|
    +---------------+----+-----------+-----+-----------+
    |ap_NS_fsm      |  33|          6|    1|          6|
    |ap_done        |   9|          2|    1|          2|
    |c_0_reg_133    |   9|          2|    3|          6|
    |idx_0_reg_88   |   9|          2|    9|         18|
    |idx_1_reg_100  |   9|          2|    9|         18|
    |idx_2_reg_122  |   9|          2|    9|         18|
    |ifm_0_reg_77   |   9|          2|    5|         10|
    |r_0_reg_111    |   9|          2|    3|          6|
    +---------------+----+-----------+-----+-----------+
    |Total          |  96|         20|   40|         84|
    +---------------+----+-----------+-----+-----------+

    * Register: 
    +--------------------+----+----+-----+-----------+
    |        Name        | FF | LUT| Bits| Const Bits|
    +--------------------+----+----+-----+-----------+
    |add_ln14_3_reg_279  |   8|   0|    8|          0|
    |add_ln14_5_reg_297  |  10|   0|   10|          0|
    |add_ln14_reg_292    |   9|   0|    9|          0|
    |ap_CS_fsm           |   5|   0|    5|          0|
    |ap_done_reg         |   1|   0|    1|          0|
    |c_0_reg_133         |   3|   0|    3|          0|
    |c_reg_305           |   3|   0|    3|          0|
    |idx_0_reg_88        |   9|   0|    9|          0|
    |idx_1_reg_100       |   9|   0|    9|          0|
    |idx_2_reg_122       |   9|   0|    9|          0|
    |idx_reg_274         |   9|   0|    9|          0|
    |ifm_0_reg_77        |   5|   0|    5|          0|
    |ifm_reg_269         |   5|   0|    5|          0|
    |r_0_reg_111         |   3|   0|    3|          0|
    |r_reg_287           |   3|   0|    3|          0|
    +--------------------+----+----+-----+-----------+
    |Total               |  91|   0|   91|          0|
    +--------------------+----+----+-----+-----------+



================================================================
== Interface
================================================================
* Summary: 
+----------------+-----+-----+------------+--------------+--------------+
|    RTL Ports   | Dir | Bits|  Protocol  | Source Object|    C Type    |
+----------------+-----+-----+------------+--------------+--------------+
|ap_clk          |  in |    1| ap_ctrl_hs |   flatten_F  | return value |
|ap_rst          |  in |    1| ap_ctrl_hs |   flatten_F  | return value |
|ap_start        |  in |    1| ap_ctrl_hs |   flatten_F  | return value |
|ap_done         | out |    1| ap_ctrl_hs |   flatten_F  | return value |
|ap_continue     |  in |    1| ap_ctrl_hs |   flatten_F  | return value |
|ap_idle         | out |    1| ap_ctrl_hs |   flatten_F  | return value |
|ap_ready        | out |    1| ap_ctrl_hs |   flatten_F  | return value |
|in_r_address0   | out |    9|  ap_memory |     in_r     |     array    |
|in_r_ce0        | out |    1|  ap_memory |     in_r     |     array    |
|in_r_q0         |  in |   32|  ap_memory |     in_r     |     array    |
|out_r_address0  | out |    9|  ap_memory |     out_r    |     array    |
|out_r_ce0       | out |    1|  ap_memory |     out_r    |     array    |
|out_r_we0       | out |    1|  ap_memory |     out_r    |     array    |
|out_r_d0        | out |   32|  ap_memory |     out_r    |     array    |
+----------------+-----+-----+------------+--------------+--------------+

