

================================================================
== Vivado HLS Report for 'softmax_SM'
================================================================
* Date:           Thu Mar 19 22:50:00 2020

* Version:        2019.1 (Build 2552052 on Fri May 24 15:28:33 MDT 2019)
* Project:        lenet_cnn
* Solution:       solution_baseline
* Product family: zynq
* Target device:  xc7z020-clg400-1


================================================================
== Performance Estimates
================================================================
+ Timing (ns): 
    * Summary: 
    +--------+-------+----------+------------+
    |  Clock | Target| Estimated| Uncertainty|
    +--------+-------+----------+------------+
    |ap_clk  |  10.00|     8.397|        1.25|
    +--------+-------+----------+------------+

+ Latency (clock cycles): 
    * Summary: 
    +-----+-----+-----+-----+---------+
    |  Latency  |  Interval | Pipeline|
    | min | max | min | max |   Type  |
    +-----+-----+-----+-----+---------+
    |  322|  322|  322|  322|   none  |
    +-----+-----+-----+-----+---------+

    + Detail: 
        * Instance: 
        N/A

        * Loop: 
        +----------+-----+-----+----------+-----------+-----------+------+----------+
        |          |  Latency  | Iteration|  Initiation Interval  | Trip |          |
        | Loop Name| min | max |  Latency |  achieved |   target  | Count| Pipelined|
        +----------+-----+-----+----------+-----------+-----------+------+----------+
        |- DEN     |  130|  130|        13|          -|          -|    10|    no    |
        |- OUT     |  190|  190|        19|          -|          -|    10|    no    |
        +----------+-----+-----+----------+-----------+-----------+------+----------+



================================================================
== Utilization Estimates
================================================================
* Summary: 
+-----------------+---------+-------+--------+-------+-----+
|       Name      | BRAM_18K| DSP48E|   FF   |  LUT  | URAM|
+-----------------+---------+-------+--------+-------+-----+
|DSP              |        -|      -|       -|      -|    -|
|Expression       |        -|      -|       0|    543|    -|
|FIFO             |        -|      -|       -|      -|    -|
|Instance         |        -|      5|    1109|   1705|    -|
|Memory           |        2|      -|      64|      5|    0|
|Multiplexer      |        -|      -|       -|    219|    -|
|Register         |        -|      -|     218|      -|    -|
+-----------------+---------+-------+--------+-------+-----+
|Total            |        2|      5|    1391|   2472|    0|
+-----------------+---------+-------+--------+-------+-----+
|Available        |      280|    220|  106400|  53200|    0|
+-----------------+---------+-------+--------+-------+-----+
|Utilization (%)  |    ~0   |      2|       1|      4|    0|
+-----------------+---------+-------+--------+-------+-----+

+ Detail: 
    * Instance: 
    +--------------------------+----------------------+---------+-------+-----+-----+-----+
    |         Instance         |        Module        | BRAM_18K| DSP48E|  FF | LUT | URAM|
    +--------------------------+----------------------+---------+-------+-----+-----+-----+
    |lenet_fadd_32ns_3cud_U56  |lenet_fadd_32ns_3cud  |        0|      2|  205|  390|    0|
    |lenet_fdiv_32ns_3g8j_U58  |lenet_fdiv_32ns_3g8j  |        0|      0|  761|  994|    0|
    |lenet_fmul_32ns_3dEe_U57  |lenet_fmul_32ns_3dEe  |        0|      3|  143|  321|    0|
    +--------------------------+----------------------+---------+-------+-----+-----+-----+
    |Total                     |                      |        0|      5| 1109| 1705|    0|
    +--------------------------+----------------------+---------+-------+-----+-----+-----+

    * DSP48E: 
    N/A

    * Memory: 
    +------------+---------------------+---------+----+----+-----+------+-----+------+-------------+
    |   Memory   |        Module       | BRAM_18K| FF | LUT| URAM| Words| Bits| Banks| W*Bits*Banks|
    +------------+---------------------+---------+----+----+-----+------+-----+------+-------------+
    |expTable_U  |softmax_SM_expTable  |        2|   0|   0|    0|   800|   32|     1|        25600|
    |idx_U       |softmax_SM_idx       |        0|  64|   5|    0|    10|   32|     1|          320|
    +------------+---------------------+---------+----+----+-----+------+-----+------+-------------+
    |Total       |                     |        2|  64|   5|    0|   810|   64|     2|        25920|
    +------------+---------------------+---------+----+----+-----+------+-----+------+-------------+

    * FIFO: 
    N/A

    * Expression: 
    +----------------------+----------+-------+---+-----+------------+------------+
    |     Variable Name    | Operation| DSP48E| FF| LUT | Bitwidth P0| Bitwidth P1|
    +----------------------+----------+-------+---+-----+------------+------------+
    |add_ln13_fu_350_p2    |     +    |      0|  0|   39|           9|          32|
    |add_ln339_fu_245_p2   |     +    |      0|  0|   15|           8|           9|
    |p_1_fu_368_p2         |     +    |      0|  0|   13|           4|           1|
    |p_fu_199_p2           |     +    |      0|  0|   13|           4|           1|
    |result_V_1_fu_338_p2  |     -    |      0|  0|   39|           1|          32|
    |sub_ln1311_fu_259_p2  |     -    |      0|  0|   15|           7|           8|
    |icmp_ln12_fu_193_p2   |   icmp   |      0|  0|    9|           4|           4|
    |icmp_ln17_fu_362_p2   |   icmp   |      0|  0|    9|           4|           4|
    |r_V_fu_289_p2         |   lshr   |      0|  0|   73|          25|          25|
    |ap_block_state1       |    or    |      0|  0|    2|           1|           1|
    |p_Val2_5_fu_323_p3    |  select  |      0|  0|   32|           1|          32|
    |p_Val2_6_fu_343_p3    |  select  |      0|  0|   32|           1|          32|
    |ush_fu_269_p3         |  select  |      0|  0|    9|           1|           9|
    |r_V_1_fu_295_p2       |    shl   |      0|  0|  243|          79|          79|
    +----------------------+----------+-------+---+-----+------------+------------+
    |Total                 |          |      0|  0|  543|         149|         269|
    +----------------------+----------+-------+---+-----+------------+------------+

    * Multiplexer: 
    +-------------------+-----+-----------+-----+-----------+
    |        Name       | LUT | Input Size| Bits| Total Bits|
    +-------------------+-----+-----------+-----+-----------+
    |ap_NS_fsm          |  153|         34|    1|         34|
    |ap_done            |    9|          2|    1|          2|
    |denom_0_reg_136    |    9|          2|   32|         64|
    |expTable_address0  |   15|          3|   10|         30|
    |idx_address0       |   15|          3|    4|         12|
    |p1_0_reg_159       |    9|          2|    4|          8|
    |p_0_reg_148        |    9|          2|    4|          8|
    +-------------------+-----+-----------+-----+-----------+
    |Total              |  219|         48|   56|        158|
    +-------------------+-----+-----------+-----+-----------+

    * Register: 
    +-------------------+----+----+-----+-----------+
    |        Name       | FF | LUT| Bits| Const Bits|
    +-------------------+----+----+-----+-----------+
    |ap_CS_fsm          |  33|   0|   33|          0|
    |ap_done_reg        |   1|   0|    1|          0|
    |denom_0_reg_136    |  32|   0|   32|          0|
    |p1_0_reg_159       |   4|   0|    4|          0|
    |p_0_reg_148        |   4|   0|    4|          0|
    |p_1_reg_436        |   4|   0|    4|          0|
    |p_Val2_5_reg_417   |  32|   0|   32|          0|
    |p_Val2_s_reg_412   |  32|   0|   32|          0|
    |p_reg_387          |   4|   0|    4|          0|
    |reg_187            |  32|   0|   32|          0|
    |x_assign_reg_407   |  32|   0|   32|          0|
    |zext_ln13_reg_392  |   4|   0|   64|         60|
    |zext_ln18_reg_441  |   4|   0|   64|         60|
    +-------------------+----+----+-----+-----------+
    |Total              | 218|   0|  338|        120|
    +-------------------+----+----+-----+-----------+



================================================================
== Interface
================================================================
* Summary: 
+----------------+-----+-----+------------+--------------+--------------+
|    RTL Ports   | Dir | Bits|  Protocol  | Source Object|    C Type    |
+----------------+-----+-----+------------+--------------+--------------+
|ap_clk          |  in |    1| ap_ctrl_hs |  softmax_SM  | return value |
|ap_rst          |  in |    1| ap_ctrl_hs |  softmax_SM  | return value |
|ap_start        |  in |    1| ap_ctrl_hs |  softmax_SM  | return value |
|ap_done         | out |    1| ap_ctrl_hs |  softmax_SM  | return value |
|ap_continue     |  in |    1| ap_ctrl_hs |  softmax_SM  | return value |
|ap_idle         | out |    1| ap_ctrl_hs |  softmax_SM  | return value |
|ap_ready        | out |    1| ap_ctrl_hs |  softmax_SM  | return value |
|in_r_address0   | out |    4|  ap_memory |     in_r     |     array    |
|in_r_ce0        | out |    1|  ap_memory |     in_r     |     array    |
|in_r_q0         |  in |   32|  ap_memory |     in_r     |     array    |
|out_r_address0  | out |    4|  ap_memory |     out_r    |     array    |
|out_r_ce0       | out |    1|  ap_memory |     out_r    |     array    |
|out_r_we0       | out |    1|  ap_memory |     out_r    |     array    |
|out_r_d0        | out |   32|  ap_memory |     out_r    |     array    |
+----------------+-----+-----+------------+--------------+--------------+

