

================================================================
== Vivado HLS Report for 'fc_FC3'
================================================================
* Date:           Thu Mar 19 00:17:14 2020

* Version:        2019.1 (Build 2552052 on Fri May 24 15:28:33 MDT 2019)
* Project:        lenet_cnn3_Accuracy
* Solution:       solution2_float
* Product family: zynq
* Target device:  xc7z020-clg400-1


================================================================
== Performance Estimates
================================================================
+ Timing (ns): 
    * Summary: 
    +--------+-------+----------+------------+
    |  Clock | Target| Estimated| Uncertainty|
    +--------+-------+----------+------------+
    |ap_clk  |  10.00|     7.256|        1.25|
    +--------+-------+----------+------------+

+ Latency (clock cycles): 
    * Summary: 
    +------+------+------+------+---------+
    |   Latency   |   Interval  | Pipeline|
    |  min |  max |  min |  max |   Type  |
    +------+------+------+------+---------+
    |  2156|  2156|  2156|  2156|   none  |
    +------+------+------+------+---------+

    + Detail: 
        * Instance: 
        N/A

        * Loop: 
        +----------+------+------+----------+-----------+-----------+------+----------+
        |          |   Latency   | Iteration|  Initiation Interval  | Trip |          |
        | Loop Name|  min |  max |  Latency |  achieved |   target  | Count| Pipelined|
        +----------+------+------+----------+-----------+-----------+------+----------+
        |- OUT     |  2155|  2155|       431|          -|          -|     5|    no    |
        | + IN     |   427|   427|        13|          5|          1|    84|    yes   |
        +----------+------+------+----------+-----------+-----------+------+----------+



================================================================
== Utilization Estimates
================================================================
* Summary: 
+-----------------+---------+-------+--------+-------+-----+
|       Name      | BRAM_18K| DSP48E|   FF   |  LUT  | URAM|
+-----------------+---------+-------+--------+-------+-----+
|DSP              |        -|      -|       -|      -|    -|
|Expression       |        -|      0|       0|     99|    -|
|FIFO             |        -|      -|       -|      -|    -|
|Instance         |        -|      5|     348|    711|    -|
|Memory           |        2|      -|      64|      6|    -|
|Multiplexer      |        -|      -|       -|    203|    -|
|Register         |        0|      -|     401|     32|    -|
+-----------------+---------+-------+--------+-------+-----+
|Total            |        2|      5|     813|   1051|    0|
+-----------------+---------+-------+--------+-------+-----+
|Available        |      280|    220|  106400|  53200|    0|
+-----------------+---------+-------+--------+-------+-----+
|Utilization (%)  |    ~0   |      2|   ~0   |      1|    0|
+-----------------+---------+-------+--------+-------+-----+

+ Detail: 
    * Instance: 
    +---------------------------+----------------------+---------+-------+-----+-----+-----+
    |          Instance         |        Module        | BRAM_18K| DSP48E|  FF | LUT | URAM|
    +---------------------------+----------------------+---------+-------+-----+-----+-----+
    |lenet_fadd_32ns_3vdy_U250  |lenet_fadd_32ns_3vdy  |        0|      2|  205|  390|    0|
    |lenet_fmul_32ns_3wdI_U251  |lenet_fmul_32ns_3wdI  |        0|      3|  143|  321|    0|
    +---------------------------+----------------------+---------+-------+-----+-----+-----+
    |Total                      |                      |        0|      5|  348|  711|    0|
    +---------------------------+----------------------+---------+-------+-----+-----+-----+

    * DSP48E: 
    N/A

    * Memory: 
    +-----------------+----------------------+---------+----+----+-----+------+-----+------+-------------+
    |      Memory     |        Module        | BRAM_18K| FF | LUT| URAM| Words| Bits| Banks| W*Bits*Banks|
    +-----------------+----------------------+---------+----+----+-----+------+-----+------+-------------+
    |FC3_bias_0_U     |fc_FC3_FC3_bias_0     |        0|  32|   3|    0|     5|   32|     1|          160|
    |FC3_bias_1_U     |fc_FC3_FC3_bias_1     |        0|  32|   3|    0|     5|   32|     1|          160|
    |FC3_weights_0_U  |fc_FC3_FC3_weightcsw  |        1|   0|   0|    0|   420|   32|     1|        13440|
    |FC3_weights_1_U  |fc_FC3_FC3_weightctx  |        1|   0|   0|    0|   420|   32|     1|        13440|
    +-----------------+----------------------+---------+----+----+-----+------+-----+------+-------------+
    |Total            |                      |        2|  64|   6|    0|   850|  128|     4|        27200|
    +-----------------+----------------------+---------+----+----+-----+------+-----+------+-------------+

    * FIFO: 
    N/A

    * Expression: 
    +----------------------+----------+-------+---+----+------------+------------+
    |     Variable Name    | Operation| DSP48E| FF| LUT| Bitwidth P0| Bitwidth P1|
    +----------------------+----------+-------+---+----+------------+------------+
    |mul_ln106_fu_231_p2   |     *    |      0|  0|  33|           3|           7|
    |add_ln106_fu_258_p2   |     +    |      0|  0|  14|          10|          10|
    |i_fu_243_p2           |     +    |      0|  0|  15|           7|           1|
    |o_fu_269_p2           |     +    |      0|  0|  13|           4|           2|
    |icmp_ln101_fu_204_p2  |   icmp   |      0|  0|   9|           4|           4|
    |icmp_ln104_fu_237_p2  |   icmp   |      0|  0|  11|           7|           7|
    |ap_block_state1       |    or    |      0|  0|   2|           1|           1|
    |ap_enable_pp0         |    xor   |      0|  0|   2|           1|           2|
    +----------------------+----------+-------+---+----+------------+------------+
    |Total                 |          |      0|  0|  99|          37|          34|
    +----------------------+----------+-------+---+----+------------+------------+

    * Multiplexer: 
    +-----------------------------------+----+-----------+-----+-----------+
    |                Name               | LUT| Input Size| Bits| Total Bits|
    +-----------------------------------+----+-----------+-----+-----------+
    |ap_NS_fsm                          |  47|         10|    1|         10|
    |ap_done                            |   9|          2|    1|          2|
    |ap_enable_reg_pp0_iter2            |   9|          2|    1|          2|
    |ap_phi_mux_empty_25_phi_fu_166_p4  |   9|          2|   32|         64|
    |ap_phi_mux_empty_26_phi_fu_176_p4  |   9|          2|   32|         64|
    |ap_phi_mux_i_0_phi_fu_187_p4       |   9|          2|    7|         14|
    |empty_25_reg_163                   |   9|          2|   32|         64|
    |empty_26_reg_173                   |   9|          2|   32|         64|
    |grp_fu_194_p0                      |  15|          3|   32|         96|
    |grp_fu_194_p1                      |  15|          3|   32|         96|
    |grp_fu_200_p0                      |  15|          3|   32|         96|
    |i_0_reg_183                        |   9|          2|    7|         14|
    |o_0_reg_151                        |   9|          2|    4|          8|
    |out_fc3_0_d0                       |  15|          3|   32|         96|
    |out_fc3_1_d0                       |  15|          3|   32|         96|
    +-----------------------------------+----+-----------+-----+-----------+
    |Total                              | 203|         43|  309|        786|
    +-----------------------------------+----+-----------+-----+-----------+

    * Register: 
    +----------------------------+----+----+-----+-----------+
    |            Name            | FF | LUT| Bits| Const Bits|
    +----------------------------+----+----+-----+-----------+
    |FC3_weights_0_load_reg_342  |  32|   0|   32|          0|
    |FC3_weights_1_load_reg_352  |  32|   0|   32|          0|
    |ap_CS_fsm                   |   9|   0|    9|          0|
    |ap_done_reg                 |   1|   0|    1|          0|
    |ap_enable_reg_pp0_iter0     |   1|   0|    1|          0|
    |ap_enable_reg_pp0_iter1     |   1|   0|    1|          0|
    |ap_enable_reg_pp0_iter2     |   1|   0|    1|          0|
    |empty_25_reg_163            |  32|   0|   32|          0|
    |empty_26_reg_173            |  32|   0|   32|          0|
    |i_0_reg_183                 |   7|   0|    7|          0|
    |i_reg_322                   |   7|   0|    7|          0|
    |icmp_ln104_reg_318          |   1|   0|    1|          0|
    |in_load_reg_347             |  32|   0|   32|          0|
    |lshr_ln_reg_278             |   3|   0|    3|          0|
    |mul_ln106_reg_303           |   8|   0|   10|          2|
    |o_0_reg_151                 |   4|   0|    4|          0|
    |out_fc3_0_addr_reg_288      |   3|   0|    3|          0|
    |out_fc3_1_addr_reg_298      |   3|   0|    3|          0|
    |tmp_6_reg_367               |  32|   0|   32|          0|
    |tmp_7_reg_362               |  32|   0|   32|          0|
    |tmp_8_reg_373               |  32|   0|   32|          0|
    |tmp_reg_357                 |  32|   0|   32|          0|
    |icmp_ln104_reg_318          |  64|  32|    1|          0|
    +----------------------------+----+----+-----+-----------+
    |Total                       | 401|  32|  340|          2|
    +----------------------------+----+----+-----+-----------+



================================================================
== Interface
================================================================
* Summary: 
+--------------------+-----+-----+------------+--------------+--------------+
|      RTL Ports     | Dir | Bits|  Protocol  | Source Object|    C Type    |
+--------------------+-----+-----+------------+--------------+--------------+
|ap_clk              |  in |    1| ap_ctrl_hs |    fc_FC3    | return value |
|ap_rst              |  in |    1| ap_ctrl_hs |    fc_FC3    | return value |
|ap_start            |  in |    1| ap_ctrl_hs |    fc_FC3    | return value |
|ap_done             | out |    1| ap_ctrl_hs |    fc_FC3    | return value |
|ap_continue         |  in |    1| ap_ctrl_hs |    fc_FC3    | return value |
|ap_idle             | out |    1| ap_ctrl_hs |    fc_FC3    | return value |
|ap_ready            | out |    1| ap_ctrl_hs |    fc_FC3    | return value |
|in_r_address0       | out |    7|  ap_memory |     in_r     |     array    |
|in_r_ce0            | out |    1|  ap_memory |     in_r     |     array    |
|in_r_q0             |  in |   32|  ap_memory |     in_r     |     array    |
|out_fc3_0_address0  | out |    3|  ap_memory |   out_fc3_0  |     array    |
|out_fc3_0_ce0       | out |    1|  ap_memory |   out_fc3_0  |     array    |
|out_fc3_0_we0       | out |    1|  ap_memory |   out_fc3_0  |     array    |
|out_fc3_0_d0        | out |   32|  ap_memory |   out_fc3_0  |     array    |
|out_fc3_1_address0  | out |    3|  ap_memory |   out_fc3_1  |     array    |
|out_fc3_1_ce0       | out |    1|  ap_memory |   out_fc3_1  |     array    |
|out_fc3_1_we0       | out |    1|  ap_memory |   out_fc3_1  |     array    |
|out_fc3_1_d0        | out |   32|  ap_memory |   out_fc3_1  |     array    |
+--------------------+-----+-----+------------+--------------+--------------+

