

================================================================
== Vivado HLS Report for 'relu_R3'
================================================================
* Date:           Thu Mar 19 00:17:12 2020

* Version:        2019.1 (Build 2552052 on Fri May 24 15:28:33 MDT 2019)
* Project:        lenet_cnn3_Accuracy
* Solution:       solution2_float
* Product family: zynq
* Target device:  xc7z020-clg400-1


================================================================
== Performance Estimates
================================================================
+ Timing (ns): 
    * Summary: 
    +--------+-------+----------+------------+
    |  Clock | Target| Estimated| Uncertainty|
    +--------+-------+----------+------------+
    |ap_clk  |  10.00|     6.409|        1.25|
    +--------+-------+----------+------------+

+ Latency (clock cycles): 
    * Summary: 
    +-----+-----+-----+-----+---------+
    |  Latency  |  Interval | Pipeline|
    | min | max | min | max |   Type  |
    +-----+-----+-----+-----+---------+
    |  125|  125|  125|  125|   none  |
    +-----+-----+-----+-----+---------+

    + Detail: 
        * Instance: 
        N/A

        * Loop: 
        +----------+-----+-----+----------+-----------+-----------+------+----------+
        |          |  Latency  | Iteration|  Initiation Interval  | Trip |          |
        | Loop Name| min | max |  Latency |  achieved |   target  | Count| Pipelined|
        +----------+-----+-----+----------+-----------+-----------+------+----------+
        |- OUT     |  123|  123|         5|          1|          1|   120|    yes   |
        +----------+-----+-----+----------+-----------+-----------+------+----------+



================================================================
== Utilization Estimates
================================================================
* Summary: 
+-----------------+---------+-------+--------+-------+-----+
|       Name      | BRAM_18K| DSP48E|   FF   |  LUT  | URAM|
+-----------------+---------+-------+--------+-------+-----+
|DSP              |        -|      -|       -|      -|    -|
|Expression       |        -|      -|       0|     97|    -|
|FIFO             |        -|      -|       -|      -|    -|
|Instance         |        -|      0|      66|    260|    -|
|Memory           |        -|      -|       -|      -|    -|
|Multiplexer      |        -|      -|       -|     66|    -|
|Register         |        0|      -|     248|     64|    -|
+-----------------+---------+-------+--------+-------+-----+
|Total            |        0|      0|     314|    487|    0|
+-----------------+---------+-------+--------+-------+-----+
|Available        |      280|    220|  106400|  53200|    0|
+-----------------+---------+-------+--------+-------+-----+
|Utilization (%)  |        0|      0|   ~0   |   ~0  |    0|
+-----------------+---------+-------+--------+-------+-----+

+ Detail: 
    * Instance: 
    +---------------------------+----------------------+---------+-------+----+-----+-----+
    |          Instance         |        Module        | BRAM_18K| DSP48E| FF | LUT | URAM|
    +---------------------------+----------------------+---------+-------+----+-----+-----+
    |lenet_fcmp_32ns_3xdS_U216  |lenet_fcmp_32ns_3xdS  |        0|      0|  66|  239|    0|
    |lenet_mux_832_32_cnw_U217  |lenet_mux_832_32_cnw  |        0|      0|   0|   21|    0|
    +---------------------------+----------------------+---------+-------+----+-----+-----+
    |Total                      |                      |        0|      0|  66|  260|    0|
    +---------------------------+----------------------+---------+-------+----+-----+-----+

    * DSP48E: 
    N/A

    * Memory: 
    N/A

    * FIFO: 
    N/A

    * Expression: 
    +-------------------------+----------+-------+---+----+------------+------------+
    |      Variable Name      | Operation| DSP48E| FF| LUT| Bitwidth P0| Bitwidth P1|
    +-------------------------+----------+-------+---+----+------------+------------+
    |c_fu_208_p2              |     +    |      0|  0|  15|           7|           1|
    |and_ln56_fu_301_p2       |    and   |      0|  0|   2|           1|           1|
    |icmp_ln53_fu_202_p2      |   icmp   |      0|  0|  11|           7|           5|
    |icmp_ln56_1_fu_289_p2    |   icmp   |      0|  0|  18|          23|           1|
    |icmp_ln56_fu_283_p2      |   icmp   |      0|  0|  11|           8|           2|
    |ap_block_state1          |    or    |      0|  0|   2|           1|           1|
    |or_ln56_fu_295_p2        |    or    |      0|  0|   2|           1|           1|
    |data_2_fu_307_p3         |  select  |      0|  0|  32|           1|          32|
    |ap_enable_pp0            |    xor   |      0|  0|   2|           1|           2|
    |ap_enable_reg_pp0_iter1  |    xor   |      0|  0|   2|           2|           1|
    +-------------------------+----------+-------+---+----+------------+------------+
    |Total                    |          |      0|  0|  97|          52|          47|
    +-------------------------+----------+-------+---+----+------------+------------+

    * Multiplexer: 
    +------------------------------+----+-----------+-----+-----------+
    |             Name             | LUT| Input Size| Bits| Total Bits|
    +------------------------------+----+-----------+-----+-----------+
    |ap_NS_fsm                     |  21|          4|    1|          4|
    |ap_done                       |   9|          2|    1|          2|
    |ap_enable_reg_pp0_iter1       |   9|          2|    1|          2|
    |ap_enable_reg_pp0_iter4       |   9|          2|    1|          2|
    |ap_phi_mux_c_0_phi_fu_189_p4  |   9|          2|    7|         14|
    |c_0_reg_185                   |   9|          2|    7|         14|
    +------------------------------+----+-----------+-----+-----------+
    |Total                         |  66|         14|   18|         38|
    +------------------------------+----+-----------+-----+-----------+

    * Register: 
    +----------------------------+----+----+-----+-----------+
    |            Name            | FF | LUT| Bits| Const Bits|
    +----------------------------+----+----+-----+-----------+
    |ap_CS_fsm                   |   3|   0|    3|          0|
    |ap_done_reg                 |   1|   0|    1|          0|
    |ap_enable_reg_pp0_iter0     |   1|   0|    1|          0|
    |ap_enable_reg_pp0_iter1     |   1|   0|    1|          0|
    |ap_enable_reg_pp0_iter2     |   1|   0|    1|          0|
    |ap_enable_reg_pp0_iter3     |   1|   0|    1|          0|
    |ap_enable_reg_pp0_iter4     |   1|   0|    1|          0|
    |c_0_reg_185                 |   7|   0|    7|          0|
    |c_reg_323                   |   7|   0|    7|          0|
    |data_2_reg_375              |  32|   0|   32|          0|
    |data_reg_368                |  32|   0|   32|          0|
    |data_reg_368_pp0_iter2_reg  |  32|   0|   32|          0|
    |icmp_ln53_reg_319           |   1|   0|    1|          0|
    |c_0_reg_185                 |  64|  32|    7|          0|
    |icmp_ln53_reg_319           |  64|  32|    1|          0|
    +----------------------------+----+----+-----+-----------+
    |Total                       | 248|  64|  128|          0|
    +----------------------------+----+----+-----+-----------+



================================================================
== Interface
================================================================
* Summary: 
+----------------+-----+-----+------------+--------------+--------------+
|    RTL Ports   | Dir | Bits|  Protocol  | Source Object|    C Type    |
+----------------+-----+-----+------------+--------------+--------------+
|ap_clk          |  in |    1| ap_ctrl_hs |    relu_R3   | return value |
|ap_rst          |  in |    1| ap_ctrl_hs |    relu_R3   | return value |
|ap_start        |  in |    1| ap_ctrl_hs |    relu_R3   | return value |
|ap_done         | out |    1| ap_ctrl_hs |    relu_R3   | return value |
|ap_continue     |  in |    1| ap_ctrl_hs |    relu_R3   | return value |
|ap_idle         | out |    1| ap_ctrl_hs |    relu_R3   | return value |
|ap_ready        | out |    1| ap_ctrl_hs |    relu_R3   | return value |
|in_0_address0   | out |    4|  ap_memory |     in_0     |     array    |
|in_0_ce0        | out |    1|  ap_memory |     in_0     |     array    |
|in_0_q0         |  in |   32|  ap_memory |     in_0     |     array    |
|in_1_address0   | out |    4|  ap_memory |     in_1     |     array    |
|in_1_ce0        | out |    1|  ap_memory |     in_1     |     array    |
|in_1_q0         |  in |   32|  ap_memory |     in_1     |     array    |
|in_2_address0   | out |    4|  ap_memory |     in_2     |     array    |
|in_2_ce0        | out |    1|  ap_memory |     in_2     |     array    |
|in_2_q0         |  in |   32|  ap_memory |     in_2     |     array    |
|in_3_address0   | out |    4|  ap_memory |     in_3     |     array    |
|in_3_ce0        | out |    1|  ap_memory |     in_3     |     array    |
|in_3_q0         |  in |   32|  ap_memory |     in_3     |     array    |
|in_4_address0   | out |    4|  ap_memory |     in_4     |     array    |
|in_4_ce0        | out |    1|  ap_memory |     in_4     |     array    |
|in_4_q0         |  in |   32|  ap_memory |     in_4     |     array    |
|in_5_address0   | out |    4|  ap_memory |     in_5     |     array    |
|in_5_ce0        | out |    1|  ap_memory |     in_5     |     array    |
|in_5_q0         |  in |   32|  ap_memory |     in_5     |     array    |
|in_6_address0   | out |    4|  ap_memory |     in_6     |     array    |
|in_6_ce0        | out |    1|  ap_memory |     in_6     |     array    |
|in_6_q0         |  in |   32|  ap_memory |     in_6     |     array    |
|in_7_address0   | out |    4|  ap_memory |     in_7     |     array    |
|in_7_ce0        | out |    1|  ap_memory |     in_7     |     array    |
|in_7_q0         |  in |   32|  ap_memory |     in_7     |     array    |
|out_r_address0  | out |    7|  ap_memory |     out_r    |     array    |
|out_r_ce0       | out |    1|  ap_memory |     out_r    |     array    |
|out_r_we0       | out |    1|  ap_memory |     out_r    |     array    |
|out_r_d0        | out |   32|  ap_memory |     out_r    |     array    |
+----------------+-----+-----+------------+--------------+--------------+

