

================================================================
== Vivado HLS Report for 'lenet'
================================================================
* Date:           Sat Mar 14 15:27:15 2020

* Version:        2019.1 (Build 2552052 on Fri May 24 15:28:33 MDT 2019)
* Project:        lenet_cnn
* Solution:       solution1
* Product family: zynq
* Target device:  xc7z020-clg400-1


================================================================
== Performance Estimates
================================================================
+ Timing (ns): 
    * Summary: 
    +--------+-------+----------+------------+
    |  Clock | Target| Estimated| Uncertainty|
    +--------+-------+----------+------------+
    |ap_clk  |  10.00|     8.685|        1.25|
    +--------+-------+----------+------------+

+ Latency (clock cycles): 
    * Summary: 
    +---------+---------+---------+---------+---------+
    |      Latency      |      Interval     | Pipeline|
    |   min   |   max   |   min   |   max   |   Type  |
    +---------+---------+---------+---------+---------+
    |  4087011|  4087011|  4087011|  4087011|   none  |
    +---------+---------+---------+---------+---------+

    + Detail: 
        * Instance: 
        +-------------------------+--------------+---------+---------+---------+---------+---------+
        |                         |              |      Latency      |      Interval     | Pipeline|
        |         Instance        |    Module    |   min   |   max   |   min   |   max   |   Type  |
        +-------------------------+--------------+---------+---------+---------+---------+---------+
        |grp_conv2d_C2_fu_617     |conv2d_C2     |  2830033|  2830033|  2830033|  2830033|   none  |
        |grp_conv2d_C1_fu_627     |conv2d_C1     |   551407|   551407|   551407|   551407|   none  |
        |grp_maxpool_P1_fu_639    |maxpool_P1    |    21349|    21349|    21349|    21349|   none  |
        |grp_maxpool_P1_1_fu_645  |maxpool_P1_1  |     7393|     7393|     7393|     7393|   none  |
        |grp_relu_R1_fu_651       |relu_R1       |    19165|    19165|    19165|    19165|   none  |
        |grp_relu_R2_fu_657       |relu_R2       |     6753|     6753|     6753|     6753|   none  |
        |grp_flatten_F_fu_663     |flatten_F     |      993|      993|      993|      993|   none  |
        +-------------------------+--------------+---------+---------+---------+---------+---------+

        * Loop: 
        +----------+--------+--------+----------+-----------+-----------+------+----------+
        |          |     Latency     | Iteration|  Initiation Interval  | Trip |          |
        | Loop Name|   min  |   max  |  Latency |  achieved |   target  | Count| Pipelined|
        +----------+--------+--------+----------+-----------+-----------+------+----------+
        |- OUT     |  528360|  528360|      4403|          -|          -|   120|    no    |
        | + IN     |    4400|    4400|        11|          -|          -|   400|    no    |
        |- OUT     |     480|     480|         4|          -|          -|   120|    no    |
        |- OUT     |  111132|  111132|      1323|          -|          -|    84|    no    |
        | + IN     |    1320|    1320|        11|          -|          -|   120|    no    |
        |- OUT     |     336|     336|         4|          -|          -|    84|    no    |
        |- OUT     |    9270|    9270|       927|          -|          -|    10|    no    |
        | + IN     |     924|     924|        11|          -|          -|    84|    no    |
        |- DEN     |     130|     130|        13|          -|          -|    10|    no    |
        |- OUT     |     190|     190|        19|          -|          -|    10|    no    |
        +----------+--------+--------+----------+-----------+-----------+------+----------+



================================================================
== Utilization Estimates
================================================================
* Summary: 
+-----------------+---------+-------+--------+-------+-----+
|       Name      | BRAM_18K| DSP48E|   FF   |  LUT  | URAM|
+-----------------+---------+-------+--------+-------+-----+
|DSP              |        -|      -|       -|      -|    -|
|Expression       |        -|      -|       0|    993|    -|
|FIFO             |        -|      -|       -|      -|    -|
|Instance         |       12|     15|    3869|   7872|    0|
|Memory           |      215|      -|     160|     15|    0|
|Multiplexer      |        -|      -|       -|   1042|    -|
|Register         |        -|      -|     906|      -|    -|
+-----------------+---------+-------+--------+-------+-----+
|Total            |      227|     15|    4935|   9922|    0|
+-----------------+---------+-------+--------+-------+-----+
|Available        |      280|    220|  106400|  53200|    0|
+-----------------+---------+-------+--------+-------+-----+
|Utilization (%)  |       81|      6|       4|     18|    0|
+-----------------+---------+-------+--------+-------+-----+

+ Detail: 
    * Instance: 
    +--------------------------+----------------------+---------+-------+-----+------+-----+
    |         Instance         |        Module        | BRAM_18K| DSP48E|  FF |  LUT | URAM|
    +--------------------------+----------------------+---------+-------+-----+------+-----+
    |grp_conv2d_C1_fu_627      |conv2d_C1             |        3|      5|  845|  1576|    0|
    |grp_conv2d_C2_fu_617      |conv2d_C2             |        9|      5|  902|  1690|    0|
    |grp_flatten_F_fu_663      |flatten_F             |        0|      0|   90|   258|    0|
    |lenet_fadd_32ns_3cud_U32  |lenet_fadd_32ns_3cud  |        0|      2|  205|   390|    0|
    |lenet_fcmp_32ns_3eOg_U35  |lenet_fcmp_32ns_3eOg  |        0|      0|   66|   239|    0|
    |lenet_fdiv_32ns_3g8j_U34  |lenet_fdiv_32ns_3g8j  |        0|      0|  761|   994|    0|
    |lenet_fmul_32ns_3dEe_U33  |lenet_fmul_32ns_3dEe  |        0|      3|  143|   321|    0|
    |grp_maxpool_P1_fu_639     |maxpool_P1            |        0|      0|  233|   706|    0|
    |grp_maxpool_P1_1_fu_645   |maxpool_P1_1          |        0|      0|  233|   690|    0|
    |grp_relu_R1_fu_651        |relu_R1               |        0|      0|  197|   512|    0|
    |grp_relu_R2_fu_657        |relu_R2               |        0|      0|  194|   496|    0|
    +--------------------------+----------------------+---------+-------+-----+------+-----+
    |Total                     |                      |       12|     15| 3869|  7872|    0|
    +--------------------------+----------------------+---------+-------+-----+------+-----+

    * DSP48E: 
    N/A

    * Memory: 
    +---------------+-------------------+---------+----+----+-----+-------+-----+------+-------------+
    |     Memory    |       Module      | BRAM_18K| FF | LUT| URAM| Words | Bits| Banks| W*Bits*Banks|
    +---------------+-------------------+---------+----+----+-----+-------+-----+------+-------------+
    |C1_out_U       |lenet_C1_out       |       16|   0|   0|    0|   4704|   32|     1|       150528|
    |R1_out_U       |lenet_C1_out       |       16|   0|   0|    0|   4704|   32|     1|       150528|
    |C2_out_U       |lenet_C2_out       |        4|   0|   0|    0|   1600|   32|     1|        51200|
    |R2_out_U       |lenet_C2_out       |        4|   0|   0|    0|   1600|   32|     1|        51200|
    |FC1_bias_U     |lenet_FC1_bias     |        1|   0|   0|    0|    120|   32|     1|         3840|
    |FC1_out_U      |lenet_FC1_out      |        1|   0|   0|    0|    120|   32|     1|         3840|
    |R3_out_U       |lenet_FC1_out      |        1|   0|   0|    0|    120|   32|     1|         3840|
    |FC1_weights_U  |lenet_FC1_weights  |      128|   0|   0|    0|  48000|   32|     1|      1536000|
    |FC2_bias_U     |lenet_FC2_bias     |        1|   0|   0|    0|     84|   32|     1|         2688|
    |FC2_out_U      |lenet_FC2_out      |        1|   0|   0|    0|     84|   32|     1|         2688|
    |R4_out_U       |lenet_FC2_out      |        1|   0|   0|    0|     84|   32|     1|         2688|
    |FC2_weights_U  |lenet_FC2_weights  |       32|   0|   0|    0|  10080|   32|     1|       322560|
    |FC3_bias_U     |lenet_FC3_bias     |        0|  32|   5|    0|     10|   32|     1|          320|
    |FC3_weights_U  |lenet_FC3_weights  |        2|   0|   0|    0|    840|   32|     1|        26880|
    |P1_out_U       |lenet_P1_out       |        4|   0|   0|    0|   1176|   32|     1|        37632|
    |P2_out_U       |lenet_P2_out       |        1|   0|   0|    0|    400|   32|     1|        12800|
    |F_out_U        |lenet_P2_out       |        1|   0|   0|    0|    400|   32|     1|        12800|
    |expTable_U     |lenet_expTable     |        1|   0|   0|    0|    400|   32|     1|        12800|
    |idx_U          |lenet_idx          |        0|  64|   5|    0|     10|   32|     1|          320|
    |FC3_out_U      |lenet_idx          |        0|  64|   5|    0|     10|   32|     1|          320|
    +---------------+-------------------+---------+----+----+-----+-------+-----+------+-------------+
    |Total          |                   |      215| 160|  15|    0|  74546|  640|    20|      2385472|
    +---------------+-------------------+---------+----+----+-----+-------+-----+------+-------------+

    * FIFO: 
    N/A

    * Expression: 
    +-----------------------+----------+-------+---+-----+------------+------------+
    |     Variable Name     | Operation| DSP48E| FF| LUT | Bitwidth P0| Bitwidth P1|
    +-----------------------+----------+-------+---+-----+------------+------------+
    |add_ln13_fu_1193_p2    |     +    |      0|  0|   39|           8|          32|
    |add_ln24_fu_714_p2     |     +    |      0|  0|   23|          16|           9|
    |add_ln27_fu_759_p2     |     +    |      0|  0|   23|          16|          16|
    |add_ln339_fu_1088_p2   |     +    |      0|  0|   15|           8|           9|
    |add_ln40_fu_904_p2     |     +    |      0|  0|   21|          15|          15|
    |add_ln50_fu_979_p2     |     +    |      0|  0|   14|          10|           7|
    |add_ln53_fu_1024_p2    |     +    |      0|  0|   14|          10|          10|
    |c_1_fu_920_p2          |     +    |      0|  0|   15|           7|           1|
    |c_fu_776_p2            |     +    |      0|  0|   15|           7|           1|
    |i_1_fu_889_p2          |     +    |      0|  0|   15|           7|           1|
    |i_2_fu_1009_p2         |     +    |      0|  0|   15|           7|           1|
    |i_fu_744_p2            |     +    |      0|  0|   15|           9|           1|
    |o_1_fu_841_p2          |     +    |      0|  0|   15|           7|           1|
    |o_2_fu_991_p2          |     +    |      0|  0|   13|           4|           1|
    |o_fu_726_p2            |     +    |      0|  0|   15|           7|           1|
    |p_1_fu_1211_p2         |     +    |      0|  0|   13|           4|           1|
    |p_fu_1041_p2           |     +    |      0|  0|   13|           4|           1|
    |result_V_1_fu_1181_p2  |     -    |      0|  0|   39|           1|          32|
    |sub_ln1311_fu_1102_p2  |     -    |      0|  0|   15|           7|           8|
    |sub_ln40_fu_877_p2     |     -    |      0|  0|   21|          15|          15|
    |and_ln51_fu_822_p2     |    and   |      0|  0|    2|           1|           1|
    |and_ln63_fu_966_p2     |    and   |      0|  0|    2|           1|           1|
    |icmp_ln12_fu_1035_p2   |   icmp   |      0|  0|    9|           4|           4|
    |icmp_ln17_fu_1205_p2   |   icmp   |      0|  0|    9|           4|           4|
    |icmp_ln24_fu_720_p2    |   icmp   |      0|  0|   11|           7|           5|
    |icmp_ln26_fu_738_p2    |   icmp   |      0|  0|   13|           9|           8|
    |icmp_ln37_fu_835_p2    |   icmp   |      0|  0|   11|           7|           7|
    |icmp_ln39_fu_883_p2    |   icmp   |      0|  0|   11|           7|           5|
    |icmp_ln49_fu_770_p2    |   icmp   |      0|  0|   11|           7|           5|
    |icmp_ln50_fu_985_p2    |   icmp   |      0|  0|    9|           4|           4|
    |icmp_ln51_1_fu_810_p2  |   icmp   |      0|  0|   18|          23|           1|
    |icmp_ln51_fu_804_p2    |   icmp   |      0|  0|   11|           8|           2|
    |icmp_ln52_fu_1003_p2   |   icmp   |      0|  0|   11|           7|           7|
    |icmp_ln61_fu_914_p2    |   icmp   |      0|  0|   11|           7|           7|
    |icmp_ln63_1_fu_954_p2  |   icmp   |      0|  0|   18|          23|           1|
    |icmp_ln63_fu_948_p2    |   icmp   |      0|  0|   11|           8|           2|
    |r_V_fu_1132_p2         |   lshr   |      0|  0|   73|          25|          25|
    |or_ln51_fu_816_p2      |    or    |      0|  0|    2|           1|           1|
    |or_ln63_fu_960_p2      |    or    |      0|  0|    2|           1|           1|
    |data_3_fu_828_p3       |  select  |      0|  0|   32|           1|          32|
    |data_5_fu_972_p3       |  select  |      0|  0|   32|           1|          32|
    |p_Val2_5_fu_1166_p3    |  select  |      0|  0|   32|           1|          32|
    |p_Val2_6_fu_1186_p3    |  select  |      0|  0|   32|           1|          32|
    |ush_fu_1112_p3         |  select  |      0|  0|    9|           1|           9|
    |r_V_1_fu_1138_p2       |    shl   |      0|  0|  243|          79|          79|
    +-----------------------+----------+-------+---+-----+------------+------------+
    |Total                  |          |      0|  0|  993|         407|         470|
    +-----------------------+----------+-------+---+-----+------------+------------+

    * Multiplexer: 
    +---------------------+-----+-----------+-----+-----------+
    |         Name        | LUT | Input Size| Bits| Total Bits|
    +---------------------+-----+-----------+-----+-----------+
    |C1_out_address0      |   15|          3|   13|         39|
    |C1_out_ce0           |   15|          3|    1|          3|
    |C1_out_we0           |    9|          2|    1|          2|
    |C2_out_address0      |   15|          3|   11|         33|
    |C2_out_ce0           |   15|          3|    1|          3|
    |C2_out_we0           |    9|          2|    1|          2|
    |FC1_out_address0     |   15|          3|    7|         21|
    |FC2_out_address0     |   15|          3|    7|         21|
    |FC3_out_address0     |   15|          3|    4|         12|
    |F_out_address0       |   15|          3|    9|         27|
    |F_out_ce0            |   15|          3|    1|          3|
    |F_out_we0            |    9|          2|    1|          2|
    |P1_out_address0      |   15|          3|   11|         33|
    |P1_out_ce0           |   15|          3|    1|          3|
    |P1_out_we0           |    9|          2|    1|          2|
    |P2_out_address0      |   15|          3|    9|         27|
    |P2_out_ce0           |   15|          3|    1|          3|
    |P2_out_we0           |    9|          2|    1|          2|
    |R1_out_address0      |   15|          3|   13|         39|
    |R1_out_ce0           |   15|          3|    1|          3|
    |R1_out_we0           |    9|          2|    1|          2|
    |R2_out_address0      |   15|          3|   11|         33|
    |R2_out_ce0           |   15|          3|    1|          3|
    |R2_out_we0           |    9|          2|    1|          2|
    |R3_out_address0      |   15|          3|    7|         21|
    |R4_out_address0      |   15|          3|    7|         21|
    |ap_NS_fsm            |  409|         94|    1|         94|
    |c_0_i13_reg_527      |    9|          2|    7|         14|
    |c_0_i_reg_482        |    9|          2|    7|         14|
    |denom_0_i_reg_583    |    9|          2|   32|         64|
    |expTable_address0    |   15|          3|    9|         27|
    |grp_fu_669_p0        |   27|          5|   32|        160|
    |grp_fu_669_p1        |   15|          3|   32|         96|
    |grp_fu_677_p0        |   27|          5|   32|        160|
    |grp_fu_677_p1        |   27|          5|   32|        160|
    |grp_fu_689_p0        |   15|          3|   32|         96|
    |i_0_i21_reg_572      |    9|          2|    7|         14|
    |i_0_i7_reg_516       |    9|          2|    7|         14|
    |i_0_i_reg_471        |    9|          2|    9|         18|
    |idx_address0         |   15|          3|    4|         12|
    |o_0_i19_reg_538      |    9|          2|    4|          8|
    |o_0_i5_reg_493       |    9|          2|    7|         14|
    |o_0_i_reg_437        |    9|          2|    7|         14|
    |p1_0_i_reg_606       |    9|          2|    4|          8|
    |p_0_i_reg_595        |    9|          2|    4|          8|
    |phi_mul2_reg_549     |    9|          2|   10|         20|
    |phi_mul_reg_448      |    9|          2|   16|         32|
    |storemerge4_reg_505  |    9|          2|   32|         64|
    |storemerge5_reg_561  |    9|          2|   32|         64|
    |storemerge_reg_460   |    9|          2|   32|         64|
    +---------------------+-----+-----------+-----+-----------+
    |Total                | 1042|        224|  514|       1601|
    +---------------------+-----+-----------+-----+-----------+

    * Register: 
    +--------------------------------------+----+----+-----+-----------+
    |                 Name                 | FF | LUT| Bits| Const Bits|
    +--------------------------------------+----+----+-----+-----------+
    |FC1_out_addr_reg_1245                 |   7|   0|    7|          0|
    |FC1_weights_load_reg_1273             |  32|   0|   32|          0|
    |FC2_out_addr_reg_1326                 |   7|   0|    7|          0|
    |FC2_weights_load_reg_1359             |  32|   0|   32|          0|
    |FC3_out_addr_reg_1417                 |   4|   0|    4|          0|
    |FC3_weights_load_reg_1445             |  32|   0|   32|          0|
    |F_out_load_reg_1278                   |  32|   0|   32|          0|
    |R3_out_load_reg_1364                  |  32|   0|   32|          0|
    |R4_out_load_reg_1450                  |  32|   0|   32|          0|
    |add_ln24_reg_1227                     |  16|   0|   16|          0|
    |add_ln50_reg_1399                     |  10|   0|   10|          0|
    |ap_CS_fsm                             |  93|   0|   93|          0|
    |c_0_i13_reg_527                       |   7|   0|    7|          0|
    |c_0_i_reg_482                         |   7|   0|    7|          0|
    |c_1_reg_1372                          |   7|   0|    7|          0|
    |c_reg_1286                            |   7|   0|    7|          0|
    |data_3_reg_1308                       |  32|   0|   32|          0|
    |data_4_reg_1387                       |  32|   0|   32|          0|
    |data_5_reg_1394                       |  32|   0|   32|          0|
    |data_reg_1301                         |  32|   0|   32|          0|
    |denom_0_i_reg_583                     |  32|   0|   32|          0|
    |grp_conv2d_C1_fu_627_ap_start_reg     |   1|   0|    1|          0|
    |grp_conv2d_C2_fu_617_ap_start_reg     |   1|   0|    1|          0|
    |grp_flatten_F_fu_663_ap_start_reg     |   1|   0|    1|          0|
    |grp_maxpool_P1_1_fu_645_ap_start_reg  |   1|   0|    1|          0|
    |grp_maxpool_P1_fu_639_ap_start_reg    |   1|   0|    1|          0|
    |grp_relu_R1_fu_651_ap_start_reg       |   1|   0|    1|          0|
    |grp_relu_R2_fu_657_ap_start_reg       |   1|   0|    1|          0|
    |i_0_i21_reg_572                       |   7|   0|    7|          0|
    |i_0_i7_reg_516                        |   7|   0|    7|          0|
    |i_0_i_reg_471                         |   9|   0|    9|          0|
    |i_1_reg_1344                          |   7|   0|    7|          0|
    |i_2_reg_1430                          |   7|   0|    7|          0|
    |i_reg_1258                            |   9|   0|    9|          0|
    |o_0_i19_reg_538                       |   4|   0|    4|          0|
    |o_0_i5_reg_493                        |   7|   0|    7|          0|
    |o_0_i_reg_437                         |   7|   0|    7|          0|
    |o_1_reg_1316                          |   7|   0|    7|          0|
    |o_2_reg_1407                          |   4|   0|    4|          0|
    |o_reg_1235                            |   7|   0|    7|          0|
    |p1_0_i_reg_606                        |   4|   0|    4|          0|
    |p_0_i_reg_595                         |   4|   0|    4|          0|
    |p_1_reg_1502                          |   4|   0|    4|          0|
    |p_Val2_5_reg_1483                     |  32|   0|   32|          0|
    |p_Val2_s_reg_1478                     |  32|   0|   32|          0|
    |p_reg_1458                            |   4|   0|    4|          0|
    |phi_mul2_reg_549                      |  10|   0|   10|          0|
    |phi_mul_reg_448                       |  16|   0|   16|          0|
    |reg_696                               |  32|   0|   32|          0|
    |reg_708                               |  32|   0|   32|          0|
    |storemerge4_reg_505                   |  32|   0|   32|          0|
    |storemerge5_reg_561                   |  32|   0|   32|          0|
    |storemerge_reg_460                    |  32|   0|   32|          0|
    |sub_ln40_reg_1331                     |  12|   0|   15|          3|
    |zext_ln13_reg_1463                    |   4|   0|   64|         60|
    |zext_ln18_reg_1507                    |   4|   0|   64|         60|
    |zext_ln50_reg_1291                    |   7|   0|   64|         57|
    |zext_ln62_reg_1377                    |   7|   0|   64|         57|
    +--------------------------------------+----+----+-----+-----------+
    |Total                                 | 906|   0| 1143|        237|
    +--------------------------------------+----+----+-----+-----------+



================================================================
== Interface
================================================================
* Summary: 
+-------------------+-----+-----+------------+--------------+--------------+
|     RTL Ports     | Dir | Bits|  Protocol  | Source Object|    C Type    |
+-------------------+-----+-----+------------+--------------+--------------+
|ap_clk             |  in |    1| ap_ctrl_hs |     lenet    | return value |
|ap_rst             |  in |    1| ap_ctrl_hs |     lenet    | return value |
|ap_start           |  in |    1| ap_ctrl_hs |     lenet    | return value |
|ap_done            | out |    1| ap_ctrl_hs |     lenet    | return value |
|ap_idle            | out |    1| ap_ctrl_hs |     lenet    | return value |
|ap_ready           | out |    1| ap_ctrl_hs |     lenet    | return value |
|image_in_address0  | out |   10|  ap_memory |   image_in   |     array    |
|image_in_ce0       | out |    1|  ap_memory |   image_in   |     array    |
|image_in_q0        |  in |   32|  ap_memory |   image_in   |     array    |
|out_r_address0     | out |    4|  ap_memory |     out_r    |     array    |
|out_r_ce0          | out |    1|  ap_memory |     out_r    |     array    |
|out_r_we0          | out |    1|  ap_memory |     out_r    |     array    |
|out_r_d0           | out |   32|  ap_memory |     out_r    |     array    |
+-------------------+-----+-----+------------+--------------+--------------+

