INFO: [SIM 2] *************** CSIM start ***************
INFO: [SIM 4] CSIM will launch GCC as the compiler.
make: 'csim.exe' is up to date.
OUT: 0.0356519
OUT: 0.0297597
OUT: 0.0798396
OUT: 0.223676
OUT: 0.000317419
OUT: 0
OUT: 0.0356519
OUT: 0.0297597
OUT: 0.0798396
OUT: 0.223676
OUT: 0.000317419
OUT: 0
OUT: 0.0356519
OUT: 0.0297597
OUT: 0.0798396
OUT: 0.223676
OUT: 0.000317419
OUT: 0
OUT: 0.0356519
OUT: 0.0297597
OUT: 0.0798396
OUT: 0.223676
OUT: 0.000317419
OUT: 0
OUT: 0.0356519
OUT: 0.0297597
OUT: 0.0798396
OUT: 0.223676
OUT: 0.000317419
OUT: 0
OUT: 0.0356519
OUT: 0.0297597
OUT: 0.0798396
OUT: 0.223676
OUT: 0.000317419
OUT: 0
OUT: 0.0356519
OUT: 0.0297597
OUT: 0.0798396
OUT: 0.223676
OUT: 0.000317419
OUT: 0
OUT: 0.0356519
OUT: 0.0297597
OUT: 0.0798396
OUT: 0.223676
OUT: 0.000317419
OUT: 0
OUT: 0.0356519
OUT: 0.0297597
OUT: 0.0798396
OUT: 0.223676
OUT: 0.000317419
OUT: 0
OUT: 0.0356519
OUT: 0.0297597
OUT: 0.0798396
OUT: 0.223676
OUT: 0.000317419
OUT: 0
OUT: 0.0356519
OUT: 0.0297597
OUT: 0.0798396
OUT: 0.223676
OUT: 0.000317419
OUT: 0
OUT: 0.0356519
OUT: 0.0297597
OUT: 0.0798396
OUT: 0.223676
OUT: 0.000317419
OUT: 0
OUT: 0.0356519
OUT: 0.0297597
OUT: 0.0798396
OUT: 0.223676
OUT: 0.000317419
OUT: 0
OUT: 0.0356519
OUT: 0.0297597
OUT: 0.0798396
OUT: 0.223676
OUT: 0.000317419
OUT: 0
OUT: 0.0356519
OUT: 0.0297597
OUT: 0.0798396
OUT: 0.223676
OUT: 0.000317419
OUT: 0
OUT: 0.0356519
OUT: 0.0297597
OUT: 0.0798396
OUT: 0.223676
OUT: 0.000317419
OUT: 0
OUT: 0.0356519
OUT: 0.0297597
OUT: 0.0798396
OUT: 0.223676
OUT: 0.000317419
OUT: 0
OUT: 0.0356519
OUT: 0.0297597
OUT: 0.0798396
OUT: 0.223676
OUT: 0.000317419
OUT: 0
OUT: 0.0356519
OUT: 0.0297597
OUT: 0.0798396
OUT: 0.223676
OUT: 0.000317419
OUT: 0
OUT: 0.0356519
OUT: 0.0297597
OUT: 0.0798396
OUT: 0.223676
OUT: 0.000317419
OUT: 0
OUT: 0.0356519
OUT: 0.0297597
OUT: 0.0798396
OUT: 0.223676
OUT: 0.000317419
OUT: 0
OUT: 0.0356519
OUT: 0.0297597
OUT: 0.0798396
OUT: 0.223676
OUT: 0.000317419
OUT: 0
OUT: 0.0356519
OUT: 0.0297597
OUT: 0.0798396
OUT: 0.223676
OUT: 0.000317419
OUT: 0
OUT: 0.0356519
OUT: 0.0297597
OUT: 0.0798396
OUT: 0.223676
OUT: 0.000317419
OUT: 0
OUT: 0.0356519
OUT: 0.0297597
OUT: 0.0798396
OUT: 0.223676
OUT: 0.000317419
OUT: 0
OUT: 0.0356519
OUT: 0.0297597
OUT: 0.0798396
OUT: 0.223676
OUT: 0.000317419
OUT: 0
OUT: 0.0356519
OUT: 0.0297597
OUT: 0.0798396
OUT: 0.223676
OUT: 0.000317419
OUT: 0
OUT: 0.0356519
OUT: 0.0297597
OUT: 0.0798396
OUT: 0.223676
OUT: 0.000317419
OUT: 0
OUT: 0.0356519
OUT: 0.0297597
OUT: 0.0798396
OUT: 0.223676
OUT: 0.000317419
OUT: 0
OUT: 0.0356519
OUT: 0.0297597
OUT: 0.0798396
OUT: 0.223676
OUT: 0.000317419
OUT: 0
OUT: 0.0356519
OUT: 0.0297597
OUT: 0.0798396
OUT: 0.223676
OUT: 0.000317419
OUT: 0
OUT: 0.0356519
OUT: 0.0297597
OUT: 0.0798396
OUT: 0.223676
OUT: 0.000317419
OUT: 0
OUT: 0.0356519
OUT: 0.0297597
OUT: 0.0798396
OUT: 0.223676
OUT: 0.000317419
OUT: 0
OUT: 0.0356519
OUT: 0.0297597
OUT: 0.0798396
OUT: 0.223676
OUT: 0.000317419
OUT: 0
OUT: 0.0356519
OUT: 0.0297597
OUT: 0.0798396
OUT: 0.223676
OUT: 0.000317419
OUT: 0
OUT: 0.0356519
OUT: 0.0297597
OUT: 0.0798396
OUT: 0.223676
OUT: 0.000317419
OUT: 0
OUT: 0.0356519
OUT: 0.0297597
OUT: 0.0798396
OUT: 0.223676
OUT: 0.000317419
OUT: 0
OUT: 0.0356519
OUT: 0.0297597
OUT: 0.0798396
OUT: 0.223676
OUT: 0.000317419
OUT: 0
OUT: 0.0356519
OUT: 0.0297597
OUT: 0.0798396
OUT: 0.223676
OUT: 0.000317419
OUT: 0
OUT: 0.0356519
OUT: 0.0297597
OUT: 0.0798396
OUT: 0.223676
OUT: 0.000317419
OUT: 0
OUT: 0.0356519
OUT: 0.0297597
OUT: 0.0798396
OUT: 0.223676
OUT: 0.000317419
OUT: 0
OUT: 0.0356519
OUT: 0.0297597
OUT: 0.0798396
OUT: 0.223676
OUT: 0.000317419
OUT: 0
OUT: 0.0356519
OUT: 0.0297597
OUT: 0.0798396
OUT: 0.223676
OUT: 0.000317419
OUT: 0
OUT: 0.0356519
OUT: 0.0297597
OUT: 0.0798396
OUT: 0.223676
OUT: 0.000317419
OUT: 0
OUT: 0.0356519
OUT: 0.0297597
OUT: 0.0798396
OUT: 0.223676
OUT: 0.000317419
OUT: 0
OUT: 0.0356519
OUT: 0.0297597
OUT: 0.0798396
OUT: 0.223676
OUT: 0.000317419
OUT: 0
OUT: 0.0356519
OUT: 0.0297597
OUT: 0.0798396
OUT: 0.223676
OUT: 0.000317419
OUT: 0
OUT: 0.0356519
OUT: 0.0297597
OUT: 0.0798396
OUT: 0.223676
OUT: 0.000317419
OUT: 0
OUT: 0.0356519
OUT: 0.0297597
OUT: 0.0798396
OUT: 0.223676
OUT: 0.000317419
OUT: 0
OUT: 0.0356519
OUT: 0.0297597
OUT: 0.0798396
OUT: 0.223676
OUT: 0.000317419
OUT: 0
OUT: 0.0356519
OUT: 0.0297597
OUT: 0.0798396
OUT: 0.223676
OUT: 0.000317419
OUT: 0
OUT: 0.0356519
OUT: 0.0297597
OUT: 0.0798396
OUT: 0.223676
OUT: 0.000317419
OUT: 0
OUT: 0.0356519
OUT: 0.0297597
OUT: 0.0798396
OUT: 0.223676
OUT: 0.000317419
OUT: 0
OUT: 0.0356519
OUT: 0.0297597
OUT: 0.0798396
OUT: 0.223676
OUT: 0.000317419
OUT: 0
OUT: 0.0356519
OUT: 0.0297597
OUT: 0.0798396
OUT: 0.223676
OUT: 0.000317419
OUT: 0
OUT: 0.0356519
OUT: 0.0297597
OUT: 0.0798396
OUT: 0.223676
OUT: 0.000317419
OUT: 0
OUT: 0.0356519
OUT: 0.0297597
OUT: 0.0798396
OUT: 0.223676
OUT: 0.000317419
OUT: 0
OUT: 0.0356519
OUT: 0.0297597
OUT: 0.0798396
OUT: 0.223676
OUT: 0.000317419
OUT: 0
OUT: 0.0356519
OUT: 0.0297597
OUT: 0.0798396
OUT: 0.223676
OUT: 0.000317419
OUT: 0
OUT: 0.0356519
OUT: 0.0297597
OUT: 0.0798396
OUT: 0.223676
OUT: 0.000317419
OUT: 0
OUT: 0.0356519
OUT: 0.0297597
OUT: 0.0798396
OUT: 0.223676
OUT: 0.000317419
OUT: 0
OUT: 0.0356519
OUT: 0.0297597
OUT: 0.0798396
OUT: 0.223676
OUT: 0.000317419
OUT: 0
OUT: 0.0356519
OUT: 0.0297597
OUT: 0.0798396
OUT: 0.223676
OUT: 0.000317419
OUT: 0
OUT: 0.0356519
OUT: 0.0297597
OUT: 0.0798396
OUT: 0.223676
OUT: 0.000317419
OUT: 0
OUT: 0.0356519
OUT: 0.0297597
OUT: 0.0798396
OUT: 0.223676
OUT: 0.000317419
OUT: 0
OUT: 0.0356519
OUT: 0.0297597
OUT: 0.0798396
OUT: 0.223676
OUT: 0.000317419
OUT: 0
OUT: 0.0356519
OUT: 0.0297597
OUT: 0.0798396
OUT: 0.223676
OUT: 0.000317419
OUT: 0
OUT: 0.0356519
OUT: 0.0297597
OUT: 0.0798396
OUT: 0.223676
OUT: 0.000317419
OUT: 0
OUT: 0.0356519
OUT: 0.0297597
OUT: 0.0798396
OUT: 0.223676
OUT: 0.000317419
OUT: 0
OUT: 0.0356519
OUT: 0.0297597
OUT: 0.0798396
OUT: 0.223676
OUT: 0.000317419
OUT: 0
OUT: 0.0356519
OUT: 0.0297597
OUT: 0.0798396
OUT: 0.223676
OUT: 0.000317419
OUT: 0
OUT: 0.0356519
OUT: 0.0297597
OUT: 0.0798396
OUT: 0.223676
OUT: 0.000317419
OUT: 0
OUT: 0.0356519
OUT: 0.0297597
OUT: 0.0798396
OUT: 0.223676
OUT: 0.000317419
OUT: 0
OUT: 0.0356519
OUT: 0.0297597
OUT: 0.0798396
OUT: 0.223676
OUT: 0.000317419
OUT: 0
OUT: 0.0356519
OUT: 0.0297597
OUT: 0.0798396
OUT: 0.223676
OUT: 0.000317419
OUT: 0
OUT: 0.0356519
OUT: 0.0297597
OUT: 0.0798396
OUT: 0.223676
OUT: 0.000317419
OUT: 0
OUT: 0.0356519
OUT: 0.0297597
OUT: 0.0798396
OUT: 0.223676
OUT: 0.000317419
OUT: 0
OUT: 0.0356519
OUT: 0.0297597
OUT: 0.0798396
OUT: 0.223676
OUT: 0.000317419
OUT: 0
OUT: 0.0356519
OUT: 0.0297597
OUT: 0.0798396
OUT: 0.223676
OUT: 0.000317419
OUT: 0
OUT: 0.0356519
OUT: 0.0297597
OUT: 0.0798396
OUT: 0.223676
OUT: 0.000317419
OUT: 0
OUT: 0.0356519
OUT: 0.0297597
OUT: 0.0798396
OUT: 0.223676
OUT: 0.000317419
OUT: 0
OUT: 0.0356519
OUT: 0.0297597
OUT: 0.0798396
OUT: 0.223676
OUT: 0.000317419
OUT: 0
OUT: 0.0356519
OUT: 0.0297597
OUT: 0.0798396
OUT: 0.223676
OUT: 0.000317419
OUT: 0
OUT: 0.0356519
OUT: 0.0297597
OUT: 0.0798396
OUT: 0.223676
OUT: 0.000317419
OUT: 0
OUT: 0.0356519
OUT: 0.0297597
OUT: 0.0798396
OUT: 0.223676
OUT: 0.000317419
OUT: 0
OUT: 0.0356519
OUT: 0.0297597
OUT: 0.0798396
OUT: 0.223676
OUT: 0.000317419
OUT: 0
OUT: 0.0356519
OUT: 0.0297597
OUT: 0.0798396
OUT: 0.223676
OUT: 0.000317419
OUT: 0
OUT: 0.0356519
OUT: 0.0297597
OUT: 0.0798396
OUT: 0.223676
OUT: 0.000317419
OUT: 0
OUT: 0.0356519
OUT: 0.0297597
OUT: 0.0798396
OUT: 0.223676
OUT: 0.000317419
OUT: 0
OUT: 0.0356519
OUT: 0.0297597
OUT: 0.0798396
OUT: 0.223676
OUT: 0.000317419
OUT: 0
OUT: 0.0356519
OUT: 0.0297597
OUT: 0.0798396
OUT: 0.223676
OUT: 0.000317419
OUT: 0
OUT: 0.0356519
OUT: 0.0297597
OUT: 0.0798396
OUT: 0.223676
OUT: 0.000317419
OUT: 0
OUT: 0.0356519
OUT: 0.0297597
OUT: 0.0798396
OUT: 0.223676
OUT: 0.000317419
OUT: 0
OUT: 0.0356519
OUT: 0.0297597
OUT: 0.0798396
OUT: 0.223676
OUT: 0.000317419
OUT: 0
OUT: 0.0356519
OUT: 0.0297597
OUT: 0.0798396
OUT: 0.223676
OUT: 0.000317419
OUT: 0
OUT: 0.0356519
OUT: 0.0297597
OUT: 0.0798396
OUT: 0.223676
OUT: 0.000317419
OUT: 0
OUT: 0.0356519
OUT: 0.0297597
OUT: 0.0798396
OUT: 0.223676
OUT: 0.000317419
OUT: 0
OUT: 0.0356519
OUT: 0.0297597
OUT: 0.0798396
OUT: 0.223676
OUT: 0.000317419
OUT: 0
OUT: 0.0356519
OUT: 0.0297597
OUT: 0.0798396
OUT: 0.223676
OUT: 0.000317419
OUT: 0
OUT: 0.0356519
OUT: 0.0297597
OUT: 0.0798396
OUT: 0.223676
OUT: 0.000317419
OUT: 0
OUT: 0.0356519
OUT: 0.0297597
OUT: 0.0798396
OUT: 0.223676
OUT: 0.000317419
OUT: 0
OUT: 0.0356519
OUT: 0.0297597
OUT: 0.0798396
OUT: 0.223676
OUT: 0.000317419
OUT: 0
OUT: 0.0356519
OUT: 0.0297597
OUT: 0.0798396
OUT: 0.223676
OUT: 0.000317419
OUT: 0
OUT: 0.0356519
OUT: 0.0297597
OUT: 0.0798396
OUT: 0.223676
OUT: 0.000317419
OUT: 0
OUT: 0.0356519
OUT: 0.0297597
OUT: 0.0798396
OUT: 0.223676
OUT: 0.000317419
OUT: 0
OUT: 0.0356519
OUT: 0.0297597
OUT: 0.0798396
OUT: 0.223676
OUT: 0.000317419
OUT: 0
OUT: 0.0356519
OUT: 0.0297597
OUT: 0.0798396
OUT: 0.223676
OUT: 0.000317419
OUT: 0
OUT: 0.0356519
OUT: 0.0297597
OUT: 0.0798396
OUT: 0.223676
OUT: 0.000317419
OUT: 0
OUT: 0.0356519
OUT: 0.0297597
OUT: 0.0798396
OUT: 0.223676
OUT: 0.000317419
OUT: 0
OUT: 0.0356519
OUT: 0.0297597
OUT: 0.0798396
OUT: 0.223676
OUT: 0.000317419
OUT: 0
OUT: 0.0356519
OUT: 0.0297597
OUT: 0.0798396
OUT: 0.223676
OUT: 0.000317419
OUT: 0
OUT: 0.0356519
OUT: 0.0297597
OUT: 0.0798396
OUT: 0.223676
OUT: 0.000317419
OUT: 0
OUT: 0.0356519
OUT: 0.0297597
OUT: 0.0798396
OUT: 0.223676
OUT: 0.000317419
OUT: 0
OUT: 0.0356519
OUT: 0.0297597
OUT: 0.0798396
OUT: 0.223676
OUT: 0.000317419
OUT: 0
OUT: 0.0356519
OUT: 0.0297597
OUT: 0.0798396
OUT: 0.223676
OUT: 0.000317419
OUT: 0
OUT: 0.0356519
OUT: 0.0297597
OUT: 0.0798396
OUT: 0.223676
OUT: 0.000317419
OUT: 0
OUT: 0.0356519
OUT: 0.0297597
OUT: 0.0798396
OUT: 0.223676
OUT: 0.000317419
OUT: 0
OUT: 0.0356519
OUT: 0.0297597
OUT: 0.0798396
OUT: 0.223676
OUT: 0.000317419
OUT: 0
OUT: 0.0356519
OUT: 0.0297597
OUT: 0.0798396
OUT: 0.223676
OUT: 0.000317419
OUT: 0
OUT: 0.0356519
OUT: 0.0297597
OUT: 0.0798396
OUT: 0.223676
OUT: 0.000317419
OUT: 0
OUT: 0.0356519
OUT: 0.0297597
OUT: 0.0798396
OUT: 0.223676
OUT: 0.000317419
OUT: 0
OUT: 0.0356519
OUT: 0.0297597
OUT: 0.0798396
OUT: 0.223676
OUT: 0.000317419
OUT: 0
OUT: 0.0356519
OUT: 0.0297597
OUT: 0.0798396
OUT: 0.223676
OUT: 0.000317419
OUT: 0
OUT: 0.0356519
OUT: 0.0297597
OUT: 0.0798396
OUT: 0.223676
OUT: 0.000317419
OUT: 0
OUT: 0.0356519
OUT: 0.0297597
OUT: 0.0798396
OUT: 0.223676
OUT: 0.000317419
OUT: 0
OUT: 0.0356519
OUT: 0.0297597
OUT: 0.0798396
OUT: 0.223676
OUT: 0.000317419
OUT: 0
OUT: 0.0356519
OUT: 0.0297597
OUT: 0.0798396
OUT: 0.223676
OUT: 0.000317419
OUT: 0
OUT: 0.0356519
OUT: 0.0297597
OUT: 0.0798396
OUT: 0.223676
OUT: 0.000317419
OUT: 0
OUT: 0.0356519
OUT: 0.0297597
OUT: 0.0798396
OUT: 0.223676
OUT: 0.000317419
OUT: 0
OUT: 0.0356519
OUT: 0.0297597
OUT: 0.0798396
OUT: 0.223676
OUT: 0.000317419
OUT: 0
OUT: 0.0356519
OUT: 0.0297597
OUT: 0.0798396
OUT: 0.223676
OUT: 0.000317419
OUT: 0
OUT: 0.0356519
OUT: 0.0297597
OUT: 0.0798396
OUT: 0.223676
OUT: 0.000317419
OUT: 0
OUT: 0.0356519
OUT: 0.0297597
OUT: 0.0798396
OUT: 0.223676
OUT: 0.000317419
OUT: 0
OUT: 0.0356519
OUT: 0.0297597
OUT: 0.0798396
OUT: 0.223676
OUT: 0.000317419
OUT: 0
OUT: 0.0356519
OUT: 0.0297597
OUT: 0.0798396
OUT: 0.223676
OUT: 0.000317419
OUT: 0
OUT: 0.0356519
OUT: 0.0297597
OUT: 0.0798396
OUT: 0.223676
OUT: 0.000317419
OUT: 0
OUT: 0.0356519
OUT: 0.0297597
OUT: 0.0798396
OUT: 0.223676
OUT: 0.000317419
OUT: 0
OUT: 0.0356519
OUT: 0.0297597
OUT: 0.0798396
OUT: 0.223676
OUT: 0.000317419
OUT: 0
OUT: 0.0356519
OUT: 0.0297597
OUT: 0.0798396
OUT: 0.223676
OUT: 0.000317419
OUT: 0
OUT: 0.0356519
OUT: 0.0297597
OUT: 0.0798396
OUT: 0.223676
OUT: 0.000317419
OUT: 0
OUT: 0.0356519
OUT: 0.0297597
OUT: 0.0798396
OUT: 0.223676
OUT: 0.000317419
OUT: 0
OUT: 0.0356519
OUT: 0.0297597
OUT: 0.0798396
OUT: 0.223676
OUT: 0.000317419
OUT: 0
OUT: 0.0356519
OUT: 0.0297597
OUT: 0.0798396
OUT: 0.223676
OUT: 0.000317419
OUT: 0
OUT: 0.0356519
OUT: 0.0297597
OUT: 0.0798396
OUT: 0.223676
OUT: 0.000317419
OUT: 0
OUT: 0.0356519
OUT: 0.0297597
OUT: 0.0798396
OUT: 0.223676
OUT: 0.000317419
OUT: 0
OUT: 0.0356519
OUT: 0.0297597
OUT: 0.0798396
OUT: 0.223676
OUT: 0.000317419
OUT: 0
OUT: 0.0356519
OUT: 0.0297597
OUT: 0.0798396
OUT: 0.223676
OUT: 0.000317419
OUT: 0
OUT: 0.0356519
OUT: 0.0297597
OUT: 0.0798396
OUT: 0.223676
OUT: 0.000317419
OUT: 0
OUT: 0.0356519
OUT: 0.0297597
OUT: 0.0798396
OUT: 0.223676
OUT: 0.000317419
OUT: 0
OUT: 0.0356519
OUT: 0.0297597
OUT: 0.0798396
OUT: 0.223676
OUT: 0.000317419
OUT: 0
OUT: 0.0356519
OUT: 0.0297597
OUT: 0.0798396
OUT: 0.223676
OUT: 0.000317419
OUT: 0
OUT: 0.0356519
OUT: 0.0297597
OUT: 0.0798396
OUT: 0.223676
OUT: 0.000317419
OUT: 0
OUT: 0.0356519
OUT: 0.0297597
OUT: 0.0798396
OUT: 0.223676
OUT: 0.000317419
OUT: 0
OUT: 0.0356519
OUT: 0.0297597
OUT: 0.0798396
OUT: 0.223676
OUT: 0.000317419
OUT: 0
OUT: 0.0356519
OUT: 0.0297597
OUT: 0.0798396
OUT: 0.223676
OUT: 0.000317419
OUT: 0
OUT: 0.0356519
OUT: 0.0297597
OUT: 0.0798396
OUT: 0.223676
OUT: 0.000317419
OUT: 0
OUT: 0.0356519
OUT: 0.0297597
OUT: 0.0798396
OUT: 0.223676
OUT: 0.000317419
OUT: 0
OUT: 0.0356519
OUT: 0.0297597
OUT: 0.0798396
OUT: 0.223676
OUT: 0.000317419
OUT: 0
OUT: 0.0356519
OUT: 0.0297597
OUT: 0.0798396
OUT: 0.223676
OUT: 0.000317419
OUT: 0
OUT: 0.0356519
OUT: 0.0297597
OUT: 0.0798396
OUT: 0.223676
OUT: 0.000317419
OUT: 0
OUT: 0.0356519
OUT: 0.0297597
OUT: 0.0798396
OUT: 0.223676
OUT: 0.000317419
OUT: 0
OUT: 0.0356519
OUT: 0.0297597
OUT: 0.0798396
OUT: 0.223676
OUT: 0.000317419
OUT: 0
OUT: 0.0356519
OUT: 0.0297597
OUT: 0.0798396
OUT: 0.223676
OUT: 0.000317419
OUT: 0
OUT: 0.0356519
OUT: 0.0297597
OUT: 0.0798396
OUT: 0.223676
OUT: 0.000317419
OUT: 0
OUT: 0.0356519
OUT: 0.0297597
OUT: 0.0798396
OUT: 0.223676
OUT: 0.000317419
OUT: 0
OUT: 0.0356519
OUT: 0.0297597
OUT: 0.0798396
OUT: 0.223676
OUT: 0.000317419
OUT: 0
OUT: 0.0356519
OUT: 0.0297597
OUT: 0.0798396
OUT: 0.223676
OUT: 0.000317419
OUT: 0
OUT: 0.0356519
OUT: 0.0297597
OUT: 0.0798396
OUT: 0.223676
OUT: 0.000317419
OUT: 0
OUT: 0.0356519
OUT: 0.0297597
OUT: 0.0798396
OUT: 0.223676
OUT: 0.000317419
OUT: 0
OUT: 0.0356519
OUT: 0.0297597
OUT: 0.0798396
OUT: 0.223676
OUT: 0.000317419
OUT: 0
OUT: 0.0356519
OUT: 0.0297597
OUT: 0.0798396
OUT: 0.223676
OUT: 0.000317419
OUT: 0
OUT: 0.0356519
OUT: 0.0297597
OUT: 0.0798396
OUT: 0.223676
OUT: 0.000317419
OUT: 0
OUT: 0.0356519
OUT: 0.0297597
OUT: 0.0798396
OUT: 0.223676
OUT: 0.000317419
OUT: 0
OUT: 0
OUT: 0
OUT: 0
OUT: 0.27506
OUT: 0.119635
OUT: 0.103495
OUT: 0
OUT: 0
OUT: 0
OUT: 0.24099
OUT: 0.399419
OUT: 0.551951
OUT: 0
OUT: 0
OUT: 0
OUT: 0.0283472
OUT: 0.839085
OUT: 1.059
OUT: 0
OUT: 0
OUT: 0
OUT: 0
OUT: 1.1615
OUT: 1.12902
OUT: 0
OUT: 0
OUT: 0
OUT: 0
OUT: 0.922473
OUT: 0.939508
OUT: 0
OUT: 0
OUT: 0
OUT: 0.03075
OUT: 0.710924
OUT: 0.544828
OUT: 0.0124855
OUT: 0
OUT: 0
OUT: 0.124392
OUT: 0.282091
OUT: 0.245603
OUT: 0.0234176
OUT: 0
OUT: 0.0387784
OUT: 0.188753
OUT: 0.134328
OUT: 0.0640278
OUT: 0.0356519
OUT: 0.0297597
OUT: 0.0798396
OUT: 0.223676
OUT: 0.000317419
OUT: 0
OUT: 0.0356519
OUT: 0.0297597
OUT: 0.0798396
OUT: 0.223676
OUT: 0.000317419
OUT: 0
OUT: 0.0356519
OUT: 0.0297597
OUT: 0.0798396
OUT: 0.223676
OUT: 0.000317419
OUT: 0
OUT: 0.0356519
OUT: 0.0297597
OUT: 0.0798396
OUT: 0.223676
OUT: 0.000317419
OUT: 0
OUT: 0.0356519
OUT: 0.0297597
OUT: 0.0798396
OUT: 0.223676
OUT: 0.000317419
OUT: 0
OUT: 0.0356519
OUT: 0.0297597
OUT: 0.0798396
OUT: 0.223676
OUT: 0.000317419
OUT: 0
OUT: 0.0356519
OUT: 0.0297597
OUT: 0.0798396
OUT: 0.223676
OUT: 0.000317419
OUT: 0
OUT: 0.0356519
OUT: 0.0297597
OUT: 0.0798396
OUT: 0.223676
OUT: 0.000317419
OUT: 0
OUT: 0.0356519
OUT: 0.0297597
OUT: 0.0798396
OUT: 0.223676
OUT: 0.000317419
OUT: 0
OUT: 0.0356519
OUT: 0.0297597
OUT: 0.0798396
OUT: 0.223676
OUT: 0.000317419
OUT: 0
OUT: 0.0356519
OUT: 0.0297597
OUT: 0.0798396
OUT: 0.223676
OUT: 0.000317419
OUT: 0
OUT: 0.0356519
OUT: 0.0297597
OUT: 0.0798396
OUT: 0.223676
OUT: 0.000317419
OUT: 0
OUT: 0.0356519
OUT: 0.0297597
OUT: 0.0798396
OUT: 0.223676
OUT: 0.000317419
OUT: 0
OUT: 0.0356519
OUT: 0.0297597
OUT: 0.0798396
OUT: 0.223676
OUT: 0.000317419
OUT: 0
OUT: 0.0356519
OUT: 0.0297597
OUT: 0.0798396
OUT: 0.223676
OUT: 0.000317419
OUT: 0
OUT: 0.0356519
OUT: 0.0297597
OUT: 0.0798396
OUT: 0.223676
OUT: 0.000317419
OUT: 0
OUT: 0.0356519
OUT: 0.0297597
OUT: 0.0798396
OUT: 0.223676
OUT: 0.000317419
OUT: 0
OUT: 0.0356519
OUT: 0.0297597
OUT: 0.0798396
OUT: 0.223676
OUT: 0.000317419
OUT: 0
OUT: 0.0356519
OUT: 0.0297597
OUT: 0.0798396
OUT: 0.223676
OUT: 0.000317419
OUT: 0
OUT: 0.0356519
OUT: 0.0297597
OUT: 0.0798396
OUT: 0.223676
OUT: 0.000317419
OUT: 0
OUT: 0
OUT: 0
OUT: 0
OUT: 0.388689
OUT: 0.581603
OUT: 0.524624
OUT: 0
OUT: 0
OUT: 0
OUT: 0.070233
OUT: 1.71321
OUT: 1.96856
OUT: 0
OUT: 0
OUT: 0
OUT: 0
OUT: 3.42108
OUT: 2.86201
OUT: 0
OUT: 0
OUT: 0
OUT: 0
OUT: 3.89843
OUT: 3.0048
OUT: 0
OUT: 0
OUT: 0
OUT: 0
OUT: 3.44055
OUT: 2.66164
OUT: 0
OUT: 0
OUT: 0
OUT: 0
OUT: 2.8658
OUT: 2.29153
OUT: 0
OUT: 0
OUT: 0
OUT: 0
OUT: 2.09477
OUT: 1.8426
OUT: 0
OUT: 0
OUT: 0
OUT: 0
OUT: 1.68154
OUT: 1.50355
OUT: 0
OUT: 0
OUT: 0
OUT: 0
OUT: 1.33995
OUT: 1.36054
OUT: 0
OUT: 0
OUT: 0
OUT: 0
OUT: 1.33995
OUT: 1.36054
OUT: 0
OUT: 0
OUT: 0
OUT: 0
OUT: 1.33995
OUT: 1.36054
OUT: 0
OUT: 0
OUT: 0
OUT: 0
OUT: 1.33995
OUT: 1.36054
OUT: 0
OUT: 0
OUT: 0
OUT: 0
OUT: 1.33995
OUT: 1.36054
OUT: 0
OUT: 0
OUT: 0
OUT: 0
OUT: 1.33995
OUT: 1.36054
OUT: 0
OUT: 0
OUT: 0
OUT: 0
OUT: 1.30017
OUT: 1.32599
OUT: 0
OUT: 0
OUT: 0
OUT: 0
OUT: 1.08712
OUT: 1.07243
OUT: 0
OUT: 0
OUT: 0
OUT: 0
OUT: 0.717533
OUT: 0.503443
OUT: 0.0179802
OUT: 0
OUT: 0.020529
OUT: 0.173232
OUT: 0.193888
OUT: 0.0925605
OUT: 0.0356519
OUT: 0.0297597
OUT: 0.0798396
OUT: 0.223676
OUT: 0.000317419
OUT: 0
OUT: 0.0356519
OUT: 0.0297597
OUT: 0.0798396
OUT: 0.223676
OUT: 0.000317419
OUT: 0
OUT: 0.0356519
OUT: 0.0297597
OUT: 0.0798396
OUT: 0.223676
OUT: 0.000317419
OUT: 0
OUT: 0.0356519
OUT: 0.0297597
OUT: 0.0798396
OUT: 0.223676
OUT: 0.000317419
OUT: 0
OUT: 0.0356519
OUT: 0.0297597
OUT: 0.0798396
OUT: 0.223676
OUT: 0.000317419
OUT: 0
OUT: 0.0356519
OUT: 0.0297597
OUT: 0.0798396
OUT: 0.223676
OUT: 0.000317419
OUT: 0
OUT: 0.0356519
OUT: 0.0297597
OUT: 0.0798396
OUT: 0.223676
OUT: 0.000317419
OUT: 0
OUT: 0.0356519
OUT: 0.0297597
OUT: 0.0798396
OUT: 0.223676
OUT: 0.000317419
OUT: 0
OUT: 0.0356519
OUT: 0.0297597
OUT: 0.0798396
OUT: 0.223676
OUT: 0.000317419
OUT: 0
OUT: 0.0356519
OUT: 0.0297597
OUT: 0.0798396
OUT: 0.223676
OUT: 0.000317419
OUT: 0
OUT: 0.0351846
OUT: 0.164624
OUT: 0.216029
OUT: 0.285879
OUT: 1.09472
OUT: 0.773497
OUT: 0
OUT: 0.344458
OUT: 0.148241
OUT: 0
OUT: 3.11552
OUT: 1.92277
OUT: 0
OUT: 0.666626
OUT: 0.290055
OUT: 0
OUT: 5.25882
OUT: 2.84357
OUT: 0
OUT: 0.659795
OUT: 0.241187
OUT: 0
OUT: 5.8422
OUT: 2.99811
OUT: 0
OUT: 0.455249
OUT: 0.295386
OUT: 0
OUT: 5.3745
OUT: 3.07423
OUT: 0
OUT: 0
OUT: 0.205005
OUT: 0
OUT: 5.20471
OUT: 3.30416
OUT: 0
OUT: 0
OUT: 0.0931921
OUT: 0
OUT: 4.77014
OUT: 3.3521
OUT: 0
OUT: 0
OUT: 0.0264822
OUT: 0
OUT: 4.51229
OUT: 3.32906
OUT: 0
OUT: 0
OUT: 0
OUT: 0
OUT: 4.25428
OUT: 3.17201
OUT: 0
OUT: 0
OUT: 0
OUT: 0
OUT: 4.19339
OUT: 3.23209
OUT: 0
OUT: 0
OUT: 0
OUT: 0
OUT: 4.30134
OUT: 3.2838
OUT: 0
OUT: 0
OUT: 0
OUT: 0
OUT: 4.29566
OUT: 3.27887
OUT: 0
OUT: 0
OUT: 0
OUT: 0
OUT: 4.25934
OUT: 3.23753
OUT: 0
OUT: 0
OUT: 0
OUT: 0
OUT: 4.24588
OUT: 3.1803
OUT: 0
OUT: 0
OUT: 0
OUT: 0
OUT: 4.11963
OUT: 3.15561
OUT: 0
OUT: 0
OUT: 0
OUT: 0
OUT: 3.5418
OUT: 2.6248
OUT: 0
OUT: 0
OUT: 0
OUT: 0
OUT: 2.28162
OUT: 1.45863
OUT: 0
OUT: 0
OUT: 0
OUT: 0.0914485
OUT: 0.783666
OUT: 0.345297
OUT: 0.0356519
OUT: 0.0297597
OUT: 0.0798396
OUT: 0.223676
OUT: 0.000317419
OUT: 0
OUT: 0.0356519
OUT: 0.0297597
OUT: 0.0798396
OUT: 0.223676
OUT: 0.000317419
OUT: 0
OUT: 0.0356519
OUT: 0.0297597
OUT: 0.0798396
OUT: 0.223676
OUT: 0.000317419
OUT: 0
OUT: 0.0356519
OUT: 0.0297597
OUT: 0.0798396
OUT: 0.223676
OUT: 0.000317419
OUT: 0
OUT: 0.0356519
OUT: 0.0297597
OUT: 0.0798396
OUT: 0.223676
OUT: 0.000317419
OUT: 0
OUT: 0.0356519
OUT: 0.0297597
OUT: 0.0798396
OUT: 0.223676
OUT: 0.000317419
OUT: 0
OUT: 0.0356519
OUT: 0.0297597
OUT: 0.0798396
OUT: 0.223676
OUT: 0.000317419
OUT: 0
OUT: 0.0356519
OUT: 0.0297597
OUT: 0.0798396
OUT: 0.223676
OUT: 0.000317419
OUT: 0
OUT: 0.0356519
OUT: 0.0297597
OUT: 0.0798396
OUT: 0.223676
OUT: 0.000317419
OUT: 0
OUT: 0.0356519
OUT: 0.0297597
OUT: 0.0798396
OUT: 0.223676
OUT: 0.000317419
OUT: 0
OUT: 0.181237
OUT: 0.289871
OUT: 0
OUT: 0.0990118
OUT: 0.995706
OUT: 0.274151
OUT: 0
OUT: 0.854815
OUT: 0
OUT: 0
OUT: 2.41212
OUT: 0.756181
OUT: 0
OUT: 1.1823
OUT: 0
OUT: 0
OUT: 3.80161
OUT: 1.21992
OUT: 0
OUT: 1.26949
OUT: 0
OUT: 0.116326
OUT: 4.08925
OUT: 1.35281
OUT: 0
OUT: 1.27756
OUT: 0
OUT: 0.0705579
OUT: 4.23567
OUT: 1.54528
OUT: 0
OUT: 1.35411
OUT: 0.140028
OUT: 0.0448722
OUT: 4.86525
OUT: 1.97452
OUT: 0
OUT: 1.2773
OUT: 0.237213
OUT: 0.0191813
OUT: 5.40405
OUT: 2.43744
OUT: 0
OUT: 1.16173
OUT: 0.319668
OUT: 0
OUT: 5.62445
OUT: 2.65923
OUT: 0
OUT: 1.09616
OUT: 0.304725
OUT: 0
OUT: 5.72325
OUT: 2.60292
OUT: 0
OUT: 1.06911
OUT: 0.313635
OUT: 0
OUT: 5.60967
OUT: 2.74636
OUT: 0
OUT: 0.983394
OUT: 0.285616
OUT: 0
OUT: 5.95319
OUT: 2.89431
OUT: 0
OUT: 0.992339
OUT: 0.289155
OUT: 0
OUT: 5.92916
OUT: 2.87249
OUT: 0
OUT: 1.05033
OUT: 0.306408
OUT: 0
OUT: 5.77638
OUT: 2.72028
OUT: 0
OUT: 0.846143
OUT: 0.127614
OUT: 0.0250791
OUT: 5.94778
OUT: 2.83038
OUT: 0
OUT: 0.359972
OUT: 0.0327189
OUT: 0
OUT: 6.09699
OUT: 3.6391
OUT: 0
OUT: 0
OUT: 0
OUT: 0
OUT: 5.96033
OUT: 3.55855
OUT: 0
OUT: 0
OUT: 0
OUT: 0
OUT: 3.91148
OUT: 2.00852
OUT: 0
OUT: 0
OUT: 0.0988578
OUT: 0.208906
OUT: 1.29702
OUT: 0.518981
OUT: 0.0356519
OUT: 0.0297597
OUT: 0.0798396
OUT: 0.223676
OUT: 0.000317419
OUT: 0
OUT: 0.0356519
OUT: 0.0297597
OUT: 0.0798396
OUT: 0.223676
OUT: 0.000317419
OUT: 0
OUT: 0.0356519
OUT: 0.0297597
OUT: 0.0798396
OUT: 0.223676
OUT: 0.000317419
OUT: 0
OUT: 0.0356519
OUT: 0.0297597
OUT: 0.0798396
OUT: 0.223676
OUT: 0.000317419
OUT: 0
OUT: 0.0356519
OUT: 0.0297597
OUT: 0.0798396
OUT: 0.223676
OUT: 0.000317419
OUT: 0
OUT: 0.0356519
OUT: 0.0297597
OUT: 0.0798396
OUT: 0.223676
OUT: 0.000317419
OUT: 0
OUT: 0.0356519
OUT: 0.0297597
OUT: 0.0798396
OUT: 0.223676
OUT: 0.000317419
OUT: 0
OUT: 0.0356519
OUT: 0.0297597
OUT: 0.0798396
OUT: 0.223676
OUT: 0.000317419
OUT: 0
OUT: 0.0356519
OUT: 0.0297597
OUT: 0.0798396
OUT: 0.223676
OUT: 0.000317419
OUT: 0
OUT: 0.0356519
OUT: 0.0297597
OUT: 0.0798396
OUT: 0.223676
OUT: 0.000317419
OUT: 0
OUT: 0.0786855
OUT: 0.0944604
OUT: 0.0278271
OUT: 0.17902
OUT: 0.236708
OUT: 0.0222418
OUT: 0.0380065
OUT: 0.281374
OUT: 0
OUT: 0.077566
OUT: 0.653267
OUT: 0.0783797
OUT: 0
OUT: 0.398008
OUT: 0
OUT: 0.157396
OUT: 0.933773
OUT: 0.185685
OUT: 0
OUT: 0.390474
OUT: 0
OUT: 0.244235
OUT: 1.10212
OUT: 0.239641
OUT: 0
OUT: 0.490207
OUT: 0
OUT: 0.104283
OUT: 1.27371
OUT: 0.223067
OUT: 0
OUT: 0.703422
OUT: 0
OUT: 0.0795837
OUT: 1.89518
OUT: 0.383096
OUT: 0
OUT: 0.948863
OUT: 0
OUT: 0.0612777
OUT: 2.65216
OUT: 0.695067
OUT: 0
OUT: 1.04052
OUT: 0
OUT: 0.0620394
OUT: 3.05035
OUT: 0.81067
OUT: 0
OUT: 1.0949
OUT: 0
OUT: 0.209767
OUT: 3.30949
OUT: 0.935942
OUT: 0
OUT: 1.10017
OUT: 0
OUT: 0.0564935
OUT: 3.30263
OUT: 0.973265
OUT: 0
OUT: 1.18338
OUT: 0
OUT: 0.103875
OUT: 3.67929
OUT: 1.11117
OUT: 0
OUT: 1.17406
OUT: 0
OUT: 0.103759
OUT: 3.63985
OUT: 1.08594
OUT: 0
OUT: 0.994326
OUT: 0
OUT: 0.170911
OUT: 3.5097
OUT: 1.04194
OUT: 0
OUT: 0.646299
OUT: 0
OUT: 0.307905
OUT: 4.33704
OUT: 2.07731
OUT: 0
OUT: 0.237257
OUT: 0
OUT: 0
OUT: 5.77855
OUT: 3.42841
OUT: 0
OUT: 0.297879
OUT: 0
OUT: 0
OUT: 6.46332
OUT: 3.32995
OUT: 0
OUT: 0.370056
OUT: 0.00851242
OUT: 0.103154
OUT: 4.08305
OUT: 1.65872
OUT: 0
OUT: 0.227141
OUT: 0.133033
OUT: 0.424627
OUT: 1.13005
OUT: 0.421563
OUT: 0.0356519
OUT: 0.0297597
OUT: 0.0798396
OUT: 0.223676
OUT: 0.000317419
OUT: 0
OUT: 0.0356519
OUT: 0.0297597
OUT: 0.0798396
OUT: 0.223676
OUT: 0.000317419
OUT: 0
OUT: 0.0356519
OUT: 0.0297597
OUT: 0.0798396
OUT: 0.223676
OUT: 0.000317419
OUT: 0
OUT: 0.0356519
OUT: 0.0297597
OUT: 0.0798396
OUT: 0.223676
OUT: 0.000317419
OUT: 0
OUT: 0.0356519
OUT: 0.0297597
OUT: 0.0798396
OUT: 0.223676
OUT: 0.000317419
OUT: 0
OUT: 0.0356519
OUT: 0.0297597
OUT: 0.0798396
OUT: 0.223676
OUT: 0.000317419
OUT: 0
OUT: 0.0356519
OUT: 0.0297597
OUT: 0.0798396
OUT: 0.223676
OUT: 0.000317419
OUT: 0
OUT: 0.0356519
OUT: 0.0297597
OUT: 0.0798396
OUT: 0.223676
OUT: 0.000317419
OUT: 0
OUT: 0.0356519
OUT: 0.0297597
OUT: 0.0798396
OUT: 0.223676
OUT: 0.000317419
OUT: 0
OUT: 0.0356519
OUT: 0.0297597
OUT: 0.0798396
OUT: 0.223676
OUT: 0.000317419
OUT: 0
OUT: 0.0356519
OUT: 0.0297597
OUT: 0.0798396
OUT: 0.223676
OUT: 0.000317419
OUT: 0
OUT: 0.0356519
OUT: 0.0297597
OUT: 0.0798396
OUT: 0.223676
OUT: 0.000317419
OUT: 0
OUT: 0.0356519
OUT: 0.0297597
OUT: 0.0798396
OUT: 0.223676
OUT: 0.000317419
OUT: 0
OUT: 0.0356519
OUT: 0.0297597
OUT: 0.0798396
OUT: 0.223676
OUT: 0.000317419
OUT: 0
OUT: 0.0356519
OUT: 0.0297597
OUT: 0.0798396
OUT: 0.223676
OUT: 0.000317419
OUT: 0
OUT: 0.0465709
OUT: 0.0461763
OUT: 0.0666424
OUT: 0.212345
OUT: 0.0602972
OUT: 0.00551596
OUT: 0.0600621
OUT: 0.129404
OUT: 0.0193898
OUT: 0.161893
OUT: 0.296799
OUT: 0.032162
OUT: 0
OUT: 0.197388
OUT: 0.0277583
OUT: 0.170898
OUT: 0.360847
OUT: 0.0679229
OUT: 0
OUT: 0.181082
OUT: 0
OUT: 0.263889
OUT: 0.538131
OUT: 0.122303
OUT: 0
OUT: 0.248088
OUT: 0
OUT: 0.130003
OUT: 0.540265
OUT: 0.0820911
OUT: 0
OUT: 0.2939
OUT: 0
OUT: 0.209922
OUT: 0.740245
OUT: 0.155661
OUT: 0
OUT: 0.254069
OUT: 0
OUT: 0.228712
OUT: 0.743269
OUT: 0.180136
OUT: 0
OUT: 0
OUT: 0
OUT: 0.395245
OUT: 1.17746
OUT: 0.755639
OUT: 0
OUT: 0
OUT: 0
OUT: 0
OUT: 3.1587
OUT: 2.42504
OUT: 0
OUT: 0
OUT: 0
OUT: 0
OUT: 5.56135
OUT: 3.27839
OUT: 0
OUT: 0.50451
OUT: 0
OUT: 0
OUT: 5.64238
OUT: 2.42542
OUT: 0
OUT: 0.52731
OUT: 0.0888044
OUT: 0.403946
OUT: 2.80521
OUT: 1.00238
OUT: 0
OUT: 0.14113
OUT: 0.0660344
OUT: 0.384756
OUT: 0.491036
OUT: 0.180134
OUT: 0.0356519
OUT: 0.0297597
OUT: 0.0798396
OUT: 0.223676
OUT: 0.000317419
OUT: 0
OUT: 0.0356519
OUT: 0.0297597
OUT: 0.0798396
OUT: 0.223676
OUT: 0.000317419
OUT: 0
OUT: 0.0356519
OUT: 0.0297597
OUT: 0.0798396
OUT: 0.223676
OUT: 0.000317419
OUT: 0
OUT: 0.0356519
OUT: 0.0297597
OUT: 0.0798396
OUT: 0.223676
OUT: 0.000317419
OUT: 0
OUT: 0.0356519
OUT: 0.0297597
OUT: 0.0798396
OUT: 0.223676
OUT: 0.000317419
OUT: 0
OUT: 0.0356519
OUT: 0.0297597
OUT: 0.0798396
OUT: 0.223676
OUT: 0.000317419
OUT: 0
OUT: 0.0356519
OUT: 0.0297597
OUT: 0.0798396
OUT: 0.223676
OUT: 0.000317419
OUT: 0
OUT: 0.0356519
OUT: 0.0297597
OUT: 0.0798396
OUT: 0.223676
OUT: 0.000317419
OUT: 0
OUT: 0.0356519
OUT: 0.0297597
OUT: 0.0798396
OUT: 0.223676
OUT: 0.000317419
OUT: 0
OUT: 0.0356519
OUT: 0.0297597
OUT: 0.0798396
OUT: 0.223676
OUT: 0.000317419
OUT: 0
OUT: 0.0356519
OUT: 0.0297597
OUT: 0.0798396
OUT: 0.223676
OUT: 0.000317419
OUT: 0
OUT: 0.0356519
OUT: 0.0297597
OUT: 0.0798396
OUT: 0.223676
OUT: 0.000317419
OUT: 0
OUT: 0.0356519
OUT: 0.0297597
OUT: 0.0798396
OUT: 0.223676
OUT: 0.000317419
OUT: 0
OUT: 0.0356519
OUT: 0.0297597
OUT: 0.0798396
OUT: 0.223676
OUT: 0.000317419
OUT: 0
OUT: 0.0356519
OUT: 0.0297597
OUT: 0.0798396
OUT: 0.223676
OUT: 0.000317419
OUT: 0
OUT: 0.0356519
OUT: 0.0297597
OUT: 0.0798396
OUT: 0.223676
OUT: 0.000317419
OUT: 0
OUT: 0.0356519
OUT: 0.0297597
OUT: 0.0798396
OUT: 0.223676
OUT: 0.000317419
OUT: 0
OUT: 0.0356519
OUT: 0.0297597
OUT: 0.0798396
OUT: 0.223676
OUT: 0.000317419
OUT: 0
OUT: 0.0356519
OUT: 0.0297597
OUT: 0.0798396
OUT: 0.223676
OUT: 0.000317419
OUT: 0
OUT: 0.0356519
OUT: 0.0297597
OUT: 0.0798396
OUT: 0.223676
OUT: 0.000317419
OUT: 0
OUT: 0.0356519
OUT: 0.0297597
OUT: 0.0798396
OUT: 0.223676
OUT: 0.000317419
OUT: 0
OUT: 0
OUT: 0
OUT: 0
OUT: 0.310238
OUT: 0.253208
OUT: 0.224721
OUT: 0
OUT: 0
OUT: 0
OUT: 0.226175
OUT: 1.70735
OUT: 1.59878
OUT: 0
OUT: 0
OUT: 0
OUT: 0
OUT: 4.47879
OUT: 3.12472
OUT: 0
OUT: 0.0876255
OUT: 0
OUT: 0
OUT: 6.06241
OUT: 3.18946
OUT: 0
OUT: 0.396532
OUT: 0
OUT: 0
OUT: 4.44499
OUT: 1.79111
OUT: 0
OUT: 0.241916
OUT: 0.0458103
OUT: 0.483027
OUT: 1.43857
OUT: 0.532191
OUT: 0.0149748
OUT: 0.0453185
OUT: 0.074077
OUT: 0.250818
OUT: 0.0682349
OUT: 0.0248153
OUT: 0.0356519
OUT: 0.0297597
OUT: 0.0798396
OUT: 0.223676
OUT: 0.000317419
OUT: 0
OUT: 0.0356519
OUT: 0.0297597
OUT: 0.0798396
OUT: 0.223676
OUT: 0.000317419
OUT: 0
OUT: 0.0356519
OUT: 0.0297597
OUT: 0.0798396
OUT: 0.223676
OUT: 0.000317419
OUT: 0
OUT: 0.0356519
OUT: 0.0297597
OUT: 0.0798396
OUT: 0.223676
OUT: 0.000317419
OUT: 0
OUT: 0.0356519
OUT: 0.0297597
OUT: 0.0798396
OUT: 0.223676
OUT: 0.000317419
OUT: 0
OUT: 0.0356519
OUT: 0.0297597
OUT: 0.0798396
OUT: 0.223676
OUT: 0.000317419
OUT: 0
OUT: 0.0356519
OUT: 0.0297597
OUT: 0.0798396
OUT: 0.223676
OUT: 0.000317419
OUT: 0
OUT: 0.0356519
OUT: 0.0297597
OUT: 0.0798396
OUT: 0.223676
OUT: 0.000317419
OUT: 0
OUT: 0.0356519
OUT: 0.0297597
OUT: 0.0798396
OUT: 0.223676
OUT: 0.000317419
OUT: 0
OUT: 0.0356519
OUT: 0.0297597
OUT: 0.0798396
OUT: 0.223676
OUT: 0.000317419
OUT: 0
OUT: 0.0356519
OUT: 0.0297597
OUT: 0.0798396
OUT: 0.223676
OUT: 0.000317419
OUT: 0
OUT: 0.0356519
OUT: 0.0297597
OUT: 0.0798396
OUT: 0.223676
OUT: 0.000317419
OUT: 0
OUT: 0.0356519
OUT: 0.0297597
OUT: 0.0798396
OUT: 0.223676
OUT: 0.000317419
OUT: 0
OUT: 0.0356519
OUT: 0.0297597
OUT: 0.0798396
OUT: 0.223676
OUT: 0.000317419
OUT: 0
OUT: 0.0356519
OUT: 0.0297597
OUT: 0.0798396
OUT: 0.223676
OUT: 0.000317419
OUT: 0
OUT: 0.0356519
OUT: 0.0297597
OUT: 0.0798396
OUT: 0.223676
OUT: 0.000317419
OUT: 0
OUT: 0.0356519
OUT: 0.0297597
OUT: 0.0798396
OUT: 0.223676
OUT: 0.000317419
OUT: 0
OUT: 0.0356519
OUT: 0.0297597
OUT: 0.0798396
OUT: 0.223676
OUT: 0.000317419
OUT: 0
OUT: 0.0356519
OUT: 0.0297597
OUT: 0.0798396
OUT: 0.223676
OUT: 0.000317419
OUT: 0
OUT: 0.0356519
OUT: 0.0297597
OUT: 0.0798396
OUT: 0.223676
OUT: 0.000317419
OUT: 0
OUT: 0
OUT: 0
OUT: 0.0175823
OUT: 0.259767
OUT: 0.0841239
OUT: 0.0726421
OUT: 0
OUT: 0
OUT: 0
OUT: 0.338866
OUT: 0.935795
OUT: 0.927111
OUT: 0
OUT: 0
OUT: 0
OUT: 0
OUT: 3.31708
OUT: 2.60746
OUT: 0
OUT: 0
OUT: 0
OUT: 0
OUT: 5.91413
OUT: 3.45135
OUT: 0
OUT: 0.566638
OUT: 0
OUT: 0
OUT: 5.74342
OUT: 2.49621
OUT: 0
OUT: 0.57079
OUT: 0.169852
OUT: 0.414807
OUT: 2.91667
OUT: 1.08235
OUT: 0
OUT: 0.149773
OUT: 0.102475
OUT: 0.351865
OUT: 0.535351
OUT: 0.19611
OUT: 0.0356519
OUT: 0.0297597
OUT: 0.0798396
OUT: 0.223676
OUT: 0.000317419
OUT: 0
OUT: 0.0356519
OUT: 0.0297597
OUT: 0.0798396
OUT: 0.223676
OUT: 0.000317419
OUT: 0
OUT: 0.0356519
OUT: 0.0297597
OUT: 0.0798396
OUT: 0.223676
OUT: 0.000317419
OUT: 0
OUT: 0.0356519
OUT: 0.0297597
OUT: 0.0798396
OUT: 0.223676
OUT: 0.000317419
OUT: 0
OUT: 0.0356519
OUT: 0.0297597
OUT: 0.0798396
OUT: 0.223676
OUT: 0.000317419
OUT: 0
OUT: 0.0356519
OUT: 0.0297597
OUT: 0.0798396
OUT: 0.223676
OUT: 0.000317419
OUT: 0
OUT: 0.0356519
OUT: 0.0297597
OUT: 0.0798396
OUT: 0.223676
OUT: 0.000317419
OUT: 0
OUT: 0.0356519
OUT: 0.0297597
OUT: 0.0798396
OUT: 0.223676
OUT: 0.000317419
OUT: 0
OUT: 0.0356519
OUT: 0.0297597
OUT: 0.0798396
OUT: 0.223676
OUT: 0.000317419
OUT: 0
OUT: 0.0356519
OUT: 0.0297597
OUT: 0.0798396
OUT: 0.223676
OUT: 0.000317419
OUT: 0
OUT: 0.0356519
OUT: 0.0297597
OUT: 0.0798396
OUT: 0.223676
OUT: 0.000317419
OUT: 0
OUT: 0.0356519
OUT: 0.0297597
OUT: 0.0798396
OUT: 0.223676
OUT: 0.000317419
OUT: 0
OUT: 0.0356519
OUT: 0.0297597
OUT: 0.0798396
OUT: 0.223676
OUT: 0.000317419
OUT: 0
OUT: 0.0356519
OUT: 0.0297597
OUT: 0.0798396
OUT: 0.223676
OUT: 0.000317419
OUT: 0
OUT: 0.0356519
OUT: 0.0297597
OUT: 0.0798396
OUT: 0.223676
OUT: 0.000317419
OUT: 0
OUT: 0.0356519
OUT: 0.0297597
OUT: 0.0798396
OUT: 0.223676
OUT: 0.000317419
OUT: 0
OUT: 0.0356519
OUT: 0.0297597
OUT: 0.0798396
OUT: 0.223676
OUT: 0.000317419
OUT: 0
OUT: 0.0356519
OUT: 0.0297597
OUT: 0.0798396
OUT: 0.223676
OUT: 0.000317419
OUT: 0
OUT: 0.0356519
OUT: 0.0297597
OUT: 0.0798396
OUT: 0.223676
OUT: 0.000317419
OUT: 0
OUT: 0.0356519
OUT: 0.0297597
OUT: 0.0798396
OUT: 0.223676
OUT: 0.000317419
OUT: 0
OUT: 0.0356519
OUT: 0.0297597
OUT: 0.0798396
OUT: 0.223676
OUT: 0.000317419
OUT: 0
OUT: 0
OUT: 0
OUT: 0.0118112
OUT: 0.325552
OUT: 0.376033
OUT: 0.340138
OUT: 0
OUT: 0
OUT: 0
OUT: 0.143733
OUT: 2.10568
OUT: 1.78619
OUT: 0
OUT: 0
OUT: 0
OUT: 0
OUT: 4.85766
OUT: 3.20925
OUT: 0
OUT: 0.337272
OUT: 0
OUT: 0
OUT: 6.21323
OUT: 2.98272
OUT: 0
OUT: 0.677274
OUT: 0
OUT: 0.0701961
OUT: 4.28932
OUT: 1.51379
OUT: 0
OUT: 0.385352
OUT: 0.0434324
OUT: 0.535928
OUT: 1.39423
OUT: 0.47989
OUT: 0
OUT: 0.0677924
OUT: 0.0657532
OUT: 0.290024
OUT: 0.166338
OUT: 0.0609065
OUT: 0.0356519
OUT: 0.0297597
OUT: 0.0798396
OUT: 0.223676
OUT: 0.000317419
OUT: 0
OUT: 0.0356519
OUT: 0.0297597
OUT: 0.0798396
OUT: 0.223676
OUT: 0.000317419
OUT: 0
OUT: 0.0356519
OUT: 0.0297597
OUT: 0.0798396
OUT: 0.223676
OUT: 0.000317419
OUT: 0
OUT: 0.0356519
OUT: 0.0297597
OUT: 0.0798396
OUT: 0.223676
OUT: 0.000317419
OUT: 0
OUT: 0.0356519
OUT: 0.0297597
OUT: 0.0798396
OUT: 0.223676
OUT: 0.000317419
OUT: 0
OUT: 0.0356519
OUT: 0.0297597
OUT: 0.0798396
OUT: 0.223676
OUT: 0.000317419
OUT: 0
OUT: 0.0356519
OUT: 0.0297597
OUT: 0.0798396
OUT: 0.223676
OUT: 0.000317419
OUT: 0
OUT: 0.0356519
OUT: 0.0297597
OUT: 0.0798396
OUT: 0.223676
OUT: 0.000317419
OUT: 0
OUT: 0.0356519
OUT: 0.0297597
OUT: 0.0798396
OUT: 0.223676
OUT: 0.000317419
OUT: 0
OUT: 0.0356519
OUT: 0.0297597
OUT: 0.0798396
OUT: 0.223676
OUT: 0.000317419
OUT: 0
OUT: 0.0356519
OUT: 0.0297597
OUT: 0.0798396
OUT: 0.223676
OUT: 0.000317419
OUT: 0
OUT: 0.0356519
OUT: 0.0297597
OUT: 0.0798396
OUT: 0.223676
OUT: 0.000317419
OUT: 0
OUT: 0.0356519
OUT: 0.0297597
OUT: 0.0798396
OUT: 0.223676
OUT: 0.000317419
OUT: 0
OUT: 0.0356519
OUT: 0.0297597
OUT: 0.0798396
OUT: 0.223676
OUT: 0.000317419
OUT: 0
OUT: 0.0356519
OUT: 0.0297597
OUT: 0.0798396
OUT: 0.223676
OUT: 0.000317419
OUT: 0
OUT: 0.0356519
OUT: 0.0297597
OUT: 0.0798396
OUT: 0.223676
OUT: 0.000317419
OUT: 0
OUT: 0.0356519
OUT: 0.0297597
OUT: 0.0798396
OUT: 0.223676
OUT: 0.000317419
OUT: 0
OUT: 0.0356519
OUT: 0.0297597
OUT: 0.0798396
OUT: 0.223676
OUT: 0.000317419
OUT: 0
OUT: 0.0356519
OUT: 0.0297597
OUT: 0.0798396
OUT: 0.223676
OUT: 0.000317419
OUT: 0
OUT: 0.0356519
OUT: 0.0297597
OUT: 0.0798396
OUT: 0.223676
OUT: 0.000317419
OUT: 0
OUT: 0.0270081
OUT: 0.0166256
OUT: 0.0703427
OUT: 0.229181
OUT: 0.0131015
OUT: 0.0109362
OUT: 0
OUT: 0
OUT: 0
OUT: 0.345737
OUT: 0.935362
OUT: 0.704386
OUT: 0
OUT: 0
OUT: 0
OUT: 0
OUT: 3.26528
OUT: 2.38071
OUT: 0
OUT: 0.127352
OUT: 0
OUT: 0
OUT: 5.78957
OUT: 3.26058
OUT: 0
OUT: 0.529046
OUT: 0
OUT: 0
OUT: 5.32709
OUT: 2.21821
OUT: 0
OUT: 0.459265
OUT: 0.110304
OUT: 0.491281
OUT: 2.37371
OUT: 0.852483
OUT: 0
OUT: 0.0888363
OUT: 0.0655823
OUT: 0.317511
OUT: 0.259467
OUT: 0.0951048
OUT: 0.0356519
OUT: 0.0297597
OUT: 0.0798396
OUT: 0.223676
OUT: 0.000317419
OUT: 0
OUT: 0.0356519
OUT: 0.0297597
OUT: 0.0798396
OUT: 0.223676
OUT: 0.000317419
OUT: 0
OUT: 0.0356519
OUT: 0.0297597
OUT: 0.0798396
OUT: 0.223676
OUT: 0.000317419
OUT: 0
OUT: 0.0356519
OUT: 0.0297597
OUT: 0.0798396
OUT: 0.223676
OUT: 0.000317419
OUT: 0
OUT: 0.0356519
OUT: 0.0297597
OUT: 0.0798396
OUT: 0.223676
OUT: 0.000317419
OUT: 0
OUT: 0.0356519
OUT: 0.0297597
OUT: 0.0798396
OUT: 0.223676
OUT: 0.000317419
OUT: 0
OUT: 0.0356519
OUT: 0.0297597
OUT: 0.0798396
OUT: 0.223676
OUT: 0.000317419
OUT: 0
OUT: 0.0356519
OUT: 0.0297597
OUT: 0.0798396
OUT: 0.223676
OUT: 0.000317419
OUT: 0
OUT: 0.0356519
OUT: 0.0297597
OUT: 0.0798396
OUT: 0.223676
OUT: 0.000317419
OUT: 0
OUT: 0.0356519
OUT: 0.0297597
OUT: 0.0798396
OUT: 0.223676
OUT: 0.000317419
OUT: 0
OUT: 0.0356519
OUT: 0.0297597
OUT: 0.0798396
OUT: 0.223676
OUT: 0.000317419
OUT: 0
OUT: 0.0356519
OUT: 0.0297597
OUT: 0.0798396
OUT: 0.223676
OUT: 0.000317419
OUT: 0
OUT: 0.0356519
OUT: 0.0297597
OUT: 0.0798396
OUT: 0.223676
OUT: 0.000317419
OUT: 0
OUT: 0.0356519
OUT: 0.0297597
OUT: 0.0798396
OUT: 0.223676
OUT: 0.000317419
OUT: 0
OUT: 0.0356519
OUT: 0.0297597
OUT: 0.0798396
OUT: 0.223676
OUT: 0.000317419
OUT: 0
OUT: 0.0356519
OUT: 0.0297597
OUT: 0.0798396
OUT: 0.223676
OUT: 0.000317419
OUT: 0
OUT: 0.0356519
OUT: 0.0297597
OUT: 0.0798396
OUT: 0.223676
OUT: 0.000317419
OUT: 0
OUT: 0.0356519
OUT: 0.0297597
OUT: 0.0798396
OUT: 0.223676
OUT: 0.000317419
OUT: 0
OUT: 0.0356519
OUT: 0.0297597
OUT: 0.0798396
OUT: 0.223676
OUT: 0.000317419
OUT: 0
OUT: 0.0356519
OUT: 0.0297597
OUT: 0.0798396
OUT: 0.223676
OUT: 0.000317419
OUT: 0
OUT: 0.0356519
OUT: 0.0297597
OUT: 0.0798396
OUT: 0.223676
OUT: 0.000317419
OUT: 0
OUT: 0
OUT: 0
OUT: 0
OUT: 0.303882
OUT: 0.207788
OUT: 0.182201
OUT: 0
OUT: 0
OUT: 0
OUT: 0.20508
OUT: 1.72739
OUT: 1.4821
OUT: 0
OUT: 0
OUT: 0
OUT: 0
OUT: 4.35564
OUT: 2.95355
OUT: 0
OUT: 0.256597
OUT: 0
OUT: 0
OUT: 5.76964
OUT: 2.83511
OUT: 0
OUT: 0.546195
OUT: 0
OUT: 0.16542
OUT: 3.88454
OUT: 1.41897
OUT: 0
OUT: 0.265588
OUT: 0.0821265
OUT: 0.50442
OUT: 1.01707
OUT: 0.369285
OUT: 0.0299082
OUT: 0.0340816
OUT: 0.0782388
OUT: 0.231215
OUT: 0.0191834
OUT: 0.00676978
OUT: 0.0356519
OUT: 0.0297597
OUT: 0.0798396
OUT: 0.223676
OUT: 0.000317419
OUT: 0
OUT: 0.0356519
OUT: 0.0297597
OUT: 0.0798396
OUT: 0.223676
OUT: 0.000317419
OUT: 0
OUT: 0.0356519
OUT: 0.0297597
OUT: 0.0798396
OUT: 0.223676
OUT: 0.000317419
OUT: 0
OUT: 0.0356519
OUT: 0.0297597
OUT: 0.0798396
OUT: 0.223676
OUT: 0.000317419
OUT: 0
OUT: 0.0356519
OUT: 0.0297597
OUT: 0.0798396
OUT: 0.223676
OUT: 0.000317419
OUT: 0
OUT: 0.0356519
OUT: 0.0297597
OUT: 0.0798396
OUT: 0.223676
OUT: 0.000317419
OUT: 0
OUT: 0.0356519
OUT: 0.0297597
OUT: 0.0798396
OUT: 0.223676
OUT: 0.000317419
OUT: 0
OUT: 0.0356519
OUT: 0.0297597
OUT: 0.0798396
OUT: 0.223676
OUT: 0.000317419
OUT: 0
OUT: 0.0356519
OUT: 0.0297597
OUT: 0.0798396
OUT: 0.223676
OUT: 0.000317419
OUT: 0
OUT: 0.0356519
OUT: 0.0297597
OUT: 0.0798396
OUT: 0.223676
OUT: 0.000317419
OUT: 0
OUT: 0.0356519
OUT: 0.0297597
OUT: 0.0798396
OUT: 0.223676
OUT: 0.000317419
OUT: 0
OUT: 0.0356519
OUT: 0.0297597
OUT: 0.0798396
OUT: 0.223676
OUT: 0.000317419
OUT: 0
OUT: 0.0356519
OUT: 0.0297597
OUT: 0.0798396
OUT: 0.223676
OUT: 0.000317419
OUT: 0
OUT: 0.0356519
OUT: 0.0297597
OUT: 0.0798396
OUT: 0.223676
OUT: 0.000317419
OUT: 0
OUT: 0.0356519
OUT: 0.0297597
OUT: 0.0798396
OUT: 0.223676
OUT: 0.000317419
OUT: 0
OUT: 0.0356519
OUT: 0.0297597
OUT: 0.0798396
OUT: 0.223676
OUT: 0.000317419
OUT: 0
OUT: 0.0356519
OUT: 0.0297597
OUT: 0.0798396
OUT: 0.223676
OUT: 0.000317419
OUT: 0
OUT: 0.0356519
OUT: 0.0297597
OUT: 0.0798396
OUT: 0.223676
OUT: 0.000317419
OUT: 0
OUT: 0.0356519
OUT: 0.0297597
OUT: 0.0798396
OUT: 0.223676
OUT: 0.000317419
OUT: 0
OUT: 0.0356519
OUT: 0.0297597
OUT: 0.0798396
OUT: 0.223676
OUT: 0.000317419
OUT: 0
OUT: 0
OUT: 0
OUT: 0.000698917
OUT: 0.269554
OUT: 0.106851
OUT: 0.0923879
OUT: 0
OUT: 0
OUT: 0
OUT: 0.329453
OUT: 0.909236
OUT: 0.97795
OUT: 0
OUT: 0
OUT: 0
OUT: 0
OUT: 3.19806
OUT: 2.60039
OUT: 0
OUT: 0
OUT: 0
OUT: 0
OUT: 5.52079
OUT: 3.18476
OUT: 0
OUT: 0.488696
OUT: 0
OUT: 0
OUT: 5.05309
OUT: 2.10442
OUT: 0
OUT: 0.439897
OUT: 0.107534
OUT: 0.494178
OUT: 2.28299
OUT: 0.816039
OUT: 0
OUT: 0.0798937
OUT: 0.0612712
OUT: 0.311135
OUT: 0.219163
OUT: 0.0803401
OUT: 0.0356519
OUT: 0.0297597
OUT: 0.0798396
OUT: 0.223676
OUT: 0.000317419
OUT: 0
OUT: 0.0356519
OUT: 0.0297597
OUT: 0.0798396
OUT: 0.223676
OUT: 0.000317419
OUT: 0
OUT: 0.0356519
OUT: 0.0297597
OUT: 0.0798396
OUT: 0.223676
OUT: 0.000317419
OUT: 0
OUT: 0.0356519
OUT: 0.0297597
OUT: 0.0798396
OUT: 0.223676
OUT: 0.000317419
OUT: 0
OUT: 0.0356519
OUT: 0.0297597
OUT: 0.0798396
OUT: 0.223676
OUT: 0.000317419
OUT: 0
OUT: 0.0356519
OUT: 0.0297597
OUT: 0.0798396
OUT: 0.223676
OUT: 0.000317419
OUT: 0
OUT: 0.0356519
OUT: 0.0297597
OUT: 0.0798396
OUT: 0.223676
OUT: 0.000317419
OUT: 0
OUT: 0.0356519
OUT: 0.0297597
OUT: 0.0798396
OUT: 0.223676
OUT: 0.000317419
OUT: 0
OUT: 0.0356519
OUT: 0.0297597
OUT: 0.0798396
OUT: 0.223676
OUT: 0.000317419
OUT: 0
OUT: 0.0356519
OUT: 0.0297597
OUT: 0.0798396
OUT: 0.223676
OUT: 0.000317419
OUT: 0
OUT: 0.0356519
OUT: 0.0297597
OUT: 0.0798396
OUT: 0.223676
OUT: 0.000317419
OUT: 0
OUT: 0.0356519
OUT: 0.0297597
OUT: 0.0798396
OUT: 0.223676
OUT: 0.000317419
OUT: 0
OUT: 0.0356519
OUT: 0.0297597
OUT: 0.0798396
OUT: 0.223676
OUT: 0.000317419
OUT: 0
OUT: 0.0356519
OUT: 0.0297597
OUT: 0.0798396
OUT: 0.223676
OUT: 0.000317419
OUT: 0
OUT: 0.0356519
OUT: 0.0297597
OUT: 0.0798396
OUT: 0.223676
OUT: 0.000317419
OUT: 0
OUT: 0.0356519
OUT: 0.0297597
OUT: 0.0798396
OUT: 0.223676
OUT: 0.000317419
OUT: 0
OUT: 0.0356519
OUT: 0.0297597
OUT: 0.0798396
OUT: 0.223676
OUT: 0.000317419
OUT: 0
OUT: 0.0356519
OUT: 0.0297597
OUT: 0.0798396
OUT: 0.223676
OUT: 0.000317419
OUT: 0
OUT: 0.0356519
OUT: 0.0297597
OUT: 0.0798396
OUT: 0.223676
OUT: 0.000317419
OUT: 0
OUT: 0.0356519
OUT: 0.0297597
OUT: 0.0798396
OUT: 0.223676
OUT: 0.000317419
OUT: 0
OUT: 0.0174039
OUT: 0.00203204
OUT: 0.0597906
OUT: 0.235298
OUT: 0.027306
OUT: 0.0232774
OUT: 0
OUT: 0
OUT: 0
OUT: 0.363266
OUT: 0.582523
OUT: 0.569759
OUT: 0
OUT: 0
OUT: 0
OUT: 0.00475451
OUT: 2.39232
OUT: 2.21133
OUT: 0
OUT: 0
OUT: 0
OUT: 0
OUT: 5.19021
OUT: 3.33201
OUT: 0
OUT: 0.329242
OUT: 0
OUT: 0
OUT: 5.88972
OUT: 2.82027
OUT: 0
OUT: 0.557017
OUT: 0.00639088
OUT: 0.190382
OUT: 3.74345
OUT: 1.36806
OUT: 0
OUT: 0.249607
OUT: 0.0853188
OUT: 0.502045
OUT: 0.974446
OUT: 0.357485
OUT: 0.0356519
OUT: 0.0297597
OUT: 0.0798396
OUT: 0.223676
OUT: 0.000317419
OUT: 0
OUT: 0.0356519
OUT: 0.0297597
OUT: 0.0798396
OUT: 0.223676
OUT: 0.000317419
OUT: 0
OUT: 0.0356519
OUT: 0.0297597
OUT: 0.0798396
OUT: 0.223676
OUT: 0.000317419
OUT: 0
OUT: 0.0356519
OUT: 0.0297597
OUT: 0.0798396
OUT: 0.223676
OUT: 0.000317419
OUT: 0
OUT: 0.0356519
OUT: 0.0297597
OUT: 0.0798396
OUT: 0.223676
OUT: 0.000317419
OUT: 0
OUT: 0.0356519
OUT: 0.0297597
OUT: 0.0798396
OUT: 0.223676
OUT: 0.000317419
OUT: 0
OUT: 0.0356519
OUT: 0.0297597
OUT: 0.0798396
OUT: 0.223676
OUT: 0.000317419
OUT: 0
OUT: 0.0356519
OUT: 0.0297597
OUT: 0.0798396
OUT: 0.223676
OUT: 0.000317419
OUT: 0
OUT: 0.0356519
OUT: 0.0297597
OUT: 0.0798396
OUT: 0.223676
OUT: 0.000317419
OUT: 0
OUT: 0.0356519
OUT: 0.0297597
OUT: 0.0798396
OUT: 0.223676
OUT: 0.000317419
OUT: 0
OUT: 0.0356519
OUT: 0.0297597
OUT: 0.0798396
OUT: 0.223676
OUT: 0.000317419
OUT: 0
OUT: 0.0356519
OUT: 0.0297597
OUT: 0.0798396
OUT: 0.223676
OUT: 0.000317419
OUT: 0
OUT: 0.0356519
OUT: 0.0297597
OUT: 0.0798396
OUT: 0.223676
OUT: 0.000317419
OUT: 0
OUT: 0.0356519
OUT: 0.0297597
OUT: 0.0798396
OUT: 0.223676
OUT: 0.000317419
OUT: 0
OUT: 0.0356519
OUT: 0.0297597
OUT: 0.0798396
OUT: 0.223676
OUT: 0.000317419
OUT: 0
OUT: 0.0356519
OUT: 0.0297597
OUT: 0.0798396
OUT: 0.223676
OUT: 0.000317419
OUT: 0
OUT: 0.0356519
OUT: 0.0297597
OUT: 0.0798396
OUT: 0.223676
OUT: 0.000317419
OUT: 0
OUT: 0.0356519
OUT: 0.0297597
OUT: 0.0798396
OUT: 0.223676
OUT: 0.000317419
OUT: 0
OUT: 0.0356519
OUT: 0.0297597
OUT: 0.0798396
OUT: 0.223676
OUT: 0.000317419
OUT: 0
OUT: 0.0356519
OUT: 0.0297597
OUT: 0.0798396
OUT: 0.223676
OUT: 0.000317419
OUT: 0
OUT: 0.0327706
OUT: 0.0253817
OUT: 0.0766739
OUT: 0.225511
OUT: 0.00457877
OUT: 0.00353153
OUT: 0
OUT: 0
OUT: 0
OUT: 0.351038
OUT: 0.353692
OUT: 0.318653
OUT: 0
OUT: 0
OUT: 0
OUT: 0.144261
OUT: 1.75788
OUT: 1.84206
OUT: 0
OUT: 0
OUT: 0
OUT: 0
OUT: 4.61396
OUT: 3.18394
OUT: 0
OUT: 0.207303
OUT: 0
OUT: 0
OUT: 6.28794
OUT: 3.32595
OUT: 0
OUT: 0.601096
OUT: 0
OUT: 0
OUT: 5.00196
OUT: 1.99379
OUT: 0
OUT: 0.462105
OUT: 0.117837
OUT: 0.503401
OUT: 2.08649
OUT: 0.73562
OUT: 0
OUT: 0.0790293
OUT: 0.0615913
OUT: 0.309627
OUT: 0.21539
OUT: 0.078952
OUT: 0.0356519
OUT: 0.0297597
OUT: 0.0798396
OUT: 0.223676
OUT: 0.000317419
OUT: 0
OUT: 0.0356519
OUT: 0.0297597
OUT: 0.0798396
OUT: 0.223676
OUT: 0.000317419
OUT: 0
OUT: 0.0356519
OUT: 0.0297597
OUT: 0.0798396
OUT: 0.223676
OUT: 0.000317419
OUT: 0
OUT: 0.0356519
OUT: 0.0297597
OUT: 0.0798396
OUT: 0.223676
OUT: 0.000317419
OUT: 0
OUT: 0.0356519
OUT: 0.0297597
OUT: 0.0798396
OUT: 0.223676
OUT: 0.000317419
OUT: 0
OUT: 0.0356519
OUT: 0.0297597
OUT: 0.0798396
OUT: 0.223676
OUT: 0.000317419
OUT: 0
OUT: 0.0356519
OUT: 0.0297597
OUT: 0.0798396
OUT: 0.223676
OUT: 0.000317419
OUT: 0
OUT: 0.0356519
OUT: 0.0297597
OUT: 0.0798396
OUT: 0.223676
OUT: 0.000317419
OUT: 0
OUT: 0.0356519
OUT: 0.0297597
OUT: 0.0798396
OUT: 0.223676
OUT: 0.000317419
OUT: 0
OUT: 0.0356519
OUT: 0.0297597
OUT: 0.0798396
OUT: 0.223676
OUT: 0.000317419
OUT: 0
OUT: 0.0356519
OUT: 0.0297597
OUT: 0.0798396
OUT: 0.223676
OUT: 0.000317419
OUT: 0
OUT: 0.0356519
OUT: 0.0297597
OUT: 0.0798396
OUT: 0.223676
OUT: 0.000317419
OUT: 0
OUT: 0.0356519
OUT: 0.0297597
OUT: 0.0798396
OUT: 0.223676
OUT: 0.000317419
OUT: 0
OUT: 0.0356519
OUT: 0.0297597
OUT: 0.0798396
OUT: 0.223676
OUT: 0.000317419
OUT: 0
OUT: 0.0356519
OUT: 0.0297597
OUT: 0.0798396
OUT: 0.223676
OUT: 0.000317419
OUT: 0
OUT: 0.0356519
OUT: 0.0297597
OUT: 0.0798396
OUT: 0.223676
OUT: 0.000317419
OUT: 0
OUT: 0.0356519
OUT: 0.0297597
OUT: 0.0798396
OUT: 0.223676
OUT: 0.000317419
OUT: 0
OUT: 0.0356519
OUT: 0.0297597
OUT: 0.0798396
OUT: 0.223676
OUT: 0.000317419
OUT: 0
OUT: 0.0356519
OUT: 0.0297597
OUT: 0.0798396
OUT: 0.223676
OUT: 0.000317419
OUT: 0
OUT: 0.0356519
OUT: 0.0297597
OUT: 0.0798396
OUT: 0.223676
OUT: 0.000317419
OUT: 0
OUT: 0
OUT: 0
OUT: 0.0434186
OUT: 0.247964
OUT: 0.0637926
OUT: 0.0556835
OUT: 0
OUT: 0
OUT: 0.0244275
OUT: 0.389343
OUT: 1.14702
OUT: 1.08111
OUT: 0
OUT: 0
OUT: 0
OUT: 0
OUT: 3.56635
OUT: 2.80665
OUT: 0
OUT: 0
OUT: 0
OUT: 0
OUT: 6.20726
OUT: 3.54665
OUT: 0
OUT: 0.583465
OUT: 0
OUT: 0
OUT: 5.89123
OUT: 2.48178
OUT: 0
OUT: 0.686705
OUT: 0.0824975
OUT: 0.323403
OUT: 3.14002
OUT: 1.0963
OUT: 0
OUT: 0.211643
OUT: 0.0658375
OUT: 0.476402
OUT: 0.803146
OUT: 0.294742
OUT: 0.0356519
OUT: 0.0297597
OUT: 0.0798396
OUT: 0.223676
OUT: 0.000317419
OUT: 0
OUT: 0.0356519
OUT: 0.0297597
OUT: 0.0798396
OUT: 0.223676
OUT: 0.000317419
OUT: 0
OUT: 0.0356519
OUT: 0.0297597
OUT: 0.0798396
OUT: 0.223676
OUT: 0.000317419
OUT: 0
OUT: 0.0356519
OUT: 0.0297597
OUT: 0.0798396
OUT: 0.223676
OUT: 0.000317419
OUT: 0
OUT: 0.0356519
OUT: 0.0297597
OUT: 0.0798396
OUT: 0.223676
OUT: 0.000317419
OUT: 0
OUT: 0.0356519
OUT: 0.0297597
OUT: 0.0798396
OUT: 0.223676
OUT: 0.000317419
OUT: 0
OUT: 0.0356519
OUT: 0.0297597
OUT: 0.0798396
OUT: 0.223676
OUT: 0.000317419
OUT: 0
OUT: 0.0356519
OUT: 0.0297597
OUT: 0.0798396
OUT: 0.223676
OUT: 0.000317419
OUT: 0
OUT: 0.0356519
OUT: 0.0297597
OUT: 0.0798396
OUT: 0.223676
OUT: 0.000317419
OUT: 0
OUT: 0.0356519
OUT: 0.0297597
OUT: 0.0798396
OUT: 0.223676
OUT: 0.000317419
OUT: 0
OUT: 0.0356519
OUT: 0.0297597
OUT: 0.0798396
OUT: 0.223676
OUT: 0.000317419
OUT: 0
OUT: 0.0356519
OUT: 0.0297597
OUT: 0.0798396
OUT: 0.223676
OUT: 0.000317419
OUT: 0
OUT: 0.0356519
OUT: 0.0297597
OUT: 0.0798396
OUT: 0.223676
OUT: 0.000317419
OUT: 0
OUT: 0.0356519
OUT: 0.0297597
OUT: 0.0798396
OUT: 0.223676
OUT: 0.000317419
OUT: 0
OUT: 0.0356519
OUT: 0.0297597
OUT: 0.0798396
OUT: 0.223676
OUT: 0.000317419
OUT: 0
OUT: 0.0356519
OUT: 0.0297597
OUT: 0.0798396
OUT: 0.223676
OUT: 0.000317419
OUT: 0
OUT: 0.0356519
OUT: 0.0297597
OUT: 0.0798396
OUT: 0.223676
OUT: 0.000317419
OUT: 0
OUT: 0.0356519
OUT: 0.0297597
OUT: 0.0798396
OUT: 0.223676
OUT: 0.000317419
OUT: 0
OUT: 0.0356519
OUT: 0.0297597
OUT: 0.0798396
OUT: 0.223676
OUT: 0.000317419
OUT: 0
OUT: 0.0356519
OUT: 0.0297597
OUT: 0.0798396
OUT: 0.223676
OUT: 0.000317419
OUT: 0
OUT: 0.00587889
OUT: 0
OUT: 0.0471281
OUT: 0.242639
OUT: 0.0443513
OUT: 0.0380868
OUT: 0
OUT: 0
OUT: 0
OUT: 0.336541
OUT: 0.4997
OUT: 0.510243
OUT: 0
OUT: 0
OUT: 0
OUT: 0
OUT: 2.55537
OUT: 2.17199
OUT: 0
OUT: 0
OUT: 0
OUT: 0
OUT: 5.30067
OUT: 3.30749
OUT: 0
OUT: 0.57404
OUT: 0
OUT: 0
OUT: 6.37559
OUT: 2.8506
OUT: 0
OUT: 0.804932
OUT: 0.0420206
OUT: 0.149093
OUT: 3.98447
OUT: 1.39962
OUT: 0
OUT: 0.375244
OUT: 0.0757305
OUT: 0.521612
OUT: 1.3496
OUT: 0.46859
OUT: 0
OUT: 0.060013
OUT: 0.0686345
OUT: 0.276453
OUT: 0.132379
OUT: 0.0484134
OUT: 0.0356519
OUT: 0.0297597
OUT: 0.0798396
OUT: 0.223676
OUT: 0.000317419
OUT: 0
OUT: 0.0356519
OUT: 0.0297597
OUT: 0.0798396
OUT: 0.223676
OUT: 0.000317419
OUT: 0
OUT: 0.0356519
OUT: 0.0297597
OUT: 0.0798396
OUT: 0.223676
OUT: 0.000317419
OUT: 0
OUT: 0.0356519
OUT: 0.0297597
OUT: 0.0798396
OUT: 0.223676
OUT: 0.000317419
OUT: 0
OUT: 0.0356519
OUT: 0.0297597
OUT: 0.0798396
OUT: 0.223676
OUT: 0.000317419
OUT: 0
OUT: 0.0356519
OUT: 0.0297597
OUT: 0.0798396
OUT: 0.223676
OUT: 0.000317419
OUT: 0
OUT: 0.0356519
OUT: 0.0297597
OUT: 0.0798396
OUT: 0.223676
OUT: 0.000317419
OUT: 0
OUT: 0.0356519
OUT: 0.0297597
OUT: 0.0798396
OUT: 0.223676
OUT: 0.000317419
OUT: 0
OUT: 0.0356519
OUT: 0.0297597
OUT: 0.0798396
OUT: 0.223676
OUT: 0.000317419
OUT: 0
OUT: 0.0356519
OUT: 0.0297597
OUT: 0.0798396
OUT: 0.223676
OUT: 0.000317419
OUT: 0
OUT: 0.0356519
OUT: 0.0297597
OUT: 0.0798396
OUT: 0.223676
OUT: 0.000317419
OUT: 0
OUT: 0.0356519
OUT: 0.0297597
OUT: 0.0798396
OUT: 0.223676
OUT: 0.000317419
OUT: 0
OUT: 0.0356519
OUT: 0.0297597
OUT: 0.0798396
OUT: 0.223676
OUT: 0.000317419
OUT: 0
OUT: 0.0356519
OUT: 0.0297597
OUT: 0.0798396
OUT: 0.223676
OUT: 0.000317419
OUT: 0
OUT: 0.0356519
OUT: 0.0297597
OUT: 0.0798396
OUT: 0.223676
OUT: 0.000317419
OUT: 0
OUT: 0.0356519
OUT: 0.0297597
OUT: 0.0798396
OUT: 0.223676
OUT: 0.000317419
OUT: 0
OUT: 0.0356519
OUT: 0.0297597
OUT: 0.0798396
OUT: 0.223676
OUT: 0.000317419
OUT: 0
OUT: 0.0356519
OUT: 0.0297597
OUT: 0.0798396
OUT: 0.223676
OUT: 0.000317419
OUT: 0
OUT: 0.0356519
OUT: 0.0297597
OUT: 0.0798396
OUT: 0.223676
OUT: 0.000317419
OUT: 0
OUT: 0.0356519
OUT: 0.0297597
OUT: 0.0798396
OUT: 0.223676
OUT: 0.000317419
OUT: 0
OUT: 0
OUT: 0
OUT: 0
OUT: 0.315815
OUT: 0.287384
OUT: 0.256531
OUT: 0
OUT: 0
OUT: 0
OUT: 0.235634
OUT: 1.57009
OUT: 1.59874
OUT: 0
OUT: 0
OUT: 0
OUT: 0
OUT: 4.35023
OUT: 3.11192
OUT: 0
OUT: 0.0564098
OUT: 0
OUT: 0
OUT: 6.14356
OUT: 3.29023
OUT: 0
OUT: 0.51046
OUT: 0
OUT: 0
OUT: 5.05071
OUT: 1.99402
OUT: 0
OUT: 0.423297
OUT: 0.0265709
OUT: 0.482146
OUT: 2.02513
OUT: 0.706411
OUT: 0
OUT: 0.0974139
OUT: 0.0563067
OUT: 0.339855
OUT: 0.295896
OUT: 0.108557
OUT: 0.0356519
OUT: 0.0297597
OUT: 0.0798396
OUT: 0.223676
OUT: 0.000317419
OUT: 0
OUT: 0.0356519
OUT: 0.0297597
OUT: 0.0798396
OUT: 0.223676
OUT: 0.000317419
OUT: 0
OUT: 0.0356519
OUT: 0.0297597
OUT: 0.0798396
OUT: 0.223676
OUT: 0.000317419
OUT: 0
OUT: 0.0356519
OUT: 0.0297597
OUT: 0.0798396
OUT: 0.223676
OUT: 0.000317419
OUT: 0
OUT: 0.0356519
OUT: 0.0297597
OUT: 0.0798396
OUT: 0.223676
OUT: 0.000317419
OUT: 0
OUT: 0.0356519
OUT: 0.0297597
OUT: 0.0798396
OUT: 0.223676
OUT: 0.000317419
OUT: 0
OUT: 0.0356519
OUT: 0.0297597
OUT: 0.0798396
OUT: 0.223676
OUT: 0.000317419
OUT: 0
OUT: 0.0356519
OUT: 0.0297597
OUT: 0.0798396
OUT: 0.223676
OUT: 0.000317419
OUT: 0
OUT: 0.0356519
OUT: 0.0297597
OUT: 0.0798396
OUT: 0.223676
OUT: 0.000317419
OUT: 0
OUT: 0.0356519
OUT: 0.0297597
OUT: 0.0798396
OUT: 0.223676
OUT: 0.000317419
OUT: 0
OUT: 0.0356519
OUT: 0.0297597
OUT: 0.0798396
OUT: 0.223676
OUT: 0.000317419
OUT: 0
OUT: 0.0356519
OUT: 0.0297597
OUT: 0.0798396
OUT: 0.223676
OUT: 0.000317419
OUT: 0
OUT: 0.0356519
OUT: 0.0297597
OUT: 0.0798396
OUT: 0.223676
OUT: 0.000317419
OUT: 0
OUT: 0.0356519
OUT: 0.0297597
OUT: 0.0798396
OUT: 0.223676
OUT: 0.000317419
OUT: 0
OUT: 0.0356519
OUT: 0.0297597
OUT: 0.0798396
OUT: 0.223676
OUT: 0.000317419
OUT: 0
OUT: 0.0356519
OUT: 0.0297597
OUT: 0.0798396
OUT: 0.223676
OUT: 0.000317419
OUT: 0
OUT: 0.0356519
OUT: 0.0297597
OUT: 0.0798396
OUT: 0.223676
OUT: 0.000317419
OUT: 0
OUT: 0.0356519
OUT: 0.0297597
OUT: 0.0798396
OUT: 0.223676
OUT: 0.000317419
OUT: 0
OUT: 0.0356519
OUT: 0.0297597
OUT: 0.0798396
OUT: 0.223676
OUT: 0.000317419
OUT: 0
OUT: 0.0356519
OUT: 0.0297597
OUT: 0.0798396
OUT: 0.223676
OUT: 0.000317419
OUT: 0
OUT: 0
OUT: 0
OUT: 0.0154718
OUT: 0.26099
OUT: 0.0869648
OUT: 0.0751103
OUT: 0
OUT: 0
OUT: 0
OUT: 0.327695
OUT: 0.973516
OUT: 0.941136
OUT: 0
OUT: 0
OUT: 0
OUT: 0
OUT: 3.33443
OUT: 2.59822
OUT: 0
OUT: 0
OUT: 0
OUT: 0
OUT: 6.22837
OUT: 3.73769
OUT: 0
OUT: 0.0728654
OUT: 0
OUT: 0
OUT: 6.30675
OUT: 3.36908
OUT: 0
OUT: 0.111719
OUT: 0
OUT: 0.123237
OUT: 3.95464
OUT: 1.69645
OUT: 0
OUT: 0.0730057
OUT: 0.0413242
OUT: 0.349179
OUT: 0.893744
OUT: 0.348604
OUT: 0.0345032
OUT: 0.0306241
OUT: 0.0795194
OUT: 0.225184
OUT: 0.00409061
OUT: 0.0012173
OUT: 0.0356519
OUT: 0.0297597
OUT: 0.0798396
OUT: 0.223676
OUT: 0.000317419
OUT: 0
OUT: 0.0356519
OUT: 0.0297597
OUT: 0.0798396
OUT: 0.223676
OUT: 0.000317419
OUT: 0
OUT: 0.0356519
OUT: 0.0297597
OUT: 0.0798396
OUT: 0.223676
OUT: 0.000317419
OUT: 0
OUT: 0.0356519
OUT: 0.0297597
OUT: 0.0798396
OUT: 0.223676
OUT: 0.000317419
OUT: 0
OUT: 0.0356519
OUT: 0.0297597
OUT: 0.0798396
OUT: 0.223676
OUT: 0.000317419
OUT: 0
OUT: 0.0356519
OUT: 0.0297597
OUT: 0.0798396
OUT: 0.223676
OUT: 0.000317419
OUT: 0
OUT: 0.0356519
OUT: 0.0297597
OUT: 0.0798396
OUT: 0.223676
OUT: 0.000317419
OUT: 0
OUT: 0.0356519
OUT: 0.0297597
OUT: 0.0798396
OUT: 0.223676
OUT: 0.000317419
OUT: 0
OUT: 0.0356519
OUT: 0.0297597
OUT: 0.0798396
OUT: 0.223676
OUT: 0.000317419
OUT: 0
OUT: 0.0356519
OUT: 0.0297597
OUT: 0.0798396
OUT: 0.223676
OUT: 0.000317419
OUT: 0
OUT: 0.0356519
OUT: 0.0297597
OUT: 0.0798396
OUT: 0.223676
OUT: 0.000317419
OUT: 0
OUT: 0.0356519
OUT: 0.0297597
OUT: 0.0798396
OUT: 0.223676
OUT: 0.000317419
OUT: 0
OUT: 0.0356519
OUT: 0.0297597
OUT: 0.0798396
OUT: 0.223676
OUT: 0.000317419
OUT: 0
OUT: 0.0356519
OUT: 0.0297597
OUT: 0.0798396
OUT: 0.223676
OUT: 0.000317419
OUT: 0
OUT: 0.0356519
OUT: 0.0297597
OUT: 0.0798396
OUT: 0.223676
OUT: 0.000317419
OUT: 0
OUT: 0.0356519
OUT: 0.0297597
OUT: 0.0798396
OUT: 0.223676
OUT: 0.000317419
OUT: 0
OUT: 0.0356519
OUT: 0.0297597
OUT: 0.0798396
OUT: 0.223676
OUT: 0.000317419
OUT: 0
OUT: 0.0356519
OUT: 0.0297597
OUT: 0.0798396
OUT: 0.223676
OUT: 0.000317419
OUT: 0
OUT: 0.0356519
OUT: 0.0297597
OUT: 0.0798396
OUT: 0.223676
OUT: 0.000317419
OUT: 0
OUT: 0.0356519
OUT: 0.0297597
OUT: 0.0798396
OUT: 0.223676
OUT: 0.000317419
OUT: 0
OUT: 0
OUT: 0
OUT: 0.026925
OUT: 0.318907
OUT: 0.365319
OUT: 0.331301
OUT: 0
OUT: 0
OUT: 0
OUT: 0.149473
OUT: 2.08782
OUT: 1.72625
OUT: 0
OUT: 0
OUT: 0
OUT: 0
OUT: 4.89937
OUT: 3.25604
OUT: 0
OUT: 0.00943339
OUT: 0
OUT: 0
OUT: 7.27006
OUT: 4.07641
OUT: 0
OUT: 0.137911
OUT: 0
OUT: 0
OUT: 6.12383
OUT: 3.23992
OUT: 0
OUT: 0.0835575
OUT: 0.00554724
OUT: 0.237491
OUT: 3.56558
OUT: 1.54944
OUT: 0
OUT: 0.0430488
OUT: 0.0757224
OUT: 0.266868
OUT: 0.60762
OUT: 0.239149
OUT: 0.0356519
OUT: 0.0297597
OUT: 0.0798396
OUT: 0.223676
OUT: 0.000317419
OUT: 0
OUT: 0.0356519
OUT: 0.0297597
OUT: 0.0798396
OUT: 0.223676
OUT: 0.000317419
OUT: 0
OUT: 0.0356519
OUT: 0.0297597
OUT: 0.0798396
OUT: 0.223676
OUT: 0.000317419
OUT: 0
OUT: 0.0356519
OUT: 0.0297597
OUT: 0.0798396
OUT: 0.223676
OUT: 0.000317419
OUT: 0
OUT: 0.0356519
OUT: 0.0297597
OUT: 0.0798396
OUT: 0.223676
OUT: 0.000317419
OUT: 0
OUT: 0.0356519
OUT: 0.0297597
OUT: 0.0798396
OUT: 0.223676
OUT: 0.000317419
OUT: 0
OUT: 0.0356519
OUT: 0.0297597
OUT: 0.0798396
OUT: 0.223676
OUT: 0.000317419
OUT: 0
OUT: 0.0356519
OUT: 0.0297597
OUT: 0.0798396
OUT: 0.223676
OUT: 0.000317419
OUT: 0
OUT: 0.0356519
OUT: 0.0297597
OUT: 0.0798396
OUT: 0.223676
OUT: 0.000317419
OUT: 0
OUT: 0.0356519
OUT: 0.0297597
OUT: 0.0798396
OUT: 0.223676
OUT: 0.000317419
OUT: 0
OUT: 0.0356519
OUT: 0.0297597
OUT: 0.0798396
OUT: 0.223676
OUT: 0.000317419
OUT: 0
OUT: 0.0356519
OUT: 0.0297597
OUT: 0.0798396
OUT: 0.223676
OUT: 0.000317419
OUT: 0
OUT: 0.0356519
OUT: 0.0297597
OUT: 0.0798396
OUT: 0.223676
OUT: 0.000317419
OUT: 0
OUT: 0.0356519
OUT: 0.0297597
OUT: 0.0798396
OUT: 0.223676
OUT: 0.000317419
OUT: 0
OUT: 0.0356519
OUT: 0.0297597
OUT: 0.0798396
OUT: 0.223676
OUT: 0.000317419
OUT: 0
OUT: 0.0356519
OUT: 0.0297597
OUT: 0.0798396
OUT: 0.223676
OUT: 0.000317419
OUT: 0
OUT: 0.0356519
OUT: 0.0297597
OUT: 0.0798396
OUT: 0.223676
OUT: 0.000317419
OUT: 0
OUT: 0.0356519
OUT: 0.0297597
OUT: 0.0798396
OUT: 0.223676
OUT: 0.000317419
OUT: 0
OUT: 0.0356519
OUT: 0.0297597
OUT: 0.0798396
OUT: 0.223676
OUT: 0.000317419
OUT: 0
OUT: 0.0356519
OUT: 0.0297597
OUT: 0.0798396
OUT: 0.223676
OUT: 0.000317419
OUT: 0
OUT: 0.0356519
OUT: 0.0297597
OUT: 0.0798396
OUT: 0.223676
OUT: 0.000317419
OUT: 0
OUT: 0
OUT: 0
OUT: 0.0531104
OUT: 0.299116
OUT: 0.770502
OUT: 0.530864
OUT: 0
OUT: 0
OUT: 0
OUT: 0
OUT: 3.02875
OUT: 2.01182
OUT: 0
OUT: 0.101563
OUT: 0
OUT: 0
OUT: 5.83123
OUT: 3.4943
OUT: 0
OUT: 0.496961
OUT: 0
OUT: 0
OUT: 7.26925
OUT: 3.71608
OUT: 0
OUT: 0.748513
OUT: 0.012072
OUT: 0
OUT: 5.35865
OUT: 2.19313
OUT: 0
OUT: 0.579203
OUT: 0.213985
OUT: 0.492826
OUT: 2.51795
OUT: 0.937024
OUT: 0
OUT: 0.118589
OUT: 0.107926
OUT: 0.304844
OUT: 0.398213
OUT: 0.145709
OUT: 0.0356519
OUT: 0.0297597
OUT: 0.0798396
OUT: 0.223676
OUT: 0.000317419
OUT: 0
OUT: 0.0356519
OUT: 0.0297597
OUT: 0.0798396
OUT: 0.223676
OUT: 0.000317419
OUT: 0
OUT: 0.0356519
OUT: 0.0297597
OUT: 0.0798396
OUT: 0.223676
OUT: 0.000317419
OUT: 0
OUT: 0.0356519
OUT: 0.0297597
OUT: 0.0798396
OUT: 0.223676
OUT: 0.000317419
OUT: 0
OUT: 0.0356519
OUT: 0.0297597
OUT: 0.0798396
OUT: 0.223676
OUT: 0.000317419
OUT: 0
OUT: 0.0356519
OUT: 0.0297597
OUT: 0.0798396
OUT: 0.223676
OUT: 0.000317419
OUT: 0
OUT: 0.0356519
OUT: 0.0297597
OUT: 0.0798396
OUT: 0.223676
OUT: 0.000317419
OUT: 0
OUT: 0.0356519
OUT: 0.0297597
OUT: 0.0798396
OUT: 0.223676
OUT: 0.000317419
OUT: 0
OUT: 0.0356519
OUT: 0.0297597
OUT: 0.0798396
OUT: 0.223676
OUT: 0.000317419
OUT: 0
OUT: 0.0356519
OUT: 0.0297597
OUT: 0.0798396
OUT: 0.223676
OUT: 0.000317419
OUT: 0
OUT: 0.0356519
OUT: 0.0297597
OUT: 0.0798396
OUT: 0.223676
OUT: 0.000317419
OUT: 0
OUT: 0.0356519
OUT: 0.0297597
OUT: 0.0798396
OUT: 0.223676
OUT: 0.000317419
OUT: 0
OUT: 0.0356519
OUT: 0.0297597
OUT: 0.0798396
OUT: 0.223676
OUT: 0.000317419
OUT: 0
OUT: 0.0356519
OUT: 0.0297597
OUT: 0.0798396
OUT: 0.223676
OUT: 0.000317419
OUT: 0
OUT: 0.0356519
OUT: 0.0297597
OUT: 0.0798396
OUT: 0.223676
OUT: 0.000317419
OUT: 0
OUT: 0.0356519
OUT: 0.0297597
OUT: 0.0798396
OUT: 0.223676
OUT: 0.000317419
OUT: 0
OUT: 0.0356519
OUT: 0.0297597
OUT: 0.0798396
OUT: 0.223676
OUT: 0.000317419
OUT: 0
OUT: 0.0356519
OUT: 0.0297597
OUT: 0.0798396
OUT: 0.223676
OUT: 0.000317419
OUT: 0
OUT: 0.0356519
OUT: 0.0297597
OUT: 0.0798396
OUT: 0.223676
OUT: 0.000317419
OUT: 0
OUT: 0.0356519
OUT: 0.0297597
OUT: 0.0798396
OUT: 0.223676
OUT: 0.000317419
OUT: 0
OUT: 0.0356519
OUT: 0.0297597
OUT: 0.0798396
OUT: 0.223676
OUT: 0.000317419
OUT: 0
OUT: 0.118781
OUT: 0.229194
OUT: 0.134212
OUT: 0.185109
OUT: 0.810321
OUT: 0.401607
OUT: 0
OUT: 0.763642
OUT: 0.186655
OUT: 0
OUT: 2.73847
OUT: 1.27212
OUT: 0
OUT: 1.31539
OUT: 0.217582
OUT: 0
OUT: 4.79707
OUT: 1.99411
OUT: 0
OUT: 1.39029
OUT: 0.096633
OUT: 0
OUT: 5.02043
OUT: 1.70947
OUT: 0
OUT: 0.986498
OUT: 0.0889409
OUT: 0.339388
OUT: 3.05016
OUT: 0.932224
OUT: 0
OUT: 0.323298
OUT: 0.00817892
OUT: 0.513283
OUT: 1.0671
OUT: 0.36112
OUT: 0
OUT: 0.0643349
OUT: 0.0670338
OUT: 0.283993
OUT: 0.151245
OUT: 0.055354
OUT: 0.0356519
OUT: 0.0297597
OUT: 0.0798396
OUT: 0.223676
OUT: 0.000317419
OUT: 0
OUT: 0.0356519
OUT: 0.0297597
OUT: 0.0798396
OUT: 0.223676
OUT: 0.000317419
OUT: 0
OUT: 0.0356519
OUT: 0.0297597
OUT: 0.0798396
OUT: 0.223676
OUT: 0.000317419
OUT: 0
OUT: 0.0356519
OUT: 0.0297597
OUT: 0.0798396
OUT: 0.223676
OUT: 0.000317419
OUT: 0
OUT: 0.0356519
OUT: 0.0297597
OUT: 0.0798396
OUT: 0.223676
OUT: 0.000317419
OUT: 0
OUT: 0.0356519
OUT: 0.0297597
OUT: 0.0798396
OUT: 0.223676
OUT: 0.000317419
OUT: 0
OUT: 0.0356519
OUT: 0.0297597
OUT: 0.0798396
OUT: 0.223676
OUT: 0.000317419
OUT: 0
OUT: 0.0356519
OUT: 0.0297597
OUT: 0.0798396
OUT: 0.223676
OUT: 0.000317419
OUT: 0
OUT: 0.0356519
OUT: 0.0297597
OUT: 0.0798396
OUT: 0.223676
OUT: 0.000317419
OUT: 0
OUT: 0.0356519
OUT: 0.0297597
OUT: 0.0798396
OUT: 0.223676
OUT: 0.000317419
OUT: 0
OUT: 0.0356519
OUT: 0.0297597
OUT: 0.0798396
OUT: 0.223676
OUT: 0.000317419
OUT: 0
OUT: 0.0356519
OUT: 0.0297597
OUT: 0.0798396
OUT: 0.223676
OUT: 0.000317419
OUT: 0
OUT: 0.0356519
OUT: 0.0297597
OUT: 0.0798396
OUT: 0.223676
OUT: 0.000317419
OUT: 0
OUT: 0.0356519
OUT: 0.0297597
OUT: 0.0798396
OUT: 0.223676
OUT: 0.000317419
OUT: 0
OUT: 0.0356519
OUT: 0.0297597
OUT: 0.0798396
OUT: 0.223676
OUT: 0.000317419
OUT: 0
OUT: 0.0356519
OUT: 0.0297597
OUT: 0.0798396
OUT: 0.223676
OUT: 0.000317419
OUT: 0
OUT: 0.0356519
OUT: 0.0297597
OUT: 0.0798396
OUT: 0.223676
OUT: 0.000317419
OUT: 0
OUT: 0.0356519
OUT: 0.0297597
OUT: 0.0798396
OUT: 0.223676
OUT: 0.000317419
OUT: 0
OUT: 0.0356519
OUT: 0.0297597
OUT: 0.0798396
OUT: 0.223676
OUT: 0.000317419
OUT: 0
OUT: 0.0356519
OUT: 0.0297597
OUT: 0.0798396
OUT: 0.223676
OUT: 0.000317419
OUT: 0
OUT: 0.0356519
OUT: 0.0297597
OUT: 0.0798396
OUT: 0.223676
OUT: 0.000317419
OUT: 0
OUT: 0.113369
OUT: 0.146607
OUT: 0
OUT: 0.143028
OUT: 0.427232
OUT: 0.0403056
OUT: 0.0708111
OUT: 0.530635
OUT: 0
OUT: 0
OUT: 1.3493
OUT: 0.157786
OUT: 0
OUT: 0.870778
OUT: 0
OUT: 0.00230874
OUT: 2.13775
OUT: 0.390254
OUT: 0
OUT: 0.703947
OUT: 0
OUT: 0.378026
OUT: 1.79687
OUT: 0.483299
OUT: 0
OUT: 0.246708
OUT: 0.00381397
OUT: 0.516975
OUT: 0.84873
OUT: 0.298028
OUT: 0.0149748
OUT: 0.0453185
OUT: 0.074077
OUT: 0.250818
OUT: 0.0682349
OUT: 0.0248153
OUT: 0.0356519
OUT: 0.0297597
OUT: 0.0798396
OUT: 0.223676
OUT: 0.000317419
OUT: 0
OUT: 0.0356519
OUT: 0.0297597
OUT: 0.0798396
OUT: 0.223676
OUT: 0.000317419
OUT: 0
OUT: 0.0356519
OUT: 0.0297597
OUT: 0.0798396
OUT: 0.223676
OUT: 0.000317419
OUT: 0
OUT: 0.0356519
OUT: 0.0297597
OUT: 0.0798396
OUT: 0.223676
OUT: 0.000317419
OUT: 0
OUT: 0.0356519
OUT: 0.0297597
OUT: 0.0798396
OUT: 0.223676
OUT: 0.000317419
OUT: 0
OUT: 0.0356519
OUT: 0.0297597
OUT: 0.0798396
OUT: 0.223676
OUT: 0.000317419
OUT: 0
OUT: 0.0356519
OUT: 0.0297597
OUT: 0.0798396
OUT: 0.223676
OUT: 0.000317419
OUT: 0
OUT: 0.0356519
OUT: 0.0297597
OUT: 0.0798396
OUT: 0.223676
OUT: 0.000317419
OUT: 0
OUT: 0.0356519
OUT: 0.0297597
OUT: 0.0798396
OUT: 0.223676
OUT: 0.000317419
OUT: 0
OUT: 0.0356519
OUT: 0.0297597
OUT: 0.0798396
OUT: 0.223676
OUT: 0.000317419
OUT: 0
OUT: 0.0356519
OUT: 0.0297597
OUT: 0.0798396
OUT: 0.223676
OUT: 0.000317419
OUT: 0
OUT: 0.0356519
OUT: 0.0297597
OUT: 0.0798396
OUT: 0.223676
OUT: 0.000317419
OUT: 0
OUT: 0.0356519
OUT: 0.0297597
OUT: 0.0798396
OUT: 0.223676
OUT: 0.000317419
OUT: 0
----------------------------------------------
   RMSE 321.012695
----------------------------------------------
*******************************************
FAIL: Output DOES NOT match the golden output
*******************************************
ERR: [SIM 100] 'csim_design' failed: nonzero return value.
INFO: [SIM 3] *************** CSIM finish ***************
