

================================================================
== Vivado HLS Report for 'conv2d'
================================================================
* Date:           Sun Mar  8 01:15:32 2020

* Version:        2019.1 (Build 2552052 on Fri May 24 15:28:33 MDT 2019)
* Project:        conv2d_cnn
* Solution:       solution2_opt
* Product family: zynq
* Target device:  xc7z020-clg400-1


================================================================
== Performance Estimates
================================================================
+ Timing (ns): 
    * Summary: 
    +--------+-------+----------+------------+
    |  Clock | Target| Estimated| Uncertainty|
    +--------+-------+----------+------------+
    |ap_clk  |  10.00|     8.400|        1.25|
    +--------+-------+----------+------------+

+ Latency (clock cycles): 
    * Summary: 
    +--------+--------+--------+--------+---------+
    |     Latency     |     Interval    | Pipeline|
    |   min  |   max  |   min  |   max  |   Type  |
    +--------+--------+--------+--------+---------+
    |  130129|  130129|  130129|  130129|   none  |
    +--------+--------+--------+--------+---------+

    + Detail: 
        * Instance: 
        N/A

        * Loop: 
        +--------------------+--------+--------+----------+-----------+-----------+------+----------+
        |                    |     Latency     | Iteration|  Initiation Interval  | Trip |          |
        |      Loop Name     |   min  |   max  |  Latency |  achieved |   target  | Count| Pipelined|
        +--------------------+--------+--------+----------+-----------+-----------+------+----------+
        |- OFM               |  130128|  130128|      8133|          -|          -|    16|    no    |
        | + ROW_CLR_COL_CLR  |     100|     100|         2|          1|          1|   100|    yes   |
        | + IFM_ROW_COL      |    7924|    7924|       138|         13|          1|   600|    yes   |
        | + ROW_CPY_COL_CPY  |     101|     101|         3|          1|          1|   100|    yes   |
        +--------------------+--------+--------+----------+-----------+-----------+------+----------+



================================================================
== Utilization Estimates
================================================================
* Summary: 
+-----------------+---------+-------+--------+-------+-----+
|       Name      | BRAM_18K| DSP48E|   FF   |  LUT  | URAM|
+-----------------+---------+-------+--------+-------+-----+
|DSP              |        -|      -|       -|      -|    -|
|Expression       |        -|      0|       0|   1858|    -|
|FIFO             |        -|      -|       -|      -|    -|
|Instance         |        -|     10|     696|   1422|    -|
|Memory           |        1|      -|       0|      0|    0|
|Multiplexer      |        -|      -|       -|   1016|    -|
|Register         |        0|      -|    3868|    736|    -|
+-----------------+---------+-------+--------+-------+-----+
|Total            |        1|     10|    4564|   5032|    0|
+-----------------+---------+-------+--------+-------+-----+
|Available        |      280|    220|  106400|  53200|    0|
+-----------------+---------+-------+--------+-------+-----+
|Utilization (%)  |    ~0   |      4|       4|      9|    0|
+-----------------+---------+-------+--------+-------+-----+

+ Detail: 
    * Instance: 
    +-------------------------+----------------------+---------+-------+-----+-----+-----+
    |         Instance        |        Module        | BRAM_18K| DSP48E|  FF | LUT | URAM|
    +-------------------------+----------------------+---------+-------+-----+-----+-----+
    |conv2d_fadd_32ns_bkb_U1  |conv2d_fadd_32ns_bkb  |        0|      2|  205|  390|    0|
    |conv2d_fadd_32ns_bkb_U2  |conv2d_fadd_32ns_bkb  |        0|      2|  205|  390|    0|
    |conv2d_fmul_32ns_cud_U3  |conv2d_fmul_32ns_cud  |        0|      3|  143|  321|    0|
    |conv2d_fmul_32ns_cud_U4  |conv2d_fmul_32ns_cud  |        0|      3|  143|  321|    0|
    +-------------------------+----------------------+---------+-------+-----+-----+-----+
    |Total                    |                      |        0|     10|  696| 1422|    0|
    +-------------------------+----------------------+---------+-------+-----+-----+-----+

    * DSP48E: 
    N/A

    * Memory: 
    +-----------+----------------+---------+---+----+-----+------+-----+------+-------------+
    |   Memory  |     Module     | BRAM_18K| FF| LUT| URAM| Words| Bits| Banks| W*Bits*Banks|
    +-----------+----------------+---------+---+----+-----+------+-----+------+-------------+
    |acc_buf_U  |conv2d_acc_buf  |        1|  0|   0|    0|   100|   32|     1|         3200|
    +-----------+----------------+---------+---+----+-----+------+-----+------+-------------+
    |Total      |                |        1|  0|   0|    0|   100|   32|     1|         3200|
    +-----------+----------------+---------+---+----+-----+------+-----+------+-------------+

    * FIFO: 
    N/A

    * Expression: 
    +--------------------------+----------+-------+---+----+------------+------------+
    |       Variable Name      | Operation| DSP48E| FF| LUT| Bitwidth P0| Bitwidth P1|
    +--------------------------+----------+-------+---+----+------------+------------+
    |mul_ln31_fu_1532_p2       |     *    |      0|  0|  63|           5|          10|
    |add_ln17_fu_1026_p2       |     +    |      0|  0|  15|           7|           1|
    |add_ln20_1_fu_1097_p2     |     +    |      0|  0|   8|           8|           8|
    |add_ln20_fu_1088_p2       |     +    |      0|  0|   8|           8|           8|
    |add_ln24_fu_1138_p2       |     +    |      0|  0|  14|          10|           1|
    |add_ln25_fu_1523_p2       |     +    |      0|  0|  15|           1|           8|
    |add_ln31_10_fu_1665_p2    |     +    |      0|  0|  17|           3|          13|
    |add_ln31_11_fu_1703_p2    |     +    |      0|  0|  17|           3|          13|
    |add_ln31_12_fu_1713_p2    |     +    |      0|  0|  17|           3|          13|
    |add_ln31_13_fu_1741_p2    |     +    |      0|  0|  17|           3|          13|
    |add_ln31_14_fu_1751_p2    |     +    |      0|  0|  17|           4|          13|
    |add_ln31_15_fu_1779_p2    |     +    |      0|  0|  17|           4|          13|
    |add_ln31_16_fu_1789_p2    |     +    |      0|  0|  17|           4|          13|
    |add_ln31_17_fu_1817_p2    |     +    |      0|  0|  17|           4|          13|
    |add_ln31_18_fu_1827_p2    |     +    |      0|  0|  17|           4|          13|
    |add_ln31_19_fu_1855_p2    |     +    |      0|  0|  17|           4|          13|
    |add_ln31_1_fu_1617_p2     |     +    |      0|  0|  13|           2|           4|
    |add_ln31_20_fu_1865_p2    |     +    |      0|  0|  17|           4|          13|
    |add_ln31_21_fu_1893_p2    |     +    |      0|  0|  17|           4|          13|
    |add_ln31_22_fu_1903_p2    |     +    |      0|  0|  17|           5|          13|
    |add_ln31_23_fu_1959_p2    |     +    |      0|  0|  17|           5|          13|
    |add_ln31_24_fu_1969_p2    |     +    |      0|  0|  17|           5|          13|
    |add_ln31_25_fu_1987_p2    |     +    |      0|  0|  17|           5|          13|
    |add_ln31_26_fu_1997_p2    |     +    |      0|  0|  17|           5|          13|
    |add_ln31_27_fu_2015_p2    |     +    |      0|  0|  17|           5|          13|
    |add_ln31_28_fu_2025_p2    |     +    |      0|  0|  17|           5|          13|
    |add_ln31_29_fu_2049_p2    |     +    |      0|  0|  17|           5|          13|
    |add_ln31_2_fu_1120_p2     |     +    |      0|  0|  13|           4|           2|
    |add_ln31_30_fu_2059_p2    |     +    |      0|  0|  17|           5|          13|
    |add_ln31_31_fu_1261_p2    |     +    |      0|  0|  13|           1|           4|
    |add_ln31_32_fu_1293_p2    |     +    |      0|  0|  71|          64|          64|
    |add_ln31_33_fu_1307_p2    |     +    |      0|  0|  13|           2|           4|
    |add_ln31_34_fu_1325_p2    |     +    |      0|  0|  71|          64|          64|
    |add_ln31_35_fu_1361_p2    |     +    |      0|  0|  13|           2|           4|
    |add_ln31_36_fu_1379_p2    |     +    |      0|  0|  71|          64|          64|
    |add_ln31_37_fu_1415_p2    |     +    |      0|  0|  13|           3|           4|
    |add_ln31_38_fu_1433_p2    |     +    |      0|  0|  71|          64|          64|
    |add_ln31_39_fu_1469_p2    |     +    |      0|  0|  13|           3|           4|
    |add_ln31_3_fu_1126_p2     |     +    |      0|  0|  13|           4|           3|
    |add_ln31_40_fu_1487_p2    |     +    |      0|  0|  71|          64|          64|
    |add_ln31_41_fu_1566_p2    |     +    |      0|  0|  12|          12|          12|
    |add_ln31_42_fu_1675_p2    |     +    |      0|  0|  12|          12|          12|
    |add_ln31_43_fu_1799_p2    |     +    |      0|  0|  12|          12|          12|
    |add_ln31_44_fu_1875_p2    |     +    |      0|  0|  12|          12|          12|
    |add_ln31_45_fu_1913_p2    |     +    |      0|  0|  12|          12|          12|
    |add_ln31_47_fu_1586_p2    |     +    |      0|  0|  12|          12|          12|
    |add_ln31_48_fu_1723_p2    |     +    |      0|  0|  12|          12|          12|
    |add_ln31_49_fu_1808_p2    |     +    |      0|  0|  12|          12|          12|
    |add_ln31_4_fu_1206_p2     |     +    |      0|  0|  14|          10|          10|
    |add_ln31_50_fu_1917_p2    |     +    |      0|  0|  12|          12|          12|
    |add_ln31_51_fu_1926_p2    |     +    |      0|  0|  12|          12|          12|
    |add_ln31_52_fu_1626_p2    |     +    |      0|  0|  12|          12|          12|
    |add_ln31_53_fu_1732_p2    |     +    |      0|  0|  12|          12|          12|
    |add_ln31_54_fu_1837_p2    |     +    |      0|  0|  12|          12|          12|
    |add_ln31_55_fu_1930_p2    |     +    |      0|  0|  12|          12|          12|
    |add_ln31_56_fu_1939_p2    |     +    |      0|  0|  12|          12|          12|
    |add_ln31_57_fu_1645_p2    |     +    |      0|  0|  12|          12|          12|
    |add_ln31_58_fu_1761_p2    |     +    |      0|  0|  12|          12|          12|
    |add_ln31_59_fu_1846_p2    |     +    |      0|  0|  12|          12|          12|
    |add_ln31_5_fu_1636_p2     |     +    |      0|  0|  13|           2|           4|
    |add_ln31_60_fu_1943_p2    |     +    |      0|  0|  12|          12|          12|
    |add_ln31_61_fu_1947_p2    |     +    |      0|  0|  12|          12|          12|
    |add_ln31_62_fu_1693_p2    |     +    |      0|  0|  12|          12|          12|
    |add_ln31_63_fu_1770_p2    |     +    |      0|  0|  12|          12|          12|
    |add_ln31_64_fu_1884_p2    |     +    |      0|  0|  12|          12|          12|
    |add_ln31_65_fu_1951_p2    |     +    |      0|  0|  12|          12|          12|
    |add_ln31_66_fu_1955_p2    |     +    |      0|  0|  12|          12|          12|
    |add_ln31_6_fu_1684_p2     |     +    |      0|  0|  13|           3|           4|
    |add_ln31_7_fu_1597_p2     |     +    |      0|  0|  17|           1|          13|
    |add_ln31_8_fu_1607_p2     |     +    |      0|  0|  17|           2|          13|
    |add_ln31_9_fu_1655_p2     |     +    |      0|  0|  17|           2|          13|
    |add_ln31_fu_1114_p2       |     +    |      0|  0|  13|           4|           2|
    |add_ln35_1_fu_2104_p2     |     +    |      0|  0|   8|           8|           8|
    |add_ln35_fu_2095_p2       |     +    |      0|  0|   8|           8|           8|
    |add_ln41_fu_2121_p2       |     +    |      0|  0|  15|           7|           1|
    |add_ln44_1_fu_2164_p2     |     +    |      0|  0|  15|           9|           9|
    |add_ln44_2_fu_2189_p2     |     +    |      0|  0|   8|          12|          12|
    |add_ln44_3_fu_2217_p2     |     +    |      0|  0|   8|           8|           8|
    |add_ln44_4_fu_2229_p2     |     +    |      0|  0|   8|          12|          12|
    |add_ln44_5_fu_2235_p2     |     +    |      0|  0|   8|           8|           8|
    |add_ln44_fu_1014_p2       |     +    |      0|  0|  15|           9|           9|
    |c_1_fu_1577_p2            |     +    |      0|  0|  13|           1|           4|
    |c_2_fu_2155_p2            |     +    |      0|  0|  13|           4|           1|
    |c_fu_1060_p2              |     +    |      0|  0|  13|           4|           1|
    |ifm_fu_1144_p2            |     +    |      0|  0|  12|           1|           3|
    |ofm_fu_969_p2             |     +    |      0|  0|  15|           5|           1|
    |r_1_fu_1108_p2            |     +    |      0|  0|  13|           4|           1|
    |r_2_fu_2127_p2            |     +    |      0|  0|  13|           4|           1|
    |r_fu_1032_p2              |     +    |      0|  0|  13|           4|           1|
    |sub_ln31_1_fu_1196_p2     |     -    |      0|  0|  71|          64|          64|
    |sub_ln31_2_fu_1557_p2     |     -    |      0|  0|  12|          12|          12|
    |sub_ln31_3_fu_1355_p2     |     -    |      0|  0|  12|          12|          12|
    |sub_ln31_4_fu_1409_p2     |     -    |      0|  0|  12|          12|          12|
    |sub_ln31_5_fu_1463_p2     |     -    |      0|  0|  12|          12|          12|
    |sub_ln31_6_fu_1517_p2     |     -    |      0|  0|  12|          12|          12|
    |sub_ln31_fu_1004_p2       |     -    |      0|  0|  15|           9|           9|
    |and_ln31_fu_1255_p2       |    and   |      0|  0|   2|           1|           1|
    |icmp_ln15_fu_963_p2       |   icmp   |      0|  0|  11|           5|           6|
    |icmp_ln17_fu_1020_p2      |   icmp   |      0|  0|  11|           7|           6|
    |icmp_ln18_fu_1038_p2      |   icmp   |      0|  0|   9|           4|           4|
    |icmp_ln24_fu_1132_p2      |   icmp   |      0|  0|  13|          10|          10|
    |icmp_ln25_fu_1150_p2      |   icmp   |      0|  0|  11|           8|           7|
    |icmp_ln26_fu_1249_p2      |   icmp   |      0|  0|   9|           4|           4|
    |icmp_ln41_fu_2115_p2      |   icmp   |      0|  0|  11|           7|           6|
    |icmp_ln42_fu_2133_p2      |   icmp   |      0|  0|   9|           4|           4|
    |or_ln35_fu_1267_p2        |    or    |      0|  0|   2|           1|           1|
    |select_ln20_1_fu_1052_p3  |  select  |      0|  0|   4|           1|           4|
    |select_ln20_fu_1044_p3    |  select  |      0|  0|   4|           1|           1|
    |select_ln25_fu_2043_p3    |  select  |      0|  0|   8|           1|           1|
    |select_ln31_1_fu_1164_p3  |  select  |      0|  0|   3|           1|           3|
    |select_ln31_2_fu_1211_p3  |  select  |      0|  0|   4|           1|           1|
    |select_ln31_3_fu_1219_p3  |  select  |      0|  0|   4|           1|           2|
    |select_ln31_4_fu_1227_p3  |  select  |      0|  0|   4|           1|           2|
    |select_ln31_5_fu_1235_p3  |  select  |      0|  0|   4|           1|           3|
    |select_ln31_fu_1156_p3    |  select  |      0|  0|   4|           1|           1|
    |select_ln35_1_fu_1281_p3  |  select  |      0|  0|   4|           1|           4|
    |select_ln35_2_fu_1313_p3  |  select  |      0|  0|   4|           1|           4|
    |select_ln35_3_fu_1367_p3  |  select  |      0|  0|   4|           1|           4|
    |select_ln35_4_fu_1421_p3  |  select  |      0|  0|   4|           1|           4|
    |select_ln35_5_fu_1475_p3  |  select  |      0|  0|   4|           1|           4|
    |select_ln35_fu_1273_p3    |  select  |      0|  0|   4|           1|           1|
    |select_ln44_1_fu_2147_p3  |  select  |      0|  0|   4|           1|           4|
    |select_ln44_fu_2139_p3    |  select  |      0|  0|   4|           1|           1|
    |ap_enable_pp0             |    xor   |      0|  0|   2|           1|           2|
    |ap_enable_pp1             |    xor   |      0|  0|   2|           1|           2|
    |ap_enable_pp2             |    xor   |      0|  0|   2|           1|           2|
    |ap_enable_reg_pp0_iter1   |    xor   |      0|  0|   2|           2|           1|
    |ap_enable_reg_pp2_iter1   |    xor   |      0|  0|   2|           2|           1|
    |xor_ln31_fu_1243_p2       |    xor   |      0|  0|   2|           1|           2|
    +--------------------------+----------+-------+---+----+------------+------------+
    |Total                     |          |      0|  0|1858|        1110|        1341|
    +--------------------------+----------+-------+---+----+------------+------------+

    * Multiplexer: 
    +-------------------------------------------+-----+-----------+-----+-----------+
    |                    Name                   | LUT | Input Size| Bits| Total Bits|
    +-------------------------------------------+-----+-----------+-----+-----------+
    |acc_buf_address0                           |   27|          5|    7|         35|
    |acc_buf_d0                                 |   15|          3|   32|         96|
    |ap_NS_fsm                                  |  105|         22|    1|         22|
    |ap_enable_reg_pp0_iter1                    |   15|          3|    1|          3|
    |ap_enable_reg_pp1_iter10                   |    9|          2|    1|          2|
    |ap_enable_reg_pp2_iter1                    |    9|          2|    1|          2|
    |ap_enable_reg_pp2_iter2                    |    9|          2|    1|          2|
    |ap_phi_mux_c2_0_phi_fu_744_p4              |    9|          2|    4|          8|
    |ap_phi_mux_ifm_0_phi_fu_711_p4             |    9|          2|    3|          6|
    |ap_phi_mux_indvar_flatten11_phi_fu_722_p4  |    9|          2|    8|         16|
    |ap_phi_mux_indvar_flatten66_phi_fu_700_p4  |    9|          2|   10|         20|
    |ap_phi_mux_r1_0_phi_fu_733_p4              |    9|          2|    4|          8|
    |ap_phi_mux_r3_0_phi_fu_766_p4              |    9|          2|    4|          8|
    |ap_phi_mux_r_0_phi_fu_678_p4               |    9|          2|    4|          8|
    |c2_0_reg_740                               |    9|          2|    4|          8|
    |c4_0_reg_773                               |    9|          2|    4|          8|
    |c_0_reg_685                                |    9|          2|    4|          8|
    |filt_address0                              |   59|         14|   12|        168|
    |filt_address1                              |   56|         13|   12|        156|
    |grp_fu_784_p0                              |   41|          8|   32|        256|
    |grp_fu_784_p1                              |   59|         14|   32|        448|
    |grp_fu_789_p0                              |   44|          9|   32|        288|
    |grp_fu_789_p1                              |   59|         14|   32|        448|
    |grp_fu_793_p0                              |   33|          6|   32|        192|
    |grp_fu_793_p1                              |   53|         12|   32|        384|
    |grp_fu_797_p0                              |   33|          6|   32|        192|
    |grp_fu_797_p1                              |   41|          8|   32|        256|
    |ifm_0_reg_707                              |    9|          2|    3|          6|
    |in_r_address0                              |   59|         14|   11|        154|
    |in_r_address1                              |   56|         13|   11|        143|
    |indvar_flatten11_reg_718                   |    9|          2|    8|         16|
    |indvar_flatten66_reg_696                   |    9|          2|   10|         20|
    |indvar_flatten78_reg_751                   |    9|          2|    7|         14|
    |indvar_flatten_reg_663                     |    9|          2|    7|         14|
    |ofm_0_reg_651                              |    9|          2|    5|         10|
    |r1_0_reg_729                               |    9|          2|    4|          8|
    |r3_0_reg_762                               |    9|          2|    4|          8|
    |r_0_reg_674                                |    9|          2|    4|          8|
    |reg_801                                    |    9|          2|   32|         64|
    |reg_807                                    |    9|          2|   32|         64|
    |reg_830                                    |    9|          2|   32|         64|
    |reg_837                                    |    9|          2|   32|         64|
    |reg_854                                    |    9|          2|   32|         64|
    |reg_861                                    |    9|          2|   32|         64|
    |reg_878                                    |    9|          2|   32|         64|
    +-------------------------------------------+-----+-----------+-----+-----------+
    |Total                                      | 1016|        222|  671|       3897|
    +-------------------------------------------+-----+-----------+-----+-----------+

    * Register: 
    +----------------------------------------+----+----+-----+-----------+
    |                  Name                  | FF | LUT| Bits| Const Bits|
    +----------------------------------------+----+----+-----+-----------+
    |acc_2_2_reg_2906                        |  32|   0|   32|          0|
    |acc_buf_addr_2_reg_2911                 |   7|   0|    7|          0|
    |acc_buf_addr_2_reg_2911_pp1_iter10_reg  |   7|   0|    7|          0|
    |acc_buf_load_1_reg_2916                 |  32|   0|   32|          0|
    |add_ln24_reg_2308                       |  10|   0|   10|          0|
    |add_ln25_reg_2391                       |   8|   0|    8|          0|
    |add_ln31_45_reg_2666                    |  12|   0|   12|          0|
    |add_ln31_4_reg_2323                     |  10|   0|   10|          0|
    |add_ln31_51_reg_2676                    |  12|   0|   12|          0|
    |add_ln31_56_reg_2686                    |  12|   0|   12|          0|
    |add_ln31_60_reg_2691                    |  12|   0|   12|          0|
    |add_ln31_61_reg_2696                    |  12|   0|   12|          0|
    |add_ln31_65_reg_2701                    |  12|   0|   12|          0|
    |add_ln31_66_reg_2706                    |  12|   0|   12|          0|
    |add_ln44_4_reg_2949                     |  12|   0|   12|          0|
    |add_ln44_reg_2268                       |   8|   0|    9|          1|
    |ap_CS_fsm                               |  21|   0|   21|          0|
    |ap_enable_reg_pp0_iter0                 |   1|   0|    1|          0|
    |ap_enable_reg_pp0_iter1                 |   1|   0|    1|          0|
    |ap_enable_reg_pp1_iter0                 |   1|   0|    1|          0|
    |ap_enable_reg_pp1_iter1                 |   1|   0|    1|          0|
    |ap_enable_reg_pp1_iter10                |   1|   0|    1|          0|
    |ap_enable_reg_pp1_iter2                 |   1|   0|    1|          0|
    |ap_enable_reg_pp1_iter3                 |   1|   0|    1|          0|
    |ap_enable_reg_pp1_iter4                 |   1|   0|    1|          0|
    |ap_enable_reg_pp1_iter5                 |   1|   0|    1|          0|
    |ap_enable_reg_pp1_iter6                 |   1|   0|    1|          0|
    |ap_enable_reg_pp1_iter7                 |   1|   0|    1|          0|
    |ap_enable_reg_pp1_iter8                 |   1|   0|    1|          0|
    |ap_enable_reg_pp1_iter9                 |   1|   0|    1|          0|
    |ap_enable_reg_pp2_iter0                 |   1|   0|    1|          0|
    |ap_enable_reg_pp2_iter1                 |   1|   0|    1|          0|
    |ap_enable_reg_pp2_iter2                 |   1|   0|    1|          0|
    |bias_load_reg_2273                      |  32|   0|   32|          0|
    |c2_0_reg_740                            |   4|   0|    4|          0|
    |c4_0_reg_773                            |   4|   0|    4|          0|
    |c_0_reg_685                             |   4|   0|    4|          0|
    |c_1_reg_2449                            |   4|   0|    4|          0|
    |filt_load_24_reg_2851                   |  32|   0|   32|          0|
    |icmp_ln17_reg_2278                      |   1|   0|    1|          0|
    |icmp_ln24_reg_2304                      |   1|   0|    1|          0|
    |icmp_ln25_reg_2313                      |   1|   0|    1|          0|
    |icmp_ln41_reg_2921                      |   1|   0|    1|          0|
    |icmp_ln41_reg_2921_pp2_iter1_reg        |   1|   0|    1|          0|
    |ifm_0_reg_707                           |   3|   0|    3|          0|
    |in_load_21_reg_2811                     |  32|   0|   32|          0|
    |in_load_23_reg_2846                     |  32|   0|   32|          0|
    |indvar_flatten11_reg_718                |   8|   0|    8|          0|
    |indvar_flatten66_reg_696                |  10|   0|   10|          0|
    |indvar_flatten78_reg_751                |   7|   0|    7|          0|
    |indvar_flatten_reg_663                  |   7|   0|    7|          0|
    |mul_ln31_reg_2396                       |  13|   0|   13|          0|
    |ofm_0_reg_651                           |   5|   0|    5|          0|
    |ofm_reg_2253                            |   5|   0|    5|          0|
    |r1_0_reg_729                            |   4|   0|    4|          0|
    |r3_0_reg_762                            |   4|   0|    4|          0|
    |r_0_reg_674                             |   4|   0|    4|          0|
    |reg_801                                 |  32|   0|   32|          0|
    |reg_807                                 |  32|   0|   32|          0|
    |reg_814                                 |  32|   0|   32|          0|
    |reg_820                                 |  32|   0|   32|          0|
    |reg_825                                 |  32|   0|   32|          0|
    |reg_830                                 |  32|   0|   32|          0|
    |reg_837                                 |  32|   0|   32|          0|
    |reg_844                                 |  32|   0|   32|          0|
    |reg_849                                 |  32|   0|   32|          0|
    |reg_854                                 |  32|   0|   32|          0|
    |reg_861                                 |  32|   0|   32|          0|
    |reg_868                                 |  32|   0|   32|          0|
    |reg_873                                 |  32|   0|   32|          0|
    |reg_878                                 |  32|   0|   32|          0|
    |reg_885                                 |  32|   0|   32|          0|
    |reg_890                                 |  32|   0|   32|          0|
    |reg_896                                 |  32|   0|   32|          0|
    |reg_901                                 |  32|   0|   32|          0|
    |reg_906                                 |  32|   0|   32|          0|
    |reg_911                                 |  32|   0|   32|          0|
    |reg_916                                 |  32|   0|   32|          0|
    |reg_921                                 |  32|   0|   32|          0|
    |reg_926                                 |  32|   0|   32|          0|
    |reg_931                                 |  32|   0|   32|          0|
    |reg_936                                 |  32|   0|   32|          0|
    |reg_942                                 |  32|   0|   32|          0|
    |reg_947                                 |  32|   0|   32|          0|
    |reg_952                                 |  32|   0|   32|          0|
    |reg_957                                 |  32|   0|   32|          0|
    |select_ln20_1_reg_2292                  |   4|   0|    4|          0|
    |select_ln20_reg_2287                    |   4|   0|    4|          0|
    |select_ln25_reg_2816                    |   8|   0|    8|          0|
    |select_ln31_1_reg_2318                  |   3|   0|    3|          0|
    |select_ln35_1_reg_2338                  |   4|   0|    4|          0|
    |select_ln35_reg_2328                    |   4|   0|    4|          0|
    |select_ln44_1_reg_2936                  |   4|   0|    4|          0|
    |select_ln44_reg_2930                    |   4|   0|    4|          0|
    |sext_ln31_reg_2263                      |   9|   0|   10|          1|
    |sub_ln31_2_reg_2429                     |  11|   0|   12|          1|
    |sub_ln31_3_reg_2355                     |  11|   0|   12|          1|
    |sub_ln31_4_reg_2364                     |  11|   0|   12|          1|
    |sub_ln31_5_reg_2373                     |  11|   0|   12|          1|
    |sub_ln31_6_reg_2382                     |  11|   0|   12|          1|
    |tmp_1_0_1_reg_2606                      |  32|   0|   32|          0|
    |tmp_1_0_2_reg_2616                      |  32|   0|   32|          0|
    |tmp_1_0_3_reg_2641                      |  32|   0|   32|          0|
    |tmp_1_0_3_reg_2641_pp1_iter1_reg        |  32|   0|   32|          0|
    |tmp_1_0_4_reg_2651                      |  32|   0|   32|          0|
    |tmp_1_0_4_reg_2651_pp1_iter1_reg        |  32|   0|   32|          0|
    |tmp_1_1_1_reg_2716                      |  32|   0|   32|          0|
    |tmp_1_1_2_reg_2741                      |  32|   0|   32|          0|
    |tmp_1_1_3_reg_2746                      |  32|   0|   32|          0|
    |tmp_1_1_4_reg_2771                      |  32|   0|   32|          0|
    |tmp_1_1_reg_2711                        |  32|   0|   32|          0|
    |tmp_1_2_1_reg_2801                      |  32|   0|   32|          0|
    |tmp_1_2_2_reg_2806                      |  32|   0|   32|          0|
    |tmp_1_2_3_reg_2836                      |  32|   0|   32|          0|
    |tmp_1_2_4_reg_2841                      |  32|   0|   32|          0|
    |tmp_1_2_reg_2776                        |  32|   0|   32|          0|
    |tmp_1_3_1_reg_2861                      |  32|   0|   32|          0|
    |tmp_1_3_2_reg_2866                      |  32|   0|   32|          0|
    |tmp_1_3_3_reg_2871                      |  32|   0|   32|          0|
    |tmp_1_3_4_reg_2876                      |  32|   0|   32|          0|
    |tmp_1_3_reg_2856                        |  32|   0|   32|          0|
    |tmp_1_4_1_reg_2886                      |  32|   0|   32|          0|
    |tmp_1_4_2_reg_2891                      |  32|   0|   32|          0|
    |tmp_1_4_3_reg_2896                      |  32|   0|   32|          0|
    |tmp_1_4_4_reg_2901                      |  32|   0|   32|          0|
    |tmp_1_4_reg_2881                        |  32|   0|   32|          0|
    |tmp_s_reg_2586                          |  32|   0|   32|          0|
    |trunc_ln31_1_reg_2350                   |  11|   0|   11|          0|
    |trunc_ln31_reg_2345                     |   8|   0|    8|          0|
    |zext_ln31_12_reg_2454                   |   4|   0|   12|          8|
    |zext_ln31_18_reg_2477                   |   4|   0|   12|          8|
    |zext_ln31_24_reg_2490                   |   4|   0|   12|          8|
    |zext_ln31_30_reg_2518                   |   4|   0|   12|          8|
    |zext_ln31_6_reg_2436                    |   4|   0|   12|          8|
    |icmp_ln24_reg_2304                      |  64|  32|    1|          0|
    |select_ln35_1_reg_2338                  |  64|  32|    4|          0|
    |select_ln35_reg_2328                    |  64|  32|    4|          0|
    |tmp_1_1_1_reg_2716                      |  64|  32|   32|          0|
    |tmp_1_1_2_reg_2741                      |  64|  32|   32|          0|
    |tmp_1_1_3_reg_2746                      |  64|  32|   32|          0|
    |tmp_1_1_4_reg_2771                      |  64|  32|   32|          0|
    |tmp_1_1_reg_2711                        |  64|  32|   32|          0|
    |tmp_1_2_1_reg_2801                      |  64|  32|   32|          0|
    |tmp_1_2_2_reg_2806                      |  64|  32|   32|          0|
    |tmp_1_2_3_reg_2836                      |  64|  32|   32|          0|
    |tmp_1_2_4_reg_2841                      |  64|  32|   32|          0|
    |tmp_1_2_reg_2776                        |  64|  32|   32|          0|
    |tmp_1_3_1_reg_2861                      |  64|  32|   32|          0|
    |tmp_1_3_2_reg_2866                      |  64|  32|   32|          0|
    |tmp_1_3_3_reg_2871                      |  64|  32|   32|          0|
    |tmp_1_3_4_reg_2876                      |  64|  32|   32|          0|
    |tmp_1_3_reg_2856                        |  64|  32|   32|          0|
    |tmp_1_4_1_reg_2886                      |  64|  32|   32|          0|
    |tmp_1_4_2_reg_2891                      |  64|  32|   32|          0|
    |tmp_1_4_3_reg_2896                      |  64|  32|   32|          0|
    |tmp_1_4_4_reg_2901                      |  64|  32|   32|          0|
    |tmp_1_4_reg_2881                        |  64|  32|   32|          0|
    +----------------------------------------+----+----+-----+-----------+
    |Total                                   |3868| 736| 3092|         47|
    +----------------------------------------+----+----+-----+-----------+



================================================================
== Interface
================================================================
* Summary: 
+----------------+-----+-----+------------+--------------+--------------+
|    RTL Ports   | Dir | Bits|  Protocol  | Source Object|    C Type    |
+----------------+-----+-----+------------+--------------+--------------+
|ap_clk          |  in |    1| ap_ctrl_hs |    conv2d    | return value |
|ap_rst          |  in |    1| ap_ctrl_hs |    conv2d    | return value |
|ap_start        |  in |    1| ap_ctrl_hs |    conv2d    | return value |
|ap_done         | out |    1| ap_ctrl_hs |    conv2d    | return value |
|ap_idle         | out |    1| ap_ctrl_hs |    conv2d    | return value |
|ap_ready        | out |    1| ap_ctrl_hs |    conv2d    | return value |
|in_r_address0   | out |   11|  ap_memory |     in_r     |     array    |
|in_r_ce0        | out |    1|  ap_memory |     in_r     |     array    |
|in_r_q0         |  in |   32|  ap_memory |     in_r     |     array    |
|in_r_address1   | out |   11|  ap_memory |     in_r     |     array    |
|in_r_ce1        | out |    1|  ap_memory |     in_r     |     array    |
|in_r_q1         |  in |   32|  ap_memory |     in_r     |     array    |
|filt_address0   | out |   12|  ap_memory |     filt     |     array    |
|filt_ce0        | out |    1|  ap_memory |     filt     |     array    |
|filt_q0         |  in |   32|  ap_memory |     filt     |     array    |
|filt_address1   | out |   12|  ap_memory |     filt     |     array    |
|filt_ce1        | out |    1|  ap_memory |     filt     |     array    |
|filt_q1         |  in |   32|  ap_memory |     filt     |     array    |
|bias_address0   | out |    4|  ap_memory |     bias     |     array    |
|bias_ce0        | out |    1|  ap_memory |     bias     |     array    |
|bias_q0         |  in |   32|  ap_memory |     bias     |     array    |
|out_r_address0  | out |   11|  ap_memory |     out_r    |     array    |
|out_r_ce0       | out |    1|  ap_memory |     out_r    |     array    |
|out_r_we0       | out |    1|  ap_memory |     out_r    |     array    |
|out_r_d0        | out |   32|  ap_memory |     out_r    |     array    |
+----------------+-----+-----+------------+--------------+--------------+

