

================================================================
== Vivado HLS Report for 'conv2d_C1'
================================================================
* Date:           Thu Mar 19 02:08:24 2020

* Version:        2019.1 (Build 2552052 on Fri May 24 15:28:33 MDT 2019)
* Project:        lenet_cnn3_Accuracy
* Solution:       solution_exp_data_42_21
* Product family: zynq
* Target device:  xc7z020-clg400-1


================================================================
== Performance Estimates
================================================================
+ Timing (ns): 
    * Summary: 
    +--------+-------+----------+------------+
    |  Clock | Target| Estimated| Uncertainty|
    +--------+-------+----------+------------+
    |ap_clk  |  10.00|     8.324|        1.25|
    +--------+-------+----------+------------+

+ Latency (clock cycles): 
    * Summary: 
    +-------+-------+-------+-------+---------+
    |    Latency    |    Interval   | Pipeline|
    |  min  |  max  |  min  |  max  |   Type  |
    +-------+-------+-------+-------+---------+
    |  16510|  16510|  16510|  16510|   none  |
    +-------+-------+-------+-------+---------+

    + Detail: 
        * Instance: 
        N/A

        * Loop: 
        +--------------------+-------+-------+----------+-----------+-----------+------+----------+
        |                    |    Latency    | Iteration|  Initiation Interval  | Trip |          |
        |      Loop Name     |  min  |  max  |  Latency |  achieved |   target  | Count| Pipelined|
        +--------------------+-------+-------+----------+-----------+-----------+------+----------+
        |- OFM               |  16509|  16509|      5503|          -|          -|     3|    no    |
        | + ROW_CLR_COL_CLR  |    784|    784|         2|          1|          1|   784|    yes   |
        | + ROW_COL          |   3925|   3925|        11|          5|          1|   784|    yes   |
        | + ROW_CPY_COL_CPY  |    785|    785|         3|          1|          1|   784|    yes   |
        +--------------------+-------+-------+----------+-----------+-----------+------+----------+



================================================================
== Utilization Estimates
================================================================
* Summary: 
+-----------------+---------+-------+--------+-------+-----+
|       Name      | BRAM_18K| DSP48E|   FF   |  LUT  | URAM|
+-----------------+---------+-------+--------+-------+-----+
|DSP              |        -|      -|       -|      -|    -|
|Expression       |        -|      -|       0|   2319|    -|
|FIFO             |        -|      -|       -|      -|    -|
|Instance         |        -|     72|    3690|   1584|    -|
|Memory           |        6|      -|     598|     40|    0|
|Multiplexer      |        -|      -|       -|    401|    -|
|Register         |        -|      -|    3342|      -|    -|
+-----------------+---------+-------+--------+-------+-----+
|Total            |        6|     72|    7630|   4344|    0|
+-----------------+---------+-------+--------+-------+-----+
|Available        |      280|    220|  106400|  53200|    0|
+-----------------+---------+-------+--------+-------+-----+
|Utilization (%)  |        2|     32|       7|      8|    0|
+-----------------+---------+-------+--------+-------+-----+

+ Detail: 
    * Instance: 
    +--------------------------+----------------------+---------+-------+-----+----+-----+
    |         Instance         |        Module        | BRAM_18K| DSP48E|  FF | LUT| URAM|
    +--------------------------+----------------------+---------+-------+-----+----+-----+
    |lenet_mul_42s_29nzec_U7   |lenet_mul_42s_29nzec  |        0|      4|  205|  88|    0|
    |lenet_mul_42s_30nAem_U9   |lenet_mul_42s_30nAem  |        0|      4|  205|  88|    0|
    |lenet_mul_42s_30nAem_U11  |lenet_mul_42s_30nAem  |        0|      4|  205|  88|    0|
    |lenet_mul_42s_30nAem_U13  |lenet_mul_42s_30nAem  |        0|      4|  205|  88|    0|
    |lenet_mul_42s_30nAem_U15  |lenet_mul_42s_30nAem  |        0|      4|  205|  88|    0|
    |lenet_mul_42s_30nAem_U16  |lenet_mul_42s_30nAem  |        0|      4|  205|  88|    0|
    |lenet_mul_42s_30nAem_U17  |lenet_mul_42s_30nAem  |        0|      4|  205|  88|    0|
    |lenet_mul_42s_30sxdS_U1   |lenet_mul_42s_30sxdS  |        0|      4|  205|  88|    0|
    |lenet_mul_42s_30sxdS_U2   |lenet_mul_42s_30sxdS  |        0|      4|  205|  88|    0|
    |lenet_mul_42s_30sxdS_U3   |lenet_mul_42s_30sxdS  |        0|      4|  205|  88|    0|
    |lenet_mul_42s_30sxdS_U14  |lenet_mul_42s_30sxdS  |        0|      4|  205|  88|    0|
    |lenet_mul_42s_30sxdS_U18  |lenet_mul_42s_30sxdS  |        0|      4|  205|  88|    0|
    |lenet_mul_42s_31syd2_U4   |lenet_mul_42s_31syd2  |        0|      4|  205|  88|    0|
    |lenet_mul_42s_31syd2_U5   |lenet_mul_42s_31syd2  |        0|      4|  205|  88|    0|
    |lenet_mul_42s_31syd2_U6   |lenet_mul_42s_31syd2  |        0|      4|  205|  88|    0|
    |lenet_mul_42s_31syd2_U8   |lenet_mul_42s_31syd2  |        0|      4|  205|  88|    0|
    |lenet_mul_42s_31syd2_U10  |lenet_mul_42s_31syd2  |        0|      4|  205|  88|    0|
    |lenet_mul_42s_31syd2_U12  |lenet_mul_42s_31syd2  |        0|      4|  205|  88|    0|
    +--------------------------+----------------------+---------+-------+-----+----+-----+
    |Total                     |                      |        0|     72| 3690|1584|    0|
    +--------------------------+----------------------+---------+-------+-----+----+-----+

    * DSP48E: 
    N/A

    * Memory: 
    +------------------------+----------------------+---------+----+----+-----+------+-----+------+-------------+
    |         Memory         |        Module        | BRAM_18K| FF | LUT| URAM| Words| Bits| Banks| W*Bits*Banks|
    +------------------------+----------------------+---------+----+----+-----+------+-----+------+-------------+
    |C1_biases_V_0_U         |conv2d_C1_C1_biasbkb  |        0|  27|   2|    0|     3|   27|     1|           81|
    |C1_biases_V_1_U         |conv2d_C1_C1_biascud  |        0|  27|   2|    0|     3|   27|     1|           81|
    |C1_weights_V_0_0_0_0_U  |conv2d_C1_C1_weigdEe  |        0|  30|   2|    0|     3|   30|     1|           90|
    |C1_weights_V_1_0_0_0_U  |conv2d_C1_C1_weigeOg  |        0|  30|   2|    0|     3|   30|     1|           90|
    |C1_weights_V_0_0_0_1_U  |conv2d_C1_C1_weigfYi  |        0|  30|   2|    0|     3|   30|     1|           90|
    |C1_weights_V_1_0_0_1_U  |conv2d_C1_C1_weigg8j  |        0|  31|   2|    0|     3|   31|     1|           93|
    |C1_weights_V_0_0_0_2_U  |conv2d_C1_C1_weighbi  |        0|  31|   2|    0|     3|   31|     1|           93|
    |C1_weights_V_1_0_0_2_U  |conv2d_C1_C1_weigibs  |        0|  31|   2|    0|     3|   31|     1|           93|
    |C1_weights_V_0_0_1_0_U  |conv2d_C1_C1_weigjbC  |        0|  28|   2|    0|     3|   28|     1|           84|
    |C1_weights_V_1_0_1_0_U  |conv2d_C1_C1_weigkbM  |        0|  31|   2|    0|     3|   31|     1|           93|
    |C1_weights_V_0_0_1_1_U  |conv2d_C1_C1_weiglbW  |        0|  30|   2|    0|     3|   30|     1|           90|
    |C1_weights_V_1_0_1_1_U  |conv2d_C1_C1_weigmb6  |        0|  31|   2|    0|     3|   31|     1|           93|
    |C1_weights_V_0_0_1_2_U  |conv2d_C1_C1_weigncg  |        0|  30|   2|    0|     3|   30|     1|           90|
    |C1_weights_V_1_0_1_2_U  |conv2d_C1_C1_weigocq  |        0|  31|   2|    0|     3|   31|     1|           93|
    |C1_weights_V_0_0_2_0_U  |conv2d_C1_C1_weigpcA  |        0|  30|   2|    0|     3|   30|     1|           90|
    |C1_weights_V_1_0_2_0_U  |conv2d_C1_C1_weigqcK  |        0|  30|   2|    0|     3|   30|     1|           90|
    |C1_weights_V_0_0_2_1_U  |conv2d_C1_C1_weigrcU  |        0|  30|   2|    0|     3|   30|     1|           90|
    |C1_weights_V_1_0_2_1_U  |conv2d_C1_C1_weigsc4  |        0|  30|   2|    0|     3|   30|     1|           90|
    |C1_weights_V_0_0_2_2_U  |conv2d_C1_C1_weigtde  |        0|  30|   2|    0|     3|   30|     1|           90|
    |C1_weights_V_1_0_2_2_U  |conv2d_C1_C1_weigudo  |        0|  30|   2|    0|     3|   30|     1|           90|
    |acc_buf_0_V_U           |conv2d_C1_acc_bufvdy  |        3|   0|   0|    0|   784|   42|     1|        32928|
    |acc_buf_1_V_U           |conv2d_C1_acc_bufvdy  |        3|   0|   0|    0|   784|   42|     1|        32928|
    +------------------------+----------------------+---------+----+----+-----+------+-----+------+-------------+
    |Total                   |                      |        6| 598|  40|    0|  1628|  682|    22|        67650|
    +------------------------+----------------------+---------+----+----+-----+------+-----+------+-------------+

    * FIFO: 
    N/A

    * Expression: 
    +---------------------------+----------+-------+---+----+------------+------------+
    |       Variable Name       | Operation| DSP48E| FF| LUT| Bitwidth P0| Bitwidth P1|
    +---------------------------+----------+-------+---+----+------------+------------+
    |add_ln1192_100_fu_1584_p2  |     +    |      0|  0|  79|          72|          72|
    |add_ln1192_101_fu_1665_p2  |     +    |      0|  0|  79|          72|          72|
    |add_ln1192_102_fu_1677_p2  |     +    |      0|  0|  79|          72|          72|
    |add_ln1192_103_fu_1700_p2  |     +    |      0|  0|  79|          72|          72|
    |add_ln1192_104_fu_1723_p2  |     +    |      0|  0|  79|          72|          72|
    |add_ln1192_105_fu_1771_p2  |     +    |      0|  0|  79|          72|          72|
    |add_ln1192_106_fu_1786_p2  |     +    |      0|  0|  79|          72|          72|
    |add_ln1192_107_fu_1810_p2  |     +    |      0|  0|  79|          72|          72|
    |add_ln1192_108_fu_1833_p2  |     +    |      0|  0|  79|          72|          72|
    |add_ln1192_109_fu_1865_p2  |     +    |      0|  0|  79|          72|          72|
    |add_ln1192_110_fu_1890_p2  |     +    |      0|  0|  79|          72|          72|
    |add_ln1192_96_fu_1440_p2   |     +    |      0|  0|  79|          72|          72|
    |add_ln1192_97_fu_1522_p2   |     +    |      0|  0|  79|          72|          72|
    |add_ln1192_98_fu_1534_p2   |     +    |      0|  0|  79|          72|          72|
    |add_ln1192_99_fu_1560_p2   |     +    |      0|  0|  79|          72|          72|
    |add_ln1192_fu_1423_p2      |     +    |      0|  0|  79|          72|          72|
    |add_ln203_103_fu_1089_p2   |     +    |      0|  0|  13|          11|          11|
    |add_ln203_104_fu_1169_p2   |     +    |      0|  0|  13|          11|          11|
    |add_ln203_105_fu_1252_p2   |     +    |      0|  0|  13|          11|          11|
    |add_ln203_106_fu_1104_p2   |     +    |      0|  0|  13|          11|          11|
    |add_ln203_107_fu_1270_p2   |     +    |      0|  0|  13|          11|          11|
    |add_ln203_108_fu_1281_p2   |     +    |      0|  0|  13|          11|          11|
    |add_ln203_109_fu_1196_p2   |     +    |      0|  0|  13|          11|          11|
    |add_ln203_110_fu_1321_p2   |     +    |      0|  0|  13|          11|          11|
    |add_ln203_111_fu_1330_p2   |     +    |      0|  0|  13|          11|          11|
    |add_ln203_112_fu_1965_p2   |     +    |      0|  0|  15|           9|           9|
    |add_ln203_113_fu_2034_p2   |     +    |      0|  0|   8|          13|          13|
    |add_ln203_114_fu_2040_p2   |     +    |      0|  0|   8|          11|          11|
    |add_ln203_fu_866_p2        |     +    |      0|  0|   8|          11|          11|
    |add_ln30_fu_795_p2         |     +    |      0|  0|  14|          10|           1|
    |add_ln39_fu_990_p2         |     +    |      0|  0|  14|          10|           1|
    |add_ln47_1_fu_972_p2       |     +    |      0|  0|  15|           5|           1|
    |add_ln47_2_fu_1006_p2      |     +    |      0|  0|  15|           6|           2|
    |add_ln47_3_fu_1151_p2      |     +    |      0|  0|  15|           5|           2|
    |add_ln47_fu_958_p2         |     +    |      0|  0|  15|           6|           2|
    |add_ln48_1_fu_1187_p2      |     +    |      0|  0|  15|           5|           1|
    |add_ln48_fu_1071_p2        |     +    |      0|  0|  15|           6|           2|
    |add_ln66_fu_1922_p2        |     +    |      0|  0|  14|          10|           1|
    |add_ln703_4_fu_1911_p2     |     +    |      0|  0|  49|          42|          42|
    |add_ln703_fu_1906_p2       |     +    |      0|  0|  49|          42|          42|
    |c_3_fu_1956_p2             |     +    |      0|  0|  15|           1|           5|
    |c_fu_829_p2                |     +    |      0|  0|  15|           5|           1|
    |ofm_fu_2057_p2             |     +    |      0|  0|  12|           3|           2|
    |r_3_fu_1928_p2             |     +    |      0|  0|  15|           1|           5|
    |r_fu_801_p2                |     +    |      0|  0|  15|           5|           1|
    |sub_ln203_10_fu_1061_p2    |     -    |      0|  0|  13|          11|          11|
    |sub_ln203_11_fu_1246_p2    |     -    |      0|  0|  13|          11|          11|
    |sub_ln203_12_fu_1994_p2    |     -    |      0|  0|   8|          13|          13|
    |sub_ln203_13_fu_2022_p2    |     -    |      0|  0|   8|          11|          11|
    |sub_ln203_8_fu_857_p2      |     -    |      0|  0|   8|          11|          11|
    |sub_ln203_9_fu_1145_p2     |     -    |      0|  0|  13|          11|          11|
    |sub_ln203_fu_751_p2        |     -    |      0|  0|  15|           8|           8|
    |icmp_ln28_fu_707_p2        |   icmp   |      0|  0|   9|           3|           3|
    |icmp_ln30_fu_789_p2        |   icmp   |      0|  0|  13|          10|           9|
    |icmp_ln31_fu_807_p2        |   icmp   |      0|  0|  11|           5|           4|
    |icmp_ln39_fu_984_p2        |   icmp   |      0|  0|  13|          10|           9|
    |icmp_ln40_fu_996_p2        |   icmp   |      0|  0|  11|           5|           4|
    |icmp_ln49_1_fu_1206_p2     |   icmp   |      0|  0|  11|           5|           4|
    |icmp_ln49_2_fu_1311_p2     |   icmp   |      0|  0|  11|           5|           4|
    |icmp_ln49_fu_978_p2        |   icmp   |      0|  0|  11|           5|           4|
    |icmp_ln66_fu_1916_p2       |   icmp   |      0|  0|  13|          10|           9|
    |icmp_ln67_fu_1934_p2       |   icmp   |      0|  0|  11|           5|           4|
    |ap_block_state1            |    or    |      0|  0|   2|           1|           1|
    |or_ln49_1_fu_1316_p2       |    or    |      0|  0|   2|           1|           1|
    |or_ln49_2_fu_1503_p2       |    or    |      0|  0|   2|           1|           1|
    |or_ln49_3_fu_1646_p2       |    or    |      0|  0|   2|           1|           1|
    |or_ln49_fu_1157_p2         |    or    |      0|  0|   6|           6|           6|
    |select_ln33_1_fu_821_p3    |  select  |      0|  0|   5|           1|           5|
    |select_ln33_fu_813_p3      |  select  |      0|  0|   5|           1|           1|
    |select_ln39_2_fu_1115_p3   |  select  |      0|  0|   5|           1|           5|
    |select_ln39_3_fu_1012_p3   |  select  |      0|  0|   6|           1|           6|
    |select_ln39_4_fu_1028_p3   |  select  |      0|  0|   2|           1|           1|
    |select_ln39_5_fu_1211_p3   |  select  |      0|  0|   2|           1|           1|
    |select_ln39_6_fu_1217_p3   |  select  |      0|  0|   5|           1|           5|
    |select_ln39_fu_1036_p3     |  select  |      0|  0|   5|           1|           1|
    |select_ln49_1_fu_1286_p3   |  select  |      0|  0|  42|           1|           1|
    |select_ln49_2_fu_1335_p3   |  select  |      0|  0|  42|           1|           1|
    |select_ln49_3_fu_1384_p3   |  select  |      0|  0|  42|           1|           1|
    |select_ln49_4_fu_1483_p3   |  select  |      0|  0|  42|           1|           1|
    |select_ln49_5_fu_1507_p3   |  select  |      0|  0|  42|           1|           1|
    |select_ln49_6_fu_1625_p3   |  select  |      0|  0|  42|           1|           1|
    |select_ln49_7_fu_1650_p3   |  select  |      0|  0|  42|           1|           1|
    |select_ln49_fu_1179_p3     |  select  |      0|  0|  42|           1|           1|
    |select_ln69_1_fu_1948_p3   |  select  |      0|  0|   5|           1|           5|
    |select_ln69_fu_1940_p3     |  select  |      0|  0|   5|           1|           1|
    |ap_enable_pp0              |    xor   |      0|  0|   2|           1|           2|
    |ap_enable_pp1              |    xor   |      0|  0|   2|           1|           2|
    |ap_enable_pp2              |    xor   |      0|  0|   2|           1|           2|
    |ap_enable_reg_pp0_iter1    |    xor   |      0|  0|   2|           2|           1|
    |ap_enable_reg_pp2_iter1    |    xor   |      0|  0|   2|           2|           1|
    +---------------------------+----------+-------+---+----+------------+------------+
    |Total                      |          |      0|  0|2319|        1631|        1593|
    +---------------------------+----------+-------+---+----+------------+------------+

    * Multiplexer: 
    +-------------------------------------------+----+-----------+-----+-----------+
    |                    Name                   | LUT| Input Size| Bits| Total Bits|
    +-------------------------------------------+----+-----------+-----+-----------+
    |acc_buf_0_V_address0                       |  27|          5|   10|         50|
    |acc_buf_0_V_d0                             |  15|          3|   42|        126|
    |acc_buf_1_V_address0                       |  27|          5|   10|         50|
    |acc_buf_1_V_d0                             |  15|          3|   42|        126|
    |ap_NS_fsm                                  |  62|         15|    1|         15|
    |ap_done                                    |   9|          2|    1|          2|
    |ap_enable_reg_pp0_iter1                    |  15|          3|    1|          3|
    |ap_enable_reg_pp1_iter2                    |   9|          2|    1|          2|
    |ap_enable_reg_pp2_iter1                    |   9|          2|    1|          2|
    |ap_enable_reg_pp2_iter2                    |   9|          2|    1|          2|
    |ap_phi_mux_c9_0_0_phi_fu_661_p4            |   9|          2|    5|         10|
    |ap_phi_mux_indvar_flatten11_phi_fu_638_p4  |   9|          2|   10|         20|
    |ap_phi_mux_r10_0_phi_fu_684_p4             |   9|          2|    5|         10|
    |ap_phi_mux_r8_0_0_phi_fu_649_p4            |   9|          2|    5|         10|
    |ap_phi_mux_r_0_phi_fu_616_p4               |   9|          2|    5|         10|
    |c11_0_reg_691                              |   9|          2|    5|         10|
    |c9_0_0_reg_657                             |   9|          2|    5|         10|
    |c_0_reg_623                                |   9|          2|    5|         10|
    |in_V_address0                              |  33|          6|   10|         60|
    |in_V_address1                              |  27|          5|   10|         50|
    |indvar_flatten11_reg_634                   |   9|          2|   10|         20|
    |indvar_flatten23_reg_669                   |   9|          2|   10|         20|
    |indvar_flatten_reg_601                     |   9|          2|   10|         20|
    |ofm_0_reg_589                              |   9|          2|    3|          6|
    |r10_0_reg_680                              |   9|          2|    5|         10|
    |r8_0_0_reg_645                             |   9|          2|    5|         10|
    |r_0_reg_612                                |   9|          2|    5|         10|
    |reg_702                                    |   9|          2|   42|         84|
    +-------------------------------------------+----+-----------+-----+-----------+
    |Total                                      | 401|         85|  265|        758|
    +-------------------------------------------+----+-----------+-----+-----------+

    * Register: 
    +-------------------------------------------+----+----+-----+-----------+
    |                    Name                   | FF | LUT| Bits| Const Bits|
    +-------------------------------------------+----+----+-----+-----------+
    |acc_buf_0_V_addr_4_reg_2481                |  10|   0|   10|          0|
    |acc_buf_0_V_addr_4_reg_2481_pp1_iter1_reg  |  10|   0|   10|          0|
    |acc_buf_0_V_load_2_reg_2718                |  42|   0|   42|          0|
    |acc_buf_1_V_addr_4_reg_2486                |  10|   0|   10|          0|
    |acc_buf_1_V_addr_4_reg_2486_pp1_iter1_reg  |  10|   0|   10|          0|
    |acc_buf_1_V_load_2_reg_2723                |  42|   0|   42|          0|
    |add_ln203_105_reg_2460                     |  11|   0|   11|          0|
    |add_ln203_108_reg_2476                     |  11|   0|   11|          0|
    |add_ln203_111_reg_2512                     |  11|   0|   11|          0|
    |add_ln203_113_reg_2786                     |  13|   0|   13|          0|
    |add_ln39_reg_2340                          |  10|   0|   10|          0|
    |add_ln47_1_reg_2325                        |   5|   0|    5|          0|
    |add_ln47_3_reg_2420                        |   5|   0|    5|          0|
    |add_ln48_1_reg_2436                        |   5|   0|    5|          0|
    |add_ln48_reg_2376                          |   6|   0|    6|          0|
    |add_ln703_4_reg_2753                       |  42|   0|   42|          0|
    |add_ln703_reg_2748                         |  42|   0|   42|          0|
    |ap_CS_fsm                                  |  14|   0|   14|          0|
    |ap_done_reg                                |   1|   0|    1|          0|
    |ap_enable_reg_pp0_iter0                    |   1|   0|    1|          0|
    |ap_enable_reg_pp0_iter1                    |   1|   0|    1|          0|
    |ap_enable_reg_pp1_iter0                    |   1|   0|    1|          0|
    |ap_enable_reg_pp1_iter1                    |   1|   0|    1|          0|
    |ap_enable_reg_pp1_iter2                    |   1|   0|    1|          0|
    |ap_enable_reg_pp2_iter0                    |   1|   0|    1|          0|
    |ap_enable_reg_pp2_iter1                    |   1|   0|    1|          0|
    |ap_enable_reg_pp2_iter2                    |   1|   0|    1|          0|
    |c11_0_reg_691                              |   5|   0|    5|          0|
    |c9_0_0_reg_657                             |   5|   0|    5|          0|
    |c_0_reg_623                                |   5|   0|    5|          0|
    |icmp_ln30_reg_2119                         |   1|   0|    1|          0|
    |icmp_ln39_reg_2336                         |   1|   0|    1|          0|
    |icmp_ln39_reg_2336_pp1_iter1_reg           |   1|   0|    1|          0|
    |icmp_ln40_reg_2345                         |   1|   0|    1|          0|
    |icmp_ln49_2_reg_2501                       |   1|   0|    1|          0|
    |icmp_ln49_reg_2331                         |   1|   0|    1|          0|
    |icmp_ln66_reg_2758                         |   1|   0|    1|          0|
    |icmp_ln66_reg_2758_pp2_iter1_reg           |   1|   0|    1|          0|
    |in_V_load_35_reg_2568                      |  42|   0|   42|          0|
    |indvar_flatten11_reg_634                   |  10|   0|   10|          0|
    |indvar_flatten23_reg_669                   |  10|   0|   10|          0|
    |indvar_flatten_reg_601                     |  10|   0|   10|          0|
    |lshr_ln_reg_2066                           |   2|   0|    2|          0|
    |mul_ln1118_101_reg_2542                    |  71|   0|   71|          0|
    |mul_ln1118_102_reg_2547                    |  72|   0|   72|          0|
    |mul_ln1118_103_reg_2578                    |  72|   0|   72|          0|
    |mul_ln1118_104_reg_2588                    |  72|   0|   72|          0|
    |mul_ln1118_105_reg_2598                    |  71|   0|   71|          0|
    |mul_ln1118_106_reg_2603                    |  72|   0|   72|          0|
    |mul_ln1118_107_reg_2626                    |  72|   0|   72|          0|
    |mul_ln1118_108_reg_2636                    |  72|   0|   72|          0|
    |mul_ln1118_109_reg_2646                    |  72|   0|   72|          0|
    |mul_ln1118_110_reg_2651                    |  72|   0|   72|          0|
    |mul_ln1118_111_reg_2678                    |  72|   0|   72|          0|
    |mul_ln1118_112_reg_2688                    |  71|   0|   71|          0|
    |mul_ln1118_113_reg_2698                    |  72|   0|   72|          0|
    |mul_ln1118_114_reg_2703                    |  72|   0|   72|          0|
    |mul_ln1118_115_reg_2728                    |  72|   0|   72|          0|
    |mul_ln1118_116_reg_2738                    |  71|   0|   71|          0|
    |ofm_0_reg_589                              |   3|   0|    3|          0|
    |r10_0_reg_680                              |   5|   0|    5|          0|
    |r8_0_0_reg_645                             |   5|   0|    5|          0|
    |r_0_reg_612                                |   5|   0|    5|          0|
    |reg_702                                    |  42|   0|   42|          0|
    |select_ln33_1_reg_2133                     |   5|   0|    5|          0|
    |select_ln33_reg_2128                       |   5|   0|    5|          0|
    |select_ln39_2_reg_2409                     |   5|   0|    5|          0|
    |select_ln39_3_reg_2353                     |   6|   0|    6|          0|
    |select_ln39_4_reg_2360                     |   1|   0|    1|          0|
    |select_ln39_5_reg_2453                     |   1|   0|    1|          0|
    |select_ln39_reg_2366                       |   5|   0|    5|          0|
    |select_ln49_2_reg_2517                     |  42|   0|   42|          0|
    |select_ln49_5_reg_2620                     |  42|   0|   42|          0|
    |select_ln49_7_reg_2672                     |  42|   0|   42|          0|
    |select_ln49_reg_2431                       |  42|   0|   42|          0|
    |select_ln69_1_reg_2773                     |   5|   0|    5|          0|
    |select_ln69_reg_2767                       |   5|   0|    5|          0|
    |sext_ln1118_10_reg_2300                    |  71|   0|   71|          0|
    |sext_ln1118_11_reg_2320                    |  71|   0|   71|          0|
    |sext_ln1118_2_reg_2240                     |  71|   0|   71|          0|
    |sext_ln1118_3_reg_2245                     |  71|   0|   71|          0|
    |sext_ln1118_4_reg_2250                     |  72|   0|   72|          0|
    |sext_ln1118_5_reg_2255                     |  72|   0|   72|          0|
    |sext_ln1118_6_reg_2260                     |  72|   0|   72|          0|
    |sext_ln1118_7_reg_2270                     |  72|   0|   72|          0|
    |sext_ln1118_8_reg_2280                     |  72|   0|   72|          0|
    |sext_ln1118_9_reg_2290                     |  72|   0|   72|          0|
    |sext_ln1118_reg_2235                       |  71|   0|   71|          0|
    |sext_ln203_10_reg_2387                     |  11|   0|   11|          0|
    |sext_ln203_reg_2104                        |   7|   0|    9|          2|
    |sext_ln708_reg_2109                        |  42|   0|   42|          0|
    |sub_ln203_10_reg_2371                      |   9|   0|   11|          2|
    |sub_ln203_9_reg_2414                       |   9|   0|   11|          2|
    |tmp_144_reg_2381                           |   1|   0|    1|          0|
    |tmp_148_reg_2583                           |  42|   0|   42|          0|
    |tmp_149_reg_2593                           |  42|   0|   42|          0|
    |tmp_152_reg_2631                           |  42|   0|   42|          0|
    |tmp_153_reg_2641                           |  42|   0|   42|          0|
    |tmp_156_reg_2683                           |  42|   0|   42|          0|
    |tmp_157_reg_2693                           |  42|   0|   42|          0|
    |tmp_160_reg_2733                           |  42|   0|   42|          0|
    |tmp_161_reg_2743                           |  42|   0|   42|          0|
    |trunc_ln708_25_reg_2532                    |  41|   0|   41|          0|
    |trunc_ln708_s_reg_2527                     |  41|   0|   41|          0|
    |zext_ln1118_2_reg_2275                     |  30|   0|   72|         42|
    |zext_ln1118_3_reg_2285                     |  30|   0|   72|         42|
    |zext_ln1118_4_reg_2295                     |  30|   0|   72|         42|
    |zext_ln1118_5_reg_2305                     |  30|   0|   72|         42|
    |zext_ln1118_6_reg_2310                     |  30|   0|   72|         42|
    |zext_ln1118_7_reg_2315                     |  30|   0|   72|         42|
    |zext_ln1118_reg_2265                       |  29|   0|   71|         42|
    |zext_ln1265_reg_2072                       |   2|   0|   64|         62|
    |zext_ln203_150_reg_2398                    |   5|   0|   11|          6|
    |zext_ln203_153_reg_2442                    |   5|   0|   11|          6|
    |zext_ln708_reg_2114                        |  18|   0|   42|         24|
    +-------------------------------------------+----+----+-----+-----------+
    |Total                                      |3342|   0| 3740|        398|
    +-------------------------------------------+----+----+-----+-----------+



================================================================
== Interface
================================================================
* Summary: 
+---------------------+-----+-----+------------+--------------+--------------+
|      RTL Ports      | Dir | Bits|  Protocol  | Source Object|    C Type    |
+---------------------+-----+-----+------------+--------------+--------------+
|ap_clk               |  in |    1| ap_ctrl_hs |   conv2d_C1  | return value |
|ap_rst               |  in |    1| ap_ctrl_hs |   conv2d_C1  | return value |
|ap_start             |  in |    1| ap_ctrl_hs |   conv2d_C1  | return value |
|ap_done              | out |    1| ap_ctrl_hs |   conv2d_C1  | return value |
|ap_continue          |  in |    1| ap_ctrl_hs |   conv2d_C1  | return value |
|ap_idle              | out |    1| ap_ctrl_hs |   conv2d_C1  | return value |
|ap_ready             | out |    1| ap_ctrl_hs |   conv2d_C1  | return value |
|in_V_address0        | out |   10|  ap_memory |     in_V     |     array    |
|in_V_ce0             | out |    1|  ap_memory |     in_V     |     array    |
|in_V_q0              |  in |   42|  ap_memory |     in_V     |     array    |
|in_V_address1        | out |   10|  ap_memory |     in_V     |     array    |
|in_V_ce1             | out |    1|  ap_memory |     in_V     |     array    |
|in_V_q1              |  in |   42|  ap_memory |     in_V     |     array    |
|out_c1_0_V_address0  | out |   12|  ap_memory |  out_c1_0_V  |     array    |
|out_c1_0_V_ce0       | out |    1|  ap_memory |  out_c1_0_V  |     array    |
|out_c1_0_V_we0       | out |    1|  ap_memory |  out_c1_0_V  |     array    |
|out_c1_0_V_d0        | out |   42|  ap_memory |  out_c1_0_V  |     array    |
|out_c1_1_V_address0  | out |   12|  ap_memory |  out_c1_1_V  |     array    |
|out_c1_1_V_ce0       | out |    1|  ap_memory |  out_c1_1_V  |     array    |
|out_c1_1_V_we0       | out |    1|  ap_memory |  out_c1_1_V  |     array    |
|out_c1_1_V_d0        | out |   42|  ap_memory |  out_c1_1_V  |     array    |
+---------------------+-----+-----+------------+--------------+--------------+

