

================================================================
== Vivado HLS Report for 'relu_R1'
================================================================
* Date:           Thu Mar 19 02:08:30 2020

* Version:        2019.1 (Build 2552052 on Fri May 24 15:28:33 MDT 2019)
* Project:        lenet_cnn3_Accuracy
* Solution:       solution_exp_data_42_21
* Product family: zynq
* Target device:  xc7z020-clg400-1


================================================================
== Performance Estimates
================================================================
+ Timing (ns): 
    * Summary: 
    +--------+-------+----------+------------+
    |  Clock | Target| Estimated| Uncertainty|
    +--------+-------+----------+------------+
    |ap_clk  |  10.00|     8.719|        1.25|
    +--------+-------+----------+------------+

+ Latency (clock cycles): 
    * Summary: 
    +------+------+------+------+---------+
    |   Latency   |   Interval  | Pipeline|
    |  min |  max |  min |  max |   Type  |
    +------+------+------+------+---------+
    |  2356|  2356|  2356|  2356|   none  |
    +------+------+------+------+---------+

    + Detail: 
        * Instance: 
        N/A

        * Loop: 
        +-----------+------+------+----------+-----------+-----------+------+----------+
        |           |   Latency   | Iteration|  Initiation Interval  | Trip |          |
        | Loop Name |  min |  max |  Latency |  achieved |   target  | Count| Pipelined|
        +-----------+------+------+----------+-----------+-----------+------+----------+
        |- OFM_ROW  |  2354|  2354|        17|         14|          1|   168|    yes   |
        +-----------+------+------+----------+-----------+-----------+------+----------+



================================================================
== Utilization Estimates
================================================================
* Summary: 
+-----------------+---------+-------+--------+-------+-----+
|       Name      | BRAM_18K| DSP48E|   FF   |  LUT  | URAM|
+-----------------+---------+-------+--------+-------+-----+
|DSP              |        -|      -|       -|      -|    -|
|Expression       |        -|      -|       0|   2396|    -|
|FIFO             |        -|      -|       -|      -|    -|
|Instance         |        -|      -|       -|      -|    -|
|Memory           |        -|      -|       -|      -|    -|
|Multiplexer      |        -|      -|       -|    683|    -|
|Register         |        -|      -|    1268|      -|    -|
+-----------------+---------+-------+--------+-------+-----+
|Total            |        0|      0|    1268|   3079|    0|
+-----------------+---------+-------+--------+-------+-----+
|Available        |      280|    220|  106400|  53200|    0|
+-----------------+---------+-------+--------+-------+-----+
|Utilization (%)  |        0|      0|       1|      5|    0|
+-----------------+---------+-------+--------+-------+-----+

+ Detail: 
    * Instance: 
    N/A

    * DSP48E: 
    N/A

    * Memory: 
    N/A

    * FIFO: 
    N/A

    * Expression: 
    +---------------------------+----------+-------+---+----+------------+------------+
    |       Variable Name       | Operation| DSP48E| FF| LUT| Bitwidth P0| Bitwidth P1|
    +---------------------------+----------+-------+---+----+------------+------------+
    |add_ln14_fu_946_p2         |     +    |      0|  0|  15|           8|           1|
    |add_ln203_22_fu_1147_p2    |     +    |      0|  0|  17|           3|          13|
    |add_ln203_23_fu_1158_p2    |     +    |      0|  0|  17|           3|          13|
    |add_ln203_24_fu_1243_p2    |     +    |      0|  0|  17|           3|          13|
    |add_ln203_25_fu_1254_p2    |     +    |      0|  0|  17|           3|          13|
    |add_ln203_26_fu_1307_p2    |     +    |      0|  0|  17|           4|          13|
    |add_ln203_27_fu_1318_p2    |     +    |      0|  0|  17|           4|          13|
    |add_ln203_28_fu_1371_p2    |     +    |      0|  0|  17|           4|          13|
    |add_ln203_29_fu_1382_p2    |     +    |      0|  0|  17|           4|          13|
    |add_ln203_30_fu_1435_p2    |     +    |      0|  0|  17|           4|          13|
    |add_ln203_31_fu_1446_p2    |     +    |      0|  0|  17|           4|          13|
    |add_ln203_32_fu_1499_p2    |     +    |      0|  0|  17|           4|          13|
    |add_ln203_33_fu_1510_p2    |     +    |      0|  0|  17|           4|          13|
    |add_ln203_34_fu_1563_p2    |     +    |      0|  0|  17|           5|          13|
    |add_ln203_35_fu_1574_p2    |     +    |      0|  0|  17|           5|          13|
    |add_ln203_36_fu_1627_p2    |     +    |      0|  0|  17|           5|          13|
    |add_ln203_37_fu_1638_p2    |     +    |      0|  0|  17|           5|          13|
    |add_ln203_38_fu_1691_p2    |     +    |      0|  0|  17|           5|          13|
    |add_ln203_39_fu_1702_p2    |     +    |      0|  0|  17|           5|          13|
    |add_ln203_40_fu_1755_p2    |     +    |      0|  0|  17|           5|          13|
    |add_ln203_41_fu_1766_p2    |     +    |      0|  0|  17|           5|          13|
    |add_ln203_42_fu_1819_p2    |     +    |      0|  0|  17|           5|          13|
    |add_ln203_43_fu_1830_p2    |     +    |      0|  0|  17|           5|          13|
    |add_ln203_44_fu_1888_p2    |     +    |      0|  0|  17|           5|          13|
    |add_ln203_45_fu_1899_p2    |     +    |      0|  0|  17|           5|          13|
    |add_ln203_46_fu_1169_p2    |     +    |      0|  0|  14|          10|          10|
    |add_ln203_47_fu_1329_p2    |     +    |      0|  0|  19|           3|          14|
    |add_ln203_48_fu_1339_p2    |     +    |      0|  0|  19|           3|          14|
    |add_ln203_49_fu_1393_p2    |     +    |      0|  0|  19|           3|          14|
    |add_ln203_50_fu_1403_p2    |     +    |      0|  0|  19|           3|          14|
    |add_ln203_51_fu_1457_p2    |     +    |      0|  0|  19|           4|          14|
    |add_ln203_52_fu_1467_p2    |     +    |      0|  0|  19|           4|          14|
    |add_ln203_53_fu_1521_p2    |     +    |      0|  0|  19|           4|          14|
    |add_ln203_54_fu_1531_p2    |     +    |      0|  0|  19|           4|          14|
    |add_ln203_55_fu_1585_p2    |     +    |      0|  0|  19|           4|          14|
    |add_ln203_56_fu_1595_p2    |     +    |      0|  0|  19|           4|          14|
    |add_ln203_57_fu_1649_p2    |     +    |      0|  0|  19|           4|          14|
    |add_ln203_58_fu_1659_p2    |     +    |      0|  0|  19|           4|          14|
    |add_ln203_59_fu_1713_p2    |     +    |      0|  0|  19|           5|          14|
    |add_ln203_60_fu_1723_p2    |     +    |      0|  0|  19|           5|          14|
    |add_ln203_61_fu_1777_p2    |     +    |      0|  0|  19|           5|          14|
    |add_ln203_62_fu_1787_p2    |     +    |      0|  0|  19|           5|          14|
    |add_ln203_63_fu_1841_p2    |     +    |      0|  0|  19|           5|          14|
    |add_ln203_64_fu_1851_p2    |     +    |      0|  0|  19|           5|          14|
    |add_ln203_65_fu_1910_p2    |     +    |      0|  0|  19|           5|          14|
    |add_ln203_66_fu_1920_p2    |     +    |      0|  0|  19|           5|          14|
    |add_ln203_67_fu_1952_p2    |     +    |      0|  0|  19|           5|          14|
    |add_ln203_68_fu_1962_p2    |     +    |      0|  0|  19|           5|          14|
    |add_ln203_69_fu_1994_p2    |     +    |      0|  0|  19|           5|          14|
    |add_ln203_70_fu_2004_p2    |     +    |      0|  0|  19|           5|          14|
    |add_ln203_fu_1029_p2       |     +    |      0|  0|  15|           9|           9|
    |ofm_fu_952_p2              |     +    |      0|  0|  12|           1|           3|
    |r_fu_1883_p2               |     +    |      0|  0|  15|           1|           5|
    |sub_ln203_1_fu_1016_p2     |     -    |      0|  0|  15|           8|           8|
    |sub_ln203_2_fu_1059_p2     |     -    |      0|  0|  17|          13|          13|
    |sub_ln203_3_fu_1199_p2     |     -    |      0|  0|  19|          14|          14|
    |sub_ln203_fu_1105_p2       |     -    |      0|  0|  15|           9|           9|
    |grp_fu_921_p2              |   icmp   |      0|  0|  24|          42|           1|
    |grp_fu_934_p2              |   icmp   |      0|  0|  24|          42|           1|
    |icmp_ln14_fu_940_p2        |   icmp   |      0|  0|  11|           8|           8|
    |icmp_ln15_fu_958_p2        |   icmp   |      0|  0|  11|           5|           4|
    |ap_block_state1            |    or    |      0|  0|   2|           1|           1|
    |or_ln203_2_fu_1111_p2      |    or    |      0|  0|  13|          13|           2|
    |or_ln203_3_fu_1122_p2      |    or    |      0|  0|  13|          13|           2|
    |or_ln203_4_fu_1210_p2      |    or    |      0|  0|  14|          14|           1|
    |or_ln203_5_fu_1265_p2      |    or    |      0|  0|  14|          14|           2|
    |or_ln203_6_fu_1275_p2      |    or    |      0|  0|  14|          14|           2|
    |or_ln203_fu_1071_p2        |    or    |      0|  0|  13|          13|           1|
    |grp_fu_914_p3              |  select  |      0|  0|  42|           1|          42|
    |grp_fu_927_p3              |  select  |      0|  0|  42|           1|          42|
    |select_ln19_1_fu_972_p3    |  select  |      0|  0|   3|           1|           3|
    |select_ln19_fu_964_p3      |  select  |      0|  0|   5|           1|           1|
    |select_ln20_10_fu_1541_p3  |  select  |      0|  0|  41|           1|          41|
    |select_ln20_11_fu_1548_p3  |  select  |      0|  0|  41|           1|          41|
    |select_ln20_12_fu_1605_p3  |  select  |      0|  0|  41|           1|          41|
    |select_ln20_13_fu_1612_p3  |  select  |      0|  0|  41|           1|          41|
    |select_ln20_14_fu_1669_p3  |  select  |      0|  0|  41|           1|          41|
    |select_ln20_15_fu_1676_p3  |  select  |      0|  0|  41|           1|          41|
    |select_ln20_16_fu_1733_p3  |  select  |      0|  0|  41|           1|          41|
    |select_ln20_17_fu_1740_p3  |  select  |      0|  0|  41|           1|          41|
    |select_ln20_18_fu_1797_p3  |  select  |      0|  0|  41|           1|          41|
    |select_ln20_19_fu_1804_p3  |  select  |      0|  0|  41|           1|          41|
    |select_ln20_1_fu_1228_p3   |  select  |      0|  0|  41|           1|          41|
    |select_ln20_20_fu_1861_p3  |  select  |      0|  0|  41|           1|          41|
    |select_ln20_21_fu_1868_p3  |  select  |      0|  0|  41|           1|          41|
    |select_ln20_22_fu_1930_p3  |  select  |      0|  0|  41|           1|          41|
    |select_ln20_23_fu_1937_p3  |  select  |      0|  0|  41|           1|          41|
    |select_ln20_24_fu_1972_p3  |  select  |      0|  0|  41|           1|          41|
    |select_ln20_25_fu_1979_p3  |  select  |      0|  0|  41|           1|          41|
    |select_ln20_26_fu_2014_p3  |  select  |      0|  0|  41|           1|          41|
    |select_ln20_27_fu_2021_p3  |  select  |      0|  0|  41|           1|          41|
    |select_ln20_2_fu_1285_p3   |  select  |      0|  0|  41|           1|          41|
    |select_ln20_3_fu_1292_p3   |  select  |      0|  0|  41|           1|          41|
    |select_ln20_4_fu_1349_p3   |  select  |      0|  0|  41|           1|          41|
    |select_ln20_5_fu_1356_p3   |  select  |      0|  0|  41|           1|          41|
    |select_ln20_6_fu_1413_p3   |  select  |      0|  0|  41|           1|          41|
    |select_ln20_7_fu_1420_p3   |  select  |      0|  0|  41|           1|          41|
    |select_ln20_8_fu_1477_p3   |  select  |      0|  0|  41|           1|          41|
    |select_ln20_9_fu_1484_p3   |  select  |      0|  0|  41|           1|          41|
    |select_ln20_fu_1221_p3     |  select  |      0|  0|  41|           1|          41|
    |ap_enable_pp0              |    xor   |      0|  0|   2|           1|           2|
    +---------------------------+----------+-------+---+----+------------+------------+
    |Total                      |          |      0|  0|2396|         493|        1983|
    +---------------------------+----------+-------+---+----+------------+------------+

    * Multiplexer: 
    +-----------------------------------------+----+-----------+-----+-----------+
    |                   Name                  | LUT| Input Size| Bits| Total Bits|
    +-----------------------------------------+----+-----------+-----+-----------+
    |ap_NS_fsm                                |  85|         17|    1|         17|
    |ap_done                                  |   9|          2|    1|          2|
    |ap_enable_reg_pp0_iter1                  |   9|          2|    1|          2|
    |ap_phi_mux_indvar_flatten_phi_fu_885_p4  |   9|          2|    8|         16|
    |ap_phi_mux_ofm_0_phi_fu_896_p4           |   9|          2|    3|          6|
    |ap_phi_mux_r_0_phi_fu_907_p4             |   9|          2|    5|         10|
    |grp_fu_914_p0                            |  15|          3|    1|          3|
    |grp_fu_927_p0                            |  15|          3|    1|          3|
    |in_0_V_address0                          |  62|         15|   12|        180|
    |in_0_V_address1                          |  62|         15|   12|        180|
    |in_1_V_address0                          |  62|         15|   12|        180|
    |in_1_V_address1                          |  62|         15|   12|        180|
    |indvar_flatten_reg_881                   |   9|          2|    8|         16|
    |ofm_0_reg_892                            |   9|          2|    3|          6|
    |out_V_address0                           |  62|         15|   13|        195|
    |out_V_address1                           |  62|         15|   13|        195|
    |out_V_d0                                 |  62|         15|   41|        615|
    |out_V_d1                                 |  62|         15|   41|        615|
    |r_0_reg_903                              |   9|          2|    5|         10|
    +-----------------------------------------+----+-----------+-----+-----------+
    |Total                                    | 683|        159|  193|       2431|
    +-----------------------------------------+----+-----------+-----+-----------+

    * Register: 
    +-----------------------------------+----+----+-----+-----------+
    |                Name               | FF | LUT| Bits| Const Bits|
    +-----------------------------------+----+----+-----+-----------+
    |add_ln14_reg_2032                  |   8|   0|    8|          0|
    |ap_CS_fsm                          |  16|   0|   16|          0|
    |ap_done_reg                        |   1|   0|    1|          0|
    |ap_enable_reg_pp0_iter0            |   1|   0|    1|          0|
    |ap_enable_reg_pp0_iter1            |   1|   0|    1|          0|
    |icmp_ln1494_10_reg_2373            |   1|   0|    1|          0|
    |icmp_ln1494_11_reg_2383            |   1|   0|    1|          0|
    |icmp_ln1494_12_reg_2413            |   1|   0|    1|          0|
    |icmp_ln1494_13_reg_2423            |   1|   0|    1|          0|
    |icmp_ln1494_14_reg_2453            |   1|   0|    1|          0|
    |icmp_ln1494_15_reg_2463            |   1|   0|    1|          0|
    |icmp_ln1494_16_reg_2493            |   1|   0|    1|          0|
    |icmp_ln1494_17_reg_2503            |   1|   0|    1|          0|
    |icmp_ln1494_18_reg_2533            |   1|   0|    1|          0|
    |icmp_ln1494_19_reg_2543            |   1|   0|    1|          0|
    |icmp_ln1494_1_reg_2153             |   1|   0|    1|          0|
    |icmp_ln1494_20_reg_2573            |   1|   0|    1|          0|
    |icmp_ln1494_21_reg_2583            |   1|   0|    1|          0|
    |icmp_ln1494_22_reg_2613            |   1|   0|    1|          0|
    |icmp_ln1494_23_reg_2623            |   1|   0|    1|          0|
    |icmp_ln1494_24_reg_2658            |   1|   0|    1|          0|
    |icmp_ln1494_25_reg_2668            |   1|   0|    1|          0|
    |icmp_ln1494_26_reg_2678            |   1|   0|    1|          0|
    |icmp_ln1494_27_reg_2688            |   1|   0|    1|          0|
    |icmp_ln1494_2_reg_2213             |   1|   0|    1|          0|
    |icmp_ln1494_3_reg_2223             |   1|   0|    1|          0|
    |icmp_ln1494_4_reg_2253             |   1|   0|    1|          0|
    |icmp_ln1494_5_reg_2263             |   1|   0|    1|          0|
    |icmp_ln1494_6_reg_2293             |   1|   0|    1|          0|
    |icmp_ln1494_7_reg_2303             |   1|   0|    1|          0|
    |icmp_ln1494_8_reg_2333             |   1|   0|    1|          0|
    |icmp_ln1494_9_reg_2343             |   1|   0|    1|          0|
    |icmp_ln1494_reg_2143               |   1|   0|    1|          0|
    |icmp_ln14_reg_2028                 |   1|   0|    1|          0|
    |icmp_ln14_reg_2028_pp0_iter1_reg   |   1|   0|    1|          0|
    |indvar_flatten_reg_881             |   8|   0|    8|          0|
    |ofm_0_reg_892                      |   3|   0|    3|          0|
    |r_0_reg_903                        |   5|   0|    5|          0|
    |r_reg_2628                         |   5|   0|    5|          0|
    |select_ln19_1_reg_2044             |   3|   0|    3|          0|
    |select_ln19_reg_2037               |   5|   0|    5|          0|
    |sub_ln203_2_reg_2063               |  11|   0|   13|          2|
    |sub_ln203_3_reg_2178               |  12|   0|   14|          2|
    |sub_ln203_reg_2113                 |   7|   0|    9|          2|
    |trunc_ln1494_10_reg_2148           |  41|   0|   41|          0|
    |trunc_ln1494_11_reg_2208           |  41|   0|   41|          0|
    |trunc_ln1494_12_reg_2218           |  41|   0|   41|          0|
    |trunc_ln1494_13_reg_2248           |  41|   0|   41|          0|
    |trunc_ln1494_14_reg_2258           |  41|   0|   41|          0|
    |trunc_ln1494_15_reg_2288           |  41|   0|   41|          0|
    |trunc_ln1494_16_reg_2298           |  41|   0|   41|          0|
    |trunc_ln1494_17_reg_2328           |  41|   0|   41|          0|
    |trunc_ln1494_18_reg_2338           |  41|   0|   41|          0|
    |trunc_ln1494_19_reg_2368           |  41|   0|   41|          0|
    |trunc_ln1494_20_reg_2378           |  41|   0|   41|          0|
    |trunc_ln1494_21_reg_2408           |  41|   0|   41|          0|
    |trunc_ln1494_22_reg_2418           |  41|   0|   41|          0|
    |trunc_ln1494_23_reg_2448           |  41|   0|   41|          0|
    |trunc_ln1494_24_reg_2458           |  41|   0|   41|          0|
    |trunc_ln1494_25_reg_2488           |  41|   0|   41|          0|
    |trunc_ln1494_26_reg_2498           |  41|   0|   41|          0|
    |trunc_ln1494_27_reg_2528           |  41|   0|   41|          0|
    |trunc_ln1494_28_reg_2538           |  41|   0|   41|          0|
    |trunc_ln1494_29_reg_2568           |  41|   0|   41|          0|
    |trunc_ln1494_30_reg_2578           |  41|   0|   41|          0|
    |trunc_ln1494_31_reg_2608           |  41|   0|   41|          0|
    |trunc_ln1494_32_reg_2618           |  41|   0|   41|          0|
    |trunc_ln1494_33_reg_2653           |  41|   0|   41|          0|
    |trunc_ln1494_34_reg_2663           |  41|   0|   41|          0|
    |trunc_ln1494_35_reg_2673           |  41|   0|   41|          0|
    |trunc_ln1494_36_reg_2683           |  41|   0|   41|          0|
    |trunc_ln1494_reg_2138              |  41|   0|   41|          0|
    |trunc_ln19_reg_2051                |   1|   0|    1|          0|
    |trunc_ln19_reg_2051_pp0_iter1_reg  |   1|   0|    1|          0|
    |zext_ln203_mid2_v_reg_2057         |   2|   0|    2|          0|
    +-----------------------------------+----+----+-----+-----------+
    |Total                              |1268|   0| 1274|          6|
    +-----------------------------------+----+----+-----+-----------+



================================================================
== Interface
================================================================
* Summary: 
+-----------------+-----+-----+------------+--------------+--------------+
|    RTL Ports    | Dir | Bits|  Protocol  | Source Object|    C Type    |
+-----------------+-----+-----+------------+--------------+--------------+
|ap_clk           |  in |    1| ap_ctrl_hs |    relu_R1   | return value |
|ap_rst           |  in |    1| ap_ctrl_hs |    relu_R1   | return value |
|ap_start         |  in |    1| ap_ctrl_hs |    relu_R1   | return value |
|ap_done          | out |    1| ap_ctrl_hs |    relu_R1   | return value |
|ap_continue      |  in |    1| ap_ctrl_hs |    relu_R1   | return value |
|ap_idle          | out |    1| ap_ctrl_hs |    relu_R1   | return value |
|ap_ready         | out |    1| ap_ctrl_hs |    relu_R1   | return value |
|in_0_V_address0  | out |   12|  ap_memory |    in_0_V    |     array    |
|in_0_V_ce0       | out |    1|  ap_memory |    in_0_V    |     array    |
|in_0_V_q0        |  in |   42|  ap_memory |    in_0_V    |     array    |
|in_0_V_address1  | out |   12|  ap_memory |    in_0_V    |     array    |
|in_0_V_ce1       | out |    1|  ap_memory |    in_0_V    |     array    |
|in_0_V_q1        |  in |   42|  ap_memory |    in_0_V    |     array    |
|in_1_V_address0  | out |   12|  ap_memory |    in_1_V    |     array    |
|in_1_V_ce0       | out |    1|  ap_memory |    in_1_V    |     array    |
|in_1_V_q0        |  in |   42|  ap_memory |    in_1_V    |     array    |
|in_1_V_address1  | out |   12|  ap_memory |    in_1_V    |     array    |
|in_1_V_ce1       | out |    1|  ap_memory |    in_1_V    |     array    |
|in_1_V_q1        |  in |   42|  ap_memory |    in_1_V    |     array    |
|out_V_address0   | out |   13|  ap_memory |     out_V    |     array    |
|out_V_ce0        | out |    1|  ap_memory |     out_V    |     array    |
|out_V_we0        | out |    1|  ap_memory |     out_V    |     array    |
|out_V_d0         | out |   41|  ap_memory |     out_V    |     array    |
|out_V_address1   | out |   13|  ap_memory |     out_V    |     array    |
|out_V_ce1        | out |    1|  ap_memory |     out_V    |     array    |
|out_V_we1        | out |    1|  ap_memory |     out_V    |     array    |
|out_V_d1         | out |   41|  ap_memory |     out_V    |     array    |
+-----------------+-----+-----+------------+--------------+--------------+

