

================================================================
== Vivado HLS Report for 'conv2d_C1'
================================================================
* Date:           Thu Mar 19 00:53:33 2020

* Version:        2019.1 (Build 2552052 on Fri May 24 15:28:33 MDT 2019)
* Project:        lenet_cnn3_Accuracy
* Solution:       solution_param3202
* Product family: zynq
* Target device:  xc7z020-clg400-1


================================================================
== Performance Estimates
================================================================
+ Timing (ns): 
    * Summary: 
    +--------+-------+----------+------------+
    |  Clock | Target| Estimated| Uncertainty|
    +--------+-------+----------+------------+
    |ap_clk  |  10.00|     8.459|        1.25|
    +--------+-------+----------+------------+

+ Latency (clock cycles): 
    * Summary: 
    +-------+-------+-------+-------+---------+
    |    Latency    |    Interval   | Pipeline|
    |  min  |  max  |  min  |  max  |   Type  |
    +-------+-------+-------+-------+---------+
    |  16528|  16528|  16528|  16528|   none  |
    +-------+-------+-------+-------+---------+

    + Detail: 
        * Instance: 
        N/A

        * Loop: 
        +--------------------+-------+-------+----------+-----------+-----------+------+----------+
        |                    |    Latency    | Iteration|  Initiation Interval  | Trip |          |
        |      Loop Name     |  min  |  max  |  Latency |  achieved |   target  | Count| Pipelined|
        +--------------------+-------+-------+----------+-----------+-----------+------+----------+
        |- OFM               |  16527|  16527|      5509|          -|          -|     3|    no    |
        | + ROW_CLR_COL_CLR  |    784|    784|         2|          1|          1|   784|    yes   |
        | + ROW_COL          |   3931|   3931|        17|          5|          1|   784|    yes   |
        | + ROW_CPY_COL_CPY  |    785|    785|         3|          1|          1|   784|    yes   |
        +--------------------+-------+-------+----------+-----------+-----------+------+----------+



================================================================
== Utilization Estimates
================================================================
* Summary: 
+-----------------+---------+-------+--------+-------+-----+
|       Name      | BRAM_18K| DSP48E|   FF   |  LUT  | URAM|
+-----------------+---------+-------+--------+-------+-----+
|DSP              |        -|      -|       -|      -|    -|
|Expression       |        -|      -|       0|   2891|    -|
|FIFO             |        -|      -|       -|      -|    -|
|Instance         |        -|    126|    7938|   4608|    -|
|Memory           |        8|      -|     598|     40|    0|
|Multiplexer      |        -|      -|       -|    377|    -|
|Register         |        0|      -|    4961|     96|    -|
+-----------------+---------+-------+--------+-------+-----+
|Total            |        8|    126|   13497|   8012|    0|
+-----------------+---------+-------+--------+-------+-----+
|Available        |      280|    220|  106400|  53200|    0|
+-----------------+---------+-------+--------+-------+-----+
|Utilization (%)  |        2|     57|      12|     15|    0|
+-----------------+---------+-------+--------+-------+-----+

+ Detail: 
    * Instance: 
    +--------------------------+----------------------+---------+-------+-----+-----+-----+
    |         Instance         |        Module        | BRAM_18K| DSP48E|  FF | LUT | URAM|
    +--------------------------+----------------------+---------+-------+-----+-----+-----+
    |lenet_mul_64s_29nzec_U7   |lenet_mul_64s_29nzec  |        0|      7|  441|  256|    0|
    |lenet_mul_64s_30nAem_U9   |lenet_mul_64s_30nAem  |        0|      7|  441|  256|    0|
    |lenet_mul_64s_30nAem_U11  |lenet_mul_64s_30nAem  |        0|      7|  441|  256|    0|
    |lenet_mul_64s_30nAem_U13  |lenet_mul_64s_30nAem  |        0|      7|  441|  256|    0|
    |lenet_mul_64s_30nAem_U15  |lenet_mul_64s_30nAem  |        0|      7|  441|  256|    0|
    |lenet_mul_64s_30nAem_U16  |lenet_mul_64s_30nAem  |        0|      7|  441|  256|    0|
    |lenet_mul_64s_30nAem_U17  |lenet_mul_64s_30nAem  |        0|      7|  441|  256|    0|
    |lenet_mul_64s_30sxdS_U1   |lenet_mul_64s_30sxdS  |        0|      7|  441|  256|    0|
    |lenet_mul_64s_30sxdS_U2   |lenet_mul_64s_30sxdS  |        0|      7|  441|  256|    0|
    |lenet_mul_64s_30sxdS_U3   |lenet_mul_64s_30sxdS  |        0|      7|  441|  256|    0|
    |lenet_mul_64s_30sxdS_U14  |lenet_mul_64s_30sxdS  |        0|      7|  441|  256|    0|
    |lenet_mul_64s_30sxdS_U18  |lenet_mul_64s_30sxdS  |        0|      7|  441|  256|    0|
    |lenet_mul_64s_31syd2_U4   |lenet_mul_64s_31syd2  |        0|      7|  441|  256|    0|
    |lenet_mul_64s_31syd2_U5   |lenet_mul_64s_31syd2  |        0|      7|  441|  256|    0|
    |lenet_mul_64s_31syd2_U6   |lenet_mul_64s_31syd2  |        0|      7|  441|  256|    0|
    |lenet_mul_64s_31syd2_U8   |lenet_mul_64s_31syd2  |        0|      7|  441|  256|    0|
    |lenet_mul_64s_31syd2_U10  |lenet_mul_64s_31syd2  |        0|      7|  441|  256|    0|
    |lenet_mul_64s_31syd2_U12  |lenet_mul_64s_31syd2  |        0|      7|  441|  256|    0|
    +--------------------------+----------------------+---------+-------+-----+-----+-----+
    |Total                     |                      |        0|    126| 7938| 4608|    0|
    +--------------------------+----------------------+---------+-------+-----+-----+-----+

    * DSP48E: 
    N/A

    * Memory: 
    +------------------------+----------------------+---------+----+----+-----+------+-----+------+-------------+
    |         Memory         |        Module        | BRAM_18K| FF | LUT| URAM| Words| Bits| Banks| W*Bits*Banks|
    +------------------------+----------------------+---------+----+----+-----+------+-----+------+-------------+
    |C1_biases_V_0_U         |conv2d_C1_C1_biasbkb  |        0|  27|   2|    0|     3|   27|     1|           81|
    |C1_biases_V_1_U         |conv2d_C1_C1_biascud  |        0|  27|   2|    0|     3|   27|     1|           81|
    |C1_weights_V_0_0_0_0_U  |conv2d_C1_C1_weigdEe  |        0|  30|   2|    0|     3|   30|     1|           90|
    |C1_weights_V_1_0_0_0_U  |conv2d_C1_C1_weigeOg  |        0|  30|   2|    0|     3|   30|     1|           90|
    |C1_weights_V_0_0_0_1_U  |conv2d_C1_C1_weigfYi  |        0|  30|   2|    0|     3|   30|     1|           90|
    |C1_weights_V_1_0_0_1_U  |conv2d_C1_C1_weigg8j  |        0|  31|   2|    0|     3|   31|     1|           93|
    |C1_weights_V_0_0_0_2_U  |conv2d_C1_C1_weighbi  |        0|  31|   2|    0|     3|   31|     1|           93|
    |C1_weights_V_1_0_0_2_U  |conv2d_C1_C1_weigibs  |        0|  31|   2|    0|     3|   31|     1|           93|
    |C1_weights_V_0_0_1_0_U  |conv2d_C1_C1_weigjbC  |        0|  28|   2|    0|     3|   28|     1|           84|
    |C1_weights_V_1_0_1_0_U  |conv2d_C1_C1_weigkbM  |        0|  31|   2|    0|     3|   31|     1|           93|
    |C1_weights_V_0_0_1_1_U  |conv2d_C1_C1_weiglbW  |        0|  30|   2|    0|     3|   30|     1|           90|
    |C1_weights_V_1_0_1_1_U  |conv2d_C1_C1_weigmb6  |        0|  31|   2|    0|     3|   31|     1|           93|
    |C1_weights_V_0_0_1_2_U  |conv2d_C1_C1_weigncg  |        0|  30|   2|    0|     3|   30|     1|           90|
    |C1_weights_V_1_0_1_2_U  |conv2d_C1_C1_weigocq  |        0|  31|   2|    0|     3|   31|     1|           93|
    |C1_weights_V_0_0_2_0_U  |conv2d_C1_C1_weigpcA  |        0|  30|   2|    0|     3|   30|     1|           90|
    |C1_weights_V_1_0_2_0_U  |conv2d_C1_C1_weigqcK  |        0|  30|   2|    0|     3|   30|     1|           90|
    |C1_weights_V_0_0_2_1_U  |conv2d_C1_C1_weigrcU  |        0|  30|   2|    0|     3|   30|     1|           90|
    |C1_weights_V_1_0_2_1_U  |conv2d_C1_C1_weigsc4  |        0|  30|   2|    0|     3|   30|     1|           90|
    |C1_weights_V_0_0_2_2_U  |conv2d_C1_C1_weigtde  |        0|  30|   2|    0|     3|   30|     1|           90|
    |C1_weights_V_1_0_2_2_U  |conv2d_C1_C1_weigudo  |        0|  30|   2|    0|     3|   30|     1|           90|
    |acc_buf_0_V_U           |conv2d_C1_acc_bufvdy  |        4|   0|   0|    0|   784|   64|     1|        50176|
    |acc_buf_1_V_U           |conv2d_C1_acc_bufvdy  |        4|   0|   0|    0|   784|   64|     1|        50176|
    +------------------------+----------------------+---------+----+----+-----+------+-----+------+-------------+
    |Total                   |                      |        8| 598|  40|    0|  1628|  726|    22|       102146|
    +------------------------+----------------------+---------+----+----+-----+------+-----+------+-------------+

    * FIFO: 
    N/A

    * Expression: 
    +---------------------------+----------+-------+---+-----+------------+------------+
    |       Variable Name       | Operation| DSP48E| FF| LUT | Bitwidth P0| Bitwidth P1|
    +---------------------------+----------+-------+---+-----+------------+------------+
    |add_ln1192_100_fu_1645_p2  |     +    |      0|  0|  101|          94|          94|
    |add_ln1192_101_fu_1677_p2  |     +    |      0|  0|  101|          94|          94|
    |add_ln1192_102_fu_1689_p2  |     +    |      0|  0|  101|          94|          94|
    |add_ln1192_103_fu_1721_p2  |     +    |      0|  0|  101|          94|          94|
    |add_ln1192_104_fu_1733_p2  |     +    |      0|  0|  101|          94|          94|
    |add_ln1192_105_fu_1765_p2  |     +    |      0|  0|  101|          94|          94|
    |add_ln1192_106_fu_1780_p2  |     +    |      0|  0|  101|          94|          94|
    |add_ln1192_107_fu_1813_p2  |     +    |      0|  0|  101|          94|          94|
    |add_ln1192_108_fu_1825_p2  |     +    |      0|  0|  101|          94|          94|
    |add_ln1192_109_fu_1857_p2  |     +    |      0|  0|  101|          94|          94|
    |add_ln1192_110_fu_1882_p2  |     +    |      0|  0|  101|          94|          94|
    |add_ln1192_96_fu_1553_p2   |     +    |      0|  0|  101|          94|          94|
    |add_ln1192_97_fu_1585_p2   |     +    |      0|  0|  101|          94|          94|
    |add_ln1192_98_fu_1597_p2   |     +    |      0|  0|  101|          94|          94|
    |add_ln1192_99_fu_1632_p2   |     +    |      0|  0|  101|          94|          94|
    |add_ln1192_fu_1536_p2      |     +    |      0|  0|  101|          94|          94|
    |add_ln203_103_fu_1087_p2   |     +    |      0|  0|   13|          11|          11|
    |add_ln203_104_fu_1167_p2   |     +    |      0|  0|   13|          11|          11|
    |add_ln203_105_fu_1250_p2   |     +    |      0|  0|   13|          11|          11|
    |add_ln203_106_fu_1102_p2   |     +    |      0|  0|   13|          11|          11|
    |add_ln203_107_fu_1268_p2   |     +    |      0|  0|   13|          11|          11|
    |add_ln203_108_fu_1279_p2   |     +    |      0|  0|   13|          11|          11|
    |add_ln203_109_fu_1194_p2   |     +    |      0|  0|   13|          11|          11|
    |add_ln203_110_fu_1319_p2   |     +    |      0|  0|   13|          11|          11|
    |add_ln203_111_fu_1328_p2   |     +    |      0|  0|   13|          11|          11|
    |add_ln203_112_fu_1957_p2   |     +    |      0|  0|   15|           9|           9|
    |add_ln203_113_fu_2026_p2   |     +    |      0|  0|    8|          13|          13|
    |add_ln203_114_fu_2032_p2   |     +    |      0|  0|    8|          11|          11|
    |add_ln203_fu_864_p2        |     +    |      0|  0|    8|          11|          11|
    |add_ln30_fu_793_p2         |     +    |      0|  0|   14|          10|           1|
    |add_ln39_fu_988_p2         |     +    |      0|  0|   14|          10|           1|
    |add_ln47_1_fu_970_p2       |     +    |      0|  0|   15|           5|           1|
    |add_ln47_2_fu_1004_p2      |     +    |      0|  0|   15|           6|           2|
    |add_ln47_3_fu_1149_p2      |     +    |      0|  0|   15|           5|           2|
    |add_ln47_fu_956_p2         |     +    |      0|  0|   15|           6|           2|
    |add_ln48_1_fu_1185_p2      |     +    |      0|  0|   15|           5|           1|
    |add_ln48_fu_1069_p2        |     +    |      0|  0|   15|           6|           2|
    |add_ln66_fu_1914_p2        |     +    |      0|  0|   14|          10|           1|
    |add_ln703_4_fu_1903_p2     |     +    |      0|  0|   71|          64|          64|
    |add_ln703_fu_1898_p2       |     +    |      0|  0|   71|          64|          64|
    |c_3_fu_1948_p2             |     +    |      0|  0|   15|           1|           5|
    |c_fu_827_p2                |     +    |      0|  0|   15|           5|           1|
    |ofm_fu_2049_p2             |     +    |      0|  0|   12|           3|           2|
    |r_3_fu_1920_p2             |     +    |      0|  0|   15|           1|           5|
    |r_fu_799_p2                |     +    |      0|  0|   15|           5|           1|
    |sub_ln203_10_fu_1059_p2    |     -    |      0|  0|   13|          11|          11|
    |sub_ln203_11_fu_1244_p2    |     -    |      0|  0|   13|          11|          11|
    |sub_ln203_12_fu_1986_p2    |     -    |      0|  0|    8|          13|          13|
    |sub_ln203_13_fu_2014_p2    |     -    |      0|  0|    8|          11|          11|
    |sub_ln203_8_fu_855_p2      |     -    |      0|  0|    8|          11|          11|
    |sub_ln203_9_fu_1143_p2     |     -    |      0|  0|   13|          11|          11|
    |sub_ln203_fu_753_p2        |     -    |      0|  0|   15|           8|           8|
    |icmp_ln28_fu_709_p2        |   icmp   |      0|  0|    9|           3|           3|
    |icmp_ln30_fu_787_p2        |   icmp   |      0|  0|   13|          10|           9|
    |icmp_ln31_fu_805_p2        |   icmp   |      0|  0|   11|           5|           4|
    |icmp_ln39_fu_982_p2        |   icmp   |      0|  0|   13|          10|           9|
    |icmp_ln40_fu_994_p2        |   icmp   |      0|  0|   11|           5|           4|
    |icmp_ln49_1_fu_1204_p2     |   icmp   |      0|  0|   11|           5|           4|
    |icmp_ln49_2_fu_1309_p2     |   icmp   |      0|  0|   11|           5|           4|
    |icmp_ln49_fu_976_p2        |   icmp   |      0|  0|   11|           5|           4|
    |icmp_ln66_fu_1908_p2       |   icmp   |      0|  0|   13|          10|           9|
    |icmp_ln67_fu_1926_p2       |   icmp   |      0|  0|   11|           5|           4|
    |ap_block_state1            |    or    |      0|  0|    2|           1|           1|
    |or_ln49_1_fu_1314_p2       |    or    |      0|  0|    2|           1|           1|
    |or_ln49_2_fu_1425_p2       |    or    |      0|  0|    2|           1|           1|
    |or_ln49_3_fu_1474_p2       |    or    |      0|  0|    2|           1|           1|
    |or_ln49_fu_1155_p2         |    or    |      0|  0|    6|           6|           6|
    |select_ln33_1_fu_819_p3    |  select  |      0|  0|    5|           1|           5|
    |select_ln33_fu_811_p3      |  select  |      0|  0|    5|           1|           1|
    |select_ln39_2_fu_1113_p3   |  select  |      0|  0|    5|           1|           5|
    |select_ln39_3_fu_1010_p3   |  select  |      0|  0|    6|           1|           6|
    |select_ln39_4_fu_1026_p3   |  select  |      0|  0|    2|           1|           1|
    |select_ln39_5_fu_1209_p3   |  select  |      0|  0|    2|           1|           1|
    |select_ln39_6_fu_1215_p3   |  select  |      0|  0|    5|           1|           5|
    |select_ln39_fu_1034_p3     |  select  |      0|  0|    5|           1|           1|
    |select_ln49_1_fu_1284_p3   |  select  |      0|  0|   64|           1|           1|
    |select_ln49_2_fu_1333_p3   |  select  |      0|  0|   64|           1|           1|
    |select_ln49_3_fu_1362_p3   |  select  |      0|  0|   64|           1|           1|
    |select_ln49_4_fu_1405_p3   |  select  |      0|  0|   64|           1|           1|
    |select_ln49_5_fu_1429_p3   |  select  |      0|  0|   64|           1|           1|
    |select_ln49_6_fu_1453_p3   |  select  |      0|  0|   64|           1|           1|
    |select_ln49_7_fu_1478_p3   |  select  |      0|  0|   64|           1|           1|
    |select_ln49_fu_1177_p3     |  select  |      0|  0|   64|           1|           1|
    |select_ln69_1_fu_1940_p3   |  select  |      0|  0|    5|           1|           5|
    |select_ln69_fu_1932_p3     |  select  |      0|  0|    5|           1|           1|
    |ap_enable_pp0              |    xor   |      0|  0|    2|           1|           2|
    |ap_enable_pp1              |    xor   |      0|  0|    2|           1|           2|
    |ap_enable_pp2              |    xor   |      0|  0|    2|           1|           2|
    |ap_enable_reg_pp0_iter1    |    xor   |      0|  0|    2|           2|           1|
    |ap_enable_reg_pp2_iter1    |    xor   |      0|  0|    2|           2|           1|
    +---------------------------+----------+-------+---+-----+------------+------------+
    |Total                      |          |      0|  0| 2891|        2027|        1989|
    +---------------------------+----------+-------+---+-----+------------+------------+

    * Multiplexer: 
    +-------------------------------------------+----+-----------+-----+-----------+
    |                    Name                   | LUT| Input Size| Bits| Total Bits|
    +-------------------------------------------+----+-----------+-----+-----------+
    |acc_buf_0_V_address0                       |  15|          3|   10|         30|
    |acc_buf_0_V_address1                       |  15|          3|   10|         30|
    |acc_buf_1_V_address0                       |  15|          3|   10|         30|
    |acc_buf_1_V_address1                       |  15|          3|   10|         30|
    |ap_NS_fsm                                  |  62|         15|    1|         15|
    |ap_done                                    |   9|          2|    1|          2|
    |ap_enable_reg_pp0_iter1                    |  15|          3|    1|          3|
    |ap_enable_reg_pp1_iter3                    |   9|          2|    1|          2|
    |ap_enable_reg_pp2_iter1                    |   9|          2|    1|          2|
    |ap_enable_reg_pp2_iter2                    |   9|          2|    1|          2|
    |ap_phi_mux_c9_0_0_phi_fu_663_p4            |   9|          2|    5|         10|
    |ap_phi_mux_indvar_flatten11_phi_fu_640_p4  |   9|          2|   10|         20|
    |ap_phi_mux_r10_0_phi_fu_686_p4             |   9|          2|    5|         10|
    |ap_phi_mux_r8_0_0_phi_fu_651_p4            |   9|          2|    5|         10|
    |ap_phi_mux_r_0_phi_fu_618_p4               |   9|          2|    5|         10|
    |c11_0_reg_693                              |   9|          2|    5|         10|
    |c9_0_0_reg_659                             |   9|          2|    5|         10|
    |c_0_reg_625                                |   9|          2|    5|         10|
    |in_V_address0                              |  33|          6|   10|         60|
    |in_V_address1                              |  27|          5|   10|         50|
    |indvar_flatten11_reg_636                   |   9|          2|   10|         20|
    |indvar_flatten23_reg_671                   |   9|          2|   10|         20|
    |indvar_flatten_reg_603                     |   9|          2|   10|         20|
    |ofm_0_reg_591                              |   9|          2|    3|          6|
    |r10_0_reg_682                              |   9|          2|    5|         10|
    |r8_0_0_reg_647                             |   9|          2|    5|         10|
    |r_0_reg_614                                |   9|          2|    5|         10|
    |reg_704                                    |   9|          2|   64|        128|
    +-------------------------------------------+----+-----------+-----+-----------+
    |Total                                      | 377|         81|  223|        570|
    +-------------------------------------------+----+-----------+-----+-----------+

    * Register: 
    +----------------------------------+----+----+-----+-----------+
    |               Name               | FF | LUT| Bits| Const Bits|
    +----------------------------------+----+----+-----+-----------+
    |acc_buf_0_V_addr_4_reg_2473       |  10|   0|   10|          0|
    |acc_buf_0_V_load_2_reg_2742       |  64|   0|   64|          0|
    |acc_buf_1_V_addr_4_reg_2479       |  10|   0|   10|          0|
    |acc_buf_1_V_load_2_reg_2747       |  64|   0|   64|          0|
    |add_ln203_105_reg_2452            |  11|   0|   11|          0|
    |add_ln203_108_reg_2468            |  11|   0|   11|          0|
    |add_ln203_111_reg_2506            |  11|   0|   11|          0|
    |add_ln203_113_reg_2810            |  13|   0|   13|          0|
    |add_ln39_reg_2332                 |  10|   0|   10|          0|
    |add_ln47_1_reg_2317               |   5|   0|    5|          0|
    |add_ln47_3_reg_2412               |   5|   0|    5|          0|
    |add_ln48_1_reg_2428               |   5|   0|    5|          0|
    |add_ln48_reg_2368                 |   6|   0|    6|          0|
    |add_ln703_4_reg_2777              |  64|   0|   64|          0|
    |add_ln703_reg_2772                |  64|   0|   64|          0|
    |ap_CS_fsm                         |  14|   0|   14|          0|
    |ap_done_reg                       |   1|   0|    1|          0|
    |ap_enable_reg_pp0_iter0           |   1|   0|    1|          0|
    |ap_enable_reg_pp0_iter1           |   1|   0|    1|          0|
    |ap_enable_reg_pp1_iter0           |   1|   0|    1|          0|
    |ap_enable_reg_pp1_iter1           |   1|   0|    1|          0|
    |ap_enable_reg_pp1_iter2           |   1|   0|    1|          0|
    |ap_enable_reg_pp1_iter3           |   1|   0|    1|          0|
    |ap_enable_reg_pp2_iter0           |   1|   0|    1|          0|
    |ap_enable_reg_pp2_iter1           |   1|   0|    1|          0|
    |ap_enable_reg_pp2_iter2           |   1|   0|    1|          0|
    |c11_0_reg_693                     |   5|   0|    5|          0|
    |c9_0_0_reg_659                    |   5|   0|    5|          0|
    |c_0_reg_625                       |   5|   0|    5|          0|
    |icmp_ln30_reg_2111                |   1|   0|    1|          0|
    |icmp_ln39_reg_2328                |   1|   0|    1|          0|
    |icmp_ln40_reg_2337                |   1|   0|    1|          0|
    |icmp_ln49_2_reg_2495              |   1|   0|    1|          0|
    |icmp_ln49_reg_2323                |   1|   0|    1|          0|
    |icmp_ln66_reg_2782                |   1|   0|    1|          0|
    |icmp_ln66_reg_2782_pp2_iter1_reg  |   1|   0|    1|          0|
    |in_V_load_35_reg_2542             |  64|   0|   64|          0|
    |indvar_flatten11_reg_636          |  10|   0|   10|          0|
    |indvar_flatten23_reg_671          |  10|   0|   10|          0|
    |indvar_flatten_reg_603            |  10|   0|   10|          0|
    |lshr_ln_reg_2058                  |   2|   0|    2|          0|
    |mul_ln1118_101_reg_2602           |  93|   0|   93|          0|
    |mul_ln1118_102_reg_2607           |  94|   0|   94|          0|
    |mul_ln1118_103_reg_2622           |  94|   0|   94|          0|
    |mul_ln1118_104_reg_2632           |  94|   0|   94|          0|
    |mul_ln1118_105_reg_2642           |  93|   0|   93|          0|
    |mul_ln1118_106_reg_2647           |  94|   0|   94|          0|
    |mul_ln1118_107_reg_2662           |  94|   0|   94|          0|
    |mul_ln1118_108_reg_2667           |  94|   0|   94|          0|
    |mul_ln1118_109_reg_2672           |  94|   0|   94|          0|
    |mul_ln1118_110_reg_2677           |  94|   0|   94|          0|
    |mul_ln1118_111_reg_2692           |  94|   0|   94|          0|
    |mul_ln1118_112_reg_2697           |  93|   0|   93|          0|
    |mul_ln1118_113_reg_2702           |  94|   0|   94|          0|
    |mul_ln1118_114_reg_2707           |  94|   0|   94|          0|
    |mul_ln1118_115_reg_2722           |  94|   0|   94|          0|
    |mul_ln1118_116_reg_2727           |  93|   0|   93|          0|
    |ofm_0_reg_591                     |   3|   0|    3|          0|
    |r10_0_reg_682                     |   5|   0|    5|          0|
    |r8_0_0_reg_647                    |   5|   0|    5|          0|
    |r_0_reg_614                       |   5|   0|    5|          0|
    |reg_704                           |  64|   0|   64|          0|
    |select_ln33_1_reg_2125            |   5|   0|    5|          0|
    |select_ln33_reg_2120              |   5|   0|    5|          0|
    |select_ln39_2_reg_2401            |   5|   0|    5|          0|
    |select_ln39_3_reg_2345            |   6|   0|    6|          0|
    |select_ln39_4_reg_2352            |   1|   0|    1|          0|
    |select_ln39_5_reg_2445            |   1|   0|    1|          0|
    |select_ln39_reg_2358              |   5|   0|    5|          0|
    |select_ln49_2_reg_2511            |  64|   0|   64|          0|
    |select_ln49_5_reg_2564            |  64|   0|   64|          0|
    |select_ln49_7_reg_2586            |  64|   0|   64|          0|
    |select_ln49_reg_2423              |  64|   0|   64|          0|
    |select_ln69_1_reg_2797            |   5|   0|    5|          0|
    |select_ln69_reg_2791              |   5|   0|    5|          0|
    |sext_ln1118_10_reg_2312           |  93|   0|   93|          0|
    |sext_ln1118_1_reg_2232            |  93|   0|   93|          0|
    |sext_ln1118_2_reg_2237            |  93|   0|   93|          0|
    |sext_ln1118_3_reg_2242            |  94|   0|   94|          0|
    |sext_ln1118_4_reg_2247            |  94|   0|   94|          0|
    |sext_ln1118_5_reg_2252            |  94|   0|   94|          0|
    |sext_ln1118_6_reg_2262            |  94|   0|   94|          0|
    |sext_ln1118_7_reg_2272            |  94|   0|   94|          0|
    |sext_ln1118_8_reg_2282            |  94|   0|   94|          0|
    |sext_ln1118_9_reg_2292            |  93|   0|   93|          0|
    |sext_ln1118_reg_2227              |  93|   0|   93|          0|
    |sext_ln203_10_reg_2379            |  11|   0|   11|          0|
    |sext_ln203_reg_2096               |   7|   0|    9|          2|
    |sext_ln728_reg_2101               |  62|   0|   64|          2|
    |sub_ln203_10_reg_2363             |   9|   0|   11|          2|
    |sub_ln203_9_reg_2406              |   9|   0|   11|          2|
    |tmp_143_reg_2373                  |   1|   0|    1|          0|
    |tmp_147_reg_2627                  |  64|   0|   64|          0|
    |tmp_148_reg_2637                  |  64|   0|   64|          0|
    |tmp_149_reg_2652                  |  64|   0|   64|          0|
    |tmp_150_reg_2657                  |  64|   0|   64|          0|
    |tmp_151_reg_2682                  |  64|   0|   64|          0|
    |tmp_152_reg_2687                  |  64|   0|   64|          0|
    |tmp_153_reg_2712                  |  64|   0|   64|          0|
    |tmp_154_reg_2717                  |  64|   0|   64|          0|
    |tmp_155_reg_2732                  |  64|   0|   64|          0|
    |tmp_156_reg_2737                  |  64|   0|   64|          0|
    |tmp_157_reg_2752                  |  64|   0|   64|          0|
    |tmp_158_reg_2757                  |  64|   0|   64|          0|
    |tmp_159_reg_2762                  |  64|   0|   64|          0|
    |tmp_160_reg_2767                  |  64|   0|   64|          0|
    |trunc_ln708_s_reg_2597            |  63|   0|   63|          0|
    |trunc_ln_reg_2592                 |  63|   0|   63|          0|
    |zext_ln1118_2_reg_2267            |  30|   0|   94|         64|
    |zext_ln1118_3_reg_2277            |  30|   0|   94|         64|
    |zext_ln1118_4_reg_2287            |  30|   0|   94|         64|
    |zext_ln1118_5_reg_2297            |  30|   0|   94|         64|
    |zext_ln1118_6_reg_2302            |  30|   0|   94|         64|
    |zext_ln1118_7_reg_2307            |  30|   0|   94|         64|
    |zext_ln1118_reg_2257              |  29|   0|   93|         64|
    |zext_ln1265_reg_2064              |   2|   0|   64|         62|
    |zext_ln203_150_reg_2390           |   5|   0|   11|          6|
    |zext_ln203_153_reg_2434           |   5|   0|   11|          6|
    |zext_ln728_reg_2106               |  27|   0|   64|         37|
    |acc_buf_0_V_addr_4_reg_2473       |  64|  32|   10|          0|
    |acc_buf_1_V_addr_4_reg_2479       |  64|  32|   10|          0|
    |icmp_ln39_reg_2328                |  64|  32|    1|          0|
    +----------------------------------+----+----+-----+-----------+
    |Total                             |4961|  96| 5357|        567|
    +----------------------------------+----+----+-----+-----------+



================================================================
== Interface
================================================================
* Summary: 
+---------------------+-----+-----+------------+--------------+--------------+
|      RTL Ports      | Dir | Bits|  Protocol  | Source Object|    C Type    |
+---------------------+-----+-----+------------+--------------+--------------+
|ap_clk               |  in |    1| ap_ctrl_hs |   conv2d_C1  | return value |
|ap_rst               |  in |    1| ap_ctrl_hs |   conv2d_C1  | return value |
|ap_start             |  in |    1| ap_ctrl_hs |   conv2d_C1  | return value |
|ap_done              | out |    1| ap_ctrl_hs |   conv2d_C1  | return value |
|ap_continue          |  in |    1| ap_ctrl_hs |   conv2d_C1  | return value |
|ap_idle              | out |    1| ap_ctrl_hs |   conv2d_C1  | return value |
|ap_ready             | out |    1| ap_ctrl_hs |   conv2d_C1  | return value |
|in_V_address0        | out |   10|  ap_memory |     in_V     |     array    |
|in_V_ce0             | out |    1|  ap_memory |     in_V     |     array    |
|in_V_q0              |  in |   64|  ap_memory |     in_V     |     array    |
|in_V_address1        | out |   10|  ap_memory |     in_V     |     array    |
|in_V_ce1             | out |    1|  ap_memory |     in_V     |     array    |
|in_V_q1              |  in |   64|  ap_memory |     in_V     |     array    |
|out_c1_0_V_address0  | out |   12|  ap_memory |  out_c1_0_V  |     array    |
|out_c1_0_V_ce0       | out |    1|  ap_memory |  out_c1_0_V  |     array    |
|out_c1_0_V_we0       | out |    1|  ap_memory |  out_c1_0_V  |     array    |
|out_c1_0_V_d0        | out |   64|  ap_memory |  out_c1_0_V  |     array    |
|out_c1_1_V_address0  | out |   12|  ap_memory |  out_c1_1_V  |     array    |
|out_c1_1_V_ce0       | out |    1|  ap_memory |  out_c1_1_V  |     array    |
|out_c1_1_V_we0       | out |    1|  ap_memory |  out_c1_1_V  |     array    |
|out_c1_1_V_d0        | out |   64|  ap_memory |  out_c1_1_V  |     array    |
+---------------------+-----+-----+------------+--------------+--------------+

