

================================================================
== Vivado HLS Report for 'relu_R2'
================================================================
* Date:           Thu Mar 19 00:54:16 2020

* Version:        2019.1 (Build 2552052 on Fri May 24 15:28:33 MDT 2019)
* Project:        lenet_cnn3_Accuracy
* Solution:       solution_param3202
* Product family: zynq
* Target device:  xc7z020-clg400-1


================================================================
== Performance Estimates
================================================================
+ Timing (ns): 
    * Summary: 
    +--------+-------+----------+------------+
    |  Clock | Target| Estimated| Uncertainty|
    +--------+-------+----------+------------+
    |ap_clk  |  10.00|     8.566|        1.25|
    +--------+-------+----------+------------+

+ Latency (clock cycles): 
    * Summary: 
    +-----+-----+-----+-----+---------+
    |  Latency  |  Interval | Pipeline|
    | min | max | min | max |   Type  |
    +-----+-----+-----+-----+---------+
    |  804|  804|  804|  804|   none  |
    +-----+-----+-----+-----+---------+

    + Detail: 
        * Instance: 
        N/A

        * Loop: 
        +-----------+-----+-----+----------+-----------+-----------+------+----------+
        |           |  Latency  | Iteration|  Initiation Interval  | Trip |          |
        | Loop Name | min | max |  Latency |  achieved |   target  | Count| Pipelined|
        +-----------+-----+-----+----------+-----------+-----------+------+----------+
        |- OFM_ROW  |  802|  802|         8|          5|          1|   160|    yes   |
        +-----------+-----+-----+----------+-----------+-----------+------+----------+



================================================================
== Utilization Estimates
================================================================
* Summary: 
+-----------------+---------+-------+--------+-------+-----+
|       Name      | BRAM_18K| DSP48E|   FF   |  LUT  | URAM|
+-----------------+---------+-------+--------+-------+-----+
|DSP              |        -|      -|       -|      -|    -|
|Expression       |        -|      -|       0|   1052|    -|
|FIFO             |        -|      -|       -|      -|    -|
|Instance         |        -|      -|       0|     42|    -|
|Memory           |        -|      -|       -|      -|    -|
|Multiplexer      |        -|      -|       -|    539|    -|
|Register         |        -|      -|     717|      -|    -|
+-----------------+---------+-------+--------+-------+-----+
|Total            |        0|      0|     717|   1633|    0|
+-----------------+---------+-------+--------+-------+-----+
|Available        |      280|    220|  106400|  53200|    0|
+-----------------+---------+-------+--------+-------+-----+
|Utilization (%)  |        0|      0|   ~0   |      3|    0|
+-----------------+---------+-------+--------+-------+-----+

+ Detail: 
    * Instance: 
    +---------------------------+----------------------+---------+-------+---+----+-----+
    |          Instance         |        Module        | BRAM_18K| DSP48E| FF| LUT| URAM|
    +---------------------------+----------------------+---------+-------+---+----+-----+
    |lenet_mux_432_64_cow_U265  |lenet_mux_432_64_cow  |        0|      0|  0|  21|    0|
    |lenet_mux_432_64_cow_U266  |lenet_mux_432_64_cow  |        0|      0|  0|  21|    0|
    +---------------------------+----------------------+---------+-------+---+----+-----+
    |Total                      |                      |        0|      0|  0|  42|    0|
    +---------------------------+----------------------+---------+-------+---+----+-----+

    * DSP48E: 
    N/A

    * Memory: 
    N/A

    * FIFO: 
    N/A

    * Expression: 
    +--------------------------+----------+-------+---+----+------------+------------+
    |       Variable Name      | Operation| DSP48E| FF| LUT| Bitwidth P0| Bitwidth P1|
    +--------------------------+----------+-------+---+----+------------+------------+
    |add_ln203_10_fu_1012_p2   |     +    |      0|  0|  14|           4|          10|
    |add_ln203_11_fu_1025_p2   |     +    |      0|  0|  14|           4|          10|
    |add_ln203_12_fu_869_p2    |     +    |      0|  0|   8|           9|           9|
    |add_ln203_13_fu_895_p2    |     +    |      0|  0|  12|          12|          12|
    |add_ln203_14_fu_965_p2    |     +    |      0|  0|  12|           2|          12|
    |add_ln203_15_fu_975_p2    |     +    |      0|  0|  12|           2|          12|
    |add_ln203_16_fu_1038_p2   |     +    |      0|  0|  12|           3|          12|
    |add_ln203_17_fu_1048_p2   |     +    |      0|  0|  12|           3|          12|
    |add_ln203_18_fu_1080_p2   |     +    |      0|  0|  12|           3|          12|
    |add_ln203_19_fu_1090_p2   |     +    |      0|  0|  12|           3|          12|
    |add_ln203_1_fu_710_p2     |     +    |      0|  0|   8|           7|           7|
    |add_ln203_20_fu_1122_p2   |     +    |      0|  0|  12|           4|          12|
    |add_ln203_21_fu_1132_p2   |     +    |      0|  0|  12|           4|          12|
    |add_ln203_2_fu_719_p2     |     +    |      0|  0|   8|           7|           7|
    |add_ln203_3_fu_745_p2     |     +    |      0|  0|  14|          10|          10|
    |add_ln203_4_fu_778_p2     |     +    |      0|  0|  14|           2|          10|
    |add_ln203_5_fu_791_p2     |     +    |      0|  0|  14|           2|          10|
    |add_ln203_6_fu_843_p2     |     +    |      0|  0|  14|           3|          10|
    |add_ln203_7_fu_856_p2     |     +    |      0|  0|  14|           3|          10|
    |add_ln203_8_fu_939_p2     |     +    |      0|  0|  14|           3|          10|
    |add_ln203_9_fu_952_p2     |     +    |      0|  0|  14|           3|          10|
    |add_ln203_fu_834_p2       |     +    |      0|  0|   8|           9|           9|
    |add_ln34_fu_640_p2        |     +    |      0|  0|  15|           8|           1|
    |ofm_fu_646_p2             |     +    |      0|  0|  15|           1|           5|
    |r_fu_1007_p2              |     +    |      0|  0|  13|           1|           4|
    |grp_fu_609_p2             |   icmp   |      0|  0|  29|          64|           1|
    |grp_fu_628_p2             |   icmp   |      0|  0|  29|          64|           1|
    |icmp_ln34_fu_634_p2       |   icmp   |      0|  0|  11|           8|           8|
    |icmp_ln35_fu_652_p2       |   icmp   |      0|  0|   9|           4|           4|
    |ap_block_state1           |    or    |      0|  0|   2|           1|           1|
    |or_ln203_1_fu_906_p2      |    or    |      0|  0|  12|           1|          12|
    |or_ln203_fu_759_p2        |    or    |      0|  0|  10|           1|          10|
    |select_ln39_1_fu_666_p3   |  select  |      0|  0|   5|           1|           5|
    |select_ln39_fu_658_p3     |  select  |      0|  0|   4|           1|           1|
    |select_ln40_1_fu_924_p3   |  select  |      0|  0|  63|           1|          63|
    |select_ln40_2_fu_985_p3   |  select  |      0|  0|  63|           1|          63|
    |select_ln40_3_fu_992_p3   |  select  |      0|  0|  63|           1|          63|
    |select_ln40_4_fu_1058_p3  |  select  |      0|  0|  63|           1|          63|
    |select_ln40_5_fu_1065_p3  |  select  |      0|  0|  63|           1|          63|
    |select_ln40_6_fu_1100_p3  |  select  |      0|  0|  63|           1|          63|
    |select_ln40_7_fu_1107_p3  |  select  |      0|  0|  63|           1|          63|
    |select_ln40_8_fu_1142_p3  |  select  |      0|  0|  63|           1|          63|
    |select_ln40_9_fu_1149_p3  |  select  |      0|  0|  63|           1|          63|
    |select_ln40_fu_917_p3     |  select  |      0|  0|  63|           1|          63|
    |ap_enable_pp0             |    xor   |      0|  0|   2|           1|           2|
    +--------------------------+----------+-------+---+----+------------+------------+
    |Total                     |          |      0|  0|1052|         268|         915|
    +--------------------------+----------+-------+---+----+------------+------------+

    * Multiplexer: 
    +-----------------------------------------+----+-----------+-----+-----------+
    |                   Name                  | LUT| Input Size| Bits| Total Bits|
    +-----------------------------------------+----+-----------+-----+-----------+
    |ap_NS_fsm                                |  41|          8|    1|          8|
    |ap_done                                  |   9|          2|    1|          2|
    |ap_enable_reg_pp0_iter1                  |   9|          2|    1|          2|
    |ap_phi_mux_indvar_flatten_phi_fu_567_p4  |   9|          2|    8|         16|
    |ap_phi_mux_ofm_0_phi_fu_578_p4           |   9|          2|    5|         10|
    |ap_phi_mux_r_0_phi_fu_589_p4             |   9|          2|    4|          8|
    |grp_fu_596_p5                            |  15|          3|   32|         96|
    |grp_fu_615_p5                            |  15|          3|   32|         96|
    |in_0_V_address0                          |  33|          6|    9|         54|
    |in_0_V_address1                          |  33|          6|    9|         54|
    |in_1_V_address0                          |  33|          6|    9|         54|
    |in_1_V_address1                          |  33|          6|    9|         54|
    |in_2_V_address0                          |  33|          6|    9|         54|
    |in_2_V_address1                          |  33|          6|    9|         54|
    |in_3_V_address0                          |  33|          6|    9|         54|
    |in_3_V_address1                          |  33|          6|    9|         54|
    |indvar_flatten_reg_563                   |   9|          2|    8|         16|
    |ofm_0_reg_574                            |   9|          2|    5|         10|
    |out_V_address0                           |  33|          6|   11|         66|
    |out_V_address1                           |  33|          6|   11|         66|
    |out_V_d0                                 |  33|          6|   63|        378|
    |out_V_d1                                 |  33|          6|   63|        378|
    |r_0_reg_585                              |   9|          2|    4|          8|
    +-----------------------------------------+----+-----------+-----+-----------+
    |Total                                    | 539|        102|  321|       1592|
    +-----------------------------------------+----+-----------+-----+-----------+

    * Register: 
    +----------------------------------+----+----+-----+-----------+
    |               Name               | FF | LUT| Bits| Const Bits|
    +----------------------------------+----+----+-----+-----------+
    |add_ln203_13_reg_1348             |  11|   0|   12|          1|
    |add_ln203_3_reg_1190              |   9|   0|   10|          1|
    |add_ln34_reg_1160                 |   8|   0|    8|          0|
    |ap_CS_fsm                         |   7|   0|    7|          0|
    |ap_done_reg                       |   1|   0|    1|          0|
    |ap_enable_reg_pp0_iter0           |   1|   0|    1|          0|
    |ap_enable_reg_pp0_iter1           |   1|   0|    1|          0|
    |icmp_ln1494_1_reg_1303            |   1|   0|    1|          0|
    |icmp_ln1494_2_reg_1365            |   1|   0|    1|          0|
    |icmp_ln1494_3_reg_1375            |   1|   0|    1|          0|
    |icmp_ln1494_4_reg_1425            |   1|   0|    1|          0|
    |icmp_ln1494_5_reg_1435            |   1|   0|    1|          0|
    |icmp_ln1494_6_reg_1490            |   1|   0|    1|          0|
    |icmp_ln1494_7_reg_1500            |   1|   0|    1|          0|
    |icmp_ln1494_8_reg_1510            |   1|   0|    1|          0|
    |icmp_ln1494_9_reg_1520            |   1|   0|    1|          0|
    |icmp_ln1494_reg_1293              |   1|   0|    1|          0|
    |icmp_ln34_reg_1156                |   1|   0|    1|          0|
    |icmp_ln34_reg_1156_pp0_iter1_reg  |   1|   0|    1|          0|
    |indvar_flatten_reg_563            |   8|   0|    8|          0|
    |ofm_0_reg_574                     |   5|   0|    5|          0|
    |r_0_reg_585                       |   4|   0|    4|          0|
    |r_reg_1440                        |   4|   0|    4|          0|
    |select_ln39_1_reg_1172            |   5|   0|    5|          0|
    |select_ln39_reg_1165              |   4|   0|    4|          0|
    |trunc_ln1494_1_reg_1298           |  63|   0|   63|          0|
    |trunc_ln1494_2_reg_1360           |  63|   0|   63|          0|
    |trunc_ln1494_3_reg_1370           |  63|   0|   63|          0|
    |trunc_ln1494_4_reg_1420           |  63|   0|   63|          0|
    |trunc_ln1494_5_reg_1430           |  63|   0|   63|          0|
    |trunc_ln1494_6_reg_1485           |  63|   0|   63|          0|
    |trunc_ln1494_7_reg_1495           |  63|   0|   63|          0|
    |trunc_ln1494_8_reg_1505           |  63|   0|   63|          0|
    |trunc_ln1494_9_reg_1515           |  63|   0|   63|          0|
    |trunc_ln1494_reg_1288             |  63|   0|   63|          0|
    |trunc_ln39_reg_1179               |   2|   0|    2|          0|
    |zext_ln203_3_mid2_v_reg_1184      |   3|   0|    3|          0|
    |zext_ln39_reg_1242                |   2|   0|   32|         30|
    +----------------------------------+----+----+-----+-----------+
    |Total                             | 717|   0|  749|         32|
    +----------------------------------+----+----+-----+-----------+



================================================================
== Interface
================================================================
* Summary: 
+-----------------+-----+-----+------------+--------------+--------------+
|    RTL Ports    | Dir | Bits|  Protocol  | Source Object|    C Type    |
+-----------------+-----+-----+------------+--------------+--------------+
|ap_clk           |  in |    1| ap_ctrl_hs |    relu_R2   | return value |
|ap_rst           |  in |    1| ap_ctrl_hs |    relu_R2   | return value |
|ap_start         |  in |    1| ap_ctrl_hs |    relu_R2   | return value |
|ap_done          | out |    1| ap_ctrl_hs |    relu_R2   | return value |
|ap_continue      |  in |    1| ap_ctrl_hs |    relu_R2   | return value |
|ap_idle          | out |    1| ap_ctrl_hs |    relu_R2   | return value |
|ap_ready         | out |    1| ap_ctrl_hs |    relu_R2   | return value |
|in_0_V_address0  | out |    9|  ap_memory |    in_0_V    |     array    |
|in_0_V_ce0       | out |    1|  ap_memory |    in_0_V    |     array    |
|in_0_V_q0        |  in |   64|  ap_memory |    in_0_V    |     array    |
|in_0_V_address1  | out |    9|  ap_memory |    in_0_V    |     array    |
|in_0_V_ce1       | out |    1|  ap_memory |    in_0_V    |     array    |
|in_0_V_q1        |  in |   64|  ap_memory |    in_0_V    |     array    |
|in_1_V_address0  | out |    9|  ap_memory |    in_1_V    |     array    |
|in_1_V_ce0       | out |    1|  ap_memory |    in_1_V    |     array    |
|in_1_V_q0        |  in |   64|  ap_memory |    in_1_V    |     array    |
|in_1_V_address1  | out |    9|  ap_memory |    in_1_V    |     array    |
|in_1_V_ce1       | out |    1|  ap_memory |    in_1_V    |     array    |
|in_1_V_q1        |  in |   64|  ap_memory |    in_1_V    |     array    |
|in_2_V_address0  | out |    9|  ap_memory |    in_2_V    |     array    |
|in_2_V_ce0       | out |    1|  ap_memory |    in_2_V    |     array    |
|in_2_V_q0        |  in |   64|  ap_memory |    in_2_V    |     array    |
|in_2_V_address1  | out |    9|  ap_memory |    in_2_V    |     array    |
|in_2_V_ce1       | out |    1|  ap_memory |    in_2_V    |     array    |
|in_2_V_q1        |  in |   64|  ap_memory |    in_2_V    |     array    |
|in_3_V_address0  | out |    9|  ap_memory |    in_3_V    |     array    |
|in_3_V_ce0       | out |    1|  ap_memory |    in_3_V    |     array    |
|in_3_V_q0        |  in |   64|  ap_memory |    in_3_V    |     array    |
|in_3_V_address1  | out |    9|  ap_memory |    in_3_V    |     array    |
|in_3_V_ce1       | out |    1|  ap_memory |    in_3_V    |     array    |
|in_3_V_q1        |  in |   64|  ap_memory |    in_3_V    |     array    |
|out_V_address0   | out |   11|  ap_memory |     out_V    |     array    |
|out_V_ce0        | out |    1|  ap_memory |     out_V    |     array    |
|out_V_we0        | out |    1|  ap_memory |     out_V    |     array    |
|out_V_d0         | out |   63|  ap_memory |     out_V    |     array    |
|out_V_address1   | out |   11|  ap_memory |     out_V    |     array    |
|out_V_ce1        | out |    1|  ap_memory |     out_V    |     array    |
|out_V_we1        | out |    1|  ap_memory |     out_V    |     array    |
|out_V_d1         | out |   63|  ap_memory |     out_V    |     array    |
+-----------------+-----+-----+------------+--------------+--------------+

