INFO: [SIM 2] *************** CSIM start ***************
INFO: [SIM 4] CSIM will launch GCC as the compiler.
   Compiling ../../../../flatten_tb.cpp in debug mode
   Compiling ../../../../flatten_Alg.cpp in debug mode
   Generating csim.exe
OUT: 0
OUT: 0
OUT: 0
OUT: 0
OUT: 0
OUT: 0
OUT: 0
OUT: 0
OUT: 0
OUT: 0
OUT: 0
OUT: 0
OUT: 0
OUT: 0
OUT: 0
OUT: 0
OUT: 0
OUT: 0
OUT: 0
OUT: 0
OUT: 0
OUT: 0
OUT: 0
OUT: 0
OUT: 0
OUT: 0
OUT: 0
OUT: 0
OUT: 0
OUT: 0
OUT: 0
OUT: 0
OUT: 0
OUT: 0
OUT: 0
OUT: 0
OUT: 0
OUT: 0
OUT: 0
OUT: 0
OUT: 0
OUT: 0
OUT: 0
OUT: 0
OUT: 0
OUT: 0
OUT: 0
OUT: 0
OUT: 0
OUT: 0
OUT: 0
OUT: 0
OUT: 0
OUT: 0
OUT: 0
OUT: 0
OUT: 0
OUT: 0
OUT: 0
OUT: 0
OUT: 0
OUT: 0
OUT: 0
OUT: 0
OUT: 0
OUT: 0
OUT: 0
OUT: 0
OUT: 0
OUT: 0
OUT: 0
OUT: 0
OUT: 0
OUT: 0
OUT: 0
OUT: 0
OUT: 0
OUT: 0
OUT: 0
OUT: 0
OUT: 0
OUT: 0
OUT: 0
OUT: 0
OUT: 0
OUT: 0
OUT: 0
OUT: 0
OUT: 0
OUT: 0
OUT: 0
OUT: 0
OUT: 0
OUT: 0
OUT: 0
OUT: 0
OUT: 0
OUT: 0
OUT: 0
OUT: 0
OUT: 0
OUT: 0
OUT: 0
OUT: 0
OUT: 0
OUT: 0
OUT: 0
OUT: 0
OUT: 0
OUT: 0
OUT: 0
OUT: 0
OUT: 0
OUT: 0
OUT: 0
OUT: 0
OUT: 0
OUT: 0
OUT: 0
OUT: 0
OUT: 0
OUT: 0
OUT: 0
OUT: 0
OUT: 0
OUT: 0
OUT: 0
OUT: 0
OUT: 0
OUT: 0
OUT: 0
OUT: 0
OUT: 0
OUT: 0
OUT: 0
OUT: 0
OUT: 0
OUT: 0
OUT: 0
OUT: 0
OUT: 0
OUT: 0
OUT: 0
OUT: 0
OUT: 0
OUT: 0
OUT: 0
OUT: 0
OUT: 0
OUT: 0
OUT: 0
OUT: 0
OUT: 0
OUT: 0
OUT: 0
OUT: 0
OUT: 0
OUT: 0
OUT: 0
OUT: 0
OUT: 0
OUT: 0
OUT: 0
OUT: 0
OUT: 0
OUT: 0
OUT: 0
OUT: 0
OUT: 0
OUT: 0
OUT: 0
OUT: 0
OUT: 0
OUT: 0
OUT: 0
OUT: 0
OUT: 0
OUT: 0
OUT: 0
OUT: 0
OUT: 0
OUT: 0
OUT: 0
OUT: 0
OUT: 0
OUT: 0
OUT: 0
OUT: 0
OUT: 0
OUT: 0
OUT: 0
OUT: 0
OUT: 0
OUT: 0
OUT: 0
OUT: 0
OUT: 0
OUT: 0
OUT: 0
OUT: 0
OUT: 0
OUT: 0
OUT: 0
OUT: 0
OUT: 0
OUT: 0
OUT: 0
OUT: 0
OUT: 0
OUT: 0
OUT: 0
OUT: 0
OUT: 0
OUT: 0
OUT: 0
OUT: 0
OUT: 0
OUT: 0
OUT: 0
OUT: 0
OUT: 0
OUT: 0
OUT: 0
OUT: 0
OUT: 0
OUT: 0
OUT: 0
OUT: 0
OUT: 0
OUT: 0
OUT: 0
OUT: 0
OUT: 0
OUT: 0
OUT: 0
OUT: 0
OUT: 0
OUT: 0
OUT: 0
OUT: 0
OUT: 0
OUT: 0
OUT: 0
OUT: 0
OUT: 0
OUT: 0
OUT: 0
OUT: 0
OUT: 0
OUT: 0
OUT: 0
OUT: 0
OUT: 0
OUT: 0
OUT: 0
OUT: 0
OUT: 0
OUT: 0
OUT: 0
OUT: 0
OUT: 0
OUT: 0
OUT: 0
OUT: 0
OUT: 0
OUT: 0
OUT: 0
OUT: 0
OUT: 0
OUT: 0
OUT: 0
OUT: 0
OUT: 0
OUT: 0
OUT: 0
OUT: 0
OUT: 0
OUT: 0
OUT: 0
OUT: 0
OUT: 0
OUT: 0
OUT: 0
OUT: 0
OUT: 0
OUT: 0
OUT: 0
OUT: 0
OUT: 0
OUT: 0
OUT: 0
OUT: 0
OUT: 0
OUT: 0
OUT: 0
OUT: 0
OUT: 0
OUT: 0
OUT: 0
OUT: 0
OUT: 0
OUT: 0
OUT: 0
OUT: 0
OUT: 0
OUT: 0
OUT: 0
OUT: 0
OUT: 0
OUT: 0
OUT: 0
OUT: 0
OUT: 0
OUT: 0
OUT: 0
OUT: 0
OUT: 0
OUT: 0
OUT: 0
OUT: 0
OUT: 0
OUT: 0
OUT: 0
OUT: 0
OUT: 0
OUT: 0
OUT: 0
OUT: 0
OUT: 0
OUT: 0
OUT: 0
OUT: 0
OUT: 0
OUT: 0
OUT: 0
OUT: 0
OUT: 0
OUT: 0
OUT: 0
OUT: 0
OUT: 0
OUT: 0
OUT: 0
OUT: 0
OUT: 0
OUT: 0
OUT: 0
OUT: 0
OUT: 0
OUT: 0
OUT: 0
OUT: 0
OUT: 0
OUT: 0
OUT: 0
OUT: 0
OUT: 0
OUT: 0
OUT: 0
OUT: 0
OUT: 0
OUT: 0
OUT: 0
OUT: 0
OUT: 0
OUT: 0
OUT: 0
OUT: 0
OUT: 0
OUT: 0
OUT: 0
OUT: 0
OUT: 0
OUT: 0
OUT: 0
OUT: 0
OUT: 0
OUT: 0
OUT: 0
OUT: 0
OUT: 0
OUT: 0
OUT: 0
OUT: 0
OUT: 0
OUT: 0
OUT: 0
OUT: 0
OUT: 0
OUT: 0
OUT: 0
OUT: 0
OUT: 0
OUT: 0
OUT: 0
OUT: 0
OUT: 0
OUT: 0
OUT: 0
OUT: 0
----------------------------------------------
   RMSE 0.000000
----------------------------------------------
*******************************************
PASS: The output matches the golden output!
*******************************************
INFO: [SIM 1] CSim done with 0 errors.
INFO: [SIM 3] *************** CSIM finish ***************
