

================================================================
== Vivado HLS Report for 'conv2d_C2'
================================================================
* Date:           Sun Mar  8 14:26:36 2020

* Version:        2019.1 (Build 2552052 on Fri May 24 15:28:33 MDT 2019)
* Project:        lenet_cnn
* Solution:       solution2_opt
* Product family: zynq
* Target device:  xc7z020-clg400-1


================================================================
== Performance Estimates
================================================================
+ Timing (ns): 
    * Summary: 
    +--------+-------+----------+------------+
    |  Clock | Target| Estimated| Uncertainty|
    +--------+-------+----------+------------+
    |ap_clk  |  10.00|     8.400|        1.25|
    +--------+-------+----------+------------+

+ Latency (clock cycles): 
    * Summary: 
    +--------+--------+--------+--------+---------+
    |     Latency     |     Interval    | Pipeline|
    |   min  |   max  |   min  |   max  |   Type  |
    +--------+--------+--------+--------+---------+
    |  130129|  130129|  130129|  130129|   none  |
    +--------+--------+--------+--------+---------+

    + Detail: 
        * Instance: 
        N/A

        * Loop: 
        +--------------------+--------+--------+----------+-----------+-----------+------+----------+
        |                    |     Latency     | Iteration|  Initiation Interval  | Trip |          |
        |      Loop Name     |   min  |   max  |  Latency |  achieved |   target  | Count| Pipelined|
        +--------------------+--------+--------+----------+-----------+-----------+------+----------+
        |- OFM               |  130128|  130128|      8133|          -|          -|    16|    no    |
        | + ROW_CLR_COL_CLR  |     100|     100|         2|          1|          1|   100|    yes   |
        | + IFM_ROW_COL      |    7924|    7924|       138|         13|          1|   600|    yes   |
        | + ROW_CPY_COL_CPY  |     101|     101|         3|          1|          1|   100|    yes   |
        +--------------------+--------+--------+----------+-----------+-----------+------+----------+



================================================================
== Utilization Estimates
================================================================
* Summary: 
+-----------------+---------+-------+--------+-------+-----+
|       Name      | BRAM_18K| DSP48E|   FF   |  LUT  | URAM|
+-----------------+---------+-------+--------+-------+-----+
|DSP              |        -|      -|       -|      -|    -|
|Expression       |        -|      -|       0|   1390|    -|
|FIFO             |        -|      -|       -|      -|    -|
|Instance         |        -|     10|     696|   1422|    -|
|Memory           |       26|      -|      32|      8|    0|
|Multiplexer      |        -|      -|       -|    880|    -|
|Register         |        0|      -|    4356|    736|    -|
+-----------------+---------+-------+--------+-------+-----+
|Total            |       26|     10|    5084|   4436|    0|
+-----------------+---------+-------+--------+-------+-----+
|Available        |      280|    220|  106400|  53200|    0|
+-----------------+---------+-------+--------+-------+-----+
|Utilization (%)  |        9|      4|       4|      8|    0|
+-----------------+---------+-------+--------+-------+-----+

+ Detail: 
    * Instance: 
    +--------------------------+----------------------+---------+-------+-----+-----+-----+
    |         Instance         |        Module        | BRAM_18K| DSP48E|  FF | LUT | URAM|
    +--------------------------+----------------------+---------+-------+-----+-----+-----+
    |lenet_fadd_32ns_3kbM_U29  |lenet_fadd_32ns_3kbM  |        0|      2|  205|  390|    0|
    |lenet_fadd_32ns_3kbM_U30  |lenet_fadd_32ns_3kbM  |        0|      2|  205|  390|    0|
    |lenet_fmul_32ns_3lbW_U31  |lenet_fmul_32ns_3lbW  |        0|      3|  143|  321|    0|
    |lenet_fmul_32ns_3lbW_U32  |lenet_fmul_32ns_3lbW  |        0|      3|  143|  321|    0|
    +--------------------------+----------------------+---------+-------+-----+-----+-----+
    |Total                     |                      |        0|     10|  696| 1422|    0|
    +--------------------------+----------------------+---------+-------+-----+-----+-----+

    * DSP48E: 
    N/A

    * Memory: 
    +------------------+----------------------+---------+----+----+-----+------+-----+------+-------------+
    |      Memory      |        Module        | BRAM_18K| FF | LUT| URAM| Words| Bits| Banks| W*Bits*Banks|
    +------------------+----------------------+---------+----+----+-----+------+-----+------+-------------+
    |C2_biases_U       |conv2d_C2_C2_biases   |        0|  32|   8|    0|    16|   32|     1|          512|
    |C2_weights_2_3_U  |conv2d_C2_C2_weigAem  |        1|   0|   0|    0|    96|   32|     1|         3072|
    |C2_weights_2_4_U  |conv2d_C2_C2_weigBew  |        1|   0|   0|    0|    96|   32|     1|         3072|
    |C2_weights_3_0_U  |conv2d_C2_C2_weigCeG  |        1|   0|   0|    0|    96|   32|     1|         3072|
    |C2_weights_3_1_U  |conv2d_C2_C2_weigDeQ  |        1|   0|   0|    0|    96|   32|     1|         3072|
    |C2_weights_3_2_U  |conv2d_C2_C2_weigEe0  |        1|   0|   0|    0|    96|   32|     1|         3072|
    |C2_weights_3_3_U  |conv2d_C2_C2_weigFfa  |        1|   0|   0|    0|    96|   32|     1|         3072|
    |C2_weights_3_4_U  |conv2d_C2_C2_weigGfk  |        1|   0|   0|    0|    96|   32|     1|         3072|
    |C2_weights_4_0_U  |conv2d_C2_C2_weigHfu  |        1|   0|   0|    0|    96|   32|     1|         3072|
    |C2_weights_4_1_U  |conv2d_C2_C2_weigIfE  |        1|   0|   0|    0|    96|   32|     1|         3072|
    |C2_weights_4_2_U  |conv2d_C2_C2_weigJfO  |        1|   0|   0|    0|    96|   32|     1|         3072|
    |C2_weights_4_3_U  |conv2d_C2_C2_weigKfY  |        1|   0|   0|    0|    96|   32|     1|         3072|
    |C2_weights_4_4_U  |conv2d_C2_C2_weigLf8  |        1|   0|   0|    0|    96|   32|     1|         3072|
    |C2_weights_0_0_U  |conv2d_C2_C2_weigncg  |        1|   0|   0|    0|    96|   32|     1|         3072|
    |C2_weights_0_1_U  |conv2d_C2_C2_weigocq  |        1|   0|   0|    0|    96|   32|     1|         3072|
    |C2_weights_0_2_U  |conv2d_C2_C2_weigpcA  |        1|   0|   0|    0|    96|   32|     1|         3072|
    |C2_weights_0_3_U  |conv2d_C2_C2_weigqcK  |        1|   0|   0|    0|    96|   32|     1|         3072|
    |C2_weights_0_4_U  |conv2d_C2_C2_weigrcU  |        1|   0|   0|    0|    96|   32|     1|         3072|
    |C2_weights_1_0_U  |conv2d_C2_C2_weigsc4  |        1|   0|   0|    0|    96|   32|     1|         3072|
    |C2_weights_1_1_U  |conv2d_C2_C2_weigtde  |        1|   0|   0|    0|    96|   32|     1|         3072|
    |C2_weights_1_2_U  |conv2d_C2_C2_weigudo  |        1|   0|   0|    0|    96|   32|     1|         3072|
    |C2_weights_1_3_U  |conv2d_C2_C2_weigvdy  |        1|   0|   0|    0|    96|   32|     1|         3072|
    |C2_weights_1_4_U  |conv2d_C2_C2_weigwdI  |        1|   0|   0|    0|    96|   32|     1|         3072|
    |C2_weights_2_0_U  |conv2d_C2_C2_weigxdS  |        1|   0|   0|    0|    96|   32|     1|         3072|
    |C2_weights_2_1_U  |conv2d_C2_C2_weigyd2  |        1|   0|   0|    0|    96|   32|     1|         3072|
    |C2_weights_2_2_U  |conv2d_C2_C2_weigzec  |        1|   0|   0|    0|    96|   32|     1|         3072|
    |acc_buf_U         |conv2d_C2_acc_buf     |        1|   0|   0|    0|   100|   32|     1|         3200|
    +------------------+----------------------+---------+----+----+-----+------+-----+------+-------------+
    |Total             |                      |       26|  32|   8|    0|  2516|  864|    27|        80512|
    +------------------+----------------------+---------+----+----+-----+------+-----+------+-------------+

    * FIFO: 
    N/A

    * Expression: 
    +---------------------------+----------+-------+---+----+------------+------------+
    |       Variable Name       | Operation| DSP48E| FF| LUT| Bitwidth P0| Bitwidth P1|
    +---------------------------+----------+-------+---+----+------------+------------+
    |add_ln103_fu_1945_p2       |     +    |      0|  0|  15|           7|           1|
    |add_ln106_1_fu_1988_p2     |     +    |      0|  0|  15|           9|           9|
    |add_ln106_2_fu_2013_p2     |     +    |      0|  0|   8|          12|          12|
    |add_ln106_3_fu_2041_p2     |     +    |      0|  0|   8|           8|           8|
    |add_ln106_4_fu_2053_p2     |     +    |      0|  0|   8|          12|          12|
    |add_ln106_5_fu_2059_p2     |     +    |      0|  0|   8|           8|           8|
    |add_ln106_fu_1064_p2       |     +    |      0|  0|  15|           9|           9|
    |add_ln79_fu_1076_p2        |     +    |      0|  0|  15|           7|           1|
    |add_ln82_1_fu_1147_p2      |     +    |      0|  0|   8|           8|           8|
    |add_ln82_fu_1138_p2        |     +    |      0|  0|   8|           8|           8|
    |add_ln86_fu_1188_p2        |     +    |      0|  0|  14|          10|           1|
    |add_ln87_fu_1601_p2        |     +    |      0|  0|  15|           1|           8|
    |add_ln93_10_fu_1403_p2     |     +    |      0|  0|  71|          64|          64|
    |add_ln93_11_fu_1439_p2     |     +    |      0|  0|  13|           2|           4|
    |add_ln93_12_fu_1457_p2     |     +    |      0|  0|  71|          64|          64|
    |add_ln93_13_fu_1493_p2     |     +    |      0|  0|  13|           3|           4|
    |add_ln93_14_fu_1511_p2     |     +    |      0|  0|  71|          64|          64|
    |add_ln93_15_fu_1547_p2     |     +    |      0|  0|  13|           3|           4|
    |add_ln93_16_fu_1565_p2     |     +    |      0|  0|  71|          64|          64|
    |add_ln93_17_fu_1630_p2     |     +    |      0|  0|  12|          12|          12|
    |add_ln93_18_fu_1699_p2     |     +    |      0|  0|  12|          12|          12|
    |add_ln93_19_fu_1763_p2     |     +    |      0|  0|  12|          12|          12|
    |add_ln93_1_fu_1661_p2      |     +    |      0|  0|  13|           2|           4|
    |add_ln93_20_fu_1799_p2     |     +    |      0|  0|  12|          12|          12|
    |add_ln93_21_fu_1817_p2     |     +    |      0|  0|  12|          12|          12|
    |add_ln93_23_fu_1650_p2     |     +    |      0|  0|  12|          12|          12|
    |add_ln93_24_fu_1727_p2     |     +    |      0|  0|  12|          12|          12|
    |add_ln93_25_fu_1772_p2     |     +    |      0|  0|  12|          12|          12|
    |add_ln93_26_fu_1821_p2     |     +    |      0|  0|  12|          12|          12|
    |add_ln93_27_fu_1830_p2     |     +    |      0|  0|  12|          12|          12|
    |add_ln93_28_fu_1670_p2     |     +    |      0|  0|  12|          12|          12|
    |add_ln93_29_fu_1736_p2     |     +    |      0|  0|  12|          12|          12|
    |add_ln93_2_fu_1170_p2      |     +    |      0|  0|  13|           4|           2|
    |add_ln93_30_fu_1781_p2     |     +    |      0|  0|  12|          12|          12|
    |add_ln93_31_fu_1834_p2     |     +    |      0|  0|  12|          12|          12|
    |add_ln93_32_fu_1843_p2     |     +    |      0|  0|  12|          12|          12|
    |add_ln93_33_fu_1689_p2     |     +    |      0|  0|  12|          12|          12|
    |add_ln93_34_fu_1745_p2     |     +    |      0|  0|  12|          12|          12|
    |add_ln93_35_fu_1790_p2     |     +    |      0|  0|  12|          12|          12|
    |add_ln93_36_fu_1847_p2     |     +    |      0|  0|  12|          12|          12|
    |add_ln93_37_fu_1851_p2     |     +    |      0|  0|  12|          12|          12|
    |add_ln93_38_fu_1717_p2     |     +    |      0|  0|  12|          12|          12|
    |add_ln93_39_fu_1754_p2     |     +    |      0|  0|  12|          12|          12|
    |add_ln93_3_fu_1176_p2      |     +    |      0|  0|  13|           4|           3|
    |add_ln93_40_fu_1808_p2     |     +    |      0|  0|  12|          12|          12|
    |add_ln93_41_fu_1855_p2     |     +    |      0|  0|  12|          12|          12|
    |add_ln93_42_fu_1859_p2     |     +    |      0|  0|  12|          12|          12|
    |add_ln93_4_fu_1256_p2      |     +    |      0|  0|  15|           8|           8|
    |add_ln93_5_fu_1680_p2      |     +    |      0|  0|  13|           2|           4|
    |add_ln93_6_fu_1708_p2      |     +    |      0|  0|  13|           3|           4|
    |add_ln93_7_fu_1339_p2      |     +    |      0|  0|  13|           1|           4|
    |add_ln93_8_fu_1371_p2      |     +    |      0|  0|  71|          64|          64|
    |add_ln93_9_fu_1385_p2      |     +    |      0|  0|  13|           2|           4|
    |add_ln93_fu_1164_p2        |     +    |      0|  0|  13|           4|           2|
    |add_ln97_1_fu_1928_p2      |     +    |      0|  0|   8|           8|           8|
    |add_ln97_fu_1919_p2        |     +    |      0|  0|   8|           8|           8|
    |c_1_fu_1641_p2             |     +    |      0|  0|  13|           1|           4|
    |c_2_fu_1979_p2             |     +    |      0|  0|  13|           4|           1|
    |c_fu_1110_p2               |     +    |      0|  0|  13|           4|           1|
    |ifm_fu_1194_p2             |     +    |      0|  0|  12|           1|           3|
    |ofm_fu_1019_p2             |     +    |      0|  0|  15|           5|           1|
    |r_1_fu_1158_p2             |     +    |      0|  0|  13|           4|           1|
    |r_2_fu_1951_p2             |     +    |      0|  0|  13|           4|           1|
    |r_fu_1082_p2               |     +    |      0|  0|  13|           4|           1|
    |sub_ln93_1_fu_1246_p2      |     -    |      0|  0|  71|          64|          64|
    |sub_ln93_2_fu_1621_p2      |     -    |      0|  0|  12|          12|          12|
    |sub_ln93_3_fu_1433_p2      |     -    |      0|  0|  12|          12|          12|
    |sub_ln93_4_fu_1487_p2      |     -    |      0|  0|  12|          12|          12|
    |sub_ln93_5_fu_1541_p2      |     -    |      0|  0|  12|          12|          12|
    |sub_ln93_6_fu_1595_p2      |     -    |      0|  0|  12|          12|          12|
    |sub_ln93_fu_1058_p2        |     -    |      0|  0|  15|           8|           8|
    |and_ln93_fu_1333_p2        |    and   |      0|  0|   2|           1|           1|
    |icmp_ln103_fu_1939_p2      |   icmp   |      0|  0|  11|           7|           6|
    |icmp_ln104_fu_1957_p2      |   icmp   |      0|  0|   9|           4|           4|
    |icmp_ln77_fu_1013_p2       |   icmp   |      0|  0|  11|           5|           6|
    |icmp_ln79_fu_1070_p2       |   icmp   |      0|  0|  11|           7|           6|
    |icmp_ln80_fu_1088_p2       |   icmp   |      0|  0|   9|           4|           4|
    |icmp_ln86_fu_1182_p2       |   icmp   |      0|  0|  13|          10|          10|
    |icmp_ln87_fu_1200_p2       |   icmp   |      0|  0|  11|           8|           7|
    |icmp_ln88_fu_1327_p2       |   icmp   |      0|  0|   9|           4|           4|
    |ap_block_state1            |    or    |      0|  0|   2|           1|           1|
    |or_ln97_fu_1345_p2         |    or    |      0|  0|   2|           1|           1|
    |select_ln106_1_fu_1971_p3  |  select  |      0|  0|   4|           1|           4|
    |select_ln106_fu_1963_p3    |  select  |      0|  0|   4|           1|           1|
    |select_ln82_1_fu_1102_p3   |  select  |      0|  0|   4|           1|           4|
    |select_ln82_fu_1094_p3     |  select  |      0|  0|   4|           1|           1|
    |select_ln87_fu_1887_p3     |  select  |      0|  0|   8|           1|           1|
    |select_ln93_1_fu_1214_p3   |  select  |      0|  0|   3|           1|           3|
    |select_ln93_2_fu_1289_p3   |  select  |      0|  0|   4|           1|           1|
    |select_ln93_3_fu_1297_p3   |  select  |      0|  0|   4|           1|           2|
    |select_ln93_4_fu_1305_p3   |  select  |      0|  0|   4|           1|           2|
    |select_ln93_5_fu_1313_p3   |  select  |      0|  0|   4|           1|           3|
    |select_ln93_fu_1206_p3     |  select  |      0|  0|   4|           1|           1|
    |select_ln97_1_fu_1359_p3   |  select  |      0|  0|   4|           1|           4|
    |select_ln97_2_fu_1391_p3   |  select  |      0|  0|   4|           1|           4|
    |select_ln97_3_fu_1445_p3   |  select  |      0|  0|   4|           1|           4|
    |select_ln97_4_fu_1499_p3   |  select  |      0|  0|   4|           1|           4|
    |select_ln97_5_fu_1553_p3   |  select  |      0|  0|   4|           1|           4|
    |select_ln97_fu_1351_p3     |  select  |      0|  0|   4|           1|           1|
    |ap_enable_pp0              |    xor   |      0|  0|   2|           1|           2|
    |ap_enable_pp1              |    xor   |      0|  0|   2|           1|           2|
    |ap_enable_pp2              |    xor   |      0|  0|   2|           1|           2|
    |ap_enable_reg_pp0_iter1    |    xor   |      0|  0|   2|           2|           1|
    |ap_enable_reg_pp2_iter1    |    xor   |      0|  0|   2|           2|           1|
    |xor_ln93_fu_1321_p2        |    xor   |      0|  0|   2|           1|           2|
    +---------------------------+----------+-------+---+----+------------+------------+
    |Total                      |          |      0|  0|1390|        1009|        1017|
    +---------------------------+----------+-------+---+----+------------+------------+

    * Multiplexer: 
    +-------------------------------------------+-----+-----------+-----+-----------+
    |                    Name                   | LUT | Input Size| Bits| Total Bits|
    +-------------------------------------------+-----+-----------+-----+-----------+
    |acc_buf_address0                           |   27|          5|    7|         35|
    |acc_buf_d0                                 |   15|          3|   32|         96|
    |ap_NS_fsm                                  |  105|         22|    1|         22|
    |ap_done                                    |    9|          2|    1|          2|
    |ap_enable_reg_pp0_iter1                    |   15|          3|    1|          3|
    |ap_enable_reg_pp1_iter10                   |    9|          2|    1|          2|
    |ap_enable_reg_pp2_iter1                    |    9|          2|    1|          2|
    |ap_enable_reg_pp2_iter2                    |    9|          2|    1|          2|
    |ap_phi_mux_c2_0_phi_fu_852_p4              |    9|          2|    4|          8|
    |ap_phi_mux_ifm_0_phi_fu_819_p4             |    9|          2|    3|          6|
    |ap_phi_mux_indvar_flatten11_phi_fu_830_p4  |    9|          2|    8|         16|
    |ap_phi_mux_indvar_flatten66_phi_fu_808_p4  |    9|          2|   10|         20|
    |ap_phi_mux_r1_0_phi_fu_841_p4              |    9|          2|    4|          8|
    |ap_phi_mux_r3_0_phi_fu_874_p4              |    9|          2|    4|          8|
    |ap_phi_mux_r_0_phi_fu_786_p4               |    9|          2|    4|          8|
    |c2_0_reg_848                               |    9|          2|    4|          8|
    |c4_0_reg_881                               |    9|          2|    4|          8|
    |c_0_reg_793                                |    9|          2|    4|          8|
    |grp_fu_892_p0                              |   41|          8|   32|        256|
    |grp_fu_892_p1                              |   59|         14|   32|        448|
    |grp_fu_897_p0                              |   44|          9|   32|        288|
    |grp_fu_897_p1                              |   59|         14|   32|        448|
    |grp_fu_901_p0                              |   59|         14|   32|        448|
    |grp_fu_901_p1                              |   33|          6|   32|        192|
    |grp_fu_905_p0                              |   56|         13|   32|        416|
    |grp_fu_905_p1                              |   27|          5|   32|        160|
    |ifm_0_reg_815                              |    9|          2|    3|          6|
    |in_r_address0                              |   59|         14|   11|        154|
    |in_r_address1                              |   56|         13|   11|        143|
    |indvar_flatten11_reg_826                   |    9|          2|    8|         16|
    |indvar_flatten66_reg_804                   |    9|          2|   10|         20|
    |indvar_flatten78_reg_859                   |    9|          2|    7|         14|
    |indvar_flatten_reg_771                     |    9|          2|    7|         14|
    |ofm_0_reg_759                              |    9|          2|    5|         10|
    |r1_0_reg_837                               |    9|          2|    4|          8|
    |r3_0_reg_870                               |    9|          2|    4|          8|
    |r_0_reg_782                                |    9|          2|    4|          8|
    |reg_909                                    |    9|          2|   32|         64|
    |reg_915                                    |    9|          2|   32|         64|
    +-------------------------------------------+-----+-----------+-----+-----------+
    |Total                                      |  880|        193|  488|       3447|
    +-------------------------------------------+-----+-----------+-----+-----------+

    * Register: 
    +----------------------------------------+----+----+-----+-----------+
    |                  Name                  | FF | LUT| Bits| Const Bits|
    +----------------------------------------+----+----+-----+-----------+
    |C2_biases_load_reg_2097                 |  32|   0|   32|          0|
    |C2_weights_0_0_load_reg_2340            |  32|   0|   32|          0|
    |C2_weights_0_1_load_reg_2345            |  32|   0|   32|          0|
    |C2_weights_0_2_load_reg_2350            |  32|   0|   32|          0|
    |C2_weights_0_3_load_reg_2355            |  32|   0|   32|          0|
    |C2_weights_0_4_load_reg_2360            |  32|   0|   32|          0|
    |C2_weights_1_0_load_reg_2365            |  32|   0|   32|          0|
    |C2_weights_1_1_load_reg_2370            |  32|   0|   32|          0|
    |C2_weights_1_2_load_reg_2375            |  32|   0|   32|          0|
    |C2_weights_1_3_load_reg_2380            |  32|   0|   32|          0|
    |C2_weights_1_4_load_reg_2385            |  32|   0|   32|          0|
    |C2_weights_2_0_load_reg_2390            |  32|   0|   32|          0|
    |C2_weights_2_1_load_reg_2395            |  32|   0|   32|          0|
    |C2_weights_2_2_load_reg_2400            |  32|   0|   32|          0|
    |C2_weights_2_3_load_reg_2405            |  32|   0|   32|          0|
    |C2_weights_2_4_load_reg_2410            |  32|   0|   32|          0|
    |C2_weights_3_0_load_reg_2415            |  32|   0|   32|          0|
    |C2_weights_3_1_load_reg_2420            |  32|   0|   32|          0|
    |C2_weights_3_2_load_reg_2425            |  32|   0|   32|          0|
    |C2_weights_3_3_load_reg_2430            |  32|   0|   32|          0|
    |C2_weights_3_4_load_reg_2435            |  32|   0|   32|          0|
    |C2_weights_4_0_load_reg_2440            |  32|   0|   32|          0|
    |C2_weights_4_1_load_reg_2445            |  32|   0|   32|          0|
    |C2_weights_4_2_load_reg_2450            |  32|   0|   32|          0|
    |C2_weights_4_3_load_reg_2455            |  32|   0|   32|          0|
    |C2_weights_4_4_load_reg_2762            |  32|   0|   32|          0|
    |acc_2_2_reg_2817                        |  32|   0|   32|          0|
    |acc_buf_addr_2_reg_2822                 |   7|   0|    7|          0|
    |acc_buf_addr_2_reg_2822_pp1_iter10_reg  |   7|   0|    7|          0|
    |acc_buf_load_1_reg_2827                 |  32|   0|   32|          0|
    |add_ln106_4_reg_2860                    |  12|   0|   12|          0|
    |add_ln106_reg_2092                      |   8|   0|    9|          1|
    |add_ln86_reg_2132                       |  10|   0|   10|          0|
    |add_ln87_reg_2335                       |   8|   0|    8|          0|
    |add_ln93_21_reg_2622                    |  12|   0|   12|          0|
    |add_ln93_27_reg_2632                    |  12|   0|   12|          0|
    |add_ln93_32_reg_2642                    |  12|   0|   12|          0|
    |add_ln93_36_reg_2647                    |  12|   0|   12|          0|
    |add_ln93_37_reg_2652                    |  12|   0|   12|          0|
    |add_ln93_41_reg_2657                    |  12|   0|   12|          0|
    |add_ln93_42_reg_2662                    |  12|   0|   12|          0|
    |ap_CS_fsm                               |  21|   0|   21|          0|
    |ap_done_reg                             |   1|   0|    1|          0|
    |ap_enable_reg_pp0_iter0                 |   1|   0|    1|          0|
    |ap_enable_reg_pp0_iter1                 |   1|   0|    1|          0|
    |ap_enable_reg_pp1_iter0                 |   1|   0|    1|          0|
    |ap_enable_reg_pp1_iter1                 |   1|   0|    1|          0|
    |ap_enable_reg_pp1_iter10                |   1|   0|    1|          0|
    |ap_enable_reg_pp1_iter2                 |   1|   0|    1|          0|
    |ap_enable_reg_pp1_iter3                 |   1|   0|    1|          0|
    |ap_enable_reg_pp1_iter4                 |   1|   0|    1|          0|
    |ap_enable_reg_pp1_iter5                 |   1|   0|    1|          0|
    |ap_enable_reg_pp1_iter6                 |   1|   0|    1|          0|
    |ap_enable_reg_pp1_iter7                 |   1|   0|    1|          0|
    |ap_enable_reg_pp1_iter8                 |   1|   0|    1|          0|
    |ap_enable_reg_pp1_iter9                 |   1|   0|    1|          0|
    |ap_enable_reg_pp2_iter0                 |   1|   0|    1|          0|
    |ap_enable_reg_pp2_iter1                 |   1|   0|    1|          0|
    |ap_enable_reg_pp2_iter2                 |   1|   0|    1|          0|
    |c2_0_reg_848                            |   4|   0|    4|          0|
    |c4_0_reg_881                            |   4|   0|    4|          0|
    |c_0_reg_793                             |   4|   0|    4|          0|
    |c_1_reg_2480                            |   4|   0|    4|          0|
    |icmp_ln103_reg_2832                     |   1|   0|    1|          0|
    |icmp_ln103_reg_2832_pp2_iter1_reg       |   1|   0|    1|          0|
    |icmp_ln79_reg_2102                      |   1|   0|    1|          0|
    |icmp_ln86_reg_2128                      |   1|   0|    1|          0|
    |icmp_ln87_reg_2137                      |   1|   0|    1|          0|
    |ifm_0_reg_815                           |   3|   0|    3|          0|
    |in_load_66_reg_2777                     |  32|   0|   32|          0|
    |indvar_flatten11_reg_826                |   8|   0|    8|          0|
    |indvar_flatten66_reg_804                |  10|   0|   10|          0|
    |indvar_flatten78_reg_859                |   7|   0|    7|          0|
    |indvar_flatten_reg_771                  |   7|   0|    7|          0|
    |ofm_0_reg_759                           |   5|   0|    5|          0|
    |ofm_reg_2077                            |   5|   0|    5|          0|
    |r1_0_reg_837                            |   4|   0|    4|          0|
    |r3_0_reg_870                            |   4|   0|    4|          0|
    |r_0_reg_782                             |   4|   0|    4|          0|
    |reg_1002                                |  32|   0|   32|          0|
    |reg_1007                                |  32|   0|   32|          0|
    |reg_909                                 |  32|   0|   32|          0|
    |reg_915                                 |  32|   0|   32|          0|
    |reg_921                                 |  32|   0|   32|          0|
    |reg_926                                 |  32|   0|   32|          0|
    |reg_931                                 |  32|   0|   32|          0|
    |reg_936                                 |  32|   0|   32|          0|
    |reg_941                                 |  32|   0|   32|          0|
    |reg_946                                 |  32|   0|   32|          0|
    |reg_951                                 |  32|   0|   32|          0|
    |reg_956                                 |  32|   0|   32|          0|
    |reg_961                                 |  32|   0|   32|          0|
    |reg_966                                 |  32|   0|   32|          0|
    |reg_971                                 |  32|   0|   32|          0|
    |reg_976                                 |  32|   0|   32|          0|
    |reg_981                                 |  32|   0|   32|          0|
    |reg_986                                 |  32|   0|   32|          0|
    |reg_992                                 |  32|   0|   32|          0|
    |reg_997                                 |  32|   0|   32|          0|
    |select_ln106_1_reg_2847                 |   4|   0|    4|          0|
    |select_ln106_reg_2841                   |   4|   0|    4|          0|
    |select_ln82_1_reg_2116                  |   4|   0|    4|          0|
    |select_ln82_reg_2111                    |   4|   0|    4|          0|
    |select_ln87_reg_2737                    |   8|   0|    8|          0|
    |select_ln93_1_reg_2142                  |   3|   0|    3|          0|
    |select_ln97_1_reg_2282                  |   4|   0|    4|          0|
    |select_ln97_reg_2272                    |   4|   0|    4|          0|
    |sext_ln93_reg_2147                      |  64|   0|   64|          0|
    |sub_ln93_2_reg_2460                     |  11|   0|   12|          1|
    |sub_ln93_3_reg_2299                     |  11|   0|   12|          1|
    |sub_ln93_4_reg_2308                     |  11|   0|   12|          1|
    |sub_ln93_5_reg_2317                     |  11|   0|   12|          1|
    |sub_ln93_6_reg_2326                     |  11|   0|   12|          1|
    |sub_ln93_reg_2087                       |   7|   0|    8|          1|
    |tmp_9_0_1_reg_2577                      |  32|   0|   32|          0|
    |tmp_9_0_2_reg_2587                      |  32|   0|   32|          0|
    |tmp_9_0_3_reg_2597                      |  32|   0|   32|          0|
    |tmp_9_0_3_reg_2597_pp1_iter1_reg        |  32|   0|   32|          0|
    |tmp_9_0_4_reg_2612                      |  32|   0|   32|          0|
    |tmp_9_0_4_reg_2612_pp1_iter1_reg        |  32|   0|   32|          0|
    |tmp_9_1_1_reg_2667                      |  32|   0|   32|          0|
    |tmp_9_1_2_reg_2672                      |  32|   0|   32|          0|
    |tmp_9_1_3_reg_2687                      |  32|   0|   32|          0|
    |tmp_9_1_4_reg_2692                      |  32|   0|   32|          0|
    |tmp_9_1_reg_2617                        |  32|   0|   32|          0|
    |tmp_9_2_1_reg_2712                      |  32|   0|   32|          0|
    |tmp_9_2_2_reg_2727                      |  32|   0|   32|          0|
    |tmp_9_2_3_reg_2732                      |  32|   0|   32|          0|
    |tmp_9_2_4_reg_2752                      |  32|   0|   32|          0|
    |tmp_9_2_reg_2707                        |  32|   0|   32|          0|
    |tmp_9_3_1_reg_2767                      |  32|   0|   32|          0|
    |tmp_9_3_2_reg_2772                      |  32|   0|   32|          0|
    |tmp_9_3_3_reg_2782                      |  32|   0|   32|          0|
    |tmp_9_3_4_reg_2787                      |  32|   0|   32|          0|
    |tmp_9_3_reg_2757                        |  32|   0|   32|          0|
    |tmp_9_4_1_reg_2797                      |  32|   0|   32|          0|
    |tmp_9_4_2_reg_2802                      |  32|   0|   32|          0|
    |tmp_9_4_3_reg_2807                      |  32|   0|   32|          0|
    |tmp_9_4_4_reg_2812                      |  32|   0|   32|          0|
    |tmp_9_4_reg_2792                        |  32|   0|   32|          0|
    |tmp_9_reg_2567                          |  32|   0|   32|          0|
    |trunc_ln93_1_reg_2294                   |  11|   0|   11|          0|
    |trunc_ln93_reg_2289                     |   8|   0|    8|          0|
    |zext_ln93_13_reg_2485                   |   4|   0|   12|          8|
    |zext_ln93_19_reg_2498                   |   4|   0|   12|          8|
    |zext_ln93_25_reg_2511                   |   4|   0|   12|          8|
    |zext_ln93_31_reg_2529                   |   4|   0|   12|          8|
    |zext_ln93_7_reg_2467                    |   4|   0|   12|          8|
    |icmp_ln86_reg_2128                      |  64|  32|    1|          0|
    |select_ln97_1_reg_2282                  |  64|  32|    4|          0|
    |select_ln97_reg_2272                    |  64|  32|    4|          0|
    |tmp_9_1_1_reg_2667                      |  64|  32|   32|          0|
    |tmp_9_1_2_reg_2672                      |  64|  32|   32|          0|
    |tmp_9_1_3_reg_2687                      |  64|  32|   32|          0|
    |tmp_9_1_4_reg_2692                      |  64|  32|   32|          0|
    |tmp_9_1_reg_2617                        |  64|  32|   32|          0|
    |tmp_9_2_1_reg_2712                      |  64|  32|   32|          0|
    |tmp_9_2_2_reg_2727                      |  64|  32|   32|          0|
    |tmp_9_2_3_reg_2732                      |  64|  32|   32|          0|
    |tmp_9_2_4_reg_2752                      |  64|  32|   32|          0|
    |tmp_9_2_reg_2707                        |  64|  32|   32|          0|
    |tmp_9_3_1_reg_2767                      |  64|  32|   32|          0|
    |tmp_9_3_2_reg_2772                      |  64|  32|   32|          0|
    |tmp_9_3_3_reg_2782                      |  64|  32|   32|          0|
    |tmp_9_3_4_reg_2787                      |  64|  32|   32|          0|
    |tmp_9_3_reg_2757                        |  64|  32|   32|          0|
    |tmp_9_4_1_reg_2797                      |  64|  32|   32|          0|
    |tmp_9_4_2_reg_2802                      |  64|  32|   32|          0|
    |tmp_9_4_3_reg_2807                      |  64|  32|   32|          0|
    |tmp_9_4_4_reg_2812                      |  64|  32|   32|          0|
    |tmp_9_4_reg_2792                        |  64|  32|   32|          0|
    +----------------------------------------+----+----+-----+-----------+
    |Total                                   |4356| 736| 3580|         47|
    +----------------------------------------+----+----+-----+-----------+



================================================================
== Interface
================================================================
* Summary: 
+----------------+-----+-----+------------+--------------+--------------+
|    RTL Ports   | Dir | Bits|  Protocol  | Source Object|    C Type    |
+----------------+-----+-----+------------+--------------+--------------+
|ap_clk          |  in |    1| ap_ctrl_hs |   conv2d_C2  | return value |
|ap_rst          |  in |    1| ap_ctrl_hs |   conv2d_C2  | return value |
|ap_start        |  in |    1| ap_ctrl_hs |   conv2d_C2  | return value |
|ap_done         | out |    1| ap_ctrl_hs |   conv2d_C2  | return value |
|ap_continue     |  in |    1| ap_ctrl_hs |   conv2d_C2  | return value |
|ap_idle         | out |    1| ap_ctrl_hs |   conv2d_C2  | return value |
|ap_ready        | out |    1| ap_ctrl_hs |   conv2d_C2  | return value |
|in_r_address0   | out |   11|  ap_memory |     in_r     |     array    |
|in_r_ce0        | out |    1|  ap_memory |     in_r     |     array    |
|in_r_q0         |  in |   32|  ap_memory |     in_r     |     array    |
|in_r_address1   | out |   11|  ap_memory |     in_r     |     array    |
|in_r_ce1        | out |    1|  ap_memory |     in_r     |     array    |
|in_r_q1         |  in |   32|  ap_memory |     in_r     |     array    |
|out_r_address0  | out |   11|  ap_memory |     out_r    |     array    |
|out_r_ce0       | out |    1|  ap_memory |     out_r    |     array    |
|out_r_we0       | out |    1|  ap_memory |     out_r    |     array    |
|out_r_d0        | out |   32|  ap_memory |     out_r    |     array    |
+----------------+-----+-----+------------+--------------+--------------+

