

================================================================
== Vivado HLS Report for 'flatten'
================================================================
* Date:           Sat Mar  7 21:22:37 2020

* Version:        2019.1 (Build 2552052 on Fri May 24 15:28:33 MDT 2019)
* Project:        flatten_cnn
* Solution:       solution4_opt3
* Product family: zynq
* Target device:  xc7z020-clg400-1


================================================================
== Performance Estimates
================================================================
+ Timing (ns): 
    * Summary: 
    +--------+-------+----------+------------+
    |  Clock | Target| Estimated| Uncertainty|
    +--------+-------+----------+------------+
    |ap_clk  |  10.00|     6.508|        1.25|
    +--------+-------+----------+------------+

+ Latency (clock cycles): 
    * Summary: 
    +-----+-----+-----+-----+---------+
    |  Latency  |  Interval | Pipeline|
    | min | max | min | max |   Type  |
    +-----+-----+-----+-----+---------+
    |  210|  210|  210|  210|   none  |
    +-----+-----+-----+-----+---------+

    + Detail: 
        * Instance: 
        N/A

        * Loop: 
        +----------+-----+-----+----------+-----------+-----------+------+----------+
        |          |  Latency  | Iteration|  Initiation Interval  | Trip |          |
        | Loop Name| min | max |  Latency |  achieved |   target  | Count| Pipelined|
        +----------+-----+-----+----------+-----------+-----------+------+----------+
        |- IFM     |  208|  208|        14|         13|          1|    16|    yes   |
        +----------+-----+-----+----------+-----------+-----------+------+----------+



================================================================
== Utilization Estimates
================================================================
* Summary: 
+-----------------+---------+-------+--------+-------+-----+
|       Name      | BRAM_18K| DSP48E|   FF   |  LUT  | URAM|
+-----------------+---------+-------+--------+-------+-----+
|DSP              |        -|      -|       -|      -|    -|
|Expression       |        -|      -|       0|    778|    -|
|FIFO             |        -|      -|       -|      -|    -|
|Instance         |        -|      -|       -|      -|    -|
|Memory           |        -|      -|       -|      -|    -|
|Multiplexer      |        -|      -|       -|    379|    -|
|Register         |        -|      -|      64|      -|    -|
+-----------------+---------+-------+--------+-------+-----+
|Total            |        0|      0|      64|   1157|    0|
+-----------------+---------+-------+--------+-------+-----+
|Available        |      280|    220|  106400|  53200|    0|
+-----------------+---------+-------+--------+-------+-----+
|Utilization (%)  |        0|      0|   ~0   |      2|    0|
+-----------------+---------+-------+--------+-------+-----+

+ Detail: 
    * Instance: 
    N/A

    * DSP48E: 
    N/A

    * Memory: 
    N/A

    * FIFO: 
    N/A

    * Expression: 
    +------------------------+----------+-------+---+----+------------+------------+
    |      Variable Name     | Operation| DSP48E| FF| LUT| Bitwidth P0| Bitwidth P1|
    +------------------------+----------+-------+---+----+------------+------------+
    |add_ln15_10_fu_769_p2   |     +    |      0|  0|  15|           9|           4|
    |add_ln15_11_fu_775_p2   |     +    |      0|  0|  15|           9|           4|
    |add_ln15_12_fu_819_p2   |     +    |      0|  0|  15|           9|           4|
    |add_ln15_13_fu_857_p2   |     +    |      0|  0|  15|           9|           4|
    |add_ln15_14_fu_863_p2   |     +    |      0|  0|  15|           9|           4|
    |add_ln15_15_fu_907_p2   |     +    |      0|  0|  15|           9|           4|
    |add_ln15_16_fu_945_p2   |     +    |      0|  0|  15|           9|           5|
    |add_ln15_17_fu_951_p2   |     +    |      0|  0|  15|           9|           5|
    |add_ln15_18_fu_989_p2   |     +    |      0|  0|  15|           9|           5|
    |add_ln15_19_fu_995_p2   |     +    |      0|  0|  15|           9|           5|
    |add_ln15_1_fu_599_p2    |     +    |      0|  0|  15|           9|           1|
    |add_ln15_20_fu_1039_p2  |     +    |      0|  0|  15|           9|           5|
    |add_ln15_21_fu_1072_p2  |     +    |      0|  0|  15|           9|           5|
    |add_ln15_22_fu_1078_p2  |     +    |      0|  0|  15|           9|           5|
    |add_ln15_23_fu_1089_p2  |     +    |      0|  0|  15|           9|           5|
    |add_ln15_25_fu_566_p2   |     +    |      0|  0|  15|           9|           1|
    |add_ln15_26_fu_577_p2   |     +    |      0|  0|  15|           9|           2|
    |add_ln15_27_fu_588_p2   |     +    |      0|  0|  15|           9|           2|
    |add_ln15_28_fu_615_p2   |     +    |      0|  0|  15|           9|           3|
    |add_ln15_29_fu_626_p2   |     +    |      0|  0|  15|           9|           3|
    |add_ln15_2_fu_901_p2    |     +    |      0|  0|  15|           9|           4|
    |add_ln15_30_fu_659_p2   |     +    |      0|  0|  15|           9|           3|
    |add_ln15_31_fu_670_p2   |     +    |      0|  0|  15|           9|           3|
    |add_ln15_32_fu_703_p2   |     +    |      0|  0|  15|           9|           4|
    |add_ln15_33_fu_714_p2   |     +    |      0|  0|  15|           9|           4|
    |add_ln15_34_fu_747_p2   |     +    |      0|  0|  15|           9|           4|
    |add_ln15_35_fu_758_p2   |     +    |      0|  0|  15|           9|           4|
    |add_ln15_36_fu_791_p2   |     +    |      0|  0|  15|           9|           4|
    |add_ln15_37_fu_802_p2   |     +    |      0|  0|  15|           9|           4|
    |add_ln15_38_fu_835_p2   |     +    |      0|  0|  15|           9|           4|
    |add_ln15_39_fu_846_p2   |     +    |      0|  0|  15|           9|           4|
    |add_ln15_3_fu_1033_p2   |     +    |      0|  0|  15|           9|           5|
    |add_ln15_40_fu_879_p2   |     +    |      0|  0|  15|           9|           5|
    |add_ln15_41_fu_890_p2   |     +    |      0|  0|  15|           9|           5|
    |add_ln15_42_fu_923_p2   |     +    |      0|  0|  15|           9|           5|
    |add_ln15_43_fu_934_p2   |     +    |      0|  0|  15|           9|           5|
    |add_ln15_44_fu_967_p2   |     +    |      0|  0|  15|           9|           5|
    |add_ln15_45_fu_978_p2   |     +    |      0|  0|  15|           9|           5|
    |add_ln15_46_fu_1011_p2  |     +    |      0|  0|  15|           9|           5|
    |add_ln15_47_fu_1022_p2  |     +    |      0|  0|  15|           9|           5|
    |add_ln15_48_fu_1061_p2  |     +    |      0|  0|  15|           9|           5|
    |add_ln15_49_fu_1055_p2  |     +    |      0|  0|  15|           9|           5|
    |add_ln15_4_fu_637_p2    |     +    |      0|  0|  15|           9|           2|
    |add_ln15_5_fu_643_p2    |     +    |      0|  0|  15|           9|           2|
    |add_ln15_6_fu_687_p2    |     +    |      0|  0|  15|           9|           3|
    |add_ln15_7_fu_813_p2    |     +    |      0|  0|  15|           9|           4|
    |add_ln15_8_fu_725_p2    |     +    |      0|  0|  15|           9|           3|
    |add_ln15_9_fu_731_p2    |     +    |      0|  0|  15|           9|           3|
    |add_ln15_fu_681_p2      |     +    |      0|  0|  15|           9|           3|
    |idx_fu_1100_p2          |     +    |      0|  0|  15|           9|           5|
    |ifm_fu_560_p2           |     +    |      0|  0|  15|           5|           1|
    |icmp_ln9_fu_554_p2      |   icmp   |      0|  0|  11|           5|           6|
    |ap_enable_pp0           |    xor   |      0|  0|   2|           1|           2|
    +------------------------+----------+-------+---+----+------------+------------+
    |Total                   |          |      0|  0| 778|         461|         207|
    +------------------------+----------+-------+---+----+------------+------------+

    * Multiplexer: 
    +----------------------------------+----+-----------+-----+-----------+
    |               Name               | LUT| Input Size| Bits| Total Bits|
    +----------------------------------+----+-----------+-----+-----------+
    |ap_NS_fsm                         |  65|         16|    1|         16|
    |ap_enable_reg_pp0_iter1           |   9|          2|    1|          2|
    |ap_phi_mux_ifm_0_phi_fu_518_p4    |   9|          2|    5|         10|
    |ap_phi_mux_phi_mul_phi_fu_541_p4  |   9|          2|    9|         18|
    |idx_0_reg_525                     |   9|          2|    9|         18|
    |ifm_0_reg_514                     |   9|          2|    5|         10|
    |in_r_address0                     |  59|         14|    9|        126|
    |in_r_address1                     |  56|         13|    9|        117|
    |out_r_address0                    |  59|         14|    9|        126|
    |out_r_address1                    |  56|         13|    9|        117|
    |out_r_d0                          |  15|          3|   32|         96|
    |out_r_d1                          |  15|          3|   32|         96|
    |phi_mul_reg_537                   |   9|          2|    9|         18|
    +----------------------------------+----+-----------+-----+-----------+
    |Total                             | 379|         88|  139|        770|
    +----------------------------------+----+-----------+-----+-----------+

    * Register: 
    +-------------------------+----+----+-----+-----------+
    |           Name          | FF | LUT| Bits| Const Bits|
    +-------------------------+----+----+-----+-----------+
    |add_ln15_23_reg_1249     |   9|   0|    9|          0|
    |add_ln15_49_reg_1239     |   9|   0|    9|          0|
    |ap_CS_fsm                |  15|   0|   15|          0|
    |ap_enable_reg_pp0_iter0  |   1|   0|    1|          0|
    |ap_enable_reg_pp0_iter1  |   1|   0|    1|          0|
    |icmp_ln9_reg_1110        |   1|   0|    1|          0|
    |idx_0_reg_525            |   9|   0|    9|          0|
    |ifm_0_reg_514            |   5|   0|    5|          0|
    |ifm_reg_1114             |   5|   0|    5|          0|
    |phi_mul_reg_537          |   9|   0|    9|          0|
    +-------------------------+----+----+-----+-----------+
    |Total                    |  64|   0|   64|          0|
    +-------------------------+----+----+-----+-----------+



================================================================
== Interface
================================================================
* Summary: 
+----------------+-----+-----+------------+--------------+--------------+
|    RTL Ports   | Dir | Bits|  Protocol  | Source Object|    C Type    |
+----------------+-----+-----+------------+--------------+--------------+
|ap_clk          |  in |    1| ap_ctrl_hs |    flatten   | return value |
|ap_rst          |  in |    1| ap_ctrl_hs |    flatten   | return value |
|ap_start        |  in |    1| ap_ctrl_hs |    flatten   | return value |
|ap_done         | out |    1| ap_ctrl_hs |    flatten   | return value |
|ap_idle         | out |    1| ap_ctrl_hs |    flatten   | return value |
|ap_ready        | out |    1| ap_ctrl_hs |    flatten   | return value |
|in_r_address0   | out |    9|  ap_memory |     in_r     |     array    |
|in_r_ce0        | out |    1|  ap_memory |     in_r     |     array    |
|in_r_q0         |  in |   32|  ap_memory |     in_r     |     array    |
|in_r_address1   | out |    9|  ap_memory |     in_r     |     array    |
|in_r_ce1        | out |    1|  ap_memory |     in_r     |     array    |
|in_r_q1         |  in |   32|  ap_memory |     in_r     |     array    |
|out_r_address0  | out |    9|  ap_memory |     out_r    |     array    |
|out_r_ce0       | out |    1|  ap_memory |     out_r    |     array    |
|out_r_we0       | out |    1|  ap_memory |     out_r    |     array    |
|out_r_d0        | out |   32|  ap_memory |     out_r    |     array    |
|out_r_address1  | out |    9|  ap_memory |     out_r    |     array    |
|out_r_ce1       | out |    1|  ap_memory |     out_r    |     array    |
|out_r_we1       | out |    1|  ap_memory |     out_r    |     array    |
|out_r_d1        | out |   32|  ap_memory |     out_r    |     array    |
+----------------+-----+-----+------------+--------------+--------------+

