

================================================================
== Vivado HLS Report for 'relu'
================================================================
* Date:           Sat Mar  7 21:08:30 2020

* Version:        2019.1 (Build 2552052 on Fri May 24 15:28:33 MDT 2019)
* Project:        relu_cnn
* Solution:       solution2_opt1
* Product family: zynq
* Target device:  xc7z020-clg400-1


================================================================
== Performance Estimates
================================================================
+ Timing (ns): 
    * Summary: 
    +--------+-------+----------+------------+
    |  Clock | Target| Estimated| Uncertainty|
    +--------+-------+----------+------------+
    |ap_clk  |  10.00|     8.685|        1.25|
    +--------+-------+----------+------------+

+ Latency (clock cycles): 
    * Summary: 
    +------+------+------+------+---------+
    |   Latency   |   Interval  | Pipeline|
    |  min |  max |  min |  max |   Type  |
    +------+------+------+------+---------+
    |  2357|  2357|  2357|  2357|   none  |
    +------+------+------+------+---------+

    + Detail: 
        * Instance: 
        N/A

        * Loop: 
        +-----------+------+------+----------+-----------+-----------+------+----------+
        |           |   Latency   | Iteration|  Initiation Interval  | Trip |          |
        | Loop Name |  min |  max |  Latency |  achieved |   target  | Count| Pipelined|
        +-----------+------+------+----------+-----------+-----------+------+----------+
        |- OFM_ROW  |  2355|  2355|        18|         14|          1|   168|    yes   |
        +-----------+------+------+----------+-----------+-----------+------+----------+



================================================================
== Utilization Estimates
================================================================
* Summary: 
+-----------------+---------+-------+--------+-------+-----+
|       Name      | BRAM_18K| DSP48E|   FF   |  LUT  | URAM|
+-----------------+---------+-------+--------+-------+-----+
|DSP              |        -|      -|       -|      -|    -|
|Expression       |        -|      -|       0|   2440|    -|
|FIFO             |        -|      -|       -|      -|    -|
|Instance         |        -|      0|     132|    478|    -|
|Memory           |        -|      -|       -|      -|    -|
|Multiplexer      |        -|      -|       -|    520|    -|
|Register         |        -|      -|    1372|      -|    -|
+-----------------+---------+-------+--------+-------+-----+
|Total            |        0|      0|    1504|   3438|    0|
+-----------------+---------+-------+--------+-------+-----+
|Available        |      280|    220|  106400|  53200|    0|
+-----------------+---------+-------+--------+-------+-----+
|Utilization (%)  |        0|      0|       1|      6|    0|
+-----------------+---------+-------+--------+-------+-----+

+ Detail: 
    * Instance: 
    +-------------------------+----------------------+---------+-------+----+-----+-----+
    |         Instance        |        Module        | BRAM_18K| DSP48E| FF | LUT | URAM|
    +-------------------------+----------------------+---------+-------+----+-----+-----+
    |relu_fcmp_32ns_32bkb_U1  |relu_fcmp_32ns_32bkb  |        0|      0|  66|  239|    0|
    |relu_fcmp_32ns_32bkb_U2  |relu_fcmp_32ns_32bkb  |        0|      0|  66|  239|    0|
    +-------------------------+----------------------+---------+-------+----+-----+-----+
    |Total                    |                      |        0|      0| 132|  478|    0|
    +-------------------------+----------------------+---------+-------+----+-----+-----+

    * DSP48E: 
    N/A

    * Memory: 
    N/A

    * FIFO: 
    N/A

    * Expression: 
    +---------------------------+----------+-------+---+----+------------+------------+
    |       Variable Name       | Operation| DSP48E| FF| LUT| Bitwidth P0| Bitwidth P1|
    +---------------------------+----------+-------+---+----+------------+------------+
    |add_ln10_fu_655_p2         |     +    |      0|  0|  15|           8|           1|
    |add_ln15_10_fu_1287_p2     |     +    |      0|  0|  19|           4|          14|
    |add_ln15_11_fu_1397_p2     |     +    |      0|  0|  19|           4|          14|
    |add_ln15_12_fu_1407_p2     |     +    |      0|  0|  19|           4|          14|
    |add_ln15_13_fu_1517_p2     |     +    |      0|  0|  19|           5|          14|
    |add_ln15_14_fu_1527_p2     |     +    |      0|  0|  19|           5|          14|
    |add_ln15_15_fu_1637_p2     |     +    |      0|  0|  19|           5|          14|
    |add_ln15_16_fu_1647_p2     |     +    |      0|  0|  19|           5|          14|
    |add_ln15_17_fu_1757_p2     |     +    |      0|  0|  19|           5|          14|
    |add_ln15_18_fu_1767_p2     |     +    |      0|  0|  19|           5|          14|
    |add_ln15_19_fu_1877_p2     |     +    |      0|  0|  19|           5|          14|
    |add_ln15_1_fu_797_p2       |     +    |      0|  0|  19|           3|          14|
    |add_ln15_20_fu_1887_p2     |     +    |      0|  0|  19|           5|          14|
    |add_ln15_21_fu_1997_p2     |     +    |      0|  0|  19|           5|          14|
    |add_ln15_22_fu_2007_p2     |     +    |      0|  0|  19|           5|          14|
    |add_ln15_23_fu_2122_p2     |     +    |      0|  0|  19|           5|          14|
    |add_ln15_24_fu_2132_p2     |     +    |      0|  0|  19|           5|          14|
    |add_ln15_2_fu_807_p2       |     +    |      0|  0|  19|           3|          14|
    |add_ln15_3_fu_917_p2       |     +    |      0|  0|  19|           3|          14|
    |add_ln15_4_fu_927_p2       |     +    |      0|  0|  19|           3|          14|
    |add_ln15_5_fu_1037_p2      |     +    |      0|  0|  19|           4|          14|
    |add_ln15_6_fu_1047_p2      |     +    |      0|  0|  19|           4|          14|
    |add_ln15_7_fu_1157_p2      |     +    |      0|  0|  19|           4|          14|
    |add_ln15_8_fu_1167_p2      |     +    |      0|  0|  19|           4|          14|
    |add_ln15_9_fu_1277_p2      |     +    |      0|  0|  19|           4|          14|
    |add_ln15_fu_725_p2         |     +    |      0|  0|  14|          10|          10|
    |ofm_fu_661_p2              |     +    |      0|  0|  12|           1|           3|
    |r_fu_2117_p2               |     +    |      0|  0|  15|           1|           5|
    |sub_ln15_1_fu_755_p2       |     -    |      0|  0|  19|          14|          14|
    |sub_ln15_fu_713_p2         |     -    |      0|  0|  15|           9|           9|
    |and_ln16_10_fu_1453_p2     |    and   |      0|  0|   2|           1|           1|
    |and_ln16_11_fu_1503_p2     |    and   |      0|  0|   2|           1|           1|
    |and_ln16_12_fu_1573_p2     |    and   |      0|  0|   2|           1|           1|
    |and_ln16_13_fu_1623_p2     |    and   |      0|  0|   2|           1|           1|
    |and_ln16_14_fu_1693_p2     |    and   |      0|  0|   2|           1|           1|
    |and_ln16_15_fu_1743_p2     |    and   |      0|  0|   2|           1|           1|
    |and_ln16_16_fu_1813_p2     |    and   |      0|  0|   2|           1|           1|
    |and_ln16_17_fu_1863_p2     |    and   |      0|  0|   2|           1|           1|
    |and_ln16_18_fu_1933_p2     |    and   |      0|  0|   2|           1|           1|
    |and_ln16_19_fu_1983_p2     |    and   |      0|  0|   2|           1|           1|
    |and_ln16_1_fu_903_p2       |    and   |      0|  0|   2|           1|           1|
    |and_ln16_20_fu_2053_p2     |    and   |      0|  0|   2|           1|           1|
    |and_ln16_21_fu_2103_p2     |    and   |      0|  0|   2|           1|           1|
    |and_ln16_22_fu_2178_p2     |    and   |      0|  0|   2|           1|           1|
    |and_ln16_23_fu_2228_p2     |    and   |      0|  0|   2|           1|           1|
    |and_ln16_24_fu_2278_p2     |    and   |      0|  0|   2|           1|           1|
    |and_ln16_25_fu_2328_p2     |    and   |      0|  0|   2|           1|           1|
    |and_ln16_26_fu_2378_p2     |    and   |      0|  0|   2|           1|           1|
    |and_ln16_27_fu_2428_p2     |    and   |      0|  0|   2|           1|           1|
    |and_ln16_2_fu_973_p2       |    and   |      0|  0|   2|           1|           1|
    |and_ln16_3_fu_1023_p2      |    and   |      0|  0|   2|           1|           1|
    |and_ln16_4_fu_1093_p2      |    and   |      0|  0|   2|           1|           1|
    |and_ln16_5_fu_1143_p2      |    and   |      0|  0|   2|           1|           1|
    |and_ln16_6_fu_1213_p2      |    and   |      0|  0|   2|           1|           1|
    |and_ln16_7_fu_1263_p2      |    and   |      0|  0|   2|           1|           1|
    |and_ln16_8_fu_1333_p2      |    and   |      0|  0|   2|           1|           1|
    |and_ln16_9_fu_1383_p2      |    and   |      0|  0|   2|           1|           1|
    |and_ln16_fu_853_p2         |    and   |      0|  0|   2|           1|           1|
    |icmp_ln10_fu_649_p2        |   icmp   |      0|  0|  11|           8|           8|
    |icmp_ln11_fu_667_p2        |   icmp   |      0|  0|  11|           5|           4|
    |icmp_ln16_10_fu_1125_p2    |   icmp   |      0|  0|  11|           8|           2|
    |icmp_ln16_11_fu_1131_p2    |   icmp   |      0|  0|  18|          23|           1|
    |icmp_ln16_12_fu_1195_p2    |   icmp   |      0|  0|  11|           8|           2|
    |icmp_ln16_13_fu_1201_p2    |   icmp   |      0|  0|  18|          23|           1|
    |icmp_ln16_14_fu_1245_p2    |   icmp   |      0|  0|  11|           8|           2|
    |icmp_ln16_15_fu_1251_p2    |   icmp   |      0|  0|  18|          23|           1|
    |icmp_ln16_16_fu_1315_p2    |   icmp   |      0|  0|  11|           8|           2|
    |icmp_ln16_17_fu_1321_p2    |   icmp   |      0|  0|  18|          23|           1|
    |icmp_ln16_18_fu_1365_p2    |   icmp   |      0|  0|  11|           8|           2|
    |icmp_ln16_19_fu_1371_p2    |   icmp   |      0|  0|  18|          23|           1|
    |icmp_ln16_1_fu_841_p2      |   icmp   |      0|  0|  18|          23|           1|
    |icmp_ln16_20_fu_1435_p2    |   icmp   |      0|  0|  11|           8|           2|
    |icmp_ln16_21_fu_1441_p2    |   icmp   |      0|  0|  18|          23|           1|
    |icmp_ln16_22_fu_1485_p2    |   icmp   |      0|  0|  11|           8|           2|
    |icmp_ln16_23_fu_1491_p2    |   icmp   |      0|  0|  18|          23|           1|
    |icmp_ln16_24_fu_1555_p2    |   icmp   |      0|  0|  11|           8|           2|
    |icmp_ln16_25_fu_1561_p2    |   icmp   |      0|  0|  18|          23|           1|
    |icmp_ln16_26_fu_1605_p2    |   icmp   |      0|  0|  11|           8|           2|
    |icmp_ln16_27_fu_1611_p2    |   icmp   |      0|  0|  18|          23|           1|
    |icmp_ln16_28_fu_1675_p2    |   icmp   |      0|  0|  11|           8|           2|
    |icmp_ln16_29_fu_1681_p2    |   icmp   |      0|  0|  18|          23|           1|
    |icmp_ln16_2_fu_885_p2      |   icmp   |      0|  0|  11|           8|           2|
    |icmp_ln16_30_fu_1725_p2    |   icmp   |      0|  0|  11|           8|           2|
    |icmp_ln16_31_fu_1731_p2    |   icmp   |      0|  0|  18|          23|           1|
    |icmp_ln16_32_fu_1795_p2    |   icmp   |      0|  0|  11|           8|           2|
    |icmp_ln16_33_fu_1801_p2    |   icmp   |      0|  0|  18|          23|           1|
    |icmp_ln16_34_fu_1845_p2    |   icmp   |      0|  0|  11|           8|           2|
    |icmp_ln16_35_fu_1851_p2    |   icmp   |      0|  0|  18|          23|           1|
    |icmp_ln16_36_fu_1915_p2    |   icmp   |      0|  0|  11|           8|           2|
    |icmp_ln16_37_fu_1921_p2    |   icmp   |      0|  0|  18|          23|           1|
    |icmp_ln16_38_fu_1965_p2    |   icmp   |      0|  0|  11|           8|           2|
    |icmp_ln16_39_fu_1971_p2    |   icmp   |      0|  0|  18|          23|           1|
    |icmp_ln16_3_fu_891_p2      |   icmp   |      0|  0|  18|          23|           1|
    |icmp_ln16_40_fu_2035_p2    |   icmp   |      0|  0|  11|           8|           2|
    |icmp_ln16_41_fu_2041_p2    |   icmp   |      0|  0|  18|          23|           1|
    |icmp_ln16_42_fu_2085_p2    |   icmp   |      0|  0|  11|           8|           2|
    |icmp_ln16_43_fu_2091_p2    |   icmp   |      0|  0|  18|          23|           1|
    |icmp_ln16_44_fu_2160_p2    |   icmp   |      0|  0|  11|           8|           2|
    |icmp_ln16_45_fu_2166_p2    |   icmp   |      0|  0|  18|          23|           1|
    |icmp_ln16_46_fu_2210_p2    |   icmp   |      0|  0|  11|           8|           2|
    |icmp_ln16_47_fu_2216_p2    |   icmp   |      0|  0|  18|          23|           1|
    |icmp_ln16_48_fu_2260_p2    |   icmp   |      0|  0|  11|           8|           2|
    |icmp_ln16_49_fu_2266_p2    |   icmp   |      0|  0|  18|          23|           1|
    |icmp_ln16_4_fu_955_p2      |   icmp   |      0|  0|  11|           8|           2|
    |icmp_ln16_50_fu_2310_p2    |   icmp   |      0|  0|  11|           8|           2|
    |icmp_ln16_51_fu_2316_p2    |   icmp   |      0|  0|  18|          23|           1|
    |icmp_ln16_52_fu_2360_p2    |   icmp   |      0|  0|  11|           8|           2|
    |icmp_ln16_53_fu_2366_p2    |   icmp   |      0|  0|  18|          23|           1|
    |icmp_ln16_54_fu_2410_p2    |   icmp   |      0|  0|  11|           8|           2|
    |icmp_ln16_55_fu_2416_p2    |   icmp   |      0|  0|  18|          23|           1|
    |icmp_ln16_5_fu_961_p2      |   icmp   |      0|  0|  18|          23|           1|
    |icmp_ln16_6_fu_1005_p2     |   icmp   |      0|  0|  11|           8|           2|
    |icmp_ln16_7_fu_1011_p2     |   icmp   |      0|  0|  18|          23|           1|
    |icmp_ln16_8_fu_1075_p2     |   icmp   |      0|  0|  11|           8|           2|
    |icmp_ln16_9_fu_1081_p2     |   icmp   |      0|  0|  18|          23|           1|
    |icmp_ln16_fu_835_p2        |   icmp   |      0|  0|  11|           8|           2|
    |or_ln15_1_fu_777_p2        |    or    |      0|  0|  14|          14|           2|
    |or_ln15_2_fu_787_p2        |    or    |      0|  0|  14|          14|           2|
    |or_ln15_fu_766_p2          |    or    |      0|  0|  14|          14|           1|
    |or_ln16_10_fu_1447_p2      |    or    |      0|  0|   2|           1|           1|
    |or_ln16_11_fu_1497_p2      |    or    |      0|  0|   2|           1|           1|
    |or_ln16_12_fu_1567_p2      |    or    |      0|  0|   2|           1|           1|
    |or_ln16_13_fu_1617_p2      |    or    |      0|  0|   2|           1|           1|
    |or_ln16_14_fu_1687_p2      |    or    |      0|  0|   2|           1|           1|
    |or_ln16_15_fu_1737_p2      |    or    |      0|  0|   2|           1|           1|
    |or_ln16_16_fu_1807_p2      |    or    |      0|  0|   2|           1|           1|
    |or_ln16_17_fu_1857_p2      |    or    |      0|  0|   2|           1|           1|
    |or_ln16_18_fu_1927_p2      |    or    |      0|  0|   2|           1|           1|
    |or_ln16_19_fu_1977_p2      |    or    |      0|  0|   2|           1|           1|
    |or_ln16_1_fu_897_p2        |    or    |      0|  0|   2|           1|           1|
    |or_ln16_20_fu_2047_p2      |    or    |      0|  0|   2|           1|           1|
    |or_ln16_21_fu_2097_p2      |    or    |      0|  0|   2|           1|           1|
    |or_ln16_22_fu_2172_p2      |    or    |      0|  0|   2|           1|           1|
    |or_ln16_23_fu_2222_p2      |    or    |      0|  0|   2|           1|           1|
    |or_ln16_24_fu_2272_p2      |    or    |      0|  0|   2|           1|           1|
    |or_ln16_25_fu_2322_p2      |    or    |      0|  0|   2|           1|           1|
    |or_ln16_26_fu_2372_p2      |    or    |      0|  0|   2|           1|           1|
    |or_ln16_27_fu_2422_p2      |    or    |      0|  0|   2|           1|           1|
    |or_ln16_2_fu_967_p2        |    or    |      0|  0|   2|           1|           1|
    |or_ln16_3_fu_1017_p2       |    or    |      0|  0|   2|           1|           1|
    |or_ln16_4_fu_1087_p2       |    or    |      0|  0|   2|           1|           1|
    |or_ln16_5_fu_1137_p2       |    or    |      0|  0|   2|           1|           1|
    |or_ln16_6_fu_1207_p2       |    or    |      0|  0|   2|           1|           1|
    |or_ln16_7_fu_1257_p2       |    or    |      0|  0|   2|           1|           1|
    |or_ln16_8_fu_1327_p2       |    or    |      0|  0|   2|           1|           1|
    |or_ln16_9_fu_1377_p2       |    or    |      0|  0|   2|           1|           1|
    |or_ln16_fu_847_p2          |    or    |      0|  0|   2|           1|           1|
    |select_ln15_1_fu_681_p3    |  select  |      0|  0|   3|           1|           3|
    |select_ln15_fu_673_p3      |  select  |      0|  0|   5|           1|           1|
    |select_ln16_10_fu_1459_p3  |  select  |      0|  0|  32|           1|          32|
    |select_ln16_11_fu_1509_p3  |  select  |      0|  0|  32|           1|          32|
    |select_ln16_12_fu_1579_p3  |  select  |      0|  0|  32|           1|          32|
    |select_ln16_13_fu_1629_p3  |  select  |      0|  0|  32|           1|          32|
    |select_ln16_14_fu_1699_p3  |  select  |      0|  0|  32|           1|          32|
    |select_ln16_15_fu_1749_p3  |  select  |      0|  0|  32|           1|          32|
    |select_ln16_16_fu_1819_p3  |  select  |      0|  0|  32|           1|          32|
    |select_ln16_17_fu_1869_p3  |  select  |      0|  0|  32|           1|          32|
    |select_ln16_18_fu_1939_p3  |  select  |      0|  0|  32|           1|          32|
    |select_ln16_19_fu_1989_p3  |  select  |      0|  0|  32|           1|          32|
    |select_ln16_1_fu_909_p3    |  select  |      0|  0|  32|           1|          32|
    |select_ln16_20_fu_2059_p3  |  select  |      0|  0|  32|           1|          32|
    |select_ln16_21_fu_2109_p3  |  select  |      0|  0|  32|           1|          32|
    |select_ln16_22_fu_2184_p3  |  select  |      0|  0|  32|           1|          32|
    |select_ln16_23_fu_2234_p3  |  select  |      0|  0|  32|           1|          32|
    |select_ln16_24_fu_2284_p3  |  select  |      0|  0|  32|           1|          32|
    |select_ln16_25_fu_2334_p3  |  select  |      0|  0|  32|           1|          32|
    |select_ln16_26_fu_2384_p3  |  select  |      0|  0|  32|           1|          32|
    |select_ln16_27_fu_2434_p3  |  select  |      0|  0|  32|           1|          32|
    |select_ln16_2_fu_979_p3    |  select  |      0|  0|  32|           1|          32|
    |select_ln16_3_fu_1029_p3   |  select  |      0|  0|  32|           1|          32|
    |select_ln16_4_fu_1099_p3   |  select  |      0|  0|  32|           1|          32|
    |select_ln16_5_fu_1149_p3   |  select  |      0|  0|  32|           1|          32|
    |select_ln16_6_fu_1219_p3   |  select  |      0|  0|  32|           1|          32|
    |select_ln16_7_fu_1269_p3   |  select  |      0|  0|  32|           1|          32|
    |select_ln16_8_fu_1339_p3   |  select  |      0|  0|  32|           1|          32|
    |select_ln16_9_fu_1389_p3   |  select  |      0|  0|  32|           1|          32|
    |select_ln16_fu_859_p3      |  select  |      0|  0|  32|           1|          32|
    |ap_enable_pp0              |    xor   |      0|  0|   2|           1|           2|
    +---------------------------+----------+-------+---+----+------------+------------+
    |Total                      |          |      0|  0|2440|        1157|        1437|
    +---------------------------+----------+-------+---+----+------------+------------+

    * Multiplexer: 
    +-----------------------------------------+----+-----------+-----+-----------+
    |                   Name                  | LUT| Input Size| Bits| Total Bits|
    +-----------------------------------------+----+-----------+-----+-----------+
    |ap_NS_fsm                                |  85|         17|    1|         17|
    |ap_enable_reg_pp0_iter1                  |   9|          2|    1|          2|
    |ap_phi_mux_indvar_flatten_phi_fu_598_p4  |   9|          2|    8|         16|
    |ap_phi_mux_ofm_0_phi_fu_609_p4           |   9|          2|    3|          6|
    |ap_phi_mux_r_0_phi_fu_620_p4             |   9|          2|    5|         10|
    |in_r_address0                            |  62|         15|   13|        195|
    |in_r_address1                            |  62|         15|   13|        195|
    |indvar_flatten_reg_594                   |   9|          2|    8|         16|
    |ofm_0_reg_605                            |   9|          2|    3|          6|
    |out_r_address0                           |  62|         15|   13|        195|
    |out_r_address1                           |  62|         15|   13|        195|
    |out_r_d0                                 |  62|         15|   32|        480|
    |out_r_d1                                 |  62|         15|   32|        480|
    |r_0_reg_616                              |   9|          2|    5|         10|
    +-----------------------------------------+----+-----------+-----+-----------+
    |Total                                    | 520|        121|  150|       1823|
    +-----------------------------------------+----+-----------+-----+-----------+

    * Register: 
    +----------------------------------+----+----+-----+-----------+
    |               Name               | FF | LUT| Bits| Const Bits|
    +----------------------------------+----+----+-----+-----------+
    |add_ln10_reg_2446                 |   8|   0|    8|          0|
    |ap_CS_fsm                         |  16|   0|   16|          0|
    |ap_enable_reg_pp0_iter0           |   1|   0|    1|          0|
    |ap_enable_reg_pp0_iter1           |   1|   0|    1|          0|
    |icmp_ln10_reg_2442                |   1|   0|    1|          0|
    |icmp_ln10_reg_2442_pp0_iter1_reg  |   1|   0|    1|          0|
    |indvar_flatten_reg_594            |   8|   0|    8|          0|
    |ofm_0_reg_605                     |   3|   0|    3|          0|
    |r_0_reg_616                       |   5|   0|    5|          0|
    |r_reg_2867                        |   5|   0|    5|          0|
    |reg_639                           |  32|   0|   32|          0|
    |reg_644                           |  32|   0|   32|          0|
    |select_ln15_1_reg_2457            |   3|   0|    3|          0|
    |select_ln15_reg_2451              |   5|   0|    5|          0|
    |select_ln16_10_reg_2707           |  32|   0|   32|          0|
    |select_ln16_11_reg_2712           |  32|   0|   32|          0|
    |select_ln16_12_reg_2737           |  32|   0|   32|          0|
    |select_ln16_13_reg_2742           |  32|   0|   32|          0|
    |select_ln16_14_reg_2767           |  32|   0|   32|          0|
    |select_ln16_15_reg_2772           |  32|   0|   32|          0|
    |select_ln16_16_reg_2797           |  32|   0|   32|          0|
    |select_ln16_17_reg_2802           |  32|   0|   32|          0|
    |select_ln16_18_reg_2827           |  32|   0|   32|          0|
    |select_ln16_19_reg_2832           |  32|   0|   32|          0|
    |select_ln16_1_reg_2562            |  32|   0|   32|          0|
    |select_ln16_20_reg_2857           |  32|   0|   32|          0|
    |select_ln16_21_reg_2862           |  32|   0|   32|          0|
    |select_ln16_22_reg_2892           |  32|   0|   32|          0|
    |select_ln16_23_reg_2897           |  32|   0|   32|          0|
    |select_ln16_24_reg_2902           |  32|   0|   32|          0|
    |select_ln16_25_reg_2907           |  32|   0|   32|          0|
    |select_ln16_26_reg_2912           |  32|   0|   32|          0|
    |select_ln16_27_reg_2917           |  32|   0|   32|          0|
    |select_ln16_2_reg_2587            |  32|   0|   32|          0|
    |select_ln16_3_reg_2592            |  32|   0|   32|          0|
    |select_ln16_4_reg_2617            |  32|   0|   32|          0|
    |select_ln16_5_reg_2622            |  32|   0|   32|          0|
    |select_ln16_6_reg_2647            |  32|   0|   32|          0|
    |select_ln16_7_reg_2652            |  32|   0|   32|          0|
    |select_ln16_8_reg_2677            |  32|   0|   32|          0|
    |select_ln16_9_reg_2682            |  32|   0|   32|          0|
    |select_ln16_reg_2557              |  32|   0|   32|          0|
    |sub_ln15_1_reg_2467               |  12|   0|   14|          2|
    |sub_ln15_reg_2462                 |   7|   0|    9|          2|
    |zext_ln15_10_reg_2577             |  12|   0|   64|         52|
    |zext_ln15_11_reg_2597             |  12|   0|   64|         52|
    |zext_ln15_12_reg_2607             |  12|   0|   64|         52|
    |zext_ln15_13_reg_2627             |  12|   0|   64|         52|
    |zext_ln15_14_reg_2637             |  12|   0|   64|         52|
    |zext_ln15_15_reg_2657             |  12|   0|   64|         52|
    |zext_ln15_16_reg_2667             |  12|   0|   64|         52|
    |zext_ln15_17_reg_2687             |  12|   0|   64|         52|
    |zext_ln15_18_reg_2697             |  12|   0|   64|         52|
    |zext_ln15_19_reg_2717             |  12|   0|   64|         52|
    |zext_ln15_20_reg_2727             |  12|   0|   64|         52|
    |zext_ln15_21_reg_2747             |  12|   0|   64|         52|
    |zext_ln15_22_reg_2757             |  12|   0|   64|         52|
    |zext_ln15_23_reg_2777             |  12|   0|   64|         52|
    |zext_ln15_24_reg_2787             |  12|   0|   64|         52|
    |zext_ln15_25_reg_2807             |  12|   0|   64|         52|
    |zext_ln15_26_reg_2817             |  12|   0|   64|         52|
    |zext_ln15_27_reg_2837             |  12|   0|   64|         52|
    |zext_ln15_28_reg_2847             |  12|   0|   64|         52|
    |zext_ln15_29_reg_2872             |  12|   0|   64|         52|
    |zext_ln15_30_reg_2882             |  12|   0|   64|         52|
    |zext_ln15_3_reg_2497              |  12|   0|   64|         52|
    |zext_ln15_4_reg_2507              |  12|   0|   64|         52|
    |zext_ln15_5_reg_2517              |  12|   0|   64|         52|
    |zext_ln15_6_reg_2527              |  12|   0|   64|         52|
    |zext_ln15_7_reg_2537              |  12|   0|   64|         52|
    |zext_ln15_8_reg_2547              |  12|   0|   64|         52|
    |zext_ln15_9_reg_2567              |  12|   0|   64|         52|
    +----------------------------------+----+----+-----+-----------+
    |Total                             |1372|   0| 2832|       1460|
    +----------------------------------+----+----+-----+-----------+



================================================================
== Interface
================================================================
* Summary: 
+----------------+-----+-----+------------+--------------+--------------+
|    RTL Ports   | Dir | Bits|  Protocol  | Source Object|    C Type    |
+----------------+-----+-----+------------+--------------+--------------+
|ap_clk          |  in |    1| ap_ctrl_hs |     relu     | return value |
|ap_rst          |  in |    1| ap_ctrl_hs |     relu     | return value |
|ap_start        |  in |    1| ap_ctrl_hs |     relu     | return value |
|ap_done         | out |    1| ap_ctrl_hs |     relu     | return value |
|ap_idle         | out |    1| ap_ctrl_hs |     relu     | return value |
|ap_ready        | out |    1| ap_ctrl_hs |     relu     | return value |
|in_r_address0   | out |   13|  ap_memory |     in_r     |     array    |
|in_r_ce0        | out |    1|  ap_memory |     in_r     |     array    |
|in_r_q0         |  in |   32|  ap_memory |     in_r     |     array    |
|in_r_address1   | out |   13|  ap_memory |     in_r     |     array    |
|in_r_ce1        | out |    1|  ap_memory |     in_r     |     array    |
|in_r_q1         |  in |   32|  ap_memory |     in_r     |     array    |
|out_r_address0  | out |   13|  ap_memory |     out_r    |     array    |
|out_r_ce0       | out |    1|  ap_memory |     out_r    |     array    |
|out_r_we0       | out |    1|  ap_memory |     out_r    |     array    |
|out_r_d0        | out |   32|  ap_memory |     out_r    |     array    |
|out_r_address1  | out |   13|  ap_memory |     out_r    |     array    |
|out_r_ce1       | out |    1|  ap_memory |     out_r    |     array    |
|out_r_we1       | out |    1|  ap_memory |     out_r    |     array    |
|out_r_d1        | out |   32|  ap_memory |     out_r    |     array    |
+----------------+-----+-----+------------+--------------+--------------+

