

================================================================
== Vivado HLS Report for 'fc_FC3'
================================================================
* Date:           Thu Mar 19 02:22:32 2020

* Version:        2019.1 (Build 2552052 on Fri May 24 15:28:33 MDT 2019)
* Project:        lenet_cnn3_Accuracy
* Solution:       solution_exp_data_4422
* Product family: zynq
* Target device:  xc7z020-clg400-1


================================================================
== Performance Estimates
================================================================
+ Timing (ns): 
    * Summary: 
    +--------+-------+----------+------------+
    |  Clock | Target| Estimated| Uncertainty|
    +--------+-------+----------+------------+
    |ap_clk  |  10.00|     8.450|        1.25|
    +--------+-------+----------+------------+

+ Latency (clock cycles): 
    * Summary: 
    +-----+-----+-----+-----+---------+
    |  Latency  |  Interval | Pipeline|
    | min | max | min | max |   Type  |
    +-----+-----+-----+-----+---------+
    |  876|  876|  876|  876|   none  |
    +-----+-----+-----+-----+---------+

    + Detail: 
        * Instance: 
        N/A

        * Loop: 
        +----------+-----+-----+----------+-----------+-----------+------+----------+
        |          |  Latency  | Iteration|  Initiation Interval  | Trip |          |
        | Loop Name| min | max |  Latency |  achieved |   target  | Count| Pipelined|
        +----------+-----+-----+----------+-----------+-----------+------+----------+
        |- OUT     |  875|  875|       175|          -|          -|     5|    no    |
        | + IN     |  171|  171|         6|          2|          1|    84|    yes   |
        +----------+-----+-----+----------+-----------+-----------+------+----------+



================================================================
== Utilization Estimates
================================================================
* Summary: 
+-----------------+---------+-------+--------+-------+-----+
|       Name      | BRAM_18K| DSP48E|   FF   |  LUT  | URAM|
+-----------------+---------+-------+--------+-------+-----+
|DSP              |        -|      -|       -|      -|    -|
|Expression       |        -|      0|       0|    261|    -|
|FIFO             |        -|      -|       -|      -|    -|
|Instance         |        -|     12|     438|    298|    -|
|Memory           |        2|      -|      54|      6|    -|
|Multiplexer      |        -|      -|       -|    113|    -|
|Register         |        0|      -|     402|     32|    -|
+-----------------+---------+-------+--------+-------+-----+
|Total            |        2|     12|     894|    710|    0|
+-----------------+---------+-------+--------+-------+-----+
|Available        |      280|    220|  106400|  53200|    0|
+-----------------+---------+-------+--------+-------+-----+
|Utilization (%)  |    ~0   |      5|   ~0   |      1|    0|
+-----------------+---------+-------+--------+-------+-----+

+ Detail: 
    * Instance: 
    +---------------------------+----------------------+---------+-------+-----+-----+-----+
    |          Instance         |        Module        | BRAM_18K| DSP48E|  FF | LUT | URAM|
    +---------------------------+----------------------+---------+-------+-----+-----+-----+
    |lenet_mul_43ns_30cDy_U347  |lenet_mul_43ns_30cDy  |        0|      6|  219|  149|    0|
    |lenet_mul_43ns_30cDy_U348  |lenet_mul_43ns_30cDy  |        0|      6|  219|  149|    0|
    +---------------------------+----------------------+---------+-------+-----+-----+-----+
    |Total                      |                      |        0|     12|  438|  298|    0|
    +---------------------------+----------------------+---------+-------+-----+-----+-----+

    * DSP48E: 
    N/A

    * Memory: 
    +-------------------+----------------------+---------+----+----+-----+------+-----+------+-------------+
    |       Memory      |        Module        | BRAM_18K| FF | LUT| URAM| Words| Bits| Banks| W*Bits*Banks|
    +-------------------+----------------------+---------+----+----+-----+------+-----+------+-------------+
    |FC3_bias_V_0_U     |fc_FC3_FC3_bias_V_0   |        0|  27|   3|    0|     5|   27|     1|          135|
    |FC3_bias_V_1_U     |fc_FC3_FC3_bias_V_1   |        0|  27|   3|    0|     5|   27|     1|          135|
    |FC3_weights_V_0_U  |fc_FC3_FC3_weightcFz  |        1|   0|   0|    0|   420|   30|     1|        12600|
    |FC3_weights_V_1_U  |fc_FC3_FC3_weightcGz  |        1|   0|   0|    0|   420|   30|     1|        12600|
    +-------------------+----------------------+---------+----+----+-----+------+-----+------+-------------+
    |Total              |                      |        2|  54|   6|    0|   850|  114|     4|        25470|
    +-------------------+----------------------+---------+----+----+-----+------+-----+------+-------------+

    * FIFO: 
    N/A

    * Expression: 
    +----------------------+----------+-------+---+----+------------+------------+
    |     Variable Name    | Operation| DSP48E| FF| LUT| Bitwidth P0| Bitwidth P1|
    +----------------------+----------+-------+---+----+------------+------------+
    |mul_ln1116_fu_215_p2  |     *    |      0|  0|  33|           3|           7|
    |add_ln1116_fu_272_p2  |     +    |      0|  0|  14|          10|          10|
    |i_fu_257_p2           |     +    |      0|  0|  15|           7|           1|
    |o_fu_359_p2           |     +    |      0|  0|  13|           4|           2|
    |ret_V_1_fu_342_p2     |     +    |      0|  0|  81|          74|          74|
    |ret_V_fu_314_p2       |     +    |      0|  0|  81|          74|          74|
    |icmp_ln101_fu_188_p2  |   icmp   |      0|  0|   9|           4|           4|
    |icmp_ln104_fu_251_p2  |   icmp   |      0|  0|  11|           7|           7|
    |ap_block_state1       |    or    |      0|  0|   2|           1|           1|
    |ap_enable_pp0         |    xor   |      0|  0|   2|           1|           2|
    +----------------------+----------+-------+---+----+------------+------------+
    |Total                 |          |      0|  0| 261|         185|         182|
    +----------------------+----------+-------+---+----+------------+------------+

    * Multiplexer: 
    +------------------------------+----+-----------+-----+-----------+
    |             Name             | LUT| Input Size| Bits| Total Bits|
    +------------------------------+----+-----------+-----+-----------+
    |ap_NS_fsm                     |  38|          7|    1|          7|
    |ap_done                       |   9|          2|    1|          2|
    |ap_enable_reg_pp0_iter2       |   9|          2|    1|          2|
    |ap_phi_mux_i_0_phi_fu_181_p4  |   9|          2|    7|         14|
    |i_0_reg_177                   |   9|          2|    7|         14|
    |o_0_reg_165                   |   9|          2|    4|          8|
    |out_fc3_0_V_d0                |  15|          3|   44|        132|
    |out_fc3_1_V_d0                |  15|          3|   44|        132|
    +------------------------------+----+-----------+-----+-----------+
    |Total                         | 113|         23|  109|        311|
    +------------------------------+----+-----------+-----+-----------+

    * Register: 
    +------------------------------+----+----+-----+-----------+
    |             Name             | FF | LUT| Bits| Const Bits|
    +------------------------------+----+----+-----+-----------+
    |FC3_weights_V_0_load_reg_422  |  30|   0|   30|          0|
    |FC3_weights_V_1_load_reg_432  |  30|   0|   30|          0|
    |ap_CS_fsm                     |   6|   0|    6|          0|
    |ap_done_reg                   |   1|   0|    1|          0|
    |ap_enable_reg_pp0_iter0       |   1|   0|    1|          0|
    |ap_enable_reg_pp0_iter1       |   1|   0|    1|          0|
    |ap_enable_reg_pp0_iter2       |   1|   0|    1|          0|
    |i_0_reg_177                   |   7|   0|    7|          0|
    |i_reg_402                     |   7|   0|    7|          0|
    |icmp_ln104_reg_398            |   1|   0|    1|          0|
    |in_V_load_reg_427             |  43|   0|   43|          0|
    |lshr_ln_reg_368               |   3|   0|    3|          0|
    |mul_ln1116_reg_393            |   8|   0|   10|          2|
    |o_0_reg_165                   |   4|   0|    4|          0|
    |out_fc3_0_V_addr_reg_378      |   3|   0|    3|          0|
    |out_fc3_1_V_addr_reg_388      |   3|   0|    3|          0|
    |r_V_1_reg_458                 |  73|   0|   73|          0|
    |r_V_reg_448                   |  73|   0|   73|          0|
    |zext_ln1118_reg_442           |  43|   0|   73|         30|
    |icmp_ln104_reg_398            |  64|  32|    1|          0|
    +------------------------------+----+----+-----+-----------+
    |Total                         | 402|  32|  371|         32|
    +------------------------------+----+----+-----+-----------+



================================================================
== Interface
================================================================
* Summary: 
+----------------------+-----+-----+------------+--------------+--------------+
|       RTL Ports      | Dir | Bits|  Protocol  | Source Object|    C Type    |
+----------------------+-----+-----+------------+--------------+--------------+
|ap_clk                |  in |    1| ap_ctrl_hs |    fc_FC3    | return value |
|ap_rst                |  in |    1| ap_ctrl_hs |    fc_FC3    | return value |
|ap_start              |  in |    1| ap_ctrl_hs |    fc_FC3    | return value |
|ap_done               | out |    1| ap_ctrl_hs |    fc_FC3    | return value |
|ap_continue           |  in |    1| ap_ctrl_hs |    fc_FC3    | return value |
|ap_idle               | out |    1| ap_ctrl_hs |    fc_FC3    | return value |
|ap_ready              | out |    1| ap_ctrl_hs |    fc_FC3    | return value |
|in_V_address0         | out |    7|  ap_memory |     in_V     |     array    |
|in_V_ce0              | out |    1|  ap_memory |     in_V     |     array    |
|in_V_q0               |  in |   43|  ap_memory |     in_V     |     array    |
|out_fc3_0_V_address0  | out |    3|  ap_memory |  out_fc3_0_V |     array    |
|out_fc3_0_V_ce0       | out |    1|  ap_memory |  out_fc3_0_V |     array    |
|out_fc3_0_V_we0       | out |    1|  ap_memory |  out_fc3_0_V |     array    |
|out_fc3_0_V_d0        | out |   44|  ap_memory |  out_fc3_0_V |     array    |
|out_fc3_0_V_q0        |  in |   44|  ap_memory |  out_fc3_0_V |     array    |
|out_fc3_1_V_address0  | out |    3|  ap_memory |  out_fc3_1_V |     array    |
|out_fc3_1_V_ce0       | out |    1|  ap_memory |  out_fc3_1_V |     array    |
|out_fc3_1_V_we0       | out |    1|  ap_memory |  out_fc3_1_V |     array    |
|out_fc3_1_V_d0        | out |   44|  ap_memory |  out_fc3_1_V |     array    |
|out_fc3_1_V_q0        |  in |   44|  ap_memory |  out_fc3_1_V |     array    |
+----------------------+-----+-----+------------+--------------+--------------+

